generation 10000:
name	number_accepted	number_rejected	weight	weight_prob	tuning_parameter
DirichletProcessGibbsSampler	2722	0	10	0.263158	none	
ConcentrationScaler	381	397	3	0.0789474	2.32067	
TimeSizeRateMixer	1757	1769	6	0.157895	0.287045	
TimeRootSizeMixer	1915	1877	6	0.157895	0.238821	
EventTimeScaler	7865	6406	1	0.0263158	1.09518	
RootPopulationSizeScaler0	1692	1707	1	0.0263158	0.453076	
LeafPopulationSizeScaler0	2017	1396	1	0.0263158	1.2939	
RootPopulationSizeScaler1	1874	1503	1	0.0263158	0.402158	
LeafPopulationSizeScaler1	2290	1103	1	0.0263158	2.02263	
RootPopulationSizeScaler2	1753	1640	1	0.0263158	0.434707	
LeafPopulationSizeScaler2	2095	1321	1	0.0263158	1.59705	
RootPopulationSizeScaler3	1673	1731	1	0.0263158	0.449698	
LeafPopulationSizeScaler3	2183	1235	1	0.0263158	1.78379	
RootPopulationSizeScaler4	1707	1705	1	0.0263158	0.446684	
LeafPopulationSizeScaler4	2208	1210	1	0.0263158	1.67885	
RootPopulationSizeScaler5	1874	1547	1	0.0263158	0.410115	
LeafPopulationSizeScaler5	2486	903	1	0.0263158	1.63346	
generation 20000:
name	number_accepted	number_rejected	weight	weight_prob	tuning_parameter
DirichletProcessGibbsSampler	5345	0	10	0.263158	none	
ConcentrationScaler	721	826	3	0.0789474	2.32579	
TimeSizeRateMixer	3645	3816	6	0.157895	0.297375	
TimeRootSizeMixer	3880	3896	6	0.157895	0.247036	
EventTimeScaler	15632	13668	1	0.0263158	1.1578	
RootPopulationSizeScaler0	3330	3553	1	0.0263158	0.463175	
LeafPopulationSizeScaler0	3856	3020	1	0.0263158	1.381	
RootPopulationSizeScaler1	3587	3264	1	0.0263158	0.420749	
LeafPopulationSizeScaler1	4320	2549	1	0.0263158	2.23514	
RootPopulationSizeScaler2	3424	3463	1	0.0263158	0.447421	
LeafPopulationSizeScaler2	3890	2993	1	0.0263158	1.69828	
RootPopulationSizeScaler3	3294	3542	1	0.0263158	0.459689	
LeafPopulationSizeScaler3	4113	2802	1	0.0263158	1.9463	
RootPopulationSizeScaler4	3325	3547	1	0.0263158	0.455329	
LeafPopulationSizeScaler4	4148	2745	1	0.0263158	1.81879	
RootPopulationSizeScaler5	3589	3302	1	0.0263158	0.427661	
LeafPopulationSizeScaler5	4701	2173	1	0.0263158	1.89019	
generation 30000:
name	number_accepted	number_rejected	weight	weight_prob	tuning_parameter
DirichletProcessGibbsSampler	7956	0	10	0.263158	none	
ConcentrationScaler	1100	1261	3	0.0789474	2.36133	
TimeSizeRateMixer	5581	5925	6	0.157895	0.303037	
TimeRootSizeMixer	5839	5964	6	0.157895	0.251955	
EventTimeScaler	23484	21246	1	0.0263158	1.19391	
RootPopulationSizeScaler0	4921	5368	1	0.0263158	0.467269	
LeafPopulationSizeScaler0	5555	4723	1	0.0263158	1.4256	
RootPopulationSizeScaler1	5232	5049	1	0.0263158	0.428628	
LeafPopulationSizeScaler1	6255	4047	1	0.0263158	2.34836	
RootPopulationSizeScaler2	5050	5231	1	0.0263158	0.45389	
LeafPopulationSizeScaler2	5697	4597	1	0.0263158	1.75639	
RootPopulationSizeScaler3	4964	5286	1	0.0263158	0.4659	
LeafPopulationSizeScaler3	5951	4394	1	0.0263158	2.02988	
RootPopulationSizeScaler4	4910	5371	1	0.0263158	0.459503	
LeafPopulationSizeScaler4	6007	4326	1	0.0263158	1.88934	
RootPopulationSizeScaler5	5251	5066	1	0.0263158	0.435261	
LeafPopulationSizeScaler5	6810	3514	1	0.0263158	2.02437	
generation 40000:
name	number_accepted	number_rejected	weight	weight_prob	tuning_parameter
DirichletProcessGibbsSampler	10604	0	10	0.263158	none	
ConcentrationScaler	1515	1671	3	0.0789474	2.39943	
TimeSizeRateMixer	7224	7871	6	0.157895	0.305055	
TimeRootSizeMixer	7475	7900	6	0.157895	0.252964	
EventTimeScaler	30142	28316	1	0.0263158	1.208	
RootPopulationSizeScaler0	6469	7236	1	0.0263158	0.469699	
LeafPopulationSizeScaler0	7277	6426	1	0.0263158	1.45106	
RootPopulationSizeScaler1	6926	6779	1	0.0263158	0.435292	
LeafPopulationSizeScaler1	8123	5591	1	0.0263158	2.42176	
RootPopulationSizeScaler2	6662	7036	1	0.0263158	0.45813	
LeafPopulationSizeScaler2	7429	6299	1	0.0263158	1.79211	
RootPopulationSizeScaler3	6487	7174	1	0.0263158	0.467141	
LeafPopulationSizeScaler3	7752	5962	1	0.0263158	2.08599	
RootPopulationSizeScaler4	6473	7205	1	0.0263158	0.462739	
LeafPopulationSizeScaler4	7741	5985	1	0.0263158	1.93272	
RootPopulationSizeScaler5	6925	6789	1	0.0263158	0.441278	
LeafPopulationSizeScaler5	8826	4921	1	0.0263158	2.11344	
generation 50000:
name	number_accepted	number_rejected	weight	weight_prob	tuning_parameter
DirichletProcessGibbsSampler	13317	0	10	0.263158	none	
ConcentrationScaler	1902	2099	3	0.0789474	2.41912	
TimeSizeRateMixer	8915	9726	6	0.157895	0.307177	
TimeRootSizeMixer	9150	9765	6	0.157895	0.254303	
EventTimeScaler	36876	35575	1	0.0263158	1.21947	
RootPopulationSizeScaler0	7960	9054	1	0.0263158	0.471746	
LeafPopulationSizeScaler0	8881	8093	1	0.0263158	1.46771	
RootPopulationSizeScaler1	8509	8497	1	0.0263158	0.438857	
LeafPopulationSizeScaler1	9839	7146	1	0.0263158	2.46874	
RootPopulationSizeScaler2	8150	8809	1	0.0263158	0.460957	
LeafPopulationSizeScaler2	9134	7881	1	0.0263158	1.81887	
RootPopulationSizeScaler3	7982	8939	1	0.0263158	0.468562	
LeafPopulationSizeScaler3	9470	7533	1	0.0263158	2.12414	
RootPopulationSizeScaler4	7952	8981	1	0.0263158	0.463699	
LeafPopulationSizeScaler4	9404	7603	1	0.0263158	1.96389	
RootPopulationSizeScaler5	8480	8526	1	0.0263158	0.444777	
LeafPopulationSizeScaler5	10746	6267	1	0.0263158	2.17889	
generation 60000:
name	number_accepted	number_rejected	weight	weight_prob	tuning_parameter
DirichletProcessGibbsSampler	15985	0	10	0.263158	none	
ConcentrationScaler	2265	2515	3	0.0789474	2.43631	
TimeSizeRateMixer	10542	11772	6	0.157895	0.307591	
TimeRootSizeMixer	10911	11802	6	0.157895	0.255282	
EventTimeScaler	43858	42874	1	0.0263158	1.23066	
RootPopulationSizeScaler0	9498	10977	1	0.0263158	0.472743	
LeafPopulationSizeScaler0	10552	9906	1	0.0263158	1.48091	
RootPopulationSizeScaler1	10215	10258	1	0.0263158	0.442951	
LeafPopulationSizeScaler1	11688	8797	1	0.0263158	2.51258	
RootPopulationSizeScaler2	9755	10660	1	0.0263158	0.46324	
LeafPopulationSizeScaler2	10893	9618	1	0.0263158	1.84145	
RootPopulationSizeScaler3	9518	10865	1	0.0263158	0.469452	
LeafPopulationSizeScaler3	11300	9226	1	0.0263158	2.15486	
RootPopulationSizeScaler4	9575	10845	1	0.0263158	0.465865	
LeafPopulationSizeScaler4	11177	9328	1	0.0263158	1.98736	
RootPopulationSizeScaler5	10097	10395	1	0.0263158	0.447344	
LeafPopulationSizeScaler5	12640	7843	1	0.0263158	2.22778	
generation 70000:
name	number_accepted	number_rejected	weight	weight_prob	tuning_parameter
DirichletProcessGibbsSampler	18594	0	10	0.263158	none	
ConcentrationScaler	2631	2974	3	0.0789474	2.44087	
TimeSizeRateMixer	12269	13718	6	0.157895	0.309047	
TimeRootSizeMixer	12781	13860	6	0.157895	0.256446	
EventTimeScaler	50871	50417	1	0.0263158	1.23868	
RootPopulationSizeScaler0	11022	12856	1	0.0263158	0.473491	
LeafPopulationSizeScaler0	12212	11645	1	0.0263158	1.49375	
RootPopulationSizeScaler1	11816	12041	1	0.0263158	0.445157	
LeafPopulationSizeScaler1	13518	10390	1	0.0263158	2.54919	
RootPopulationSizeScaler2	11293	12510	1	0.0263158	0.464364	
LeafPopulationSizeScaler2	12613	11310	1	0.0263158	1.85971	
RootPopulationSizeScaler3	11057	12738	1	0.0263158	0.470695	
LeafPopulationSizeScaler3	13046	10883	1	0.0263158	2.1797	
RootPopulationSizeScaler4	11174	12660	1	0.0263158	0.467738	
LeafPopulationSizeScaler4	12928	10972	1	0.0263158	2.00944	
RootPopulationSizeScaler5	11704	12208	1	0.0263158	0.44911	
LeafPopulationSizeScaler5	14568	9313	1	0.0263158	2.27144	
generation 80000:
name	number_accepted	number_rejected	weight	weight_prob	tuning_parameter
DirichletProcessGibbsSampler	21247	0	10	0.263158	none	
ConcentrationScaler	3009	3410	3	0.0789474	2.44713	
TimeSizeRateMixer	13852	15698	6	0.157895	0.309449	
TimeRootSizeMixer	14458	15897	6	0.157895	0.256885	
EventTimeScaler	57443	57902	1	0.0263158	1.24373	
RootPopulationSizeScaler0	12600	14681	1	0.0263158	0.474904	
LeafPopulationSizeScaler0	13848	13371	1	0.0263158	1.50249	
RootPopulationSizeScaler1	13366	13873	1	0.0263158	0.446714	
LeafPopulationSizeScaler1	15300	11997	1	0.0263158	2.57838	
RootPopulationSizeScaler2	12833	14356	1	0.0263158	0.46543	
LeafPopulationSizeScaler2	14264	13043	1	0.0263158	1.87141	
RootPopulationSizeScaler3	12582	14617	1	0.0263158	0.471455	
LeafPopulationSizeScaler3	14813	12494	1	0.0263158	2.20271	
RootPopulationSizeScaler4	12753	14487	1	0.0263158	0.469334	
LeafPopulationSizeScaler4	14657	12653	1	0.0263158	2.02757	
RootPopulationSizeScaler5	13351	13956	1	0.0263158	0.451474	
LeafPopulationSizeScaler5	16413	10836	1	0.0263158	2.30583	
generation 90000:
name	number_accepted	number_rejected	weight	weight_prob	tuning_parameter
DirichletProcessGibbsSampler	23874	0	10	0.263158	none	
ConcentrationScaler	3375	3831	3	0.0789474	2.45428	
TimeSizeRateMixer	15610	17750	6	0.157895	0.31042	
TimeRootSizeMixer	16141	17939	6	0.157895	0.257367	
EventTimeScaler	64494	65396	1	0.0263158	1.25034	
RootPopulationSizeScaler0	14169	16547	1	0.0263158	0.475581	
LeafPopulationSizeScaler0	15555	15105	1	0.0263158	1.51276	
RootPopulationSizeScaler1	14916	15715	1	0.0263158	0.447967	
LeafPopulationSizeScaler1	17155	13554	1	0.0263158	2.6076	
RootPopulationSizeScaler2	14397	16187	1	0.0263158	0.466819	
LeafPopulationSizeScaler2	15943	14765	1	0.0263158	1.88253	
RootPopulationSizeScaler3	14090	16540	1	0.0263158	0.470992	
LeafPopulationSizeScaler3	16583	14146	1	0.0263158	2.22343	
RootPopulationSizeScaler4	14361	16294	1	0.0263158	0.471092	
LeafPopulationSizeScaler4	16388	14331	1	0.0263158	2.04342	
RootPopulationSizeScaler5	14926	15800	1	0.0263158	0.452798	
LeafPopulationSizeScaler5	18304	12348	1	0.0263158	2.33712	
generation 100000:
name	number_accepted	number_rejected	weight	weight_prob	tuning_parameter
DirichletProcessGibbsSampler	26470	0	10	0.263158	none	
ConcentrationScaler	3776	4268	3	0.0789474	2.4626	
TimeSizeRateMixer	17245	19557	6	0.157895	0.311391	
TimeRootSizeMixer	17694	19963	6	0.157895	0.257194	
EventTimeScaler	70889	72566	1	0.0263158	1.25431	
RootPopulationSizeScaler0	15730	18403	1	0.0263158	0.476026	
LeafPopulationSizeScaler0	17172	16872	1	0.0263158	1.51999	
RootPopulationSizeScaler1	16486	17545	1	0.0263158	0.448996	
LeafPopulationSizeScaler1	18882	15233	1	0.0263158	2.62641	
RootPopulationSizeScaler2	15988	18019	1	0.0263158	0.468489	
LeafPopulationSizeScaler2	17625	16515	1	0.0263158	1.8905	
RootPopulationSizeScaler3	15702	18365	1	0.0263158	0.472241	
LeafPopulationSizeScaler3	18378	15761	1	0.0263158	2.24103	
RootPopulationSizeScaler4	15894	18192	1	0.0263158	0.471849	
LeafPopulationSizeScaler4	18046	16066	1	0.0263158	2.05486	
RootPopulationSizeScaler5	16538	17594	1	0.0263158	0.4542	
LeafPopulationSizeScaler5	20218	13868	1	0.0263158	2.36619	
