generation 10000:
name	number_accepted	number_rejected	weight	weight_prob	tuning_parameter
DirichletProcessGibbsSampler	2623	0	10	0.263158	none	
ConcentrationScaler	379	435	3	0.0789474	1.83249	
TimeSizeRateMixer	3583	3913	6	0.157895	0.386786	
TimeRootSizeMixer	3897	3426	6	0.157895	0.34857	
EventTimeScaler	14292	14137	1	0.0263158	1.03917	
RootPopulationSizeScaler0	1677	1717	1	0.0263158	0.451489	
LeafPopulationSizeScaler0	2267	1142	1	0.0263158	1.86601	
RootPopulationSizeScaler1	1824	1562	1	0.0263158	0.419694	
LeafPopulationSizeScaler1	2173	1211	1	0.0263158	1.76385	
RootPopulationSizeScaler2	1729	1640	1	0.0263158	0.41635	
LeafPopulationSizeScaler2	2091	1312	1	0.0263158	1.6084	
RootPopulationSizeScaler3	1755	1656	1	0.0263158	0.435698	
LeafPopulationSizeScaler3	2387	1011	1	0.0263158	2.148	
RootPopulationSizeScaler4	1710	1677	1	0.0263158	0.443521	
LeafPopulationSizeScaler4	2200	1217	1	0.0263158	1.77145	
RootPopulationSizeScaler5	1747	1678	1	0.0263158	0.444408	
LeafPopulationSizeScaler5	2165	1225	1	0.0263158	1.71517	
generation 20000:
name	number_accepted	number_rejected	weight	weight_prob	tuning_parameter
DirichletProcessGibbsSampler	5322	0	10	0.263158	none	
ConcentrationScaler	709	886	3	0.0789474	1.81633	
TimeSizeRateMixer	7152	8111	6	0.157895	0.39296	
TimeRootSizeMixer	7910	7178	6	0.157895	0.367097	
EventTimeScaler	28590	29701	1	0.0263158	1.06869	
RootPopulationSizeScaler0	3312	3534	1	0.0263158	0.461131	
LeafPopulationSizeScaler0	4286	2556	1	0.0263158	2.07528	
RootPopulationSizeScaler1	3510	3345	1	0.0263158	0.434215	
LeafPopulationSizeScaler1	4166	2687	1	0.0263158	1.93283	
RootPopulationSizeScaler2	3388	3421	1	0.0263158	0.43079	
LeafPopulationSizeScaler2	3994	2858	1	0.0263158	1.73662	
RootPopulationSizeScaler3	3470	3399	1	0.0263158	0.454101	
LeafPopulationSizeScaler3	4502	2378	1	0.0263158	2.42925	
RootPopulationSizeScaler4	3388	3465	1	0.0263158	0.45723	
LeafPopulationSizeScaler4	4170	2718	1	0.0263158	1.94718	
RootPopulationSizeScaler5	3315	3570	1	0.0263158	0.449896	
LeafPopulationSizeScaler5	4087	2781	1	0.0263158	1.85829	
generation 30000:
name	number_accepted	number_rejected	weight	weight_prob	tuning_parameter
DirichletProcessGibbsSampler	7937	0	10	0.263158	none	
ConcentrationScaler	1069	1308	3	0.0789474	1.83463	
TimeSizeRateMixer	10717	12481	6	0.157895	0.394819	
TimeRootSizeMixer	11418	10933	6	0.157895	0.373874	
EventTimeScaler	42260	45039	1	0.0263158	1.08285	
RootPopulationSizeScaler0	4876	5401	1	0.0263158	0.463218	
LeafPopulationSizeScaler0	6163	4097	1	0.0263158	2.16875	
RootPopulationSizeScaler1	5169	5152	1	0.0263158	0.442445	
LeafPopulationSizeScaler1	6027	4266	1	0.0263158	2.01608	
RootPopulationSizeScaler2	5005	5180	1	0.0263158	0.438723	
LeafPopulationSizeScaler2	5753	4516	1	0.0263158	1.79867	
RootPopulationSizeScaler3	5076	5222	1	0.0263158	0.458103	
LeafPopulationSizeScaler3	6487	3805	1	0.0263158	2.57513	
RootPopulationSizeScaler4	4990	5275	1	0.0263158	0.462003	
LeafPopulationSizeScaler4	6095	4200	1	0.0263158	2.04183	
RootPopulationSizeScaler5	4906	5397	1	0.0263158	0.454272	
LeafPopulationSizeScaler5	5923	4355	1	0.0263158	1.93847	
generation 40000:
name	number_accepted	number_rejected	weight	weight_prob	tuning_parameter
DirichletProcessGibbsSampler	10491	0	10	0.263158	none	
ConcentrationScaler	1421	1734	3	0.0789474	1.85066	
TimeSizeRateMixer	14223	16698	6	0.157895	0.396535	
TimeRootSizeMixer	15071	14923	6	0.157895	0.378417	
EventTimeScaler	55817	60544	1	0.0263158	1.09106	
RootPopulationSizeScaler0	6476	7277	1	0.0263158	0.466472	
LeafPopulationSizeScaler0	8058	5686	1	0.0263158	2.23644	
RootPopulationSizeScaler1	6858	6913	1	0.0263158	0.448112	
LeafPopulationSizeScaler1	7876	5871	1	0.0263158	2.07056	
RootPopulationSizeScaler2	6697	6975	1	0.0263158	0.444542	
LeafPopulationSizeScaler2	7648	6093	1	0.0263158	1.84947	
RootPopulationSizeScaler3	6637	7125	1	0.0263158	0.460622	
LeafPopulationSizeScaler3	8428	5332	1	0.0263158	2.66962	
RootPopulationSizeScaler4	6596	7143	1	0.0263158	0.464719	
LeafPopulationSizeScaler4	7964	5817	1	0.0263158	2.10149	
RootPopulationSizeScaler5	6511	7242	1	0.0263158	0.457146	
LeafPopulationSizeScaler5	7799	5901	1	0.0263158	2.00062	
generation 50000:
name	number_accepted	number_rejected	weight	weight_prob	tuning_parameter
DirichletProcessGibbsSampler	13116	0	10	0.263158	none	
ConcentrationScaler	1777	2152	3	0.0789474	1.85306	
TimeSizeRateMixer	17470	20738	6	0.157895	0.397042	
TimeRootSizeMixer	18761	18889	6	0.157895	0.38232	
EventTimeScaler	69016	76081	1	0.0263158	1.09636	
RootPopulationSizeScaler0	8031	9122	1	0.0263158	0.467007	
LeafPopulationSizeScaler0	9873	7285	1	0.0263158	2.28242	
RootPopulationSizeScaler1	8476	8713	1	0.0263158	0.450874	
LeafPopulationSizeScaler1	9666	7499	1	0.0263158	2.10754	
RootPopulationSizeScaler2	8289	8815	1	0.0263158	0.447926	
LeafPopulationSizeScaler2	9376	7764	1	0.0263158	1.87713	
RootPopulationSizeScaler3	8219	8955	1	0.0263158	0.463243	
LeafPopulationSizeScaler3	10370	6817	1	0.0263158	2.74628	
RootPopulationSizeScaler4	8209	8974	1	0.0263158	0.467486	
LeafPopulationSizeScaler4	9875	7320	1	0.0263158	2.15283	
RootPopulationSizeScaler5	8099	9077	1	0.0263158	0.460059	
LeafPopulationSizeScaler5	9582	7520	1	0.0263158	2.03783	
generation 60000:
name	number_accepted	number_rejected	weight	weight_prob	tuning_parameter
DirichletProcessGibbsSampler	15740	0	10	0.263158	none	
ConcentrationScaler	2137	2589	3	0.0789474	1.85632	
TimeSizeRateMixer	20848	24803	6	0.157895	0.397725	
TimeRootSizeMixer	22362	22794	6	0.157895	0.385224	
EventTimeScaler	82142	91670	1	0.0263158	1.10008	
RootPopulationSizeScaler0	9624	10910	1	0.0263158	0.469234	
LeafPopulationSizeScaler0	11651	8896	1	0.0263158	2.31795	
RootPopulationSizeScaler1	10086	10489	1	0.0263158	0.453529	
LeafPopulationSizeScaler1	11443	9122	1	0.0263158	2.13844	
RootPopulationSizeScaler2	9900	10582	1	0.0263158	0.450448	
LeafPopulationSizeScaler2	11130	9399	1	0.0263158	1.90181	
RootPopulationSizeScaler3	9777	10792	1	0.0263158	0.464472	
LeafPopulationSizeScaler3	12206	8361	1	0.0263158	2.7967	
RootPopulationSizeScaler4	9784	10798	1	0.0263158	0.469564	
LeafPopulationSizeScaler4	11625	8948	1	0.0263158	2.18639	
RootPopulationSizeScaler5	9676	10923	1	0.0263158	0.461721	
LeafPopulationSizeScaler5	11340	9163	1	0.0263158	2.06705	
generation 70000:
name	number_accepted	number_rejected	weight	weight_prob	tuning_parameter
DirichletProcessGibbsSampler	18318	0	10	0.263158	none	
ConcentrationScaler	2495	3035	3	0.0789474	1.86008	
TimeSizeRateMixer	24269	29003	6	0.157895	0.398507	
TimeRootSizeMixer	25955	26582	6	0.157895	0.387916	
EventTimeScaler	95574	107001	1	0.0263158	1.10424	
RootPopulationSizeScaler0	11116	12807	1	0.0263158	0.469674	
LeafPopulationSizeScaler0	13451	10491	1	0.0263158	2.34795	
RootPopulationSizeScaler1	11651	12289	1	0.0263158	0.455418	
LeafPopulationSizeScaler1	13170	10734	1	0.0263158	2.16408	
RootPopulationSizeScaler2	11448	12401	1	0.0263158	0.451873	
LeafPopulationSizeScaler2	12860	10990	1	0.0263158	1.92311	
RootPopulationSizeScaler3	11296	12638	1	0.0263158	0.465481	
LeafPopulationSizeScaler3	14014	9921	1	0.0263158	2.84079	
RootPopulationSizeScaler4	11345	12610	1	0.0263158	0.471165	
LeafPopulationSizeScaler4	13423	10523	1	0.0263158	2.21515	
RootPopulationSizeScaler5	11212	12738	1	0.0263158	0.462676	
LeafPopulationSizeScaler5	13083	10779	1	0.0263158	2.09072	
generation 80000:
name	number_accepted	number_rejected	weight	weight_prob	tuning_parameter
DirichletProcessGibbsSampler	20961	0	10	0.263158	none	
ConcentrationScaler	2831	3473	3	0.0789474	1.86051	
TimeSizeRateMixer	27710	33193	6	0.157895	0.399185	
TimeRootSizeMixer	29551	30471	6	0.157895	0.3897	
EventTimeScaler	108975	122518	1	0.0263158	1.10752	
RootPopulationSizeScaler0	12713	14658	1	0.0263158	0.471143	
LeafPopulationSizeScaler0	15240	12159	1	0.0263158	2.3735	
RootPopulationSizeScaler1	13283	14113	1	0.0263158	0.457152	
LeafPopulationSizeScaler1	14974	12368	1	0.0263158	2.18698	
RootPopulationSizeScaler2	13123	14182	1	0.0263158	0.453945	
LeafPopulationSizeScaler2	14594	12706	1	0.0263158	1.94018	
RootPopulationSizeScaler3	12885	14506	1	0.0263158	0.467007	
LeafPopulationSizeScaler3	15900	11504	1	0.0263158	2.88044	
RootPopulationSizeScaler4	12930	14465	1	0.0263158	0.472057	
LeafPopulationSizeScaler4	15259	12169	1	0.0263158	2.24136	
RootPopulationSizeScaler5	12799	14594	1	0.0263158	0.463838	
LeafPopulationSizeScaler5	14890	12455	1	0.0263158	2.11405	
generation 90000:
name	number_accepted	number_rejected	weight	weight_prob	tuning_parameter
DirichletProcessGibbsSampler	23617	0	10	0.263158	none	
ConcentrationScaler	3182	3932	3	0.0789474	1.86245	
TimeSizeRateMixer	31009	37235	6	0.157895	0.399441	
TimeRootSizeMixer	33131	34510	6	0.157895	0.391012	
EventTimeScaler	122165	137995	1	0.0263158	1.11021	
RootPopulationSizeScaler0	14237	16564	1	0.0263158	0.47115	
LeafPopulationSizeScaler0	17043	13828	1	0.0263158	2.39662	
RootPopulationSizeScaler1	14855	15958	1	0.0263158	0.457881	
LeafPopulationSizeScaler1	16722	14040	1	0.0263158	2.20616	
RootPopulationSizeScaler2	14774	15930	1	0.0263158	0.45624	
LeafPopulationSizeScaler2	16292	14431	1	0.0263158	1.95403	
RootPopulationSizeScaler3	14430	16367	1	0.0263158	0.468039	
LeafPopulationSizeScaler3	17798	13067	1	0.0263158	2.91511	
RootPopulationSizeScaler4	14506	16317	1	0.0263158	0.473061	
LeafPopulationSizeScaler4	17026	13842	1	0.0263158	2.26264	
RootPopulationSizeScaler5	14373	16447	1	0.0263158	0.465404	
LeafPopulationSizeScaler5	16632	14159	1	0.0263158	2.13098	
generation 100000:
name	number_accepted	number_rejected	weight	weight_prob	tuning_parameter
DirichletProcessGibbsSampler	26236	0	10	0.263158	none	
ConcentrationScaler	3561	4380	3	0.0789474	1.86642	
TimeSizeRateMixer	34531	41771	6	0.157895	0.399735	
TimeRootSizeMixer	36649	38544	6	0.157895	0.39227	
EventTimeScaler	135826	153825	1	0.0263158	1.11289	
RootPopulationSizeScaler0	15804	18471	1	0.0263158	0.471429	
LeafPopulationSizeScaler0	18843	15537	1	0.0263158	2.4156	
RootPopulationSizeScaler1	16472	17831	1	0.0263158	0.459082	
LeafPopulationSizeScaler1	18497	15729	1	0.0263158	2.22243	
RootPopulationSizeScaler2	16397	17785	1	0.0263158	0.457709	
LeafPopulationSizeScaler2	18081	16139	1	0.0263158	1.96771	
RootPopulationSizeScaler3	16063	18193	1	0.0263158	0.469525	
LeafPopulationSizeScaler3	19694	14625	1	0.0263158	2.9474	
RootPopulationSizeScaler4	16095	18214	1	0.0263158	0.473792	
LeafPopulationSizeScaler4	18823	15524	1	0.0263158	2.281	
RootPopulationSizeScaler5	15972	18309	1	0.0263158	0.466404	
LeafPopulationSizeScaler5	18379	15904	1	0.0263158	2.14522	
