generation 10000:
name	number_accepted	number_rejected	weight	weight_prob	tuning_parameter
DirichletProcessGibbsSampler	2619	0	10	0.263158	none	
ConcentrationScaler	399	438	3	0.0789474	2.15381	
TimeSizeRateMixer	3077	2902	6	0.157895	0.3453	
TimeRootSizeMixer	3470	2832	6	0.157895	0.238499	
EventTimeScaler	12614	11138	1	0.0263158	1.0907	
RootPopulationSizeScaler0	1771	1571	1	0.0263158	0.404463	
LeafPopulationSizeScaler0	2079	1302	1	0.0263158	1.26999	
RootPopulationSizeScaler1	1721	1627	1	0.0263158	0.417501	
LeafPopulationSizeScaler1	2138	1237	1	0.0263158	1.64517	
RootPopulationSizeScaler2	1720	1615	1	0.0263158	0.428643	
LeafPopulationSizeScaler2	2068	1321	1	0.0263158	1.8287	
RootPopulationSizeScaler3	1798	1552	1	0.0263158	0.418343	
LeafPopulationSizeScaler3	2118	1243	1	0.0263158	1.42097	
RootPopulationSizeScaler4	1685	1700	1	0.0263158	0.451078	
LeafPopulationSizeScaler4	2193	1175	1	0.0263158	1.66019	
RootPopulationSizeScaler5	1818	1520	1	0.0263158	0.419383	
LeafPopulationSizeScaler5	2393	977	1	0.0263158	1.71504	
generation 20000:
name	number_accepted	number_rejected	weight	weight_prob	tuning_parameter
DirichletProcessGibbsSampler	5297	0	10	0.263158	none	
ConcentrationScaler	713	874	3	0.0789474	2.122	
TimeSizeRateMixer	6199	6190	6	0.157895	0.356463	
TimeRootSizeMixer	6846	5939	6	0.157895	0.253029	
EventTimeScaler	24839	23815	1	0.0263158	1.12999	
RootPopulationSizeScaler0	3445	3320	1	0.0263158	0.418727	
LeafPopulationSizeScaler0	3931	2890	1	0.0263158	1.37272	
RootPopulationSizeScaler1	3377	3380	1	0.0263158	0.433783	
LeafPopulationSizeScaler1	4080	2746	1	0.0263158	1.79767	
RootPopulationSizeScaler2	3374	3360	1	0.0263158	0.442031	
LeafPopulationSizeScaler2	3912	2880	1	0.0263158	1.97504	
RootPopulationSizeScaler3	3516	3244	1	0.0263158	0.437366	
LeafPopulationSizeScaler3	4002	2783	1	0.0263158	1.5373	
RootPopulationSizeScaler4	3310	3512	1	0.0263158	0.462991	
LeafPopulationSizeScaler4	4197	2600	1	0.0263158	1.83325	
RootPopulationSizeScaler5	3515	3207	1	0.0263158	0.435722	
LeafPopulationSizeScaler5	4507	2293	1	0.0263158	1.94451	
generation 30000:
name	number_accepted	number_rejected	weight	weight_prob	tuning_parameter
DirichletProcessGibbsSampler	7911	0	10	0.263158	none	
ConcentrationScaler	1054	1300	3	0.0789474	2.12793	
TimeSizeRateMixer	9520	9688	6	0.157895	0.363392	
TimeRootSizeMixer	9979	9014	6	0.157895	0.259453	
EventTimeScaler	36848	36505	1	0.0263158	1.15075	
RootPopulationSizeScaler0	5080	5111	1	0.0263158	0.426162	
LeafPopulationSizeScaler0	5719	4539	1	0.0263158	1.4194	
RootPopulationSizeScaler1	4974	5219	1	0.0263158	0.439367	
LeafPopulationSizeScaler1	5953	4322	1	0.0263158	1.87508	
RootPopulationSizeScaler2	5087	5063	1	0.0263158	0.451105	
LeafPopulationSizeScaler2	5723	4478	1	0.0263158	2.04866	
RootPopulationSizeScaler3	5173	5009	1	0.0263158	0.443806	
LeafPopulationSizeScaler3	5737	4445	1	0.0263158	1.59272	
RootPopulationSizeScaler4	4885	5363	1	0.0263158	0.467295	
LeafPopulationSizeScaler4	6117	4103	1	0.0263158	1.93099	
RootPopulationSizeScaler5	5219	4918	1	0.0263158	0.445722	
LeafPopulationSizeScaler5	6532	3681	1	0.0263158	2.06641	
generation 40000:
name	number_accepted	number_rejected	weight	weight_prob	tuning_parameter
DirichletProcessGibbsSampler	10490	0	10	0.263158	none	
ConcentrationScaler	1414	1726	3	0.0789474	2.13418	
TimeSizeRateMixer	12617	13236	6	0.157895	0.36644	
TimeRootSizeMixer	13034	12253	6	0.157895	0.263	
EventTimeScaler	48463	49122	1	0.0263158	1.16373	
RootPopulationSizeScaler0	6762	6962	1	0.0263158	0.430708	
LeafPopulationSizeScaler0	7520	6261	1	0.0263158	1.44918	
RootPopulationSizeScaler1	6708	6994	1	0.0263158	0.445871	
LeafPopulationSizeScaler1	7821	5978	1	0.0263158	1.9257	
RootPopulationSizeScaler2	6708	6968	1	0.0263158	0.453934	
LeafPopulationSizeScaler2	7542	6179	1	0.0263158	2.09978	
RootPopulationSizeScaler3	6826	6864	1	0.0263158	0.448398	
LeafPopulationSizeScaler3	7602	6116	1	0.0263158	1.63521	
RootPopulationSizeScaler4	6505	7260	1	0.0263158	0.469861	
LeafPopulationSizeScaler4	8026	5709	1	0.0263158	1.99219	
RootPopulationSizeScaler5	6865	6776	1	0.0263158	0.449192	
LeafPopulationSizeScaler5	8569	5160	1	0.0263158	2.15468	
generation 50000:
name	number_accepted	number_rejected	weight	weight_prob	tuning_parameter
DirichletProcessGibbsSampler	13116	0	10	0.263158	none	
ConcentrationScaler	1776	2164	3	0.0789474	2.13221	
TimeSizeRateMixer	15492	16530	6	0.157895	0.368358	
TimeRootSizeMixer	16208	15329	6	0.157895	0.266678	
EventTimeScaler	59837	61771	1	0.0263158	1.17289	
RootPopulationSizeScaler0	8391	8680	1	0.0263158	0.434204	
LeafPopulationSizeScaler0	9238	7884	1	0.0263158	1.47139	
RootPopulationSizeScaler1	8259	8790	1	0.0263158	0.448373	
LeafPopulationSizeScaler1	9556	7606	1	0.0263158	1.95788	
RootPopulationSizeScaler2	8245	8753	1	0.0263158	0.455967	
LeafPopulationSizeScaler2	9211	7844	1	0.0263158	2.13233	
RootPopulationSizeScaler3	8429	8617	1	0.0263158	0.452175	
LeafPopulationSizeScaler3	9335	7753	1	0.0263158	1.66406	
RootPopulationSizeScaler4	8040	9058	1	0.0263158	0.471984	
LeafPopulationSizeScaler4	9836	7271	1	0.0263158	2.03339	
RootPopulationSizeScaler5	8486	8535	1	0.0263158	0.45339	
LeafPopulationSizeScaler5	10498	6572	1	0.0263158	2.21835	
generation 60000:
name	number_accepted	number_rejected	weight	weight_prob	tuning_parameter
DirichletProcessGibbsSampler	15679	0	10	0.263158	none	
ConcentrationScaler	2129	2616	3	0.0789474	2.13411	
TimeSizeRateMixer	18264	19903	6	0.157895	0.369407	
TimeRootSizeMixer	19281	18690	6	0.157895	0.268335	
EventTimeScaler	70996	74362	1	0.0263158	1.17956	
RootPopulationSizeScaler0	10040	10480	1	0.0263158	0.436663	
LeafPopulationSizeScaler0	10944	9616	1	0.0263158	1.48636	
RootPopulationSizeScaler1	9903	10600	1	0.0263158	0.451419	
LeafPopulationSizeScaler1	11330	9267	1	0.0263158	1.98429	
RootPopulationSizeScaler2	9888	10548	1	0.0263158	0.458604	
LeafPopulationSizeScaler2	10989	9509	1	0.0263158	2.15911	
RootPopulationSizeScaler3	10112	10410	1	0.0263158	0.455169	
LeafPopulationSizeScaler3	11067	9453	1	0.0263158	1.68836	
RootPopulationSizeScaler4	9675	10881	1	0.0263158	0.474255	
LeafPopulationSizeScaler4	11649	8917	1	0.0263158	2.06591	
RootPopulationSizeScaler5	10087	10374	1	0.0263158	0.455657	
LeafPopulationSizeScaler5	12454	8084	1	0.0263158	2.26703	
generation 70000:
name	number_accepted	number_rejected	weight	weight_prob	tuning_parameter
DirichletProcessGibbsSampler	18284	0	10	0.263158	none	
ConcentrationScaler	2491	3030	3	0.0789474	2.13398	
TimeSizeRateMixer	21270	23330	6	0.157895	0.370898	
TimeRootSizeMixer	22331	21985	6	0.157895	0.270328	
EventTimeScaler	82412	87232	1	0.0263158	1.18484	
RootPopulationSizeScaler0	11651	12316	1	0.0263158	0.438443	
LeafPopulationSizeScaler0	12706	11290	1	0.0263158	1.50221	
RootPopulationSizeScaler1	11529	12427	1	0.0263158	0.453741	
LeafPopulationSizeScaler1	13007	11042	1	0.0263158	2.00194	
RootPopulationSizeScaler2	11496	12379	1	0.0263158	0.460726	
LeafPopulationSizeScaler2	12742	11212	1	0.0263158	2.18295	
RootPopulationSizeScaler3	11702	12267	1	0.0263158	0.456843	
LeafPopulationSizeScaler3	12807	11183	1	0.0263158	1.70588	
RootPopulationSizeScaler4	11193	12842	1	0.0263158	0.474348	
LeafPopulationSizeScaler4	13476	10547	1	0.0263158	2.09325	
RootPopulationSizeScaler5	11647	12295	1	0.0263158	0.456943	
LeafPopulationSizeScaler5	14289	9675	1	0.0263158	2.30364	
generation 80000:
name	number_accepted	number_rejected	weight	weight_prob	tuning_parameter
DirichletProcessGibbsSampler	20934	0	10	0.263158	none	
ConcentrationScaler	2862	3488	3	0.0789474	2.13415	
TimeSizeRateMixer	24251	26805	6	0.157895	0.372044	
TimeRootSizeMixer	25398	25212	6	0.157895	0.271919	
EventTimeScaler	93882	100205	1	0.0263158	1.1896	
RootPopulationSizeScaler0	13222	14151	1	0.0263158	0.439744	
LeafPopulationSizeScaler0	14372	13018	1	0.0263158	1.51352	
RootPopulationSizeScaler1	13105	14235	1	0.0263158	0.455217	
LeafPopulationSizeScaler1	14718	12739	1	0.0263158	2.0182	
RootPopulationSizeScaler2	13067	14245	1	0.0263158	0.46195	
LeafPopulationSizeScaler2	14429	12927	1	0.0263158	2.19693	
RootPopulationSizeScaler3	13289	14088	1	0.0263158	0.45852	
LeafPopulationSizeScaler3	14560	12867	1	0.0263158	1.72122	
RootPopulationSizeScaler4	12760	14675	1	0.0263158	0.47588	
LeafPopulationSizeScaler4	15258	12151	1	0.0263158	2.11629	
RootPopulationSizeScaler5	13214	14143	1	0.0263158	0.4583	
LeafPopulationSizeScaler5	16088	11249	1	0.0263158	2.33576	
generation 90000:
name	number_accepted	number_rejected	weight	weight_prob	tuning_parameter
DirichletProcessGibbsSampler	23462	0	10	0.263158	none	
ConcentrationScaler	3211	3897	3	0.0789474	2.13702	
TimeSizeRateMixer	27226	30295	6	0.157895	0.372749	
TimeRootSizeMixer	28487	28536	6	0.157895	0.273349	
EventTimeScaler	105123	113163	1	0.0263158	1.19347	
RootPopulationSizeScaler0	14837	16014	1	0.0263158	0.44139	
LeafPopulationSizeScaler0	16132	14685	1	0.0263158	1.5257	
RootPopulationSizeScaler1	14751	16027	1	0.0263158	0.45711	
LeafPopulationSizeScaler1	16437	14457	1	0.0263158	2.03258	
RootPopulationSizeScaler2	14599	16160	1	0.0263158	0.462632	
LeafPopulationSizeScaler2	16209	14597	1	0.0263158	2.21487	
RootPopulationSizeScaler3	14928	15883	1	0.0263158	0.460418	
LeafPopulationSizeScaler3	16269	14594	1	0.0263158	1.73426	
RootPopulationSizeScaler4	14268	16595	1	0.0263158	0.475972	
LeafPopulationSizeScaler4	17000	13809	1	0.0263158	2.1347	
RootPopulationSizeScaler5	14783	15989	1	0.0263158	0.459373	
LeafPopulationSizeScaler5	17921	12877	1	0.0263158	2.36356	
generation 100000:
name	number_accepted	number_rejected	weight	weight_prob	tuning_parameter
DirichletProcessGibbsSampler	26100	0	10	0.263158	none	
ConcentrationScaler	3561	4357	3	0.0789474	2.13338	
TimeSizeRateMixer	30210	33617	6	0.157895	0.373827	
TimeRootSizeMixer	31499	31799	6	0.157895	0.274679	
EventTimeScaler	116285	126238	1	0.0263158	1.19629	
RootPopulationSizeScaler0	16473	17787	1	0.0263158	0.443187	
LeafPopulationSizeScaler0	17857	16356	1	0.0263158	1.5363	
RootPopulationSizeScaler1	16369	17823	1	0.0263158	0.458504	
LeafPopulationSizeScaler1	18160	16163	1	0.0263158	2.04411	
RootPopulationSizeScaler2	16219	17968	1	0.0263158	0.464336	
LeafPopulationSizeScaler2	17859	16358	1	0.0263158	2.22615	
RootPopulationSizeScaler3	16491	17753	1	0.0263158	0.461436	
LeafPopulationSizeScaler3	17969	16309	1	0.0263158	1.74647	
RootPopulationSizeScaler4	15793	18500	1	0.0263158	0.476178	
LeafPopulationSizeScaler4	18710	15482	1	0.0263158	2.14871	
RootPopulationSizeScaler5	16401	17773	1	0.0263158	0.461073	
LeafPopulationSizeScaler5	19799	14404	1	0.0263158	2.38995	
