generation 10000:
name	number_accepted	number_rejected	weight	weight_prob	tuning_parameter
DirichletProcessGibbsSampler	2621	0	10	0.263158	none	
ConcentrationScaler	403	389	3	0.0789474	1.68581	
TimeSizeRateMixer	3614	4089	6	0.157895	0.389592	
TimeRootSizeMixer	3883	3560	6	0.157895	0.355253	
EventTimeScaler	14710	14152	1	0.0263158	1.10719	
RootPopulationSizeScaler0	1753	1650	1	0.0263158	0.42504	
LeafPopulationSizeScaler0	2373	1056	1	0.0263158	1.56243	
RootPopulationSizeScaler1	1782	1618	1	0.0263158	0.428639	
LeafPopulationSizeScaler1	2134	1247	1	0.0263158	1.64157	
RootPopulationSizeScaler2	1668	1748	1	0.0263158	0.458076	
LeafPopulationSizeScaler2	2262	1119	1	0.0263158	1.44273	
RootPopulationSizeScaler3	1724	1666	1	0.0263158	0.437526	
LeafPopulationSizeScaler3	2258	1147	1	0.0263158	1.9931	
RootPopulationSizeScaler4	1722	1694	1	0.0263158	0.431065	
LeafPopulationSizeScaler4	2408	1018	1	0.0263158	2.10678	
RootPopulationSizeScaler5	1658	1767	1	0.0263158	0.441226	
LeafPopulationSizeScaler5	2201	1174	1	0.0263158	2.05402	
generation 20000:
name	number_accepted	number_rejected	weight	weight_prob	tuning_parameter
DirichletProcessGibbsSampler	5235	0	10	0.263158	none	
ConcentrationScaler	770	784	3	0.0789474	1.73508	
TimeSizeRateMixer	7101	8146	6	0.157895	0.393623	
TimeRootSizeMixer	7577	7376	6	0.157895	0.367619	
EventTimeScaler	28419	29199	1	0.0263158	1.13903	
RootPopulationSizeScaler0	3385	3423	1	0.0263158	0.436114	
LeafPopulationSizeScaler0	4443	2396	1	0.0263158	1.76079	
RootPopulationSizeScaler1	3383	3418	1	0.0263158	0.440223	
LeafPopulationSizeScaler1	4092	2692	1	0.0263158	1.81086	
RootPopulationSizeScaler2	3260	3569	1	0.0263158	0.467074	
LeafPopulationSizeScaler2	4231	2563	1	0.0263158	1.58772	
RootPopulationSizeScaler3	3405	3389	1	0.0263158	0.450101	
LeafPopulationSizeScaler3	4240	2571	1	0.0263158	2.20904	
RootPopulationSizeScaler4	3398	3441	1	0.0263158	0.445857	
LeafPopulationSizeScaler4	4541	2292	1	0.0263158	2.39164	
RootPopulationSizeScaler5	3266	3548	1	0.0263158	0.45213	
LeafPopulationSizeScaler5	4146	2681	1	0.0263158	2.24455	
generation 30000:
name	number_accepted	number_rejected	weight	weight_prob	tuning_parameter
DirichletProcessGibbsSampler	7732	0	10	0.263158	none	
ConcentrationScaler	1193	1184	3	0.0789474	1.7748	
TimeSizeRateMixer	10433	12171	6	0.157895	0.395824	
TimeRootSizeMixer	11113	11292	6	0.157895	0.373482	
EventTimeScaler	41457	43897	1	0.0263158	1.1533	
RootPopulationSizeScaler0	4990	5243	1	0.0263158	0.441841	
LeafPopulationSizeScaler0	6455	3823	1	0.0263158	1.86832	
RootPopulationSizeScaler1	5018	5229	1	0.0263158	0.447467	
LeafPopulationSizeScaler1	5947	4276	1	0.0263158	1.88653	
RootPopulationSizeScaler2	4878	5397	1	0.0263158	0.471048	
LeafPopulationSizeScaler2	6096	4161	1	0.0263158	1.65686	
RootPopulationSizeScaler3	5017	5216	1	0.0263158	0.454719	
LeafPopulationSizeScaler3	6139	4090	1	0.0263158	2.31745	
RootPopulationSizeScaler4	5045	5259	1	0.0263158	0.453034	
LeafPopulationSizeScaler4	6527	3713	1	0.0263158	2.54732	
RootPopulationSizeScaler5	4910	5349	1	0.0263158	0.459081	
LeafPopulationSizeScaler5	6072	4192	1	0.0263158	2.3491	
generation 40000:
name	number_accepted	number_rejected	weight	weight_prob	tuning_parameter
DirichletProcessGibbsSampler	10319	0	10	0.263158	none	
ConcentrationScaler	1590	1601	3	0.0789474	1.80134	
TimeSizeRateMixer	13792	16302	6	0.157895	0.39728	
TimeRootSizeMixer	14710	15238	6	0.157895	0.377177	
EventTimeScaler	54962	58982	1	0.0263158	1.16393	
RootPopulationSizeScaler0	6600	7107	1	0.0263158	0.445281	
LeafPopulationSizeScaler0	8410	5286	1	0.0263158	1.93735	
RootPopulationSizeScaler1	6618	7064	1	0.0263158	0.450331	
LeafPopulationSizeScaler1	7821	5826	1	0.0263158	1.9428	
RootPopulationSizeScaler2	6436	7265	1	0.0263158	0.472883	
LeafPopulationSizeScaler2	7898	5781	1	0.0263158	1.70552	
RootPopulationSizeScaler3	6647	7036	1	0.0263158	0.458449	
LeafPopulationSizeScaler3	8027	5622	1	0.0263158	2.39119	
RootPopulationSizeScaler4	6617	7103	1	0.0263158	0.456307	
LeafPopulationSizeScaler4	8484	5191	1	0.0263158	2.64458	
RootPopulationSizeScaler5	6508	7169	1	0.0263158	0.463006	
LeafPopulationSizeScaler5	7919	5769	1	0.0263158	2.41672	
generation 50000:
name	number_accepted	number_rejected	weight	weight_prob	tuning_parameter
DirichletProcessGibbsSampler	12953	0	10	0.263158	none	
ConcentrationScaler	1957	2031	3	0.0789474	1.81317	
TimeSizeRateMixer	17389	20644	6	0.157895	0.398821	
TimeRootSizeMixer	18243	19074	6	0.157895	0.38001	
EventTimeScaler	68895	74381	1	0.0263158	1.17294	
RootPopulationSizeScaler0	8249	8870	1	0.0263158	0.449464	
LeafPopulationSizeScaler0	10310	6822	1	0.0263158	1.98395	
RootPopulationSizeScaler1	8262	8847	1	0.0263158	0.45442	
LeafPopulationSizeScaler1	9612	7423	1	0.0263158	1.97836	
RootPopulationSizeScaler2	7986	9123	1	0.0263158	0.474306	
LeafPopulationSizeScaler2	9694	7417	1	0.0263158	1.73563	
RootPopulationSizeScaler3	8213	8857	1	0.0263158	0.461418	
LeafPopulationSizeScaler3	9878	7179	1	0.0263158	2.44441	
RootPopulationSizeScaler4	8168	8952	1	0.0263158	0.458515	
LeafPopulationSizeScaler4	10474	6618	1	0.0263158	2.72502	
RootPopulationSizeScaler5	8140	8960	1	0.0263158	0.466343	
LeafPopulationSizeScaler5	9754	7350	1	0.0263158	2.47049	
generation 60000:
name	number_accepted	number_rejected	weight	weight_prob	tuning_parameter
DirichletProcessGibbsSampler	15557	0	10	0.263158	none	
ConcentrationScaler	2311	2471	3	0.0789474	1.8171	
TimeSizeRateMixer	20826	24926	6	0.157895	0.399319	
TimeRootSizeMixer	21842	23245	6	0.157895	0.381733	
EventTimeScaler	82811	89890	1	0.0263158	1.17947	
RootPopulationSizeScaler0	9850	10744	1	0.0263158	0.451701	
LeafPopulationSizeScaler0	12223	8387	1	0.0263158	2.02539	
RootPopulationSizeScaler1	9894	10692	1	0.0263158	0.457307	
LeafPopulationSizeScaler1	11387	9106	1	0.0263158	2.00824	
RootPopulationSizeScaler2	9567	11013	1	0.0263158	0.47601	
LeafPopulationSizeScaler2	11524	9040	1	0.0263158	1.76232	
RootPopulationSizeScaler3	9866	10692	1	0.0263158	0.463931	
LeafPopulationSizeScaler3	11732	8809	1	0.0263158	2.48423	
RootPopulationSizeScaler4	9770	10823	1	0.0263158	0.460478	
LeafPopulationSizeScaler4	12354	8238	1	0.0263158	2.7803	
RootPopulationSizeScaler5	9736	10825	1	0.0263158	0.468453	
LeafPopulationSizeScaler5	11590	8987	1	0.0263158	2.51101	
generation 70000:
name	number_accepted	number_rejected	weight	weight_prob	tuning_parameter
DirichletProcessGibbsSampler	18228	0	10	0.263158	none	
ConcentrationScaler	2686	2882	3	0.0789474	1.82327	
TimeSizeRateMixer	24326	29225	6	0.157895	0.399711	
TimeRootSizeMixer	25455	27424	6	0.157895	0.383341	
EventTimeScaler	96455	105841	1	0.0263158	1.18315	
RootPopulationSizeScaler0	11519	12606	1	0.0263158	0.454366	
LeafPopulationSizeScaler0	14170	9992	1	0.0263158	2.05834	
RootPopulationSizeScaler1	11530	12579	1	0.0263158	0.459329	
LeafPopulationSizeScaler1	13213	10801	1	0.0263158	2.0326	
RootPopulationSizeScaler2	11140	12994	1	0.0263158	0.476576	
LeafPopulationSizeScaler2	13325	10767	1	0.0263158	1.78271	
RootPopulationSizeScaler3	11516	12582	1	0.0263158	0.465803	
LeafPopulationSizeScaler3	13586	10443	1	0.0263158	2.51687	
RootPopulationSizeScaler4	11448	12651	1	0.0263158	0.462907	
LeafPopulationSizeScaler4	14294	9811	1	0.0263158	2.83302	
RootPopulationSizeScaler5	11369	12705	1	0.0263158	0.470319	
LeafPopulationSizeScaler5	13438	10690	1	0.0263158	2.54545	
generation 80000:
name	number_accepted	number_rejected	weight	weight_prob	tuning_parameter
DirichletProcessGibbsSampler	20879	0	10	0.263158	none	
ConcentrationScaler	3062	3331	3	0.0789474	1.82792	
TimeSizeRateMixer	27589	33265	6	0.157895	0.400027	
TimeRootSizeMixer	29010	31368	6	0.157895	0.385126	
EventTimeScaler	109699	121174	1	0.0263158	1.18668	
RootPopulationSizeScaler0	13097	14390	1	0.0263158	0.456051	
LeafPopulationSizeScaler0	15949	11596	1	0.0263158	2.0837	
RootPopulationSizeScaler1	13111	14392	1	0.0263158	0.460476	
LeafPopulationSizeScaler1	14963	12428	1	0.0263158	2.0529	
RootPopulationSizeScaler2	12652	14849	1	0.0263158	0.476889	
LeafPopulationSizeScaler2	15072	12419	1	0.0263158	1.80036	
RootPopulationSizeScaler3	13124	14385	1	0.0263158	0.467845	
LeafPopulationSizeScaler3	15365	12042	1	0.0263158	2.54555	
RootPopulationSizeScaler4	12985	14497	1	0.0263158	0.46393	
LeafPopulationSizeScaler4	16083	11408	1	0.0263158	2.87101	
RootPopulationSizeScaler5	12880	14593	1	0.0263158	0.470654	
LeafPopulationSizeScaler5	15183	12342	1	0.0263158	2.56928	
generation 90000:
name	number_accepted	number_rejected	weight	weight_prob	tuning_parameter
DirichletProcessGibbsSampler	23525	0	10	0.263158	none	
ConcentrationScaler	3415	3766	3	0.0789474	1.83036	
TimeSizeRateMixer	31051	37455	6	0.157895	0.400489	
TimeRootSizeMixer	32443	35254	6	0.157895	0.386267	
EventTimeScaler	123208	136752	1	0.0263158	1.19019	
RootPopulationSizeScaler0	14668	16184	1	0.0263158	0.457671	
LeafPopulationSizeScaler0	17740	13184	1	0.0263158	2.10622	
RootPopulationSizeScaler1	14644	16256	1	0.0263158	0.461191	
LeafPopulationSizeScaler1	16638	14120	1	0.0263158	2.06606	
RootPopulationSizeScaler2	14192	16675	1	0.0263158	0.477786	
LeafPopulationSizeScaler2	16780	14103	1	0.0263158	1.81548	
RootPopulationSizeScaler3	14642	16243	1	0.0263158	0.468576	
LeafPopulationSizeScaler3	17109	13657	1	0.0263158	2.56835	
RootPopulationSizeScaler4	14499	16360	1	0.0263158	0.46451	
LeafPopulationSizeScaler4	17876	12981	1	0.0263158	2.90155	
RootPopulationSizeScaler5	14420	16416	1	0.0263158	0.471819	
LeafPopulationSizeScaler5	16914	13988	1	0.0263158	2.59054	
generation 100000:
name	number_accepted	number_rejected	weight	weight_prob	tuning_parameter
DirichletProcessGibbsSampler	26183	0	10	0.263158	none	
ConcentrationScaler	3784	4207	3	0.0789474	1.8336	
TimeSizeRateMixer	34320	41498	6	0.157895	0.4008	
TimeRootSizeMixer	35769	39129	6	0.157895	0.387305	
EventTimeScaler	136362	151919	1	0.0263158	1.19306	
RootPopulationSizeScaler0	16234	17963	1	0.0263158	0.458897	
LeafPopulationSizeScaler0	19570	14738	1	0.0263158	2.12786	
RootPopulationSizeScaler1	16176	18074	1	0.0263158	0.462278	
LeafPopulationSizeScaler1	18356	15757	1	0.0263158	2.08078	
RootPopulationSizeScaler2	15672	18513	1	0.0263158	0.478434	
LeafPopulationSizeScaler2	18447	15826	1	0.0263158	1.82549	
RootPopulationSizeScaler3	16191	18052	1	0.0263158	0.469377	
LeafPopulationSizeScaler3	18827	15302	1	0.0263158	2.58679	
RootPopulationSizeScaler4	16029	18186	1	0.0263158	0.465041	
LeafPopulationSizeScaler4	19669	14536	1	0.0263158	2.92984	
RootPopulationSizeScaler5	15949	18242	1	0.0263158	0.472718	
LeafPopulationSizeScaler5	18588	15638	1	0.0263158	2.60846	
