generation 10000:
name	number_accepted	number_rejected	weight	weight_prob	tuning_parameter
DirichletProcessGibbsSampler	2638	0	10	0.263158	none	
ConcentrationScaler	369	438	3	0.0789474	2.77276	
TimeSizeRateMixer	778	924	6	0.157895	0.19941	
TimeRootSizeMixer	582	1093	6	0.157895	0.0201855	
EventTimeScaler	4151	2215	1	0.0263158	2.24638	
RootPopulationSizeScaler0	1842	1667	1	0.0263158	0.403712	
LeafPopulationSizeScaler0	2204	1268	1	0.0263158	1.6724	
RootPopulationSizeScaler1	1782	1696	1	0.0263158	0.412878	
LeafPopulationSizeScaler1	2617	865	1	0.0263158	1.59642	
RootPopulationSizeScaler2	1743	1748	1	0.0263158	0.444475	
LeafPopulationSizeScaler2	2294	1185	1	0.0263158	1.93429	
RootPopulationSizeScaler3	1782	1701	1	0.0263158	0.408008	
LeafPopulationSizeScaler3	2314	1170	1	0.0263158	1.2575	
RootPopulationSizeScaler4	1791	1705	1	0.0263158	0.440121	
LeafPopulationSizeScaler4	2367	1133	1	0.0263158	1.80207	
RootPopulationSizeScaler5	1854	1658	1	0.0263158	0.409918	
LeafPopulationSizeScaler5	2257	1241	1	0.0263158	1.90271	
generation 20000:
name	number_accepted	number_rejected	weight	weight_prob	tuning_parameter
DirichletProcessGibbsSampler	5229	0	10	0.263158	none	
ConcentrationScaler	742	858	3	0.0789474	2.81459	
TimeSizeRateMixer	1531	1881	6	0.157895	0.199215	
TimeRootSizeMixer	1155	2145	6	0.157895	0.0189815	
EventTimeScaler	7765	4894	1	0.0263158	2.46354	
RootPopulationSizeScaler0	3543	3437	1	0.0263158	0.418364	
LeafPopulationSizeScaler0	4142	2819	1	0.0263158	1.82753	
RootPopulationSizeScaler1	3479	3480	1	0.0263158	0.42774	
LeafPopulationSizeScaler1	4931	2037	1	0.0263158	1.88325	
RootPopulationSizeScaler2	3413	3591	1	0.0263158	0.45451	
LeafPopulationSizeScaler2	4270	2684	1	0.0263158	2.12008	
RootPopulationSizeScaler3	3471	3503	1	0.0263158	0.421193	
LeafPopulationSizeScaler3	4356	2625	1	0.0263158	1.39543	
RootPopulationSizeScaler4	3439	3541	1	0.0263158	0.450063	
LeafPopulationSizeScaler4	4453	2528	1	0.0263158	2.02363	
RootPopulationSizeScaler5	3556	3428	1	0.0263158	0.424591	
LeafPopulationSizeScaler5	4238	2756	1	0.0263158	2.08715	
generation 30000:
name	number_accepted	number_rejected	weight	weight_prob	tuning_parameter
DirichletProcessGibbsSampler	7897	0	10	0.263158	none	
ConcentrationScaler	1114	1284	3	0.0789474	2.84457	
TimeSizeRateMixer	2245	2790	6	0.157895	0.200068	
TimeRootSizeMixer	1747	3203	6	0.157895	0.0184625	
EventTimeScaler	11239	7700	1	0.0263158	2.58027	
RootPopulationSizeScaler0	5191	5195	1	0.0263158	0.425299	
LeafPopulationSizeScaler0	5981	4397	1	0.0263158	1.90146	
RootPopulationSizeScaler1	5136	5242	1	0.0263158	0.435519	
LeafPopulationSizeScaler1	7059	3333	1	0.0263158	2.02997	
RootPopulationSizeScaler2	4994	5434	1	0.0263158	0.45927	
LeafPopulationSizeScaler2	6188	4177	1	0.0263158	2.22021	
RootPopulationSizeScaler3	5096	5284	1	0.0263158	0.426306	
LeafPopulationSizeScaler3	6273	4123	1	0.0263158	1.4718	
RootPopulationSizeScaler4	5090	5336	1	0.0263158	0.456646	
LeafPopulationSizeScaler4	6434	3990	1	0.0263158	2.13957	
RootPopulationSizeScaler5	5162	5230	1	0.0263158	0.430044	
LeafPopulationSizeScaler5	6165	4272	1	0.0263158	2.18737	
generation 40000:
name	number_accepted	number_rejected	weight	weight_prob	tuning_parameter
DirichletProcessGibbsSampler	10567	0	10	0.263158	none	
ConcentrationScaler	1483	1752	3	0.0789474	2.85205	
TimeSizeRateMixer	2928	3680	6	0.157895	0.200195	
TimeRootSizeMixer	2320	4214	6	0.157895	0.0181005	
EventTimeScaler	14629	10474	1	0.0263158	2.65892	
RootPopulationSizeScaler0	6808	6942	1	0.0263158	0.429652	
LeafPopulationSizeScaler0	7772	5953	1	0.0263158	1.95297	
RootPopulationSizeScaler1	6719	6988	1	0.0263158	0.439974	
LeafPopulationSizeScaler1	9126	4652	1	0.0263158	2.13099	
RootPopulationSizeScaler2	6471	7317	1	0.0263158	0.459928	
LeafPopulationSizeScaler2	7940	5763	1	0.0263158	2.28073	
RootPopulationSizeScaler3	6624	7095	1	0.0263158	0.429276	
LeafPopulationSizeScaler3	8174	5560	1	0.0263158	1.52451	
RootPopulationSizeScaler4	6637	7136	1	0.0263158	0.459789	
LeafPopulationSizeScaler4	8251	5516	1	0.0263158	2.21024	
RootPopulationSizeScaler5	6758	6966	1	0.0263158	0.434815	
LeafPopulationSizeScaler5	7950	5826	1	0.0263158	2.2443	
generation 50000:
name	number_accepted	number_rejected	weight	weight_prob	tuning_parameter
DirichletProcessGibbsSampler	13257	0	10	0.263158	none	
ConcentrationScaler	1837	2161	3	0.0789474	2.86663	
TimeSizeRateMixer	3672	4577	6	0.157895	0.201099	
TimeRootSizeMixer	2916	5239	6	0.157895	0.0178293	
EventTimeScaler	17960	13441	1	0.0263158	2.71326	
RootPopulationSizeScaler0	8453	8733	1	0.0263158	0.433103	
LeafPopulationSizeScaler0	9572	7551	1	0.0263158	1.98665	
RootPopulationSizeScaler1	8354	8805	1	0.0263158	0.443373	
LeafPopulationSizeScaler1	11151	6048	1	0.0263158	2.20316	
RootPopulationSizeScaler2	8029	9179	1	0.0263158	0.461842	
LeafPopulationSizeScaler2	9769	7351	1	0.0263158	2.32787	
RootPopulationSizeScaler3	8240	8902	1	0.0263158	0.431633	
LeafPopulationSizeScaler3	10074	7089	1	0.0263158	1.56027	
RootPopulationSizeScaler4	8157	9034	1	0.0263158	0.461302	
LeafPopulationSizeScaler4	10126	7073	1	0.0263158	2.26664	
RootPopulationSizeScaler5	8431	8710	1	0.0263158	0.439643	
LeafPopulationSizeScaler5	9800	7396	1	0.0263158	2.29274	
generation 60000:
name	number_accepted	number_rejected	weight	weight_prob	tuning_parameter
DirichletProcessGibbsSampler	15882	0	10	0.263158	none	
ConcentrationScaler	2207	2598	3	0.0789474	2.86944	
TimeSizeRateMixer	4439	5427	6	0.157895	0.202085	
TimeRootSizeMixer	3542	6261	6	0.157895	0.0176231	
EventTimeScaler	21264	16379	1	0.0263158	2.75638	
RootPopulationSizeScaler0	10019	10577	1	0.0263158	0.435249	
LeafPopulationSizeScaler0	11316	9200	1	0.0263158	2.01495	
RootPopulationSizeScaler1	9975	10574	1	0.0263158	0.446077	
LeafPopulationSizeScaler1	13153	7455	1	0.0263158	2.2612	
RootPopulationSizeScaler2	9644	10956	1	0.0263158	0.464293	
LeafPopulationSizeScaler2	11546	9003	1	0.0263158	2.36418	
RootPopulationSizeScaler3	9839	10710	1	0.0263158	0.433785	
LeafPopulationSizeScaler3	11860	8713	1	0.0263158	1.58674	
RootPopulationSizeScaler4	9687	10948	1	0.0263158	0.462826	
LeafPopulationSizeScaler4	11955	8652	1	0.0263158	2.30487	
RootPopulationSizeScaler5	10075	10500	1	0.0263158	0.442978	
LeafPopulationSizeScaler5	11629	8987	1	0.0263158	2.33025	
generation 70000:
name	number_accepted	number_rejected	weight	weight_prob	tuning_parameter
DirichletProcessGibbsSampler	18519	0	10	0.263158	none	
ConcentrationScaler	2612	3028	3	0.0789474	2.88862	
TimeSizeRateMixer	5182	6293	6	0.157895	0.202616	
TimeRootSizeMixer	4259	7258	6	0.157895	0.0175405	
EventTimeScaler	24545	19459	1	0.0263158	2.7889	
RootPopulationSizeScaler0	11618	12378	1	0.0263158	0.437462	
LeafPopulationSizeScaler0	13141	10775	1	0.0263158	2.04031	
RootPopulationSizeScaler1	11576	12386	1	0.0263158	0.448354	
LeafPopulationSizeScaler1	15142	8889	1	0.0263158	2.31208	
RootPopulationSizeScaler2	11149	12854	1	0.0263158	0.464559	
LeafPopulationSizeScaler2	13272	10674	1	0.0263158	2.39192	
RootPopulationSizeScaler3	11394	12568	1	0.0263158	0.43514	
LeafPopulationSizeScaler3	13657	10301	1	0.0263158	1.61022	
RootPopulationSizeScaler4	11235	12782	1	0.0263158	0.46411	
LeafPopulationSizeScaler4	13774	10232	1	0.0263158	2.33714	
RootPopulationSizeScaler5	11642	12308	1	0.0263158	0.445043	
LeafPopulationSizeScaler5	13396	10626	1	0.0263158	2.35884	
generation 80000:
name	number_accepted	number_rejected	weight	weight_prob	tuning_parameter
DirichletProcessGibbsSampler	21178	0	10	0.263158	none	
ConcentrationScaler	3002	3424	3	0.0789474	2.90443	
TimeSizeRateMixer	5959	7172	6	0.157895	0.203407	
TimeRootSizeMixer	4904	8198	6	0.157895	0.0174697	
EventTimeScaler	27735	22545	1	0.0263158	2.81359	
RootPopulationSizeScaler0	13206	14213	1	0.0263158	0.439123	
LeafPopulationSizeScaler0	14847	12469	1	0.0263158	2.0586	
RootPopulationSizeScaler1	13126	14239	1	0.0263158	0.449523	
LeafPopulationSizeScaler1	17109	10345	1	0.0263158	2.35415	
RootPopulationSizeScaler2	12692	14707	1	0.0263158	0.465741	
LeafPopulationSizeScaler2	15021	12320	1	0.0263158	2.41622	
RootPopulationSizeScaler3	12962	14417	1	0.0263158	0.436334	
LeafPopulationSizeScaler3	15464	11906	1	0.0263158	1.6298	
RootPopulationSizeScaler4	12740	14663	1	0.0263158	0.46476	
LeafPopulationSizeScaler4	15528	11882	1	0.0263158	2.36264	
RootPopulationSizeScaler5	13269	14066	1	0.0263158	0.447223	
LeafPopulationSizeScaler5	15135	12291	1	0.0263158	2.38105	
generation 90000:
name	number_accepted	number_rejected	weight	weight_prob	tuning_parameter
DirichletProcessGibbsSampler	23828	0	10	0.263158	none	
ConcentrationScaler	3378	3846	3	0.0789474	2.91155	
TimeSizeRateMixer	6665	8058	6	0.157895	0.203435	
TimeRootSizeMixer	5535	9220	6	0.157895	0.0173474	
EventTimeScaler	30939	25601	1	0.0263158	2.8383	
RootPopulationSizeScaler0	14740	16077	1	0.0263158	0.44002	
LeafPopulationSizeScaler0	16570	14157	1	0.0263158	2.0749	
RootPopulationSizeScaler1	14699	16087	1	0.0263158	0.45071	
LeafPopulationSizeScaler1	19057	11804	1	0.0263158	2.38922	
RootPopulationSizeScaler2	14246	16538	1	0.0263158	0.466581	
LeafPopulationSizeScaler2	16813	13961	1	0.0263158	2.43802	
RootPopulationSizeScaler3	14556	16268	1	0.0263158	0.437307	
LeafPopulationSizeScaler3	17237	13550	1	0.0263158	1.64492	
RootPopulationSizeScaler4	14349	16472	1	0.0263158	0.465945	
LeafPopulationSizeScaler4	17316	13500	1	0.0263158	2.38598	
RootPopulationSizeScaler5	14899	15868	1	0.0263158	0.448908	
LeafPopulationSizeScaler5	16935	13923	1	0.0263158	2.40266	
generation 100000:
name	number_accepted	number_rejected	weight	weight_prob	tuning_parameter
DirichletProcessGibbsSampler	26442	0	10	0.263158	none	
ConcentrationScaler	3738	4295	3	0.0789474	2.91641	
TimeSizeRateMixer	7425	8969	6	0.157895	0.203542	
TimeRootSizeMixer	6163	10230	6	0.157895	0.0172698	
EventTimeScaler	34162	28685	1	0.0263158	2.8592	
RootPopulationSizeScaler0	16337	17940	1	0.0263158	0.441024	
LeafPopulationSizeScaler0	18343	15843	1	0.0263158	2.09199	
RootPopulationSizeScaler1	16364	17869	1	0.0263158	0.452392	
LeafPopulationSizeScaler1	21019	13289	1	0.0263158	2.42218	
RootPopulationSizeScaler2	15766	18485	1	0.0263158	0.467105	
LeafPopulationSizeScaler2	18597	15626	1	0.0263158	2.45717	
RootPopulationSizeScaler3	16130	18162	1	0.0263158	0.437907	
LeafPopulationSizeScaler3	19060	15192	1	0.0263158	1.66011	
RootPopulationSizeScaler4	15918	18374	1	0.0263158	0.466607	
LeafPopulationSizeScaler4	19112	15174	1	0.0263158	2.4054	
RootPopulationSizeScaler5	16519	17708	1	0.0263158	0.450068	
LeafPopulationSizeScaler5	18729	15605	1	0.0263158	2.42139	
