generation 10000:
name	number_accepted	number_rejected	weight	weight_prob	tuning_parameter
DirichletProcessGibbsSampler	2589	0	10	0.263158	none	
ConcentrationScaler	405	393	3	0.0789474	2.65846	
TimeSizeRateMixer	937	920	6	0.157895	0.206149	
TimeRootSizeMixer	1261	707	6	0.157895	0.0675418	
EventTimeScaler	4073	3074	1	0.0263158	1.57953	
RootPopulationSizeScaler0	1762	1731	1	0.0263158	0.42423	
LeafPopulationSizeScaler0	2334	1174	1	0.0263158	1.84048	
RootPopulationSizeScaler1	1813	1684	1	0.0263158	0.448418	
LeafPopulationSizeScaler1	2460	1032	1	0.0263158	1.78569	
RootPopulationSizeScaler2	1788	1711	1	0.0263158	0.427061	
LeafPopulationSizeScaler2	2367	1108	1	0.0263158	1.93847	
RootPopulationSizeScaler3	1785	1706	1	0.0263158	0.427835	
LeafPopulationSizeScaler3	2175	1312	1	0.0263158	1.6346	
RootPopulationSizeScaler4	1758	1770	1	0.0263158	0.456391	
LeafPopulationSizeScaler4	2302	1179	1	0.0263158	2.15823	
RootPopulationSizeScaler5	1842	1638	1	0.0263158	0.415126	
LeafPopulationSizeScaler5	2267	1212	1	0.0263158	1.54642	
generation 20000:
name	number_accepted	number_rejected	weight	weight_prob	tuning_parameter
DirichletProcessGibbsSampler	5214	0	10	0.263158	none	
ConcentrationScaler	798	826	3	0.0789474	2.73078	
TimeSizeRateMixer	1783	1890	6	0.157895	0.210834	
TimeRootSizeMixer	2377	1385	6	0.157895	0.0759657	
EventTimeScaler	7579	6486	1	0.0263158	1.65581	
RootPopulationSizeScaler0	3445	3461	1	0.0263158	0.438021	
LeafPopulationSizeScaler0	4271	2647	1	0.0263158	2.01606	
RootPopulationSizeScaler1	3425	3474	1	0.0263158	0.457635	
LeafPopulationSizeScaler1	4595	2299	1	0.0263158	2.02418	
RootPopulationSizeScaler2	3437	3454	1	0.0263158	0.442235	
LeafPopulationSizeScaler2	4388	2455	1	0.0263158	2.1666	
RootPopulationSizeScaler3	3414	3480	1	0.0263158	0.441194	
LeafPopulationSizeScaler3	4084	2792	1	0.0263158	1.78141	
RootPopulationSizeScaler4	3301	3627	1	0.0263158	0.460552	
LeafPopulationSizeScaler4	4298	2574	1	0.0263158	2.39928	
RootPopulationSizeScaler5	3485	3408	1	0.0263158	0.427247	
LeafPopulationSizeScaler5	4231	2641	1	0.0263158	1.69649	
generation 30000:
name	number_accepted	number_rejected	weight	weight_prob	tuning_parameter
DirichletProcessGibbsSampler	7847	0	10	0.263158	none	
ConcentrationScaler	1177	1233	3	0.0789474	2.76764	
TimeSizeRateMixer	2649	2889	6	0.157895	0.212972	
TimeRootSizeMixer	3512	2133	6	0.157895	0.0809524	
EventTimeScaler	11129	10111	1	0.0263158	1.69648	
RootPopulationSizeScaler0	5121	5245	1	0.0263158	0.445456	
LeafPopulationSizeScaler0	6142	4230	1	0.0263158	2.10899	
RootPopulationSizeScaler1	5003	5317	1	0.0263158	0.461148	
LeafPopulationSizeScaler1	6699	3637	1	0.0263158	2.17102	
RootPopulationSizeScaler2	5101	5244	1	0.0263158	0.449587	
LeafPopulationSizeScaler2	6391	3897	1	0.0263158	2.29453	
RootPopulationSizeScaler3	5100	5264	1	0.0263158	0.448839	
LeafPopulationSizeScaler3	5875	4443	1	0.0263158	1.85135	
RootPopulationSizeScaler4	4956	5420	1	0.0263158	0.467659	
LeafPopulationSizeScaler4	6221	4089	1	0.0263158	2.52725	
RootPopulationSizeScaler5	5147	5178	1	0.0263158	0.435079	
LeafPopulationSizeScaler5	6090	4207	1	0.0263158	1.76604	
generation 40000:
name	number_accepted	number_rejected	weight	weight_prob	tuning_parameter
DirichletProcessGibbsSampler	10490	0	10	0.263158	none	
ConcentrationScaler	1572	1684	3	0.0789474	2.79871	
TimeSizeRateMixer	3495	3894	6	0.157895	0.214074	
TimeRootSizeMixer	4556	2900	6	0.157895	0.0840833	
EventTimeScaler	14612	13686	1	0.0263158	1.72235	
RootPopulationSizeScaler0	6759	6996	1	0.0263158	0.449964	
LeafPopulationSizeScaler0	7980	5766	1	0.0263158	2.17433	
RootPopulationSizeScaler1	6540	7165	1	0.0263158	0.464518	
LeafPopulationSizeScaler1	8625	5058	1	0.0263158	2.25836	
RootPopulationSizeScaler2	6665	7050	1	0.0263158	0.453415	
LeafPopulationSizeScaler2	8265	5401	1	0.0263158	2.37301	
RootPopulationSizeScaler3	6666	7096	1	0.0263158	0.45226	
LeafPopulationSizeScaler3	7693	6016	1	0.0263158	1.9005	
RootPopulationSizeScaler4	6515	7255	1	0.0263158	0.470685	
LeafPopulationSizeScaler4	8098	5596	1	0.0263158	2.61529	
RootPopulationSizeScaler5	6808	6900	1	0.0263158	0.439957	
LeafPopulationSizeScaler5	7883	5791	1	0.0263158	1.81367	
generation 50000:
name	number_accepted	number_rejected	weight	weight_prob	tuning_parameter
DirichletProcessGibbsSampler	13140	0	10	0.263158	none	
ConcentrationScaler	1895	2096	3	0.0789474	2.80341	
TimeSizeRateMixer	4368	4903	6	0.157895	0.215403	
TimeRootSizeMixer	5637	3689	6	0.157895	0.0866585	
EventTimeScaler	18076	17474	1	0.0263158	1.73844	
RootPopulationSizeScaler0	8395	8765	1	0.0263158	0.454157	
LeafPopulationSizeScaler0	9805	7339	1	0.0263158	2.21971	
RootPopulationSizeScaler1	8088	9035	1	0.0263158	0.46626	
LeafPopulationSizeScaler1	10601	6484	1	0.0263158	2.32891	
RootPopulationSizeScaler2	8277	8840	1	0.0263158	0.456838	
LeafPopulationSizeScaler2	10125	6944	1	0.0263158	2.42757	
RootPopulationSizeScaler3	8225	8933	1	0.0263158	0.453923	
LeafPopulationSizeScaler3	9524	7597	1	0.0263158	1.94025	
RootPopulationSizeScaler4	8079	9133	1	0.0263158	0.47267	
LeafPopulationSizeScaler4	9942	7176	1	0.0263158	2.677	
RootPopulationSizeScaler5	8407	8684	1	0.0263158	0.443278	
LeafPopulationSizeScaler5	9730	7351	1	0.0263158	1.85634	
generation 60000:
name	number_accepted	number_rejected	weight	weight_prob	tuning_parameter
DirichletProcessGibbsSampler	15808	0	10	0.263158	none	
ConcentrationScaler	2263	2487	3	0.0789474	2.82183	
TimeSizeRateMixer	5105	5878	6	0.157895	0.215154	
TimeRootSizeMixer	6624	4448	6	0.157895	0.0885344	
EventTimeScaler	21273	21060	1	0.0263158	1.74791	
RootPopulationSizeScaler0	9961	10534	1	0.0263158	0.456549	
LeafPopulationSizeScaler0	11536	8941	1	0.0263158	2.25221	
RootPopulationSizeScaler1	9605	10875	1	0.0263158	0.467838	
LeafPopulationSizeScaler1	12469	7954	1	0.0263158	2.37979	
RootPopulationSizeScaler2	9805	10609	1	0.0263158	0.458937	
LeafPopulationSizeScaler2	11950	8464	1	0.0263158	2.47336	
RootPopulationSizeScaler3	9794	10680	1	0.0263158	0.456013	
LeafPopulationSizeScaler3	11241	9235	1	0.0263158	1.9647	
RootPopulationSizeScaler4	9584	10970	1	0.0263158	0.473474	
LeafPopulationSizeScaler4	11735	8686	1	0.0263158	2.72491	
RootPopulationSizeScaler5	9983	10451	1	0.0263158	0.445745	
LeafPopulationSizeScaler5	11455	8956	1	0.0263158	1.88467	
generation 70000:
name	number_accepted	number_rejected	weight	weight_prob	tuning_parameter
DirichletProcessGibbsSampler	18419	0	10	0.263158	none	
ConcentrationScaler	2625	2939	3	0.0789474	2.82847	
TimeSizeRateMixer	6013	6924	6	0.157895	0.21594	
TimeRootSizeMixer	7684	5281	6	0.157895	0.090306	
EventTimeScaler	24853	24808	1	0.0263158	1.76035	
RootPopulationSizeScaler0	11554	12362	1	0.0263158	0.458037	
LeafPopulationSizeScaler0	13386	10522	1	0.0263158	2.28667	
RootPopulationSizeScaler1	11220	12687	1	0.0263158	0.469983	
LeafPopulationSizeScaler1	14409	9418	1	0.0263158	2.4261	
RootPopulationSizeScaler2	11407	12440	1	0.0263158	0.460863	
LeafPopulationSizeScaler2	13763	10109	1	0.0263158	2.50655	
RootPopulationSizeScaler3	11351	12538	1	0.0263158	0.457182	
LeafPopulationSizeScaler3	13005	10899	1	0.0263158	1.98665	
RootPopulationSizeScaler4	11149	12835	1	0.0263158	0.474749	
LeafPopulationSizeScaler4	13482	10365	1	0.0263158	2.76055	
RootPopulationSizeScaler5	11560	12315	1	0.0263158	0.447174	
LeafPopulationSizeScaler5	13190	10659	1	0.0263158	1.90498	
generation 80000:
name	number_accepted	number_rejected	weight	weight_prob	tuning_parameter
DirichletProcessGibbsSampler	21058	0	10	0.263158	none	
ConcentrationScaler	2986	3354	3	0.0789474	2.831	
TimeSizeRateMixer	6827	7895	6	0.157895	0.216368	
TimeRootSizeMixer	8820	6143	6	0.157895	0.0919472	
EventTimeScaler	28377	28579	1	0.0263158	1.77063	
RootPopulationSizeScaler0	13110	14197	1	0.0263158	0.459466	
LeafPopulationSizeScaler0	15140	12139	1	0.0263158	2.31109	
RootPopulationSizeScaler1	12774	14569	1	0.0263158	0.470648	
LeafPopulationSizeScaler1	16272	10957	1	0.0263158	2.4638	
RootPopulationSizeScaler2	12962	14286	1	0.0263158	0.461512	
LeafPopulationSizeScaler2	15584	11703	1	0.0263158	2.53975	
RootPopulationSizeScaler3	12888	14423	1	0.0263158	0.458303	
LeafPopulationSizeScaler3	14758	12593	1	0.0263158	2.006	
RootPopulationSizeScaler4	12735	14646	1	0.0263158	0.47642	
LeafPopulationSizeScaler4	15259	12023	1	0.0263158	2.79223	
RootPopulationSizeScaler5	13154	14158	1	0.0263158	0.448632	
LeafPopulationSizeScaler5	14949	12315	1	0.0263158	1.9265	
generation 90000:
name	number_accepted	number_rejected	weight	weight_prob	tuning_parameter
DirichletProcessGibbsSampler	23675	0	10	0.263158	none	
ConcentrationScaler	3352	3764	3	0.0789474	2.84022	
TimeSizeRateMixer	7645	8862	6	0.157895	0.216672	
TimeRootSizeMixer	9737	7038	6	0.157895	0.0928331	
EventTimeScaler	31620	32170	1	0.0263158	1.77709	
RootPopulationSizeScaler0	14694	16054	1	0.0263158	0.460211	
LeafPopulationSizeScaler0	16879	13851	1	0.0263158	2.33046	
RootPopulationSizeScaler1	14341	16424	1	0.0263158	0.471483	
LeafPopulationSizeScaler1	18157	12511	1	0.0263158	2.49623	
RootPopulationSizeScaler2	14528	16155	1	0.0263158	0.462507	
LeafPopulationSizeScaler2	17387	13360	1	0.0263158	2.56536	
RootPopulationSizeScaler3	14487	16259	1	0.0263158	0.459368	
LeafPopulationSizeScaler3	16496	14322	1	0.0263158	2.02114	
RootPopulationSizeScaler4	14269	16573	1	0.0263158	0.476607	
LeafPopulationSizeScaler4	17074	13651	1	0.0263158	2.82152	
RootPopulationSizeScaler5	14746	16018	1	0.0263158	0.449991	
LeafPopulationSizeScaler5	16665	14018	1	0.0263158	1.94166	
generation 100000:
name	number_accepted	number_rejected	weight	weight_prob	tuning_parameter
DirichletProcessGibbsSampler	26342	0	10	0.263158	none	
ConcentrationScaler	3689	4226	3	0.0789474	2.8431	
TimeSizeRateMixer	8481	9843	6	0.157895	0.216929	
TimeRootSizeMixer	10763	7865	6	0.157895	0.0938622	
EventTimeScaler	34971	35901	1	0.0263158	1.78343	
RootPopulationSizeScaler0	16232	17920	1	0.0263158	0.460902	
LeafPopulationSizeScaler0	18634	15492	1	0.0263158	2.34997	
RootPopulationSizeScaler1	15829	18340	1	0.0263158	0.471548	
LeafPopulationSizeScaler1	20040	14039	1	0.0263158	2.52525	
RootPopulationSizeScaler2	16096	17966	1	0.0263158	0.463804	
LeafPopulationSizeScaler2	19144	14998	1	0.0263158	2.58685	
RootPopulationSizeScaler3	16089	18017	1	0.0263158	0.460879	
LeafPopulationSizeScaler3	18190	16026	1	0.0263158	2.03289	
RootPopulationSizeScaler4	15855	18381	1	0.0263158	0.477988	
LeafPopulationSizeScaler4	18804	15312	1	0.0263158	2.84343	
RootPopulationSizeScaler5	16292	17852	1	0.0263158	0.45108	
LeafPopulationSizeScaler5	18388	15690	1	0.0263158	1.95525	
