generation 10000:
name	number_accepted	number_rejected	weight	weight_prob	tuning_parameter
DirichletProcessGibbsSampler	2645	0	10	0.263158	none	
ConcentrationScaler	345	405	3	0.0789474	2.31194	
TimeSizeRateMixer	1607	1718	6	0.157895	0.291985	
TimeRootSizeMixer	1619	1543	6	0.157895	0.180318	
EventTimeScaler	6856	5474	1	0.0263158	1.45056	
RootPopulationSizeScaler0	1671	1770	1	0.0263158	0.439054	
LeafPopulationSizeScaler0	2351	1085	1	0.0263158	1.90892	
RootPopulationSizeScaler1	1841	1580	1	0.0263158	0.411143	
LeafPopulationSizeScaler1	2194	1234	1	0.0263158	1.61534	
RootPopulationSizeScaler2	1800	1656	1	0.0263158	0.435471	
LeafPopulationSizeScaler2	2304	1151	1	0.0263158	1.97151	
RootPopulationSizeScaler3	1806	1602	1	0.0263158	0.404201	
LeafPopulationSizeScaler3	2379	1057	1	0.0263158	2.32182	
RootPopulationSizeScaler4	1688	1735	1	0.0263158	0.448475	
LeafPopulationSizeScaler4	2310	1144	1	0.0263158	2.07792	
RootPopulationSizeScaler5	1691	1761	1	0.0263158	0.44645	
LeafPopulationSizeScaler5	2430	996	1	0.0263158	2.35445	
generation 20000:
name	number_accepted	number_rejected	weight	weight_prob	tuning_parameter
DirichletProcessGibbsSampler	5273	0	10	0.263158	none	
ConcentrationScaler	731	834	3	0.0789474	2.38784	
TimeSizeRateMixer	3067	3350	6	0.157895	0.297228	
TimeRootSizeMixer	3177	3119	6	0.157895	0.186953	
EventTimeScaler	12839	11486	1	0.0263158	1.51251	
RootPopulationSizeScaler0	3263	3542	1	0.0263158	0.44982	
LeafPopulationSizeScaler0	4407	2421	1	0.0263158	2.15173	
RootPopulationSizeScaler1	3559	3269	1	0.0263158	0.430043	
LeafPopulationSizeScaler1	4065	2770	1	0.0263158	1.7483	
RootPopulationSizeScaler2	3419	3453	1	0.0263158	0.445604	
LeafPopulationSizeScaler2	4283	2566	1	0.0263158	2.1847	
RootPopulationSizeScaler3	3539	3280	1	0.0263158	0.420989	
LeafPopulationSizeScaler3	4479	2355	1	0.0263158	2.63484	
RootPopulationSizeScaler4	3290	3553	1	0.0263158	0.454888	
LeafPopulationSizeScaler4	4287	2579	1	0.0263158	2.29022	
RootPopulationSizeScaler5	3301	3533	1	0.0263158	0.456619	
LeafPopulationSizeScaler5	4517	2330	1	0.0263158	2.65273	
generation 30000:
name	number_accepted	number_rejected	weight	weight_prob	tuning_parameter
DirichletProcessGibbsSampler	7939	0	10	0.263158	none	
ConcentrationScaler	1089	1234	3	0.0789474	2.41749	
TimeSizeRateMixer	4548	5127	6	0.157895	0.298265	
TimeRootSizeMixer	4727	4673	6	0.157895	0.191963	
EventTimeScaler	18991	17642	1	0.0263158	1.55211	
RootPopulationSizeScaler0	4866	5338	1	0.0263158	0.455692	
LeafPopulationSizeScaler0	6382	3848	1	0.0263158	2.2765	
RootPopulationSizeScaler1	5203	5023	1	0.0263158	0.438375	
LeafPopulationSizeScaler1	5927	4333	1	0.0263158	1.82139	
RootPopulationSizeScaler2	5021	5228	1	0.0263158	0.450606	
LeafPopulationSizeScaler2	6228	4025	1	0.0263158	2.30399	
RootPopulationSizeScaler3	5172	5006	1	0.0263158	0.429173	
LeafPopulationSizeScaler3	6532	3731	1	0.0263158	2.79939	
RootPopulationSizeScaler4	4893	5358	1	0.0263158	0.460519	
LeafPopulationSizeScaler4	6262	4010	1	0.0263158	2.41444	
RootPopulationSizeScaler5	4870	5396	1	0.0263158	0.460824	
LeafPopulationSizeScaler5	6461	3769	1	0.0263158	2.80427	
generation 40000:
name	number_accepted	number_rejected	weight	weight_prob	tuning_parameter
DirichletProcessGibbsSampler	10425	0	10	0.263158	none	
ConcentrationScaler	1480	1649	3	0.0789474	2.44775	
TimeSizeRateMixer	5990	6829	6	0.157895	0.299818	
TimeRootSizeMixer	6333	6330	6	0.157895	0.195149	
EventTimeScaler	24895	23675	1	0.0263158	1.57599	
RootPopulationSizeScaler0	6499	7181	1	0.0263158	0.458777	
LeafPopulationSizeScaler0	8357	5332	1	0.0263158	2.36348	
RootPopulationSizeScaler1	6866	6846	1	0.0263158	0.443538	
LeafPopulationSizeScaler1	7738	5986	1	0.0263158	1.86877	
RootPopulationSizeScaler2	6643	7081	1	0.0263158	0.453889	
LeafPopulationSizeScaler2	8168	5545	1	0.0263158	2.38284	
RootPopulationSizeScaler3	6825	6809	1	0.0263158	0.434832	
LeafPopulationSizeScaler3	8462	5294	1	0.0263158	2.89771	
RootPopulationSizeScaler4	6505	7210	1	0.0263158	0.46431	
LeafPopulationSizeScaler4	8113	5609	1	0.0263158	2.49001	
RootPopulationSizeScaler5	6483	7233	1	0.0263158	0.464632	
LeafPopulationSizeScaler5	8368	5320	1	0.0263158	2.90389	
generation 50000:
name	number_accepted	number_rejected	weight	weight_prob	tuning_parameter
DirichletProcessGibbsSampler	13061	0	10	0.263158	none	
ConcentrationScaler	1896	2080	3	0.0789474	2.47571	
TimeSizeRateMixer	7342	8489	6	0.157895	0.300259	
TimeRootSizeMixer	7792	7867	6	0.157895	0.197087	
EventTimeScaler	30494	29641	1	0.0263158	1.59115	
RootPopulationSizeScaler0	8045	9050	1	0.0263158	0.460166	
LeafPopulationSizeScaler0	10311	6827	1	0.0263158	2.43095	
RootPopulationSizeScaler1	8526	8602	1	0.0263158	0.448068	
LeafPopulationSizeScaler1	9546	7582	1	0.0263158	1.9031	
RootPopulationSizeScaler2	8255	8902	1	0.0263158	0.457735	
LeafPopulationSizeScaler2	10087	7052	1	0.0263158	2.44773	
RootPopulationSizeScaler3	8465	8612	1	0.0263158	0.439759	
LeafPopulationSizeScaler3	10401	6794	1	0.0263158	2.97753	
RootPopulationSizeScaler4	8048	9091	1	0.0263158	0.465425	
LeafPopulationSizeScaler4	9964	7189	1	0.0263158	2.54593	
RootPopulationSizeScaler5	8081	9069	1	0.0263158	0.466961	
LeafPopulationSizeScaler5	10298	6834	1	0.0263158	2.98321	
generation 60000:
name	number_accepted	number_rejected	weight	weight_prob	tuning_parameter
DirichletProcessGibbsSampler	15642	0	10	0.263158	none	
ConcentrationScaler	2269	2512	3	0.0789474	2.48726	
TimeSizeRateMixer	8811	10243	6	0.157895	0.301316	
TimeRootSizeMixer	9369	9527	6	0.157895	0.198849	
EventTimeScaler	36312	36050	1	0.0263158	1.60272	
RootPopulationSizeScaler0	9603	10956	1	0.0263158	0.461402	
LeafPopulationSizeScaler0	12177	8366	1	0.0263158	2.47897	
RootPopulationSizeScaler1	10194	10410	1	0.0263158	0.450996	
LeafPopulationSizeScaler1	11296	9301	1	0.0263158	1.92486	
RootPopulationSizeScaler2	9826	10775	1	0.0263158	0.459763	
LeafPopulationSizeScaler2	11952	8646	1	0.0263158	2.49559	
RootPopulationSizeScaler3	10065	10462	1	0.0263158	0.442267	
LeafPopulationSizeScaler3	12271	8372	1	0.0263158	3.03179	
RootPopulationSizeScaler4	9614	10955	1	0.0263158	0.466506	
LeafPopulationSizeScaler4	11764	8837	1	0.0263158	2.58831	
RootPopulationSizeScaler5	9672	10903	1	0.0263158	0.468993	
LeafPopulationSizeScaler5	12197	8400	1	0.0263158	3.04099	
generation 70000:
name	number_accepted	number_rejected	weight	weight_prob	tuning_parameter
DirichletProcessGibbsSampler	18283	0	10	0.263158	none	
ConcentrationScaler	2628	2970	3	0.0789474	2.48398	
TimeSizeRateMixer	10262	11917	6	0.157895	0.30248	
TimeRootSizeMixer	10973	11197	6	0.157895	0.200191	
EventTimeScaler	42488	42416	1	0.0263158	1.61629	
RootPopulationSizeScaler0	11127	12782	1	0.0263158	0.462862	
LeafPopulationSizeScaler0	14001	9917	1	0.0263158	2.5185	
RootPopulationSizeScaler1	11749	12214	1	0.0263158	0.453095	
LeafPopulationSizeScaler1	12948	10991	1	0.0263158	1.94182	
RootPopulationSizeScaler2	11442	12535	1	0.0263158	0.461891	
LeafPopulationSizeScaler2	13751	10198	1	0.0263158	2.53333	
RootPopulationSizeScaler3	11674	12236	1	0.0263158	0.444494	
LeafPopulationSizeScaler3	14072	9915	1	0.0263158	3.07625	
RootPopulationSizeScaler4	11242	12703	1	0.0263158	0.468955	
LeafPopulationSizeScaler4	13569	10396	1	0.0263158	2.62548	
RootPopulationSizeScaler5	11176	12734	1	0.0263158	0.470254	
LeafPopulationSizeScaler5	14070	9877	1	0.0263158	3.09137	
generation 80000:
name	number_accepted	number_rejected	weight	weight_prob	tuning_parameter
DirichletProcessGibbsSampler	20867	0	10	0.263158	none	
ConcentrationScaler	3014	3387	3	0.0789474	2.49401	
TimeSizeRateMixer	11596	13598	6	0.157895	0.302936	
TimeRootSizeMixer	12392	12748	6	0.157895	0.201137	
EventTimeScaler	47927	48533	1	0.0263158	1.62327	
RootPopulationSizeScaler0	12711	14636	1	0.0263158	0.464251	
LeafPopulationSizeScaler0	15833	11515	1	0.0263158	2.55036	
RootPopulationSizeScaler1	13347	14066	1	0.0263158	0.454822	
LeafPopulationSizeScaler1	14702	12683	1	0.0263158	1.95703	
RootPopulationSizeScaler2	13048	14386	1	0.0263158	0.463799	
LeafPopulationSizeScaler2	15587	11799	1	0.0263158	2.56674	
RootPopulationSizeScaler3	13326	14009	1	0.0263158	0.447006	
LeafPopulationSizeScaler3	15934	11513	1	0.0263158	3.11589	
RootPopulationSizeScaler4	12822	14572	1	0.0263158	0.46994	
LeafPopulationSizeScaler4	15368	12017	1	0.0263158	2.65347	
RootPopulationSizeScaler5	12716	14619	1	0.0263158	0.471279	
LeafPopulationSizeScaler5	15913	11461	1	0.0263158	3.13328	
generation 90000:
name	number_accepted	number_rejected	weight	weight_prob	tuning_parameter
DirichletProcessGibbsSampler	23526	0	10	0.263158	none	
ConcentrationScaler	3377	3814	3	0.0789474	2.50412	
TimeSizeRateMixer	13087	15270	6	0.157895	0.303924	
TimeRootSizeMixer	13910	14367	6	0.157895	0.202179	
EventTimeScaler	53834	54830	1	0.0263158	1.63144	
RootPopulationSizeScaler0	14235	16498	1	0.0263158	0.464931	
LeafPopulationSizeScaler0	17608	13085	1	0.0263158	2.57538	
RootPopulationSizeScaler1	14913	15918	1	0.0263158	0.455742	
LeafPopulationSizeScaler1	16424	14353	1	0.0263158	1.97193	
RootPopulationSizeScaler2	14597	16202	1	0.0263158	0.465303	
LeafPopulationSizeScaler2	17366	13392	1	0.0263158	2.59431	
RootPopulationSizeScaler3	14917	15781	1	0.0263158	0.448954	
LeafPopulationSizeScaler3	17741	13063	1	0.0263158	3.15038	
RootPopulationSizeScaler4	14329	16434	1	0.0263158	0.470863	
LeafPopulationSizeScaler4	17160	13618	1	0.0263158	2.67961	
RootPopulationSizeScaler5	14282	16434	1	0.0263158	0.472407	
LeafPopulationSizeScaler5	17690	13062	1	0.0263158	3.16683	
generation 100000:
name	number_accepted	number_rejected	weight	weight_prob	tuning_parameter
DirichletProcessGibbsSampler	26089	0	10	0.263158	none	
ConcentrationScaler	3736	4246	3	0.0789474	2.508	
TimeSizeRateMixer	14504	17084	6	0.157895	0.303972	
TimeRootSizeMixer	15541	16023	6	0.157895	0.203371	
EventTimeScaler	59506	61111	1	0.0263158	1.63647	
RootPopulationSizeScaler0	15987	18354	1	0.0263158	0.467012	
LeafPopulationSizeScaler0	19467	14780	1	0.0263158	2.59912	
RootPopulationSizeScaler1	16531	17909	1	0.0263158	0.456992	
LeafPopulationSizeScaler1	18167	16205	1	0.0263158	1.98481	
RootPopulationSizeScaler2	16262	18124	1	0.0263158	0.466632	
LeafPopulationSizeScaler2	19242	15102	1	0.0263158	2.61876	
RootPopulationSizeScaler3	16629	17652	1	0.0263158	0.450789	
LeafPopulationSizeScaler3	19629	14760	1	0.0263158	3.18165	
RootPopulationSizeScaler4	15963	18388	1	0.0263158	0.471593	
LeafPopulationSizeScaler4	18975	15393	1	0.0263158	2.70118	
RootPopulationSizeScaler5	15969	18356	1	0.0263158	0.473783	
LeafPopulationSizeScaler5	19700	14662	1	0.0263158	3.20353	
