generation 10000:
name	number_accepted	number_rejected	weight	weight_prob	tuning_parameter
DirichletProcessGibbsSampler	2699	0	10	0.263158	none	
ConcentrationScaler	386	391	3	0.0789474	2.18139	
TimeSizeRateMixer	2010	2194	6	0.157895	0.329678	
TimeRootSizeMixer	2319	1982	6	0.157895	0.320407	
EventTimeScaler	8757	7780	1	0.0263158	1.31759	
RootPopulationSizeScaler0	1750	1704	1	0.0263158	0.448172	
LeafPopulationSizeScaler0	2385	1053	1	0.0263158	1.89446	
RootPopulationSizeScaler1	1782	1655	1	0.0263158	0.428364	
LeafPopulationSizeScaler1	2292	1148	1	0.0263158	1.57733	
RootPopulationSizeScaler2	1665	1755	1	0.0263158	0.455981	
LeafPopulationSizeScaler2	2265	1184	1	0.0263158	1.56278	
RootPopulationSizeScaler3	1623	1824	1	0.0263158	0.465462	
LeafPopulationSizeScaler3	2151	1285	1	0.0263158	1.37146	
RootPopulationSizeScaler4	1780	1688	1	0.0263158	0.433544	
LeafPopulationSizeScaler4	2313	1113	1	0.0263158	1.55192	
RootPopulationSizeScaler5	1682	1765	1	0.0263158	0.433769	
LeafPopulationSizeScaler5	2489	932	1	0.0263158	1.5421	
generation 20000:
name	number_accepted	number_rejected	weight	weight_prob	tuning_parameter
DirichletProcessGibbsSampler	5329	0	10	0.263158	none	
ConcentrationScaler	747	812	3	0.0789474	2.21978	
TimeSizeRateMixer	3993	4485	6	0.157895	0.335107	
TimeRootSizeMixer	4391	4064	6	0.157895	0.333894	
EventTimeScaler	16681	16082	1	0.0263158	1.36106	
RootPopulationSizeScaler0	3313	3534	1	0.0263158	0.453301	
LeafPopulationSizeScaler0	4477	2353	1	0.0263158	2.13932	
RootPopulationSizeScaler1	3399	3415	1	0.0263158	0.441355	
LeafPopulationSizeScaler1	4280	2550	1	0.0263158	1.74484	
RootPopulationSizeScaler2	3252	3598	1	0.0263158	0.462584	
LeafPopulationSizeScaler2	4212	2606	1	0.0263158	1.72217	
RootPopulationSizeScaler3	3169	3664	1	0.0263158	0.471284	
LeafPopulationSizeScaler3	4074	2772	1	0.0263158	1.49379	
RootPopulationSizeScaler4	3407	3426	1	0.0263158	0.44488	
LeafPopulationSizeScaler4	4240	2524	1	0.0263158	1.71067	
RootPopulationSizeScaler5	3231	3600	1	0.0263158	0.442726	
LeafPopulationSizeScaler5	4731	2049	1	0.0263158	1.79908	
generation 30000:
name	number_accepted	number_rejected	weight	weight_prob	tuning_parameter
DirichletProcessGibbsSampler	7995	0	10	0.263158	none	
ConcentrationScaler	1127	1182	3	0.0789474	2.26431	
TimeSizeRateMixer	5877	6694	6	0.157895	0.338044	
TimeRootSizeMixer	6408	6300	6	0.157895	0.339352	
EventTimeScaler	24282	24481	1	0.0263158	1.38123	
RootPopulationSizeScaler0	4906	5404	1	0.0263158	0.458248	
LeafPopulationSizeScaler0	6479	3843	1	0.0263158	2.26729	
RootPopulationSizeScaler1	5037	5251	1	0.0263158	0.447142	
LeafPopulationSizeScaler1	6232	4079	1	0.0263158	1.83579	
RootPopulationSizeScaler2	4854	5485	1	0.0263158	0.466316	
LeafPopulationSizeScaler2	6132	4154	1	0.0263158	1.80456	
RootPopulationSizeScaler3	4752	5530	1	0.0263158	0.475885	
LeafPopulationSizeScaler3	5902	4430	1	0.0263158	1.54814	
RootPopulationSizeScaler4	5051	5232	1	0.0263158	0.451968	
LeafPopulationSizeScaler4	6136	4054	1	0.0263158	1.79599	
RootPopulationSizeScaler5	4863	5443	1	0.0263158	0.448032	
LeafPopulationSizeScaler5	6839	3436	1	0.0263158	1.93566	
generation 40000:
name	number_accepted	number_rejected	weight	weight_prob	tuning_parameter
DirichletProcessGibbsSampler	10554	0	10	0.263158	none	
ConcentrationScaler	1479	1616	3	0.0789474	2.27727	
TimeSizeRateMixer	7794	9058	6	0.157895	0.339412	
TimeRootSizeMixer	8334	8481	6	0.157895	0.342425	
EventTimeScaler	31742	32874	1	0.0263158	1.39259	
RootPopulationSizeScaler0	6492	7233	1	0.0263158	0.461276	
LeafPopulationSizeScaler0	8427	5319	1	0.0263158	2.34878	
RootPopulationSizeScaler1	6604	7101	1	0.0263158	0.449746	
LeafPopulationSizeScaler1	8102	5601	1	0.0263158	1.89598	
RootPopulationSizeScaler2	6418	7360	1	0.0263158	0.468954	
LeafPopulationSizeScaler2	8014	5705	1	0.0263158	1.86134	
RootPopulationSizeScaler3	6242	7461	1	0.0263158	0.47559	
LeafPopulationSizeScaler3	7701	6050	1	0.0263158	1.58818	
RootPopulationSizeScaler4	6632	7027	1	0.0263158	0.455463	
LeafPopulationSizeScaler4	8086	5547	1	0.0263158	1.85942	
RootPopulationSizeScaler5	6425	7288	1	0.0263158	0.450395	
LeafPopulationSizeScaler5	8915	4775	1	0.0263158	2.02784	
generation 50000:
name	number_accepted	number_rejected	weight	weight_prob	tuning_parameter
DirichletProcessGibbsSampler	13164	0	10	0.263158	none	
ConcentrationScaler	1845	2040	3	0.0789474	2.29275	
TimeSizeRateMixer	9764	11322	6	0.157895	0.340765	
TimeRootSizeMixer	10268	10651	6	0.157895	0.345106	
EventTimeScaler	39199	41496	1	0.0263158	1.40061	
RootPopulationSizeScaler0	8092	9039	1	0.0263158	0.464615	
LeafPopulationSizeScaler0	10281	6870	1	0.0263158	2.40676	
RootPopulationSizeScaler1	8239	8855	1	0.0263158	0.45322	
LeafPopulationSizeScaler1	9892	7183	1	0.0263158	1.93901	
RootPopulationSizeScaler2	7974	9219	1	0.0263158	0.471012	
LeafPopulationSizeScaler2	9844	7257	1	0.0263158	1.90339	
RootPopulationSizeScaler3	7797	9304	1	0.0263158	0.477224	
LeafPopulationSizeScaler3	9474	7691	1	0.0263158	1.6159	
RootPopulationSizeScaler4	8198	8872	1	0.0263158	0.457837	
LeafPopulationSizeScaler4	9891	7126	1	0.0263158	1.89995	
RootPopulationSizeScaler5	7920	9168	1	0.0263158	0.451067	
LeafPopulationSizeScaler5	10899	6176	1	0.0263158	2.09374	
generation 60000:
name	number_accepted	number_rejected	weight	weight_prob	tuning_parameter
DirichletProcessGibbsSampler	15715	0	10	0.263158	none	
ConcentrationScaler	2179	2479	3	0.0789474	2.29219	
TimeSizeRateMixer	11726	13663	6	0.157895	0.341595	
TimeRootSizeMixer	12253	12890	6	0.157895	0.346913	
EventTimeScaler	46859	50052	1	0.0263158	1.4091	
RootPopulationSizeScaler0	9643	10915	1	0.0263158	0.466091	
LeafPopulationSizeScaler0	12130	8412	1	0.0263158	2.45148	
RootPopulationSizeScaler1	9855	10646	1	0.0263158	0.455749	
LeafPopulationSizeScaler1	11759	8763	1	0.0263158	1.97557	
RootPopulationSizeScaler2	9551	11093	1	0.0263158	0.47226	
LeafPopulationSizeScaler2	11631	8877	1	0.0263158	1.93265	
RootPopulationSizeScaler3	9310	11204	1	0.0263158	0.478053	
LeafPopulationSizeScaler3	11281	9319	1	0.0263158	1.64009	
RootPopulationSizeScaler4	9802	10673	1	0.0263158	0.460357	
LeafPopulationSizeScaler4	11724	8732	1	0.0263158	1.93218	
RootPopulationSizeScaler5	9543	10960	1	0.0263158	0.454282	
LeafPopulationSizeScaler5	12862	7634	1	0.0263158	2.14648	
generation 70000:
name	number_accepted	number_rejected	weight	weight_prob	tuning_parameter
DirichletProcessGibbsSampler	18337	0	10	0.263158	none	
ConcentrationScaler	2544	2908	3	0.0789474	2.29593	
TimeSizeRateMixer	13542	15878	6	0.157895	0.34185	
TimeRootSizeMixer	14164	15082	6	0.157895	0.348202	
EventTimeScaler	54038	58397	1	0.0263158	1.41372	
RootPopulationSizeScaler0	11153	12827	1	0.0263158	0.467013	
LeafPopulationSizeScaler0	13980	9952	1	0.0263158	2.4901	
RootPopulationSizeScaler1	11441	12447	1	0.0263158	0.457708	
LeafPopulationSizeScaler1	13528	10424	1	0.0263158	1.99961	
RootPopulationSizeScaler2	11105	12956	1	0.0263158	0.472811	
LeafPopulationSizeScaler2	13416	10514	1	0.0263158	1.95665	
RootPopulationSizeScaler3	10839	13075	1	0.0263158	0.478689	
LeafPopulationSizeScaler3	13042	10982	1	0.0263158	1.65895	
RootPopulationSizeScaler4	11369	12525	1	0.0263158	0.461713	
LeafPopulationSizeScaler4	13503	10391	1	0.0263158	1.95522	
RootPopulationSizeScaler5	11148	12762	1	0.0263158	0.456595	
LeafPopulationSizeScaler5	14774	9120	1	0.0263158	2.18883	
generation 80000:
name	number_accepted	number_rejected	weight	weight_prob	tuning_parameter
DirichletProcessGibbsSampler	20934	0	10	0.263158	none	
ConcentrationScaler	2899	3333	3	0.0789474	2.30024	
TimeSizeRateMixer	15472	18241	6	0.157895	0.342203	
TimeRootSizeMixer	16003	17216	6	0.157895	0.349445	
EventTimeScaler	61336	66845	1	0.0263158	1.41875	
RootPopulationSizeScaler0	12730	14704	1	0.0263158	0.467922	
LeafPopulationSizeScaler0	15845	11530	1	0.0263158	2.52538	
RootPopulationSizeScaler1	13014	14286	1	0.0263158	0.459095	
LeafPopulationSizeScaler1	15275	12106	1	0.0263158	2.01974	
RootPopulationSizeScaler2	12654	14851	1	0.0263158	0.473585	
LeafPopulationSizeScaler2	15176	12206	1	0.0263158	1.97614	
RootPopulationSizeScaler3	12403	14960	1	0.0263158	0.479335	
LeafPopulationSizeScaler3	14815	12635	1	0.0263158	1.67533	
RootPopulationSizeScaler4	12869	14453	1	0.0263158	0.462338	
LeafPopulationSizeScaler4	15260	12061	1	0.0263158	1.97412	
RootPopulationSizeScaler5	12734	14598	1	0.0263158	0.457659	
LeafPopulationSizeScaler5	16713	10608	1	0.0263158	2.22857	
generation 90000:
name	number_accepted	number_rejected	weight	weight_prob	tuning_parameter
DirichletProcessGibbsSampler	23594	0	10	0.263158	none	
ConcentrationScaler	3294	3759	3	0.0789474	2.31171	
TimeSizeRateMixer	17385	20539	6	0.157895	0.342955	
TimeRootSizeMixer	17991	19446	6	0.157895	0.350913	
EventTimeScaler	68840	75523	1	0.0263158	1.42282	
RootPopulationSizeScaler0	14302	16577	1	0.0263158	0.468816	
LeafPopulationSizeScaler0	17696	13087	1	0.0263158	2.5554	
RootPopulationSizeScaler1	14637	16115	1	0.0263158	0.460765	
LeafPopulationSizeScaler1	17063	13792	1	0.0263158	2.03882	
RootPopulationSizeScaler2	14207	16739	1	0.0263158	0.474075	
LeafPopulationSizeScaler2	17008	13833	1	0.0263158	1.99726	
RootPopulationSizeScaler3	13920	16867	1	0.0263158	0.479437	
LeafPopulationSizeScaler3	16535	14339	1	0.0263158	1.68763	
RootPopulationSizeScaler4	14472	16282	1	0.0263158	0.463268	
LeafPopulationSizeScaler4	17057	13696	1	0.0263158	1.99418	
RootPopulationSizeScaler5	14302	16465	1	0.0263158	0.458647	
LeafPopulationSizeScaler5	18596	12163	1	0.0263158	2.25788	
generation 100000:
name	number_accepted	number_rejected	weight	weight_prob	tuning_parameter
DirichletProcessGibbsSampler	26289	0	10	0.263158	none	
ConcentrationScaler	3650	4190	3	0.0789474	2.31468	
TimeSizeRateMixer	19263	22795	6	0.157895	0.343191	
TimeRootSizeMixer	19882	21627	6	0.157895	0.351753	
EventTimeScaler	76279	84033	1	0.0263158	1.42647	
RootPopulationSizeScaler0	15818	18470	1	0.0263158	0.469222	
LeafPopulationSizeScaler0	19494	14676	1	0.0263158	2.5812	
RootPopulationSizeScaler1	16221	17899	1	0.0263158	0.462176	
LeafPopulationSizeScaler1	18828	15462	1	0.0263158	2.05361	
RootPopulationSizeScaler2	15810	18531	1	0.0263158	0.47548	
LeafPopulationSizeScaler2	18731	15508	1	0.0263158	2.01126	
RootPopulationSizeScaler3	15424	18755	1	0.0263158	0.479899	
LeafPopulationSizeScaler3	18259	15999	1	0.0263158	1.69933	
RootPopulationSizeScaler4	16036	18119	1	0.0263158	0.464322	
LeafPopulationSizeScaler4	18799	15331	1	0.0263158	2.01069	
RootPopulationSizeScaler5	15871	18276	1	0.0263158	0.460158	
LeafPopulationSizeScaler5	20458	13679	1	0.0263158	2.28393	
