generation 10000:
name	number_accepted	number_rejected	weight	weight_prob	tuning_parameter
DirichletProcessGibbsSampler	2568	0	10	0.263158	none	
ConcentrationScaler	436	369	3	0.0789474	2.64998	
TimeSizeRateMixer	931	978	6	0.157895	0.207781	
TimeRootSizeMixer	1179	884	6	0.157895	0.125384	
EventTimeScaler	4473	3034	1	0.0263158	1.58374	
RootPopulationSizeScaler0	1776	1696	1	0.0263158	0.433402	
LeafPopulationSizeScaler0	2370	1115	1	0.0263158	2.05502	
RootPopulationSizeScaler1	1856	1646	1	0.0263158	0.430048	
LeafPopulationSizeScaler1	2239	1265	1	0.0263158	1.98449	
RootPopulationSizeScaler2	1803	1694	1	0.0263158	0.435277	
LeafPopulationSizeScaler2	2226	1255	1	0.0263158	1.92322	
RootPopulationSizeScaler3	1883	1601	1	0.0263158	0.425876	
LeafPopulationSizeScaler3	2592	883	1	0.0263158	1.55665	
RootPopulationSizeScaler4	1804	1692	1	0.0263158	0.431168	
LeafPopulationSizeScaler4	2368	1141	1	0.0263158	2.12891	
RootPopulationSizeScaler5	1933	1564	1	0.0263158	0.39073	
LeafPopulationSizeScaler5	2359	1140	1	0.0263158	1.79596	
generation 20000:
name	number_accepted	number_rejected	weight	weight_prob	tuning_parameter
DirichletProcessGibbsSampler	5189	0	10	0.263158	none	
ConcentrationScaler	806	789	3	0.0789474	2.67614	
TimeSizeRateMixer	1831	2041	6	0.157895	0.212186	
TimeRootSizeMixer	2181	1739	6	0.157895	0.134712	
EventTimeScaler	8300	6494	1	0.0263158	1.68653	
RootPopulationSizeScaler0	3404	3511	1	0.0263158	0.4453	
LeafPopulationSizeScaler0	4450	2497	1	0.0263158	2.28719	
RootPopulationSizeScaler1	3504	3462	1	0.0263158	0.443154	
LeafPopulationSizeScaler1	4121	2816	1	0.0263158	2.14928	
RootPopulationSizeScaler2	3425	3506	1	0.0263158	0.447484	
LeafPopulationSizeScaler2	4094	2843	1	0.0263158	2.07422	
RootPopulationSizeScaler3	3530	3368	1	0.0263158	0.438674	
LeafPopulationSizeScaler3	4910	1989	1	0.0263158	1.82912	
RootPopulationSizeScaler4	3501	3437	1	0.0263158	0.445406	
LeafPopulationSizeScaler4	4384	2525	1	0.0263158	2.36875	
RootPopulationSizeScaler5	3680	3279	1	0.0263158	0.411748	
LeafPopulationSizeScaler5	4361	2568	1	0.0263158	1.98904	
generation 30000:
name	number_accepted	number_rejected	weight	weight_prob	tuning_parameter
DirichletProcessGibbsSampler	7873	0	10	0.263158	none	
ConcentrationScaler	1137	1166	3	0.0789474	2.71127	
TimeSizeRateMixer	2708	3007	6	0.157895	0.215297	
TimeRootSizeMixer	3219	2633	6	0.157895	0.140782	
EventTimeScaler	12052	10063	1	0.0263158	1.73659	
RootPopulationSizeScaler0	4977	5322	1	0.0263158	0.45097	
LeafPopulationSizeScaler0	6407	3955	1	0.0263158	2.40444	
RootPopulationSizeScaler1	5062	5300	1	0.0263158	0.448418	
LeafPopulationSizeScaler1	5997	4342	1	0.0263158	2.2475	
RootPopulationSizeScaler2	5059	5313	1	0.0263158	0.45274	
LeafPopulationSizeScaler2	5898	4470	1	0.0263158	2.15717	
RootPopulationSizeScaler3	5141	5171	1	0.0263158	0.444493	
LeafPopulationSizeScaler3	7042	3260	1	0.0263158	1.9794	
RootPopulationSizeScaler4	5132	5233	1	0.0263158	0.450992	
LeafPopulationSizeScaler4	6274	4054	1	0.0263158	2.48532	
RootPopulationSizeScaler5	5375	4992	1	0.0263158	0.423217	
LeafPopulationSizeScaler5	6228	4106	1	0.0263158	2.08493	
generation 40000:
name	number_accepted	number_rejected	weight	weight_prob	tuning_parameter
DirichletProcessGibbsSampler	10612	0	10	0.263158	none	
ConcentrationScaler	1503	1593	3	0.0789474	2.73228	
TimeSizeRateMixer	3564	4031	6	0.157895	0.216425	
TimeRootSizeMixer	4336	3510	6	0.157895	0.145126	
EventTimeScaler	15893	13784	1	0.0263158	1.77269	
RootPopulationSizeScaler0	6531	7119	1	0.0263158	0.454059	
LeafPopulationSizeScaler0	8283	5428	1	0.0263158	2.48563	
RootPopulationSizeScaler1	6619	7072	1	0.0263158	0.452481	
LeafPopulationSizeScaler1	7744	5919	1	0.0263158	2.30521	
RootPopulationSizeScaler2	6595	7110	1	0.0263158	0.455457	
LeafPopulationSizeScaler2	7646	6068	1	0.0263158	2.20964	
RootPopulationSizeScaler3	6755	6907	1	0.0263158	0.448695	
LeafPopulationSizeScaler3	9121	4541	1	0.0263158	2.07872	
RootPopulationSizeScaler4	6747	6979	1	0.0263158	0.45703	
LeafPopulationSizeScaler4	8076	5595	1	0.0263158	2.55878	
RootPopulationSizeScaler5	7013	6706	1	0.0263158	0.428568	
LeafPopulationSizeScaler5	8088	5620	1	0.0263158	2.1571	
generation 50000:
name	number_accepted	number_rejected	weight	weight_prob	tuning_parameter
DirichletProcessGibbsSampler	13197	0	10	0.263158	none	
ConcentrationScaler	1845	1996	3	0.0789474	2.74781	
TimeSizeRateMixer	4520	5154	6	0.157895	0.217551	
TimeRootSizeMixer	5278	4481	6	0.157895	0.146938	
EventTimeScaler	19684	17427	1	0.0263158	1.79894	
RootPopulationSizeScaler0	8213	8973	1	0.0263158	0.457661	
LeafPopulationSizeScaler0	10150	7058	1	0.0263158	2.54154	
RootPopulationSizeScaler1	8240	8966	1	0.0263158	0.45491	
LeafPopulationSizeScaler1	9598	7580	1	0.0263158	2.35158	
RootPopulationSizeScaler2	8246	8979	1	0.0263158	0.457962	
LeafPopulationSizeScaler2	9450	7760	1	0.0263158	2.24821	
RootPopulationSizeScaler3	8376	8829	1	0.0263158	0.451253	
LeafPopulationSizeScaler3	11244	5943	1	0.0263158	2.15449	
RootPopulationSizeScaler4	8408	8825	1	0.0263158	0.460025	
LeafPopulationSizeScaler4	10005	7160	1	0.0263158	2.62413	
RootPopulationSizeScaler5	8750	8499	1	0.0263158	0.433013	
LeafPopulationSizeScaler5	9976	7266	1	0.0263158	2.20421	
generation 60000:
name	number_accepted	number_rejected	weight	weight_prob	tuning_parameter
DirichletProcessGibbsSampler	15815	0	10	0.263158	none	
ConcentrationScaler	2220	2444	3	0.0789474	2.76238	
TimeSizeRateMixer	5442	6220	6	0.157895	0.218586	
TimeRootSizeMixer	6325	5431	6	0.157895	0.149067	
EventTimeScaler	23428	21216	1	0.0263158	1.81796	
RootPopulationSizeScaler0	9801	10804	1	0.0263158	0.459968	
LeafPopulationSizeScaler0	11952	8701	1	0.0263158	2.58156	
RootPopulationSizeScaler1	9907	10778	1	0.0263158	0.457488	
LeafPopulationSizeScaler1	11426	9196	1	0.0263158	2.38892	
RootPopulationSizeScaler2	9762	10910	1	0.0263158	0.458373	
LeafPopulationSizeScaler2	11211	9432	1	0.0263158	2.28006	
RootPopulationSizeScaler3	9960	10700	1	0.0263158	0.453567	
LeafPopulationSizeScaler3	13350	7309	1	0.0263158	2.21522	
RootPopulationSizeScaler4	9951	10731	1	0.0263158	0.461157	
LeafPopulationSizeScaler4	11871	8738	1	0.0263158	2.67143	
RootPopulationSizeScaler5	10358	10333	1	0.0263158	0.435245	
LeafPopulationSizeScaler5	11793	8901	1	0.0263158	2.24197	
generation 70000:
name	number_accepted	number_rejected	weight	weight_prob	tuning_parameter
DirichletProcessGibbsSampler	18433	0	10	0.263158	none	
ConcentrationScaler	2564	2863	3	0.0789474	2.76789	
TimeSizeRateMixer	6349	7272	6	0.157895	0.219017	
TimeRootSizeMixer	7296	6361	6	0.157895	0.150741	
EventTimeScaler	26933	25010	1	0.0263158	1.83044	
RootPopulationSizeScaler0	11411	12663	1	0.0263158	0.461608	
LeafPopulationSizeScaler0	13830	10294	1	0.0263158	2.62194	
RootPopulationSizeScaler1	11549	12639	1	0.0263158	0.459087	
LeafPopulationSizeScaler1	13217	10902	1	0.0263158	2.41703	
RootPopulationSizeScaler2	11341	12819	1	0.0263158	0.458915	
LeafPopulationSizeScaler2	12954	11185	1	0.0263158	2.30184	
RootPopulationSizeScaler3	11645	12512	1	0.0263158	0.45605	
LeafPopulationSizeScaler3	15380	8746	1	0.0263158	2.26837	
RootPopulationSizeScaler4	11520	12628	1	0.0263158	0.462476	
LeafPopulationSizeScaler4	13754	10321	1	0.0263158	2.71183	
RootPopulationSizeScaler5	12039	12134	1	0.0263158	0.438398	
LeafPopulationSizeScaler5	13637	10527	1	0.0263158	2.2749	
generation 80000:
name	number_accepted	number_rejected	weight	weight_prob	tuning_parameter
DirichletProcessGibbsSampler	21114	0	10	0.263158	none	
ConcentrationScaler	2924	3269	3	0.0789474	2.77487	
TimeSizeRateMixer	7343	8315	6	0.157895	0.220581	
TimeRootSizeMixer	8314	7355	6	0.157895	0.152182	
EventTimeScaler	30818	28983	1	0.0263158	1.84419	
RootPopulationSizeScaler0	12993	14473	1	0.0263158	0.462906	
LeafPopulationSizeScaler0	15576	11926	1	0.0263158	2.65113	
RootPopulationSizeScaler1	13095	14495	1	0.0263158	0.460228	
LeafPopulationSizeScaler1	14893	12609	1	0.0263158	2.43689	
RootPopulationSizeScaler2	12909	14629	1	0.0263158	0.460151	
LeafPopulationSizeScaler2	14672	12888	1	0.0263158	2.32125	
RootPopulationSizeScaler3	13246	14312	1	0.0263158	0.457974	
LeafPopulationSizeScaler3	17332	10172	1	0.0263158	2.31086	
RootPopulationSizeScaler4	13053	14494	1	0.0263158	0.463156	
LeafPopulationSizeScaler4	15519	11985	1	0.0263158	2.74172	
RootPopulationSizeScaler5	13686	13899	1	0.0263158	0.440673	
LeafPopulationSizeScaler5	15448	12113	1	0.0263158	2.29994	
generation 90000:
name	number_accepted	number_rejected	weight	weight_prob	tuning_parameter
DirichletProcessGibbsSampler	23761	0	10	0.263158	none	
ConcentrationScaler	3295	3664	3	0.0789474	2.78518	
TimeSizeRateMixer	8192	9335	6	0.157895	0.221113	
TimeRootSizeMixer	9336	8302	6	0.157895	0.153745	
EventTimeScaler	34462	32773	1	0.0263158	1.85598	
RootPopulationSizeScaler0	14563	16285	1	0.0263158	0.463933	
LeafPopulationSizeScaler0	17387	13522	1	0.0263158	2.67899	
RootPopulationSizeScaler1	14636	16314	1	0.0263158	0.461145	
LeafPopulationSizeScaler1	16589	14310	1	0.0263158	2.45575	
RootPopulationSizeScaler2	14491	16435	1	0.0263158	0.461575	
LeafPopulationSizeScaler2	16425	14530	1	0.0263158	2.34101	
RootPopulationSizeScaler3	14779	16143	1	0.0263158	0.45909	
LeafPopulationSizeScaler3	19215	11661	1	0.0263158	2.34381	
RootPopulationSizeScaler4	14601	16336	1	0.0263158	0.464104	
LeafPopulationSizeScaler4	17274	13650	1	0.0263158	2.76571	
RootPopulationSizeScaler5	15304	15679	1	0.0263158	0.442639	
LeafPopulationSizeScaler5	17207	13732	1	0.0263158	2.32246	
generation 100000:
name	number_accepted	number_rejected	weight	weight_prob	tuning_parameter
DirichletProcessGibbsSampler	26353	0	10	0.263158	none	
ConcentrationScaler	3672	4072	3	0.0789474	2.7962	
TimeSizeRateMixer	9033	10411	6	0.157895	0.221093	
TimeRootSizeMixer	10219	9273	6	0.157895	0.154437	
EventTimeScaler	37979	36467	1	0.0263158	1.86462	
RootPopulationSizeScaler0	16107	18143	1	0.0263158	0.464529	
LeafPopulationSizeScaler0	19156	15174	1	0.0263158	2.70281	
RootPopulationSizeScaler1	16146	18200	1	0.0263158	0.461574	
LeafPopulationSizeScaler1	18268	16044	1	0.0263158	2.47001	
RootPopulationSizeScaler2	16120	18241	1	0.0263158	0.462951	
LeafPopulationSizeScaler2	18165	16196	1	0.0263158	2.35614	
RootPopulationSizeScaler3	16295	18036	1	0.0263158	0.459687	
LeafPopulationSizeScaler3	21163	13109	1	0.0263158	2.37559	
RootPopulationSizeScaler4	16156	18158	1	0.0263158	0.465586	
LeafPopulationSizeScaler4	19063	15254	1	0.0263158	2.79072	
RootPopulationSizeScaler5	16917	17438	1	0.0263158	0.44424	
LeafPopulationSizeScaler5	18963	15382	1	0.0263158	2.34279	
