generation 10000:
name	number_accepted	number_rejected	weight	weight_prob	tuning_parameter
DirichletProcessGibbsSampler	2685	0	10	0.263158	none	
ConcentrationScaler	397	419	3	0.0789474	2.6384	
TimeSizeRateMixer	923	948	6	0.157895	0.191711	
TimeRootSizeMixer	915	849	6	0.157895	0.138635	
EventTimeScaler	4091	2961	1	0.0263158	1.37593	
RootPopulationSizeScaler0	1772	1631	1	0.0263158	0.433366	
LeafPopulationSizeScaler0	2273	1133	1	0.0263158	1.89159	
RootPopulationSizeScaler1	1687	1672	1	0.0263158	0.421037	
LeafPopulationSizeScaler1	2221	1212	1	0.0263158	1.50342	
RootPopulationSizeScaler2	1738	1652	1	0.0263158	0.435324	
LeafPopulationSizeScaler2	2209	1187	1	0.0263158	1.78118	
RootPopulationSizeScaler3	1759	1621	1	0.0263158	0.426971	
LeafPopulationSizeScaler3	2364	1063	1	0.0263158	2.0773	
RootPopulationSizeScaler4	1767	1642	1	0.0263158	0.41515	
LeafPopulationSizeScaler4	2385	1040	1	0.0263158	1.70692	
RootPopulationSizeScaler5	1754	1662	1	0.0263158	0.435854	
LeafPopulationSizeScaler5	2365	1039	1	0.0263158	1.3749	
generation 20000:
name	number_accepted	number_rejected	weight	weight_prob	tuning_parameter
DirichletProcessGibbsSampler	5234	0	10	0.263158	none	
ConcentrationScaler	779	834	3	0.0789474	2.71298	
TimeSizeRateMixer	1809	1901	6	0.157895	0.198282	
TimeRootSizeMixer	1795	1878	6	0.157895	0.140712	
EventTimeScaler	7765	6310	1	0.0263158	1.45828	
RootPopulationSizeScaler0	3430	3467	1	0.0263158	0.442317	
LeafPopulationSizeScaler0	4287	2631	1	0.0263158	2.0943	
RootPopulationSizeScaler1	3365	3452	1	0.0263158	0.433403	
LeafPopulationSizeScaler1	4182	2769	1	0.0263158	1.64457	
RootPopulationSizeScaler2	3397	3481	1	0.0263158	0.446484	
LeafPopulationSizeScaler2	4150	2729	1	0.0263158	1.92387	
RootPopulationSizeScaler3	3389	3461	1	0.0263158	0.438759	
LeafPopulationSizeScaler3	4435	2486	1	0.0263158	2.32445	
RootPopulationSizeScaler4	3456	3433	1	0.0263158	0.429742	
LeafPopulationSizeScaler4	4532	2402	1	0.0263158	1.93564	
RootPopulationSizeScaler5	3375	3539	1	0.0263158	0.444855	
LeafPopulationSizeScaler5	4494	2380	1	0.0263158	1.55783	
generation 30000:
name	number_accepted	number_rejected	weight	weight_prob	tuning_parameter
DirichletProcessGibbsSampler	7875	0	10	0.263158	none	
ConcentrationScaler	1136	1280	3	0.0789474	2.72936	
TimeSizeRateMixer	2700	2871	6	0.157895	0.202382	
TimeRootSizeMixer	2711	2853	6	0.157895	0.143189	
EventTimeScaler	11442	9755	1	0.0263158	1.50533	
RootPopulationSizeScaler0	5050	5305	1	0.0263158	0.448278	
LeafPopulationSizeScaler0	6223	4152	1	0.0263158	2.20023	
RootPopulationSizeScaler1	4984	5292	1	0.0263158	0.439432	
LeafPopulationSizeScaler1	6126	4300	1	0.0263158	1.72828	
RootPopulationSizeScaler2	5014	5302	1	0.0263158	0.452147	
LeafPopulationSizeScaler2	5973	4344	1	0.0263158	1.99514	
RootPopulationSizeScaler3	5013	5286	1	0.0263158	0.443953	
LeafPopulationSizeScaler3	6407	3984	1	0.0263158	2.45343	
RootPopulationSizeScaler4	5178	5142	1	0.0263158	0.439431	
LeafPopulationSizeScaler4	6453	3878	1	0.0263158	2.03677	
RootPopulationSizeScaler5	4963	5365	1	0.0263158	0.450183	
LeafPopulationSizeScaler5	6493	3812	1	0.0263158	1.6527	
generation 40000:
name	number_accepted	number_rejected	weight	weight_prob	tuning_parameter
DirichletProcessGibbsSampler	10541	0	10	0.263158	none	
ConcentrationScaler	1537	1684	3	0.0789474	2.76395	
TimeSizeRateMixer	3636	3826	6	0.157895	0.20567	
TimeRootSizeMixer	3564	3802	6	0.157895	0.144451	
EventTimeScaler	14986	13288	1	0.0263158	1.53248	
RootPopulationSizeScaler0	6673	7046	1	0.0263158	0.452707	
LeafPopulationSizeScaler0	8038	5768	1	0.0263158	2.25573	
RootPopulationSizeScaler1	6550	7114	1	0.0263158	0.443292	
LeafPopulationSizeScaler1	7900	5932	1	0.0263158	1.7685	
RootPopulationSizeScaler2	6616	7125	1	0.0263158	0.455918	
LeafPopulationSizeScaler2	7783	5950	1	0.0263158	2.04802	
RootPopulationSizeScaler3	6654	7057	1	0.0263158	0.448756	
LeafPopulationSizeScaler3	8234	5583	1	0.0263158	2.5274	
RootPopulationSizeScaler4	6889	6855	1	0.0263158	0.446071	
LeafPopulationSizeScaler4	8386	5372	1	0.0263158	2.10698	
RootPopulationSizeScaler5	6550	7176	1	0.0263158	0.45413	
LeafPopulationSizeScaler5	8400	5285	1	0.0263158	1.71193	
generation 50000:
name	number_accepted	number_rejected	weight	weight_prob	tuning_parameter
DirichletProcessGibbsSampler	13112	0	10	0.263158	none	
ConcentrationScaler	1906	2125	3	0.0789474	2.76758	
TimeSizeRateMixer	4510	4831	6	0.157895	0.206817	
TimeRootSizeMixer	4445	4793	6	0.157895	0.145025	
EventTimeScaler	18495	16830	1	0.0263158	1.54994	
RootPopulationSizeScaler0	8296	8898	1	0.0263158	0.455823	
LeafPopulationSizeScaler0	9858	7438	1	0.0263158	2.30145	
RootPopulationSizeScaler1	8175	8967	1	0.0263158	0.446242	
LeafPopulationSizeScaler1	9758	7591	1	0.0263158	1.80461	
RootPopulationSizeScaler2	8249	8990	1	0.0263158	0.459232	
LeafPopulationSizeScaler2	9594	7642	1	0.0263158	2.08258	
RootPopulationSizeScaler3	8319	8908	1	0.0263158	0.45259	
LeafPopulationSizeScaler3	10107	7216	1	0.0263158	2.58386	
RootPopulationSizeScaler4	8548	8688	1	0.0263158	0.449827	
LeafPopulationSizeScaler4	10307	6936	1	0.0263158	2.15821	
RootPopulationSizeScaler5	8177	9033	1	0.0263158	0.457614	
LeafPopulationSizeScaler5	10376	6788	1	0.0263158	1.75737	
generation 60000:
name	number_accepted	number_rejected	weight	weight_prob	tuning_parameter
DirichletProcessGibbsSampler	15705	0	10	0.263158	none	
ConcentrationScaler	2242	2539	3	0.0789474	2.77322	
TimeSizeRateMixer	5391	5849	6	0.157895	0.207299	
TimeRootSizeMixer	5352	5739	6	0.157895	0.14601	
EventTimeScaler	21965	20440	1	0.0263158	1.56436	
RootPopulationSizeScaler0	9950	10737	1	0.0263158	0.45876	
LeafPopulationSizeScaler0	11672	9124	1	0.0263158	2.33718	
RootPopulationSizeScaler1	9811	10817	1	0.0263158	0.448639	
LeafPopulationSizeScaler1	11550	9273	1	0.0263158	1.82939	
RootPopulationSizeScaler2	9810	10919	1	0.0263158	0.460289	
LeafPopulationSizeScaler2	11403	9334	1	0.0263158	2.11261	
RootPopulationSizeScaler3	9922	10793	1	0.0263158	0.454492	
LeafPopulationSizeScaler3	11952	8864	1	0.0263158	2.62794	
RootPopulationSizeScaler4	10166	10549	1	0.0263158	0.452334	
LeafPopulationSizeScaler4	12173	8548	1	0.0263158	2.19558	
RootPopulationSizeScaler5	9760	10926	1	0.0263158	0.459063	
LeafPopulationSizeScaler5	12262	8378	1	0.0263158	1.7929	
generation 70000:
name	number_accepted	number_rejected	weight	weight_prob	tuning_parameter
DirichletProcessGibbsSampler	18297	0	10	0.263158	none	
ConcentrationScaler	2611	2981	3	0.0789474	2.78187	
TimeSizeRateMixer	6263	6863	6	0.157895	0.208156	
TimeRootSizeMixer	6220	6744	6	0.157895	0.146665	
EventTimeScaler	25408	24146	1	0.0263158	1.57597	
RootPopulationSizeScaler0	11494	12652	1	0.0263158	0.459632	
LeafPopulationSizeScaler0	13460	10789	1	0.0263158	2.36654	
RootPopulationSizeScaler1	11403	12684	1	0.0263158	0.450078	
LeafPopulationSizeScaler1	13279	10978	1	0.0263158	1.84804	
RootPopulationSizeScaler2	11439	12754	1	0.0263158	0.46197	
LeafPopulationSizeScaler2	13202	10993	1	0.0263158	2.13836	
RootPopulationSizeScaler3	11514	12660	1	0.0263158	0.456164	
LeafPopulationSizeScaler3	13822	10426	1	0.0263158	2.67292	
RootPopulationSizeScaler4	11788	12366	1	0.0263158	0.45441	
LeafPopulationSizeScaler4	14014	10156	1	0.0263158	2.22629	
RootPopulationSizeScaler5	11345	12778	1	0.0263158	0.460866	
LeafPopulationSizeScaler5	14171	9907	1	0.0263158	1.82455	
generation 80000:
name	number_accepted	number_rejected	weight	weight_prob	tuning_parameter
DirichletProcessGibbsSampler	21026	0	10	0.263158	none	
ConcentrationScaler	2975	3413	3	0.0789474	2.78436	
TimeSizeRateMixer	7114	7815	6	0.157895	0.208828	
TimeRootSizeMixer	7030	7732	6	0.157895	0.146934	
EventTimeScaler	28840	27839	1	0.0263158	1.5854	
RootPopulationSizeScaler0	13010	14463	1	0.0263158	0.460867	
LeafPopulationSizeScaler0	15179	12398	1	0.0263158	2.38972	
RootPopulationSizeScaler1	12961	14451	1	0.0263158	0.451441	
LeafPopulationSizeScaler1	14945	12629	1	0.0263158	1.86203	
RootPopulationSizeScaler2	12964	14560	1	0.0263158	0.463127	
LeafPopulationSizeScaler2	14873	12623	1	0.0263158	2.15448	
RootPopulationSizeScaler3	13117	14395	1	0.0263158	0.458052	
LeafPopulationSizeScaler3	15566	11979	1	0.0263158	2.70349	
RootPopulationSizeScaler4	13355	14111	1	0.0263158	0.45643	
LeafPopulationSizeScaler4	15823	11668	1	0.0263158	2.25431	
RootPopulationSizeScaler5	12849	14637	1	0.0263158	0.461955	
LeafPopulationSizeScaler5	15958	11452	1	0.0263158	1.8495	
generation 90000:
name	number_accepted	number_rejected	weight	weight_prob	tuning_parameter
DirichletProcessGibbsSampler	23632	0	10	0.263158	none	
ConcentrationScaler	3358	3848	3	0.0789474	2.78999	
TimeSizeRateMixer	7934	8801	6	0.157895	0.209401	
TimeRootSizeMixer	7885	8680	6	0.157895	0.147523	
EventTimeScaler	32144	31427	1	0.0263158	1.59309	
RootPopulationSizeScaler0	14603	16296	1	0.0263158	0.461985	
LeafPopulationSizeScaler0	16980	14029	1	0.0263158	2.41084	
RootPopulationSizeScaler1	14518	16329	1	0.0263158	0.452328	
LeafPopulationSizeScaler1	16662	14338	1	0.0263158	1.87753	
RootPopulationSizeScaler2	14575	16402	1	0.0263158	0.464184	
LeafPopulationSizeScaler2	16628	14301	1	0.0263158	2.17323	
RootPopulationSizeScaler3	14707	16236	1	0.0263158	0.459258	
LeafPopulationSizeScaler3	17362	13602	1	0.0263158	2.73074	
RootPopulationSizeScaler4	14975	15913	1	0.0263158	0.458029	
LeafPopulationSizeScaler4	17673	13246	1	0.0263158	2.28051	
RootPopulationSizeScaler5	14390	16506	1	0.0263158	0.462538	
LeafPopulationSizeScaler5	17780	13048	1	0.0263158	1.87039	
generation 100000:
name	number_accepted	number_rejected	weight	weight_prob	tuning_parameter
DirichletProcessGibbsSampler	26284	0	10	0.263158	none	
ConcentrationScaler	3731	4272	3	0.0789474	2.79598	
TimeSizeRateMixer	8816	9755	6	0.157895	0.210189	
TimeRootSizeMixer	8704	9661	6	0.157895	0.147779	
EventTimeScaler	35446	35135	1	0.0263158	1.59871	
RootPopulationSizeScaler0	16161	18119	1	0.0263158	0.463006	
LeafPopulationSizeScaler0	18675	15723	1	0.0263158	2.42798	
RootPopulationSizeScaler1	16065	18188	1	0.0263158	0.453075	
LeafPopulationSizeScaler1	18394	15983	1	0.0263158	1.89132	
RootPopulationSizeScaler2	16116	18234	1	0.0263158	0.464742	
LeafPopulationSizeScaler2	18329	15975	1	0.0263158	2.18772	
RootPopulationSizeScaler3	16246	18075	1	0.0263158	0.460058	
LeafPopulationSizeScaler3	19140	15236	1	0.0263158	2.75495	
RootPopulationSizeScaler4	16517	17742	1	0.0263158	0.458989	
LeafPopulationSizeScaler4	19437	14850	1	0.0263158	2.29991	
RootPopulationSizeScaler5	15932	18333	1	0.0263158	0.463717	
LeafPopulationSizeScaler5	19599	14597	1	0.0263158	1.88997	
