generation 10000:
name	number_accepted	number_rejected	weight	weight_prob	tuning_parameter
DirichletProcessGibbsSampler	2650	0	10	0.263158	none	
ConcentrationScaler	417	348	3	0.0789474	2.0001	
TimeSizeRateMixer	2384	2358	6	0.157895	0.32864	
TimeRootSizeMixer	2660	2169	6	0.157895	0.210709	
EventTimeScaler	10338	7862	1	0.0263158	1.43551	
RootPopulationSizeScaler0	1781	1633	1	0.0263158	0.417981	
LeafPopulationSizeScaler0	2137	1278	1	0.0263158	1.62352	
RootPopulationSizeScaler1	1736	1693	1	0.0263158	0.453101	
LeafPopulationSizeScaler1	2100	1283	1	0.0263158	1.79696	
RootPopulationSizeScaler2	1757	1707	1	0.0263158	0.436395	
LeafPopulationSizeScaler2	2365	1045	1	0.0263158	1.5257	
RootPopulationSizeScaler3	1757	1668	1	0.0263158	0.4446	
LeafPopulationSizeScaler3	2212	1202	1	0.0263158	1.76981	
RootPopulationSizeScaler4	1799	1651	1	0.0263158	0.422834	
LeafPopulationSizeScaler4	2259	1146	1	0.0263158	1.96732	
RootPopulationSizeScaler5	1829	1585	1	0.0263158	0.42009	
LeafPopulationSizeScaler5	2519	885	1	0.0263158	1.3902	
generation 20000:
name	number_accepted	number_rejected	weight	weight_prob	tuning_parameter
DirichletProcessGibbsSampler	5304	0	10	0.263158	none	
ConcentrationScaler	826	738	3	0.0789474	2.09824	
TimeSizeRateMixer	4525	4680	6	0.157895	0.337124	
TimeRootSizeMixer	4866	4350	6	0.157895	0.219517	
EventTimeScaler	19125	16297	1	0.0263158	1.50279	
RootPopulationSizeScaler0	3468	3336	1	0.0263158	0.433186	
LeafPopulationSizeScaler0	3982	2818	1	0.0263158	1.75481	
RootPopulationSizeScaler1	3317	3486	1	0.0263158	0.462006	
LeafPopulationSizeScaler1	3981	2774	1	0.0263158	1.94213	
RootPopulationSizeScaler2	3402	3453	1	0.0263158	0.451311	
LeafPopulationSizeScaler2	4421	2387	1	0.0263158	1.71058	
RootPopulationSizeScaler3	3335	3478	1	0.0263158	0.452428	
LeafPopulationSizeScaler3	4127	2661	1	0.0263158	1.94874	
RootPopulationSizeScaler4	3465	3360	1	0.0263158	0.438682	
LeafPopulationSizeScaler4	4248	2555	1	0.0263158	2.18395	
RootPopulationSizeScaler5	3488	3304	1	0.0263158	0.434967	
LeafPopulationSizeScaler5	4675	2117	1	0.0263158	1.60293	
generation 30000:
name	number_accepted	number_rejected	weight	weight_prob	tuning_parameter
DirichletProcessGibbsSampler	7942	0	10	0.263158	none	
ConcentrationScaler	1188	1134	3	0.0789474	2.12451	
TimeSizeRateMixer	6716	7114	6	0.157895	0.342098	
TimeRootSizeMixer	7134	6648	6	0.157895	0.225069	
EventTimeScaler	27988	25045	1	0.0263158	1.54159	
RootPopulationSizeScaler0	5080	5140	1	0.0263158	0.438058	
LeafPopulationSizeScaler0	5800	4400	1	0.0263158	1.82705	
RootPopulationSizeScaler1	4907	5306	1	0.0263158	0.466309	
LeafPopulationSizeScaler1	5803	4344	1	0.0263158	2.01206	
RootPopulationSizeScaler2	4959	5294	1	0.0263158	0.456754	
LeafPopulationSizeScaler2	6441	3751	1	0.0263158	1.81812	
RootPopulationSizeScaler3	4920	5293	1	0.0263158	0.458022	
LeafPopulationSizeScaler3	5985	4195	1	0.0263158	2.03184	
RootPopulationSizeScaler4	5096	5115	1	0.0263158	0.445942	
LeafPopulationSizeScaler4	6186	3980	1	0.0263158	2.30063	
RootPopulationSizeScaler5	5085	5096	1	0.0263158	0.441722	
LeafPopulationSizeScaler5	6731	3455	1	0.0263158	1.71165	
generation 40000:
name	number_accepted	number_rejected	weight	weight_prob	tuning_parameter
DirichletProcessGibbsSampler	10624	0	10	0.263158	none	
ConcentrationScaler	1548	1542	3	0.0789474	2.14313	
TimeSizeRateMixer	8920	9600	6	0.157895	0.34505	
TimeRootSizeMixer	9384	8972	6	0.157895	0.228698	
EventTimeScaler	36809	33977	1	0.0263158	1.56746	
RootPopulationSizeScaler0	6733	6934	1	0.0263158	0.442015	
LeafPopulationSizeScaler0	7629	6016	1	0.0263158	1.87479	
RootPopulationSizeScaler1	6515	7110	1	0.0263158	0.470434	
LeafPopulationSizeScaler1	7548	6026	1	0.0263158	2.05633	
RootPopulationSizeScaler2	6523	7160	1	0.0263158	0.45966	
LeafPopulationSizeScaler2	8349	5256	1	0.0263158	1.88485	
RootPopulationSizeScaler3	6580	7079	1	0.0263158	0.462661	
LeafPopulationSizeScaler3	7863	5754	1	0.0263158	2.09011	
RootPopulationSizeScaler4	6735	6917	1	0.0263158	0.450262	
LeafPopulationSizeScaler4	8046	5534	1	0.0263158	2.37444	
RootPopulationSizeScaler5	6710	6911	1	0.0263158	0.446471	
LeafPopulationSizeScaler5	8726	4874	1	0.0263158	1.79031	
generation 50000:
name	number_accepted	number_rejected	weight	weight_prob	tuning_parameter
DirichletProcessGibbsSampler	13311	0	10	0.263158	none	
ConcentrationScaler	1926	1956	3	0.0789474	2.15367	
TimeSizeRateMixer	11040	12149	6	0.157895	0.346537	
TimeRootSizeMixer	11615	11298	6	0.157895	0.231169	
EventTimeScaler	45478	43013	1	0.0263158	1.58524	
RootPopulationSizeScaler0	8331	8769	1	0.0263158	0.443951	
LeafPopulationSizeScaler0	9391	7691	1	0.0263158	1.90684	
RootPopulationSizeScaler1	8112	8938	1	0.0263158	0.473366	
LeafPopulationSizeScaler1	9214	7786	1	0.0263158	2.08383	
RootPopulationSizeScaler2	8109	8998	1	0.0263158	0.461689	
LeafPopulationSizeScaler2	10332	6710	1	0.0263158	1.94014	
RootPopulationSizeScaler3	8205	8897	1	0.0263158	0.465813	
LeafPopulationSizeScaler3	9647	7371	1	0.0263158	2.13199	
RootPopulationSizeScaler4	8382	8686	1	0.0263158	0.453873	
LeafPopulationSizeScaler4	9915	7070	1	0.0263158	2.42885	
RootPopulationSizeScaler5	8317	8696	1	0.0263158	0.44993	
LeafPopulationSizeScaler5	10740	6275	1	0.0263158	1.84652	
generation 60000:
name	number_accepted	number_rejected	weight	weight_prob	tuning_parameter
DirichletProcessGibbsSampler	15941	0	10	0.263158	none	
ConcentrationScaler	2257	2393	3	0.0789474	2.15331	
TimeSizeRateMixer	13102	14602	6	0.157895	0.347709	
TimeRootSizeMixer	13671	13662	6	0.157895	0.232434	
EventTimeScaler	53762	51832	1	0.0263158	1.5971	
RootPopulationSizeScaler0	9937	10586	1	0.0263158	0.446203	
LeafPopulationSizeScaler0	11176	9346	1	0.0263158	1.93484	
RootPopulationSizeScaler1	9624	10856	1	0.0263158	0.473947	
LeafPopulationSizeScaler1	10951	9472	1	0.0263158	2.11141	
RootPopulationSizeScaler2	9665	10837	1	0.0263158	0.463163	
LeafPopulationSizeScaler2	12266	8238	1	0.0263158	1.98379	
RootPopulationSizeScaler3	9774	10715	1	0.0263158	0.468037	
LeafPopulationSizeScaler3	11505	8954	1	0.0263158	2.17109	
RootPopulationSizeScaler4	9988	10504	1	0.0263158	0.456545	
LeafPopulationSizeScaler4	11788	8613	1	0.0263158	2.47647	
RootPopulationSizeScaler5	9947	10498	1	0.0263158	0.45206	
LeafPopulationSizeScaler5	12676	7773	1	0.0263158	1.8903	
generation 70000:
name	number_accepted	number_rejected	weight	weight_prob	tuning_parameter
DirichletProcessGibbsSampler	18591	0	10	0.263158	none	
ConcentrationScaler	2623	2793	3	0.0789474	2.16916	
TimeSizeRateMixer	15102	17001	6	0.157895	0.348502	
TimeRootSizeMixer	15792	16050	6	0.157895	0.233441	
EventTimeScaler	62205	60741	1	0.0263158	1.60835	
RootPopulationSizeScaler0	11527	12387	1	0.0263158	0.447884	
LeafPopulationSizeScaler0	12923	10980	1	0.0263158	1.95743	
RootPopulationSizeScaler1	11149	12713	1	0.0263158	0.475146	
LeafPopulationSizeScaler1	12681	11110	1	0.0263158	2.13419	
RootPopulationSizeScaler2	11223	12662	1	0.0263158	0.464792	
LeafPopulationSizeScaler2	14152	9707	1	0.0263158	2.0184	
RootPopulationSizeScaler3	11309	12530	1	0.0263158	0.469181	
LeafPopulationSizeScaler3	13297	10561	1	0.0263158	2.20092	
RootPopulationSizeScaler4	11599	12260	1	0.0263158	0.45878	
LeafPopulationSizeScaler4	13612	10181	1	0.0263158	2.51087	
RootPopulationSizeScaler5	11476	12351	1	0.0263158	0.453193	
LeafPopulationSizeScaler5	14608	9215	1	0.0263158	1.92697	
generation 80000:
name	number_accepted	number_rejected	weight	weight_prob	tuning_parameter
DirichletProcessGibbsSampler	21236	0	10	0.263158	none	
ConcentrationScaler	3006	3189	3	0.0789474	2.18524	
TimeSizeRateMixer	17120	19364	6	0.157895	0.349482	
TimeRootSizeMixer	17737	18235	6	0.157895	0.234389	
EventTimeScaler	70112	69410	1	0.0263158	1.61581	
RootPopulationSizeScaler0	13057	14186	1	0.0263158	0.449173	
LeafPopulationSizeScaler0	14598	12628	1	0.0263158	1.97581	
RootPopulationSizeScaler1	12643	14511	1	0.0263158	0.475757	
LeafPopulationSizeScaler1	14313	12783	1	0.0263158	2.15058	
RootPopulationSizeScaler2	12787	14432	1	0.0263158	0.466472	
LeafPopulationSizeScaler2	15919	11230	1	0.0263158	2.04289	
RootPopulationSizeScaler3	12786	14380	1	0.0263158	0.4698	
LeafPopulationSizeScaler3	15037	12148	1	0.0263158	2.22411	
RootPopulationSizeScaler4	13096	14106	1	0.0263158	0.459675	
LeafPopulationSizeScaler4	15353	11759	1	0.0263158	2.53925	
RootPopulationSizeScaler5	13017	14125	1	0.0263158	0.454707	
LeafPopulationSizeScaler5	16423	10713	1	0.0263158	1.95709	
generation 90000:
name	number_accepted	number_rejected	weight	weight_prob	tuning_parameter
DirichletProcessGibbsSampler	23799	0	10	0.263158	none	
ConcentrationScaler	3418	3600	3	0.0789474	2.19798	
TimeSizeRateMixer	19043	21713	6	0.157895	0.350066	
TimeRootSizeMixer	19791	20586	6	0.157895	0.235094	
EventTimeScaler	77944	78050	1	0.0263158	1.62242	
RootPopulationSizeScaler0	14683	15945	1	0.0263158	0.450832	
LeafPopulationSizeScaler0	16208	14383	1	0.0263158	1.98649	
RootPopulationSizeScaler1	14168	16346	1	0.0263158	0.476586	
LeafPopulationSizeScaler1	15972	14465	1	0.0263158	2.16318	
RootPopulationSizeScaler2	14320	16285	1	0.0263158	0.467033	
LeafPopulationSizeScaler2	17792	12738	1	0.0263158	2.06893	
RootPopulationSizeScaler3	14321	16215	1	0.0263158	0.470849	
LeafPopulationSizeScaler3	16713	13837	1	0.0263158	2.24111	
RootPopulationSizeScaler4	14666	15909	1	0.0263158	0.461129	
LeafPopulationSizeScaler4	17084	13394	1	0.0263158	2.56076	
RootPopulationSizeScaler5	14595	15909	1	0.0263158	0.455984	
LeafPopulationSizeScaler5	18295	12211	1	0.0263158	1.98365	
generation 100000:
name	number_accepted	number_rejected	weight	weight_prob	tuning_parameter
DirichletProcessGibbsSampler	26469	0	10	0.263158	none	
ConcentrationScaler	3765	4016	3	0.0789474	2.20434	
TimeSizeRateMixer	21175	24170	6	0.157895	0.350691	
TimeRootSizeMixer	22122	23035	6	0.157895	0.23631	
EventTimeScaler	86597	87426	1	0.0263158	1.62994	
RootPopulationSizeScaler0	16257	17766	1	0.0263158	0.452183	
LeafPopulationSizeScaler0	17907	16105	1	0.0263158	1.998	
RootPopulationSizeScaler1	15683	18231	1	0.0263158	0.477027	
LeafPopulationSizeScaler1	17704	16132	1	0.0263158	2.17669	
RootPopulationSizeScaler2	15874	18166	1	0.0263158	0.467328	
LeafPopulationSizeScaler2	19593	14339	1	0.0263158	2.08786	
RootPopulationSizeScaler3	15841	18111	1	0.0263158	0.471404	
LeafPopulationSizeScaler3	18464	15481	1	0.0263158	2.25917	
RootPopulationSizeScaler4	16253	17745	1	0.0263158	0.462168	
LeafPopulationSizeScaler4	18852	15035	1	0.0263158	2.58402	
RootPopulationSizeScaler5	16165	17746	1	0.0263158	0.456959	
LeafPopulationSizeScaler5	20221	13692	1	0.0263158	2.00871	
