generation 10000:
name	number_accepted	number_rejected	weight	weight_prob	tuning_parameter
DirichletProcessGibbsSampler	2608	0	10	0.263158	none	
ConcentrationScaler	480	374	3	0.0789474	2.55514	
TimeSizeRateMixer	835	879	6	0.157895	0.197596	
TimeRootSizeMixer	656	978	6	0.157895	0.0439326	
EventTimeScaler	3983	2463	1	0.0263158	2.16043	
RootPopulationSizeScaler0	1797	1612	1	0.0263158	0.425468	
LeafPopulationSizeScaler0	2276	1080	1	0.0263158	1.98173	
RootPopulationSizeScaler1	1747	1640	1	0.0263158	0.420598	
LeafPopulationSizeScaler1	2151	1238	1	0.0263158	1.85872	
RootPopulationSizeScaler2	1721	1664	1	0.0263158	0.416311	
LeafPopulationSizeScaler2	2088	1284	1	0.0263158	1.71222	
RootPopulationSizeScaler3	1674	1731	1	0.0263158	0.437988	
LeafPopulationSizeScaler3	2304	1074	1	0.0263158	1.63531	
RootPopulationSizeScaler4	1844	1537	1	0.0263158	0.405214	
LeafPopulationSizeScaler4	2192	1203	1	0.0263158	2.09375	
RootPopulationSizeScaler5	1700	1710	1	0.0263158	0.445652	
LeafPopulationSizeScaler5	2414	985	1	0.0263158	1.9126	
generation 20000:
name	number_accepted	number_rejected	weight	weight_prob	tuning_parameter
DirichletProcessGibbsSampler	5215	0	10	0.263158	none	
ConcentrationScaler	883	763	3	0.0789474	2.65549	
TimeSizeRateMixer	1566	1787	6	0.157895	0.199428	
TimeRootSizeMixer	1320	1967	6	0.157895	0.0429754	
EventTimeScaler	7413	5367	1	0.0263158	2.32141	
RootPopulationSizeScaler0	3424	3346	1	0.0263158	0.436535	
LeafPopulationSizeScaler0	4314	2441	1	0.0263158	2.22117	
RootPopulationSizeScaler1	3393	3344	1	0.0263158	0.435481	
LeafPopulationSizeScaler1	4008	2751	1	0.0263158	2.01266	
RootPopulationSizeScaler2	3363	3382	1	0.0263158	0.430499	
LeafPopulationSizeScaler2	3910	2847	1	0.0263158	1.83037	
RootPopulationSizeScaler3	3273	3523	1	0.0263158	0.44741	
LeafPopulationSizeScaler3	4348	2415	1	0.0263158	1.83544	
RootPopulationSizeScaler4	3473	3265	1	0.0263158	0.419989	
LeafPopulationSizeScaler4	4062	2703	1	0.0263158	2.27165	
RootPopulationSizeScaler5	3237	3534	1	0.0263158	0.451369	
LeafPopulationSizeScaler5	4521	2264	1	0.0263158	2.16152	
generation 30000:
name	number_accepted	number_rejected	weight	weight_prob	tuning_parameter
DirichletProcessGibbsSampler	7893	0	10	0.263158	none	
ConcentrationScaler	1249	1138	3	0.0789474	2.70041	
TimeSizeRateMixer	2340	2718	6	0.157895	0.201489	
TimeRootSizeMixer	2081	2942	6	0.157895	0.0429008	
EventTimeScaler	10744	8630	1	0.0263158	2.38958	
RootPopulationSizeScaler0	5069	5153	1	0.0263158	0.443308	
LeafPopulationSizeScaler0	6322	3910	1	0.0263158	2.35333	
RootPopulationSizeScaler1	5029	5168	1	0.0263158	0.44186	
LeafPopulationSizeScaler1	5816	4422	1	0.0263158	2.09189	
RootPopulationSizeScaler2	5025	5209	1	0.0263158	0.437658	
LeafPopulationSizeScaler2	5740	4496	1	0.0263158	1.8971	
RootPopulationSizeScaler3	4840	5416	1	0.0263158	0.450185	
LeafPopulationSizeScaler3	6316	3930	1	0.0263158	1.93487	
RootPopulationSizeScaler4	5221	4986	1	0.0263158	0.42982	
LeafPopulationSizeScaler4	5919	4306	1	0.0263158	2.37329	
RootPopulationSizeScaler5	4901	5375	1	0.0263158	0.456999	
LeafPopulationSizeScaler5	6540	3694	1	0.0263158	2.29273	
generation 40000:
name	number_accepted	number_rejected	weight	weight_prob	tuning_parameter
DirichletProcessGibbsSampler	10552	0	10	0.263158	none	
ConcentrationScaler	1635	1567	3	0.0789474	2.72633	
TimeSizeRateMixer	3152	3646	6	0.157895	0.202485	
TimeRootSizeMixer	2837	3824	6	0.157895	0.0429934	
EventTimeScaler	14064	11817	1	0.0263158	2.44219	
RootPopulationSizeScaler0	6672	6963	1	0.0263158	0.446705	
LeafPopulationSizeScaler0	8215	5443	1	0.0263158	2.43332	
RootPopulationSizeScaler1	6626	6992	1	0.0263158	0.445489	
LeafPopulationSizeScaler1	7609	6043	1	0.0263158	2.14747	
RootPopulationSizeScaler2	6678	6996	1	0.0263158	0.441981	
LeafPopulationSizeScaler2	7491	6173	1	0.0263158	1.93494	
RootPopulationSizeScaler3	6436	7231	1	0.0263158	0.453038	
LeafPopulationSizeScaler3	8270	5418	1	0.0263158	2.00548	
RootPopulationSizeScaler4	6827	6821	1	0.0263158	0.433889	
LeafPopulationSizeScaler4	7791	5873	1	0.0263158	2.44392	
RootPopulationSizeScaler5	6498	7201	1	0.0263158	0.460753	
LeafPopulationSizeScaler5	8467	5184	1	0.0263158	2.37852	
generation 50000:
name	number_accepted	number_rejected	weight	weight_prob	tuning_parameter
DirichletProcessGibbsSampler	13180	0	10	0.263158	none	
ConcentrationScaler	1985	2003	3	0.0789474	2.73921	
TimeSizeRateMixer	3933	4581	6	0.157895	0.203414	
TimeRootSizeMixer	3559	4749	6	0.157895	0.0429981	
EventTimeScaler	17287	15090	1	0.0263158	2.4739	
RootPopulationSizeScaler0	8271	8760	1	0.0263158	0.449592	
LeafPopulationSizeScaler0	10141	6909	1	0.0263158	2.4982	
RootPopulationSizeScaler1	8188	8811	1	0.0263158	0.447267	
LeafPopulationSizeScaler1	9302	7721	1	0.0263158	2.17899	
RootPopulationSizeScaler2	8291	8771	1	0.0263158	0.445193	
LeafPopulationSizeScaler2	9216	7841	1	0.0263158	1.96245	
RootPopulationSizeScaler3	8050	9046	1	0.0263158	0.455245	
LeafPopulationSizeScaler3	10123	6941	1	0.0263158	2.05137	
RootPopulationSizeScaler4	8446	8568	1	0.0263158	0.438185	
LeafPopulationSizeScaler4	9564	7477	1	0.0263158	2.49103	
RootPopulationSizeScaler5	8018	9045	1	0.0263158	0.462825	
LeafPopulationSizeScaler5	10370	6642	1	0.0263158	2.4447	
generation 60000:
name	number_accepted	number_rejected	weight	weight_prob	tuning_parameter
DirichletProcessGibbsSampler	15776	0	10	0.263158	none	
ConcentrationScaler	2365	2423	3	0.0789474	2.75333	
TimeSizeRateMixer	4712	5544	6	0.157895	0.204117	
TimeRootSizeMixer	4304	5694	6	0.157895	0.0429557	
EventTimeScaler	20547	18343	1	0.0263158	2.5011	
RootPopulationSizeScaler0	9938	10547	1	0.0263158	0.452446	
LeafPopulationSizeScaler0	11965	8503	1	0.0263158	2.54153	
RootPopulationSizeScaler1	9829	10607	1	0.0263158	0.450069	
LeafPopulationSizeScaler1	11091	9378	1	0.0263158	2.20538	
RootPopulationSizeScaler2	9851	10652	1	0.0263158	0.44577	
LeafPopulationSizeScaler2	10908	9560	1	0.0263158	1.98389	
RootPopulationSizeScaler3	9612	10881	1	0.0263158	0.457321	
LeafPopulationSizeScaler3	11966	8541	1	0.0263158	2.08762	
RootPopulationSizeScaler4	10097	10314	1	0.0263158	0.441363	
LeafPopulationSizeScaler4	11394	9095	1	0.0263158	2.52903	
RootPopulationSizeScaler5	9629	10864	1	0.0263158	0.465181	
LeafPopulationSizeScaler5	12315	8155	1	0.0263158	2.50303	
generation 70000:
name	number_accepted	number_rejected	weight	weight_prob	tuning_parameter
DirichletProcessGibbsSampler	18355	0	10	0.263158	none	
ConcentrationScaler	2725	2861	3	0.0789474	2.76821	
TimeSizeRateMixer	5470	6459	6	0.157895	0.204291	
TimeRootSizeMixer	5036	6596	6	0.157895	0.0429335	
EventTimeScaler	23685	21514	1	0.0263158	2.5226	
RootPopulationSizeScaler0	11525	12383	1	0.0263158	0.454425	
LeafPopulationSizeScaler0	13844	10066	1	0.0263158	2.5813	
RootPopulationSizeScaler1	11354	12499	1	0.0263158	0.450835	
LeafPopulationSizeScaler1	12797	11099	1	0.0263158	2.22645	
RootPopulationSizeScaler2	11409	12525	1	0.0263158	0.447364	
LeafPopulationSizeScaler2	12615	11265	1	0.0263158	2.00094	
RootPopulationSizeScaler3	11168	12743	1	0.0263158	0.458365	
LeafPopulationSizeScaler3	13782	10130	1	0.0263158	2.11609	
RootPopulationSizeScaler4	11713	12121	1	0.0263158	0.443979	
LeafPopulationSizeScaler4	13188	10721	1	0.0263158	2.56035	
RootPopulationSizeScaler5	11180	12729	1	0.0263158	0.466445	
LeafPopulationSizeScaler5	14203	9693	1	0.0263158	2.5474	
generation 80000:
name	number_accepted	number_rejected	weight	weight_prob	tuning_parameter
DirichletProcessGibbsSampler	20981	0	10	0.263158	none	
ConcentrationScaler	3140	3266	3	0.0789474	2.78996	
TimeSizeRateMixer	6218	7385	6	0.157895	0.204593	
TimeRootSizeMixer	5789	7578	6	0.157895	0.0429165	
EventTimeScaler	26917	24762	1	0.0263158	2.5428	
RootPopulationSizeScaler0	13140	14219	1	0.0263158	0.456339	
LeafPopulationSizeScaler0	15614	11732	1	0.0263158	2.60908	
RootPopulationSizeScaler1	12945	14368	1	0.0263158	0.452382	
LeafPopulationSizeScaler1	14549	12831	1	0.0263158	2.24602	
RootPopulationSizeScaler2	13031	14358	1	0.0263158	0.448742	
LeafPopulationSizeScaler2	14366	13004	1	0.0263158	2.01593	
RootPopulationSizeScaler3	12741	14636	1	0.0263158	0.458997	
LeafPopulationSizeScaler3	15579	11790	1	0.0263158	2.14006	
RootPopulationSizeScaler4	13341	13974	1	0.0263158	0.44602	
LeafPopulationSizeScaler4	14939	12441	1	0.0263158	2.58436	
RootPopulationSizeScaler5	12776	14596	1	0.0263158	0.467652	
LeafPopulationSizeScaler5	16101	11255	1	0.0263158	2.58304	
generation 90000:
name	number_accepted	number_rejected	weight	weight_prob	tuning_parameter
DirichletProcessGibbsSampler	23568	0	10	0.263158	none	
ConcentrationScaler	3492	3678	3	0.0789474	2.79863	
TimeSizeRateMixer	6966	8283	6	0.157895	0.204909	
TimeRootSizeMixer	6556	8550	6	0.157895	0.0429675	
EventTimeScaler	30052	27981	1	0.0263158	2.55841	
RootPopulationSizeScaler0	14718	16078	1	0.0263158	0.457562	
LeafPopulationSizeScaler0	17434	13383	1	0.0263158	2.63719	
RootPopulationSizeScaler1	14537	16272	1	0.0263158	0.453168	
LeafPopulationSizeScaler1	16284	14575	1	0.0263158	2.26065	
RootPopulationSizeScaler2	14624	16250	1	0.0263158	0.450041	
LeafPopulationSizeScaler2	16055	14769	1	0.0263158	2.02919	
RootPopulationSizeScaler3	14354	16501	1	0.0263158	0.459577	
LeafPopulationSizeScaler3	17342	13523	1	0.0263158	2.1574	
RootPopulationSizeScaler4	15036	15761	1	0.0263158	0.447984	
LeafPopulationSizeScaler4	16667	14176	1	0.0263158	2.60497	
RootPopulationSizeScaler5	14356	16503	1	0.0263158	0.46842	
LeafPopulationSizeScaler5	17863	12961	1	0.0263158	2.60653	
generation 100000:
name	number_accepted	number_rejected	weight	weight_prob	tuning_parameter
DirichletProcessGibbsSampler	26189	0	10	0.263158	none	
ConcentrationScaler	3871	4135	3	0.0789474	2.81033	
TimeSizeRateMixer	7719	9212	6	0.157895	0.204979	
TimeRootSizeMixer	7337	9481	6	0.157895	0.0430017	
EventTimeScaler	33198	31303	1	0.0263158	2.57131	
RootPopulationSizeScaler0	16306	17936	1	0.0263158	0.458877	
LeafPopulationSizeScaler0	19269	14967	1	0.0263158	2.66356	
RootPopulationSizeScaler1	16158	18088	1	0.0263158	0.454216	
LeafPopulationSizeScaler1	18069	16245	1	0.0263158	2.27626	
RootPopulationSizeScaler2	16217	18088	1	0.0263158	0.451163	
LeafPopulationSizeScaler2	17689	16561	1	0.0263158	2.03951	
RootPopulationSizeScaler3	15865	18413	1	0.0263158	0.459831	
LeafPopulationSizeScaler3	19125	15172	1	0.0263158	2.17516	
RootPopulationSizeScaler4	16656	17602	1	0.0263158	0.449154	
LeafPopulationSizeScaler4	18362	15912	1	0.0263158	2.62231	
RootPopulationSizeScaler5	15918	18388	1	0.0263158	0.469218	
LeafPopulationSizeScaler5	19705	14523	1	0.0263158	2.63288	
