generation 10000:
name	number_accepted	number_rejected	weight	weight_prob	tuning_parameter
DirichletProcessGibbsSampler	2603	0	10	0.263158	none	
ConcentrationScaler	456	354	3	0.0789474	2.47377	
TimeSizeRateMixer	795	851	6	0.157895	0.189649	
TimeRootSizeMixer	524	1037	6	0.157895	0.0181811	
EventTimeScaler	3909	2245	1	0.0263158	2.4379	
RootPopulationSizeScaler0	1689	1712	1	0.0263158	0.428453	
LeafPopulationSizeScaler0	2143	1250	1	0.0263158	1.80062	
RootPopulationSizeScaler1	1734	1680	1	0.0263158	0.425646	
LeafPopulationSizeScaler1	2152	1260	1	0.0263158	1.74782	
RootPopulationSizeScaler2	1712	1670	1	0.0263158	0.431384	
LeafPopulationSizeScaler2	2153	1257	1	0.0263158	1.64729	
RootPopulationSizeScaler3	1882	1540	1	0.0263158	0.406303	
LeafPopulationSizeScaler3	2208	1245	1	0.0263158	1.72754	
RootPopulationSizeScaler4	1656	1772	1	0.0263158	0.433161	
LeafPopulationSizeScaler4	2199	1233	1	0.0263158	1.74642	
RootPopulationSizeScaler5	1737	1681	1	0.0263158	0.423126	
LeafPopulationSizeScaler5	2227	1167	1	0.0263158	1.62408	
generation 20000:
name	number_accepted	number_rejected	weight	weight_prob	tuning_parameter
DirichletProcessGibbsSampler	5149	0	10	0.263158	none	
ConcentrationScaler	888	751	3	0.0789474	2.59445	
TimeSizeRateMixer	1519	1716	6	0.157895	0.192096	
TimeRootSizeMixer	1057	2114	6	0.157895	0.0168138	
EventTimeScaler	7303	4910	1	0.0263158	2.64666	
RootPopulationSizeScaler0	3335	3460	1	0.0263158	0.441834	
LeafPopulationSizeScaler0	4085	2723	1	0.0263158	1.96562	
RootPopulationSizeScaler1	3345	3496	1	0.0263158	0.437541	
LeafPopulationSizeScaler1	4064	2763	1	0.0263158	1.9051	
RootPopulationSizeScaler2	3295	3502	1	0.0263158	0.440037	
LeafPopulationSizeScaler2	4111	2719	1	0.0263158	1.80488	
RootPopulationSizeScaler3	3603	3252	1	0.0263158	0.425915	
LeafPopulationSizeScaler3	4140	2744	1	0.0263158	1.88087	
RootPopulationSizeScaler4	3242	3582	1	0.0263158	0.443581	
LeafPopulationSizeScaler4	4103	2724	1	0.0263158	1.90942	
RootPopulationSizeScaler5	3372	3466	1	0.0263158	0.434605	
LeafPopulationSizeScaler5	4250	2560	1	0.0263158	1.79985	
generation 30000:
name	number_accepted	number_rejected	weight	weight_prob	tuning_parameter
DirichletProcessGibbsSampler	7790	0	10	0.263158	none	
ConcentrationScaler	1292	1146	3	0.0789474	2.636	
TimeSizeRateMixer	2261	2595	6	0.157895	0.193602	
TimeRootSizeMixer	1648	3207	6	0.157895	0.0161665	
EventTimeScaler	10680	7764	1	0.0263158	2.75916	
RootPopulationSizeScaler0	4991	5323	1	0.0263158	0.447369	
LeafPopulationSizeScaler0	5934	4390	1	0.0263158	2.04091	
RootPopulationSizeScaler1	4967	5406	1	0.0263158	0.441647	
LeafPopulationSizeScaler1	5923	4406	1	0.0263158	1.98076	
RootPopulationSizeScaler2	4924	5387	1	0.0263158	0.443379	
LeafPopulationSizeScaler2	6019	4309	1	0.0263158	1.88779	
RootPopulationSizeScaler3	5279	5100	1	0.0263158	0.434103	
LeafPopulationSizeScaler3	6006	4401	1	0.0263158	1.95924	
RootPopulationSizeScaler4	4831	5482	1	0.0263158	0.447797	
LeafPopulationSizeScaler4	5984	4342	1	0.0263158	1.99329	
RootPopulationSizeScaler5	5028	5310	1	0.0263158	0.440048	
LeafPopulationSizeScaler5	6189	4145	1	0.0263158	1.88721	
generation 40000:
name	number_accepted	number_rejected	weight	weight_prob	tuning_parameter
DirichletProcessGibbsSampler	10457	0	10	0.263158	none	
ConcentrationScaler	1671	1530	3	0.0789474	2.66719	
TimeSizeRateMixer	2982	3497	6	0.157895	0.194035	
TimeRootSizeMixer	2196	4242	6	0.157895	0.0157223	
EventTimeScaler	13966	10642	1	0.0263158	2.83389	
RootPopulationSizeScaler0	6588	7134	1	0.0263158	0.45038	
LeafPopulationSizeScaler0	7779	5991	1	0.0263158	2.09563	
RootPopulationSizeScaler1	6528	7291	1	0.0263158	0.44407	
LeafPopulationSizeScaler1	7729	6031	1	0.0263158	2.02999	
RootPopulationSizeScaler2	6507	7230	1	0.0263158	0.446276	
LeafPopulationSizeScaler2	7810	5977	1	0.0263158	1.93176	
RootPopulationSizeScaler3	6876	6925	1	0.0263158	0.438012	
LeafPopulationSizeScaler3	7809	6035	1	0.0263158	2.00693	
RootPopulationSizeScaler4	6397	7342	1	0.0263158	0.450955	
LeafPopulationSizeScaler4	7813	5958	1	0.0263158	2.03943	
RootPopulationSizeScaler5	6643	7118	1	0.0263158	0.443291	
LeafPopulationSizeScaler5	8109	5686	1	0.0263158	1.95234	
generation 50000:
name	number_accepted	number_rejected	weight	weight_prob	tuning_parameter
DirichletProcessGibbsSampler	13151	0	10	0.263158	none	
ConcentrationScaler	2075	1959	3	0.0789474	2.69667	
TimeSizeRateMixer	3689	4323	6	0.157895	0.194758	
TimeRootSizeMixer	2730	5290	6	0.157895	0.015403	
EventTimeScaler	17166	13550	1	0.0263158	2.88596	
RootPopulationSizeScaler0	8096	8949	1	0.0263158	0.451509	
LeafPopulationSizeScaler0	9530	7600	1	0.0263158	2.13231	
RootPopulationSizeScaler1	8043	9083	1	0.0263158	0.446415	
LeafPopulationSizeScaler1	9498	7596	1	0.0263158	2.06587	
RootPopulationSizeScaler2	8065	9022	1	0.0263158	0.449243	
LeafPopulationSizeScaler2	9524	7594	1	0.0263158	1.96502	
RootPopulationSizeScaler3	8450	8706	1	0.0263158	0.440426	
LeafPopulationSizeScaler3	9562	7633	1	0.0263158	2.04265	
RootPopulationSizeScaler4	7953	9121	1	0.0263158	0.454151	
LeafPopulationSizeScaler4	9583	7534	1	0.0263158	2.07714	
RootPopulationSizeScaler5	8270	8845	1	0.0263158	0.44664	
LeafPopulationSizeScaler5	9946	7191	1	0.0263158	1.9943	
generation 60000:
name	number_accepted	number_rejected	weight	weight_prob	tuning_parameter
DirichletProcessGibbsSampler	15841	0	10	0.263158	none	
ConcentrationScaler	2486	2369	3	0.0789474	2.7178	
TimeSizeRateMixer	4407	5177	6	0.157895	0.195057	
TimeRootSizeMixer	3262	6319	6	0.157895	0.0151515	
EventTimeScaler	20294	16599	1	0.0263158	2.92543	
RootPopulationSizeScaler0	9608	10786	1	0.0263158	0.452249	
LeafPopulationSizeScaler0	11239	9218	1	0.0263158	2.15975	
RootPopulationSizeScaler1	9574	10911	1	0.0263158	0.447533	
LeafPopulationSizeScaler1	11230	9207	1	0.0263158	2.0955	
RootPopulationSizeScaler2	9577	10861	1	0.0263158	0.450645	
LeafPopulationSizeScaler2	11218	9239	1	0.0263158	1.99023	
RootPopulationSizeScaler3	10014	10498	1	0.0263158	0.442486	
LeafPopulationSizeScaler3	11251	9308	1	0.0263158	2.06477	
RootPopulationSizeScaler4	9510	10912	1	0.0263158	0.455966	
LeafPopulationSizeScaler4	11326	9141	1	0.0263158	2.10494	
RootPopulationSizeScaler5	9785	10679	1	0.0263158	0.447524	
LeafPopulationSizeScaler5	11728	8728	1	0.0263158	2.03089	
generation 70000:
name	number_accepted	number_rejected	weight	weight_prob	tuning_parameter
DirichletProcessGibbsSampler	18442	0	10	0.263158	none	
ConcentrationScaler	2845	2780	3	0.0789474	2.72405	
TimeSizeRateMixer	5132	6089	6	0.157895	0.19498	
TimeRootSizeMixer	3865	7322	6	0.157895	0.0150003	
EventTimeScaler	23430	19598	1	0.0263158	2.95672	
RootPopulationSizeScaler0	11196	12657	1	0.0263158	0.453717	
LeafPopulationSizeScaler0	13032	10899	1	0.0263158	2.18653	
RootPopulationSizeScaler1	11196	12784	1	0.0263158	0.448932	
LeafPopulationSizeScaler1	12974	10941	1	0.0263158	2.11515	
RootPopulationSizeScaler2	11124	12768	1	0.0263158	0.45129	
LeafPopulationSizeScaler2	12976	10951	1	0.0263158	2.0103	
RootPopulationSizeScaler3	11627	12365	1	0.0263158	0.444169	
LeafPopulationSizeScaler3	13023	11002	1	0.0263158	2.09135	
RootPopulationSizeScaler4	11092	12775	1	0.0263158	0.457536	
LeafPopulationSizeScaler4	13072	10874	1	0.0263158	2.1258	
RootPopulationSizeScaler5	11429	12524	1	0.0263158	0.449764	
LeafPopulationSizeScaler5	13630	10318	1	0.0263158	2.06447	
generation 80000:
name	number_accepted	number_rejected	weight	weight_prob	tuning_parameter
DirichletProcessGibbsSampler	21052	0	10	0.263158	none	
ConcentrationScaler	3249	3164	3	0.0789474	2.74882	
TimeSizeRateMixer	5890	7005	6	0.157895	0.195228	
TimeRootSizeMixer	4434	8255	6	0.157895	0.0148779	
EventTimeScaler	26584	22502	1	0.0263158	2.98669	
RootPopulationSizeScaler0	12769	14464	1	0.0263158	0.455119	
LeafPopulationSizeScaler0	14743	12591	1	0.0263158	2.20452	
RootPopulationSizeScaler1	12723	14650	1	0.0263158	0.449721	
LeafPopulationSizeScaler1	14677	12614	1	0.0263158	2.13373	
RootPopulationSizeScaler2	12690	14599	1	0.0263158	0.452174	
LeafPopulationSizeScaler2	14642	12677	1	0.0263158	2.02479	
RootPopulationSizeScaler3	13175	14214	1	0.0263158	0.445462	
LeafPopulationSizeScaler3	14768	12648	1	0.0263158	2.11077	
RootPopulationSizeScaler4	12666	14569	1	0.0263158	0.459209	
LeafPopulationSizeScaler4	14817	12527	1	0.0263158	2.14585	
RootPopulationSizeScaler5	12975	14381	1	0.0263158	0.450639	
LeafPopulationSizeScaler5	15405	11914	1	0.0263158	2.08884	
generation 90000:
name	number_accepted	number_rejected	weight	weight_prob	tuning_parameter
DirichletProcessGibbsSampler	23714	0	10	0.263158	none	
ConcentrationScaler	3618	3558	3	0.0789474	2.75816	
TimeSizeRateMixer	6636	7895	6	0.157895	0.1956	
TimeRootSizeMixer	5021	9292	6	0.157895	0.0147446	
EventTimeScaler	29753	25578	1	0.0263158	3.00928	
RootPopulationSizeScaler0	14386	16350	1	0.0263158	0.456276	
LeafPopulationSizeScaler0	16547	14276	1	0.0263158	2.22486	
RootPopulationSizeScaler1	14358	16470	1	0.0263158	0.451292	
LeafPopulationSizeScaler1	16397	14375	1	0.0263158	2.14885	
RootPopulationSizeScaler2	14256	16487	1	0.0263158	0.452913	
LeafPopulationSizeScaler2	16381	14425	1	0.0263158	2.04024	
RootPopulationSizeScaler3	14795	16067	1	0.0263158	0.446799	
LeafPopulationSizeScaler3	16524	14363	1	0.0263158	2.12689	
RootPopulationSizeScaler4	14197	16484	1	0.0263158	0.459521	
LeafPopulationSizeScaler4	16596	14199	1	0.0263158	2.16542	
RootPopulationSizeScaler5	14577	16250	1	0.0263158	0.451615	
LeafPopulationSizeScaler5	17232	13540	1	0.0263158	2.11185	
generation 100000:
name	number_accepted	number_rejected	weight	weight_prob	tuning_parameter
DirichletProcessGibbsSampler	26288	0	10	0.263158	none	
ConcentrationScaler	4006	3973	3	0.0789474	2.77234	
TimeSizeRateMixer	7361	8816	6	0.157895	0.195686	
TimeRootSizeMixer	5596	10302	6	0.157895	0.0146449	
EventTimeScaler	32825	28639	1	0.0263158	3.02982	
RootPopulationSizeScaler0	15983	18189	1	0.0263158	0.457407	
LeafPopulationSizeScaler0	18244	16020	1	0.0263158	2.23864	
RootPopulationSizeScaler1	15869	18352	1	0.0263158	0.451461	
LeafPopulationSizeScaler1	18106	16097	1	0.0263158	2.16201	
RootPopulationSizeScaler2	15815	18390	1	0.0263158	0.453624	
LeafPopulationSizeScaler2	18077	16129	1	0.0263158	2.05187	
RootPopulationSizeScaler3	16394	17935	1	0.0263158	0.447673	
LeafPopulationSizeScaler3	18293	16055	1	0.0263158	2.14123	
RootPopulationSizeScaler4	15803	18300	1	0.0263158	0.460777	
LeafPopulationSizeScaler4	18305	15885	1	0.0263158	2.1801	
RootPopulationSizeScaler5	16125	18129	1	0.0263158	0.452107	
LeafPopulationSizeScaler5	19019	15193	1	0.0263158	2.13039	
