generation 10000:
name	number_accepted	number_rejected	weight	weight_prob	tuning_parameter
DirichletProcessGibbsSampler	2635	0	10	0.263158	none	
ConcentrationScaler	402	350	3	0.0789474	2.5286	
TimeSizeRateMixer	972	1016	6	0.157895	0.21118	
TimeRootSizeMixer	1085	962	6	0.157895	0.0907981	
EventTimeScaler	4357	3417	1	0.0263158	1.2607	
RootPopulationSizeScaler0	1837	1604	1	0.0263158	0.420909	
LeafPopulationSizeScaler0	2357	1076	1	0.0263158	1.44835	
RootPopulationSizeScaler1	1746	1687	1	0.0263158	0.422774	
LeafPopulationSizeScaler1	2187	1245	1	0.0263158	1.52078	
RootPopulationSizeScaler2	1782	1650	1	0.0263158	0.427362	
LeafPopulationSizeScaler2	2188	1255	1	0.0263158	1.30075	
RootPopulationSizeScaler3	1605	1834	1	0.0263158	0.465845	
LeafPopulationSizeScaler3	2165	1268	1	0.0263158	1.71136	
RootPopulationSizeScaler4	1895	1529	1	0.0263158	0.408974	
LeafPopulationSizeScaler4	2246	1191	1	0.0263158	1.84524	
RootPopulationSizeScaler5	1882	1555	1	0.0263158	0.414057	
LeafPopulationSizeScaler5	2348	1091	1	0.0263158	1.86687	
generation 20000:
name	number_accepted	number_rejected	weight	weight_prob	tuning_parameter
DirichletProcessGibbsSampler	5256	0	10	0.263158	none	
ConcentrationScaler	781	798	3	0.0789474	2.58059	
TimeSizeRateMixer	1935	2095	6	0.157895	0.215519	
TimeRootSizeMixer	2063	1962	6	0.157895	0.0941367	
EventTimeScaler	8167	7271	1	0.0263158	1.31937	
RootPopulationSizeScaler0	3526	3365	1	0.0263158	0.434986	
LeafPopulationSizeScaler0	4422	2487	1	0.0263158	1.62297	
RootPopulationSizeScaler1	3395	3494	1	0.0263158	0.434505	
LeafPopulationSizeScaler1	4089	2803	1	0.0263158	1.64836	
RootPopulationSizeScaler2	3407	3478	1	0.0263158	0.438119	
LeafPopulationSizeScaler2	4104	2788	1	0.0263158	1.41999	
RootPopulationSizeScaler3	3212	3709	1	0.0263158	0.46954	
LeafPopulationSizeScaler3	4123	2792	1	0.0263158	1.8667	
RootPopulationSizeScaler4	3649	3237	1	0.0263158	0.426669	
LeafPopulationSizeScaler4	4188	2731	1	0.0263158	2.01047	
RootPopulationSizeScaler5	3547	3353	1	0.0263158	0.428772	
LeafPopulationSizeScaler5	4415	2500	1	0.0263158	2.08423	
generation 30000:
name	number_accepted	number_rejected	weight	weight_prob	tuning_parameter
DirichletProcessGibbsSampler	7902	0	10	0.263158	none	
ConcentrationScaler	1150	1178	3	0.0789474	2.62659	
TimeSizeRateMixer	2864	3173	6	0.157895	0.218266	
TimeRootSizeMixer	3101	2991	6	0.157895	0.0967457	
EventTimeScaler	12033	11172	1	0.0263158	1.35054	
RootPopulationSizeScaler0	5173	5164	1	0.0263158	0.442176	
LeafPopulationSizeScaler0	6383	3950	1	0.0263158	1.71479	
RootPopulationSizeScaler1	5037	5276	1	0.0263158	0.440958	
LeafPopulationSizeScaler1	5916	4412	1	0.0263158	1.71468	
RootPopulationSizeScaler2	4972	5337	1	0.0263158	0.44177	
LeafPopulationSizeScaler2	5984	4351	1	0.0263158	1.48157	
RootPopulationSizeScaler3	4747	5646	1	0.0263158	0.470142	
LeafPopulationSizeScaler3	5975	4384	1	0.0263158	1.94171	
RootPopulationSizeScaler4	5323	5046	1	0.0263158	0.434349	
LeafPopulationSizeScaler4	6040	4310	1	0.0263158	2.09661	
RootPopulationSizeScaler5	5226	5136	1	0.0263158	0.437112	
LeafPopulationSizeScaler5	6398	3943	1	0.0263158	2.20064	
generation 40000:
name	number_accepted	number_rejected	weight	weight_prob	tuning_parameter
DirichletProcessGibbsSampler	10516	0	10	0.263158	none	
ConcentrationScaler	1534	1587	3	0.0789474	2.666	
TimeSizeRateMixer	3789	4230	6	0.157895	0.219615	
TimeRootSizeMixer	4102	3991	6	0.157895	0.0985256	
EventTimeScaler	15727	15117	1	0.0263158	1.36765	
RootPopulationSizeScaler0	6869	6894	1	0.0263158	0.447467	
LeafPopulationSizeScaler0	8237	5488	1	0.0263158	1.77214	
RootPopulationSizeScaler1	6644	7072	1	0.0263158	0.445	
LeafPopulationSizeScaler1	7703	6026	1	0.0263158	1.75632	
RootPopulationSizeScaler2	6553	7178	1	0.0263158	0.444866	
LeafPopulationSizeScaler2	7702	6029	1	0.0263158	1.51295	
RootPopulationSizeScaler3	6234	7550	1	0.0263158	0.470982	
LeafPopulationSizeScaler3	7791	5969	1	0.0263158	1.99211	
RootPopulationSizeScaler4	6920	6849	1	0.0263158	0.438742	
LeafPopulationSizeScaler4	7814	5935	1	0.0263158	2.14935	
RootPopulationSizeScaler5	6859	6924	1	0.0263158	0.441966	
LeafPopulationSizeScaler5	8250	5492	1	0.0263158	2.27094	
generation 50000:
name	number_accepted	number_rejected	weight	weight_prob	tuning_parameter
DirichletProcessGibbsSampler	13155	0	10	0.263158	none	
ConcentrationScaler	1899	2022	3	0.0789474	2.67625	
TimeSizeRateMixer	4671	5253	6	0.157895	0.220476	
TimeRootSizeMixer	5165	4990	6	0.157895	0.100063	
EventTimeScaler	19469	19091	1	0.0263158	1.38184	
RootPopulationSizeScaler0	8424	8706	1	0.0263158	0.449858	
LeafPopulationSizeScaler0	10124	7004	1	0.0263158	1.81556	
RootPopulationSizeScaler1	8236	8891	1	0.0263158	0.447562	
LeafPopulationSizeScaler1	9505	7600	1	0.0263158	1.79528	
RootPopulationSizeScaler2	8057	9046	1	0.0263158	0.445822	
LeafPopulationSizeScaler2	9382	7728	1	0.0263158	1.53567	
RootPopulationSizeScaler3	7780	9404	1	0.0263158	0.471696	
LeafPopulationSizeScaler3	9634	7535	1	0.0263158	2.03221	
RootPopulationSizeScaler4	8465	8689	1	0.0263158	0.440803	
LeafPopulationSizeScaler4	9585	7542	1	0.0263158	2.19355	
RootPopulationSizeScaler5	8469	8698	1	0.0263158	0.445688	
LeafPopulationSizeScaler5	10062	7097	1	0.0263158	2.32006	
generation 60000:
name	number_accepted	number_rejected	weight	weight_prob	tuning_parameter
DirichletProcessGibbsSampler	15831	0	10	0.263158	none	
ConcentrationScaler	2246	2423	3	0.0789474	2.68996	
TimeSizeRateMixer	5655	6365	6	0.157895	0.221679	
TimeRootSizeMixer	6156	5997	6	0.157895	0.101112	
EventTimeScaler	23383	23098	1	0.0263158	1.3959	
RootPopulationSizeScaler0	9990	10516	1	0.0263158	0.451473	
LeafPopulationSizeScaler0	11971	8487	1	0.0263158	1.85017	
RootPopulationSizeScaler1	9766	10688	1	0.0263158	0.449432	
LeafPopulationSizeScaler1	11225	9252	1	0.0263158	1.81832	
RootPopulationSizeScaler2	9577	10861	1	0.0263158	0.446861	
LeafPopulationSizeScaler2	11129	9339	1	0.0263158	1.55838	
RootPopulationSizeScaler3	9270	11242	1	0.0263158	0.472352	
LeafPopulationSizeScaler3	11346	9163	1	0.0263158	2.05742	
RootPopulationSizeScaler4	10004	10506	1	0.0263158	0.442409	
LeafPopulationSizeScaler4	11315	9210	1	0.0263158	2.22074	
RootPopulationSizeScaler5	10086	10436	1	0.0263158	0.448771	
LeafPopulationSizeScaler5	11876	8654	1	0.0263158	2.35923	
generation 70000:
name	number_accepted	number_rejected	weight	weight_prob	tuning_parameter
DirichletProcessGibbsSampler	18415	0	10	0.263158	none	
ConcentrationScaler	2641	2846	3	0.0789474	2.70709	
TimeSizeRateMixer	6642	7457	6	0.157895	0.222517	
TimeRootSizeMixer	7120	7005	6	0.157895	0.101753	
EventTimeScaler	27077	27060	1	0.0263158	1.40404	
RootPopulationSizeScaler0	11602	12398	1	0.0263158	0.452583	
LeafPopulationSizeScaler0	13787	10128	1	0.0263158	1.87433	
RootPopulationSizeScaler1	11375	12575	1	0.0263158	0.45158	
LeafPopulationSizeScaler1	13041	10926	1	0.0263158	1.84029	
RootPopulationSizeScaler2	11228	12689	1	0.0263158	0.449111	
LeafPopulationSizeScaler2	12921	11031	1	0.0263158	1.57575	
RootPopulationSizeScaler3	10888	13139	1	0.0263158	0.473715	
LeafPopulationSizeScaler3	13111	10857	1	0.0263158	2.0799	
RootPopulationSizeScaler4	11630	12366	1	0.0263158	0.444493	
LeafPopulationSizeScaler4	13106	10899	1	0.0263158	2.24826	
RootPopulationSizeScaler5	11677	12318	1	0.0263158	0.450006	
LeafPopulationSizeScaler5	13733	10292	1	0.0263158	2.39333	
generation 80000:
name	number_accepted	number_rejected	weight	weight_prob	tuning_parameter
DirichletProcessGibbsSampler	21051	0	10	0.263158	none	
ConcentrationScaler	3011	3262	3	0.0789474	2.72376	
TimeSizeRateMixer	7565	8496	6	0.157895	0.223244	
TimeRootSizeMixer	8063	8028	6	0.157895	0.102464	
EventTimeScaler	30720	30982	1	0.0263158	1.41181	
RootPopulationSizeScaler0	13227	14172	1	0.0263158	0.454542	
LeafPopulationSizeScaler0	15604	11711	1	0.0263158	1.8972	
RootPopulationSizeScaler1	12933	14420	1	0.0263158	0.452612	
LeafPopulationSizeScaler1	14716	12653	1	0.0263158	1.85436	
RootPopulationSizeScaler2	12811	14492	1	0.0263158	0.450694	
LeafPopulationSizeScaler2	14623	12711	1	0.0263158	1.58802	
RootPopulationSizeScaler3	12385	15000	1	0.0263158	0.473927	
LeafPopulationSizeScaler3	14860	12501	1	0.0263158	2.09912	
RootPopulationSizeScaler4	13176	14179	1	0.0263158	0.445878	
LeafPopulationSizeScaler4	14871	12534	1	0.0263158	2.27056	
RootPopulationSizeScaler5	13224	14118	1	0.0263158	0.451588	
LeafPopulationSizeScaler5	15418	11973	1	0.0263158	2.4154	
generation 90000:
name	number_accepted	number_rejected	weight	weight_prob	tuning_parameter
DirichletProcessGibbsSampler	23683	0	10	0.263158	none	
ConcentrationScaler	3394	3654	3	0.0789474	2.73622	
TimeSizeRateMixer	8375	9550	6	0.157895	0.223142	
TimeRootSizeMixer	9097	9081	6	0.157895	0.103136	
EventTimeScaler	34282	34959	1	0.0263158	1.41655	
RootPopulationSizeScaler0	14827	16089	1	0.0263158	0.455479	
LeafPopulationSizeScaler0	17492	13316	1	0.0263158	1.91856	
RootPopulationSizeScaler1	14551	16287	1	0.0263158	0.453747	
LeafPopulationSizeScaler1	16452	14427	1	0.0263158	1.8667	
RootPopulationSizeScaler2	14456	16345	1	0.0263158	0.452216	
LeafPopulationSizeScaler2	16371	14477	1	0.0263158	1.59844	
RootPopulationSizeScaler3	13959	16901	1	0.0263158	0.474524	
LeafPopulationSizeScaler3	16621	14193	1	0.0263158	2.11663	
RootPopulationSizeScaler4	14792	16019	1	0.0263158	0.447497	
LeafPopulationSizeScaler4	16595	14271	1	0.0263158	2.28773	
RootPopulationSizeScaler5	14857	15958	1	0.0263158	0.453389	
LeafPopulationSizeScaler5	17177	13682	1	0.0263158	2.43569	
generation 100000:
name	number_accepted	number_rejected	weight	weight_prob	tuning_parameter
DirichletProcessGibbsSampler	26300	0	10	0.263158	none	
ConcentrationScaler	3784	4062	3	0.0789474	2.74911	
TimeSizeRateMixer	9286	10577	6	0.157895	0.223741	
TimeRootSizeMixer	9960	10057	6	0.157895	0.103482	
EventTimeScaler	37618	38932	1	0.0263158	1.41966	
RootPopulationSizeScaler0	16399	17907	1	0.0263158	0.456753	
LeafPopulationSizeScaler0	19281	14907	1	0.0263158	1.93698	
RootPopulationSizeScaler1	16117	18115	1	0.0263158	0.454667	
LeafPopulationSizeScaler1	18174	16113	1	0.0263158	1.87976	
RootPopulationSizeScaler2	15947	18244	1	0.0263158	0.45217	
LeafPopulationSizeScaler2	18068	16158	1	0.0263158	1.60989	
RootPopulationSizeScaler3	15477	18820	1	0.0263158	0.474455	
LeafPopulationSizeScaler3	18311	15921	1	0.0263158	2.13037	
RootPopulationSizeScaler4	16397	17811	1	0.0263158	0.449186	
LeafPopulationSizeScaler4	18317	15962	1	0.0263158	2.30204	
RootPopulationSizeScaler5	16376	17807	1	0.0263158	0.454004	
LeafPopulationSizeScaler5	18908	15321	1	0.0263158	2.45578	
