generation 10000:
name	number_accepted	number_rejected	weight	weight_prob	tuning_parameter
DirichletProcessGibbsSampler	2605	0	10	0.263158	none	
ConcentrationScaler	410	406	3	0.0789474	2.49311	
TimeSizeRateMixer	1500	1764	6	0.157895	0.293696	
TimeRootSizeMixer	1409	1682	6	0.157895	0.196084	
EventTimeScaler	6888	5333	1	0.0263158	1.38727	
RootPopulationSizeScaler0	1709	1671	1	0.0263158	0.449421	
LeafPopulationSizeScaler0	2086	1278	1	0.0263158	1.67407	
RootPopulationSizeScaler1	1723	1689	1	0.0263158	0.436898	
LeafPopulationSizeScaler1	2161	1230	1	0.0263158	1.38461	
RootPopulationSizeScaler2	1686	1734	1	0.0263158	0.455858	
LeafPopulationSizeScaler2	2455	942	1	0.0263158	1.69987	
RootPopulationSizeScaler3	1874	1506	1	0.0263158	0.395486	
LeafPopulationSizeScaler3	2326	1081	1	0.0263158	1.26539	
RootPopulationSizeScaler4	1755	1639	1	0.0263158	0.431882	
LeafPopulationSizeScaler4	2313	1057	1	0.0263158	1.74517	
RootPopulationSizeScaler5	1741	1617	1	0.0263158	0.434902	
LeafPopulationSizeScaler5	2500	893	1	0.0263158	2.04626	
generation 20000:
name	number_accepted	number_rejected	weight	weight_prob	tuning_parameter
DirichletProcessGibbsSampler	5234	0	10	0.263158	none	
ConcentrationScaler	789	861	3	0.0789474	2.5298	
TimeSizeRateMixer	2785	3383	6	0.157895	0.294296	
TimeRootSizeMixer	2743	3501	6	0.157895	0.193479	
EventTimeScaler	12648	11041	1	0.0263158	1.44642	
RootPopulationSizeScaler0	3335	3526	1	0.0263158	0.459437	
LeafPopulationSizeScaler0	3964	2885	1	0.0263158	1.79591	
RootPopulationSizeScaler1	3300	3575	1	0.0263158	0.443754	
LeafPopulationSizeScaler1	4128	2715	1	0.0263158	1.51102	
RootPopulationSizeScaler2	3285	3588	1	0.0263158	0.463733	
LeafPopulationSizeScaler2	4711	2165	1	0.0263158	1.98311	
RootPopulationSizeScaler3	3588	3263	1	0.0263158	0.413101	
LeafPopulationSizeScaler3	4408	2478	1	0.0263158	1.42168	
RootPopulationSizeScaler4	3385	3464	1	0.0263158	0.441893	
LeafPopulationSizeScaler4	4418	2421	1	0.0263158	1.95922	
RootPopulationSizeScaler5	3431	3420	1	0.0263158	0.447514	
LeafPopulationSizeScaler5	4721	2109	1	0.0263158	2.38392	
generation 30000:
name	number_accepted	number_rejected	weight	weight_prob	tuning_parameter
DirichletProcessGibbsSampler	7840	0	10	0.263158	none	
ConcentrationScaler	1135	1298	3	0.0789474	2.55115	
TimeSizeRateMixer	4170	5117	6	0.157895	0.294875	
TimeRootSizeMixer	3977	5277	6	0.157895	0.191333	
EventTimeScaler	18355	16903	1	0.0263158	1.47773	
RootPopulationSizeScaler0	4970	5385	1	0.0263158	0.463877	
LeafPopulationSizeScaler0	5788	4543	1	0.0263158	1.858	
RootPopulationSizeScaler1	4973	5383	1	0.0263158	0.449983	
LeafPopulationSizeScaler1	6058	4271	1	0.0263158	1.58028	
RootPopulationSizeScaler2	4903	5460	1	0.0263158	0.468616	
LeafPopulationSizeScaler2	6873	3492	1	0.0263158	2.12931	
RootPopulationSizeScaler3	5374	4985	1	0.0263158	0.425123	
LeafPopulationSizeScaler3	6443	3931	1	0.0263158	1.51403	
RootPopulationSizeScaler4	5019	5313	1	0.0263158	0.448584	
LeafPopulationSizeScaler4	6446	3872	1	0.0263158	2.07208	
RootPopulationSizeScaler5	5080	5266	1	0.0263158	0.454344	
LeafPopulationSizeScaler5	6871	3426	1	0.0263158	2.56648	
generation 40000:
name	number_accepted	number_rejected	weight	weight_prob	tuning_parameter
DirichletProcessGibbsSampler	10477	0	10	0.263158	none	
ConcentrationScaler	1499	1725	3	0.0789474	2.55435	
TimeSizeRateMixer	5399	6675	6	0.157895	0.29499	
TimeRootSizeMixer	5107	6981	6	0.157895	0.189359	
EventTimeScaler	23754	22471	1	0.0263158	1.49757	
RootPopulationSizeScaler0	6462	7285	1	0.0263158	0.465319	
LeafPopulationSizeScaler0	7558	6122	1	0.0263158	1.90021	
RootPopulationSizeScaler1	6539	7197	1	0.0263158	0.45352	
LeafPopulationSizeScaler1	7875	5823	1	0.0263158	1.6254	
RootPopulationSizeScaler2	6451	7306	1	0.0263158	0.470812	
LeafPopulationSizeScaler2	8850	4888	1	0.0263158	2.21959	
RootPopulationSizeScaler3	7067	6669	1	0.0263158	0.432265	
LeafPopulationSizeScaler3	8344	5410	1	0.0263158	1.56871	
RootPopulationSizeScaler4	6586	7124	1	0.0263158	0.451305	
LeafPopulationSizeScaler4	8366	5350	1	0.0263158	2.14369	
RootPopulationSizeScaler5	6695	7036	1	0.0263158	0.459029	
LeafPopulationSizeScaler5	8945	4757	1	0.0263158	2.68249	
generation 50000:
name	number_accepted	number_rejected	weight	weight_prob	tuning_parameter
DirichletProcessGibbsSampler	13175	0	10	0.263158	none	
ConcentrationScaler	1884	2114	3	0.0789474	2.5814	
TimeSizeRateMixer	6760	8399	6	0.157895	0.295486	
TimeRootSizeMixer	6363	8649	6	0.157895	0.188816	
EventTimeScaler	29485	28515	1	0.0263158	1.51431	
RootPopulationSizeScaler0	8076	9092	1	0.0263158	0.467857	
LeafPopulationSizeScaler0	9328	7739	1	0.0263158	1.9321	
RootPopulationSizeScaler1	8101	9018	1	0.0263158	0.455752	
LeafPopulationSizeScaler1	9593	7517	1	0.0263158	1.65129	
RootPopulationSizeScaler2	8028	9134	1	0.0263158	0.472547	
LeafPopulationSizeScaler2	10849	6276	1	0.0263158	2.2923	
RootPopulationSizeScaler3	8692	8460	1	0.0263158	0.436357	
LeafPopulationSizeScaler3	10139	7021	1	0.0263158	1.60483	
RootPopulationSizeScaler4	8186	8918	1	0.0263158	0.454703	
LeafPopulationSizeScaler4	10243	6930	1	0.0263158	2.19397	
RootPopulationSizeScaler5	8248	8900	1	0.0263158	0.460891	
LeafPopulationSizeScaler5	10871	6226	1	0.0263158	2.76646	
generation 60000:
name	number_accepted	number_rejected	weight	weight_prob	tuning_parameter
DirichletProcessGibbsSampler	15787	0	10	0.263158	none	
ConcentrationScaler	2250	2539	3	0.0789474	2.59357	
TimeSizeRateMixer	8173	10049	6	0.157895	0.29657	
TimeRootSizeMixer	7741	10431	6	0.157895	0.188505	
EventTimeScaler	35293	34660	1	0.0263158	1.52747	
RootPopulationSizeScaler0	9628	10944	1	0.0263158	0.468669	
LeafPopulationSizeScaler0	11091	9402	1	0.0263158	1.9584	
RootPopulationSizeScaler1	9683	10821	1	0.0263158	0.457681	
LeafPopulationSizeScaler1	11366	9164	1	0.0263158	1.673	
RootPopulationSizeScaler2	9557	10999	1	0.0263158	0.473523	
LeafPopulationSizeScaler2	12753	7784	1	0.0263158	2.34385	
RootPopulationSizeScaler3	10286	10281	1	0.0263158	0.438412	
LeafPopulationSizeScaler3	12017	8527	1	0.0263158	1.63705	
RootPopulationSizeScaler4	9701	10800	1	0.0263158	0.456053	
LeafPopulationSizeScaler4	12154	8447	1	0.0263158	2.23701	
RootPopulationSizeScaler5	9808	10735	1	0.0263158	0.46247	
LeafPopulationSizeScaler5	12849	7661	1	0.0263158	2.83291	
generation 70000:
name	number_accepted	number_rejected	weight	weight_prob	tuning_parameter
DirichletProcessGibbsSampler	18423	0	10	0.263158	none	
ConcentrationScaler	2637	2977	3	0.0789474	2.60831	
TimeSizeRateMixer	9488	11720	6	0.157895	0.296723	
TimeRootSizeMixer	8949	12193	6	0.157895	0.187694	
EventTimeScaler	40780	40643	1	0.0263158	1.53636	
RootPopulationSizeScaler0	11145	12816	1	0.0263158	0.469106	
LeafPopulationSizeScaler0	12789	11110	1	0.0263158	1.97719	
RootPopulationSizeScaler1	11199	12704	1	0.0263158	0.458656	
LeafPopulationSizeScaler1	13109	10836	1	0.0263158	1.69292	
RootPopulationSizeScaler2	11107	12846	1	0.0263158	0.474957	
LeafPopulationSizeScaler2	14641	9264	1	0.0263158	2.38528	
RootPopulationSizeScaler3	11940	12004	1	0.0263158	0.441552	
LeafPopulationSizeScaler3	13902	10044	1	0.0263158	1.6632	
RootPopulationSizeScaler4	11326	12598	1	0.0263158	0.458384	
LeafPopulationSizeScaler4	13996	10011	1	0.0263158	2.27127	
RootPopulationSizeScaler5	11381	12526	1	0.0263158	0.464467	
LeafPopulationSizeScaler5	14787	9130	1	0.0263158	2.88967	
generation 80000:
name	number_accepted	number_rejected	weight	weight_prob	tuning_parameter
DirichletProcessGibbsSampler	21088	0	10	0.263158	none	
ConcentrationScaler	2948	3392	3	0.0789474	2.60714	
TimeSizeRateMixer	10832	13367	6	0.157895	0.297424	
TimeRootSizeMixer	10211	13990	6	0.157895	0.187066	
EventTimeScaler	46358	46730	1	0.0263158	1.54432	
RootPopulationSizeScaler0	12702	14685	1	0.0263158	0.469975	
LeafPopulationSizeScaler0	14476	12877	1	0.0263158	1.99168	
RootPopulationSizeScaler1	12801	14527	1	0.0263158	0.460143	
LeafPopulationSizeScaler1	14808	12540	1	0.0263158	1.70923	
RootPopulationSizeScaler2	12631	14748	1	0.0263158	0.475252	
LeafPopulationSizeScaler2	16556	10779	1	0.0263158	2.42346	
RootPopulationSizeScaler3	13566	13819	1	0.0263158	0.443611	
LeafPopulationSizeScaler3	15773	11603	1	0.0263158	1.68769	
RootPopulationSizeScaler4	12981	14399	1	0.0263158	0.460202	
LeafPopulationSizeScaler4	15833	11607	1	0.0263158	2.2998	
RootPopulationSizeScaler5	12933	14431	1	0.0263158	0.464924	
LeafPopulationSizeScaler5	16700	10646	1	0.0263158	2.93666	
generation 90000:
name	number_accepted	number_rejected	weight	weight_prob	tuning_parameter
DirichletProcessGibbsSampler	23698	0	10	0.263158	none	
ConcentrationScaler	3311	3855	3	0.0789474	2.60851	
TimeSizeRateMixer	12286	15166	6	0.157895	0.297703	
TimeRootSizeMixer	11575	15767	6	0.157895	0.186921	
EventTimeScaler	52314	53006	1	0.0263158	1.55352	
RootPopulationSizeScaler0	14198	16594	1	0.0263158	0.47015	
LeafPopulationSizeScaler0	16156	14624	1	0.0263158	2.00291	
RootPopulationSizeScaler1	14387	16372	1	0.0263158	0.461165	
LeafPopulationSizeScaler1	16547	14231	1	0.0263158	1.7241	
RootPopulationSizeScaler2	14192	16601	1	0.0263158	0.476314	
LeafPopulationSizeScaler2	18458	12285	1	0.0263158	2.45517	
RootPopulationSizeScaler3	15195	15596	1	0.0263158	0.445573	
LeafPopulationSizeScaler3	17602	13212	1	0.0263158	1.70641	
RootPopulationSizeScaler4	14581	16197	1	0.0263158	0.461626	
LeafPopulationSizeScaler4	17642	13193	1	0.0263158	2.32573	
RootPopulationSizeScaler5	14469	16324	1	0.0263158	0.465866	
LeafPopulationSizeScaler5	18570	12212	1	0.0263158	2.97458	
generation 100000:
name	number_accepted	number_rejected	weight	weight_prob	tuning_parameter
DirichletProcessGibbsSampler	26212	0	10	0.263158	none	
ConcentrationScaler	3650	4298	3	0.0789474	2.60958	
TimeSizeRateMixer	13670	16964	6	0.157895	0.297837	
TimeRootSizeMixer	12904	17515	6	0.157895	0.186706	
EventTimeScaler	57774	59155	1	0.0263158	1.55917	
RootPopulationSizeScaler0	15816	18497	1	0.0263158	0.470832	
LeafPopulationSizeScaler0	17908	16379	1	0.0263158	2.01539	
RootPopulationSizeScaler1	15971	18326	1	0.0263158	0.461211	
LeafPopulationSizeScaler1	18338	15932	1	0.0263158	1.73851	
RootPopulationSizeScaler2	15795	18547	1	0.0263158	0.477308	
LeafPopulationSizeScaler2	20410	13868	1	0.0263158	2.48465	
RootPopulationSizeScaler3	16839	17458	1	0.0263158	0.447102	
LeafPopulationSizeScaler3	19518	14810	1	0.0263158	1.72488	
RootPopulationSizeScaler4	16194	18078	1	0.0263158	0.462425	
LeafPopulationSizeScaler4	19497	14851	1	0.0263158	2.34901	
RootPopulationSizeScaler5	16035	18258	1	0.0263158	0.466574	
LeafPopulationSizeScaler5	20494	13837	1	0.0263158	3.00917	
