generation 10000:
name	number_accepted	number_rejected	weight	weight_prob	tuning_parameter
DirichletProcessGibbsSampler	2676	0	10	0.263158	none	
ConcentrationScaler	402	367	3	0.0789474	2.70495	
TimeSizeRateMixer	1029	1153	6	0.157895	0.233301	
TimeRootSizeMixer	1060	963	6	0.157895	0.157423	
EventTimeScaler	4663	3454	1	0.0263158	1.1456	
RootPopulationSizeScaler0	1694	1683	1	0.0263158	0.460112	
LeafPopulationSizeScaler0	2228	1151	1	0.0263158	1.62034	
RootPopulationSizeScaler1	1742	1665	1	0.0263158	0.437936	
LeafPopulationSizeScaler1	2255	1127	1	0.0263158	1.78793	
RootPopulationSizeScaler2	1750	1631	1	0.0263158	0.43291	
LeafPopulationSizeScaler2	2326	1057	1	0.0263158	1.31137	
RootPopulationSizeScaler3	1776	1625	1	0.0263158	0.431658	
LeafPopulationSizeScaler3	2150	1229	1	0.0263158	1.78096	
RootPopulationSizeScaler4	1757	1641	1	0.0263158	0.421267	
LeafPopulationSizeScaler4	2127	1266	1	0.0263158	1.92744	
RootPopulationSizeScaler5	1601	1775	1	0.0263158	0.472633	
LeafPopulationSizeScaler5	2150	1249	1	0.0263158	1.36351	
generation 20000:
name	number_accepted	number_rejected	weight	weight_prob	tuning_parameter
DirichletProcessGibbsSampler	5278	0	10	0.263158	none	
ConcentrationScaler	766	831	3	0.0789474	2.72194	
TimeSizeRateMixer	1961	2301	6	0.157895	0.23449	
TimeRootSizeMixer	2080	1942	6	0.157895	0.165158	
EventTimeScaler	8595	7311	1	0.0263158	1.20165	
RootPopulationSizeScaler0	3272	3468	1	0.0263158	0.467599	
LeafPopulationSizeScaler0	4185	2549	1	0.0263158	1.78306	
RootPopulationSizeScaler1	3352	3421	1	0.0263158	0.449475	
LeafPopulationSizeScaler1	4226	2524	1	0.0263158	1.96965	
RootPopulationSizeScaler2	3360	3402	1	0.0263158	0.444589	
LeafPopulationSizeScaler2	4324	2440	1	0.0263158	1.4674	
RootPopulationSizeScaler3	3374	3398	1	0.0263158	0.442381	
LeafPopulationSizeScaler3	4029	2737	1	0.0263158	1.92913	
RootPopulationSizeScaler4	3320	3436	1	0.0263158	0.430808	
LeafPopulationSizeScaler4	3990	2787	1	0.0263158	2.09071	
RootPopulationSizeScaler5	3083	3694	1	0.0263158	0.473923	
LeafPopulationSizeScaler5	4000	2771	1	0.0263158	1.47438	
generation 30000:
name	number_accepted	number_rejected	weight	weight_prob	tuning_parameter
DirichletProcessGibbsSampler	7983	0	10	0.263158	none	
ConcentrationScaler	1135	1238	3	0.0789474	2.76357	
TimeSizeRateMixer	2859	3399	6	0.157895	0.23559	
TimeRootSizeMixer	2977	2921	6	0.157895	0.167873	
EventTimeScaler	12234	11237	1	0.0263158	1.22439	
RootPopulationSizeScaler0	4831	5327	1	0.0263158	0.470768	
LeafPopulationSizeScaler0	6037	4081	1	0.0263158	1.86549	
RootPopulationSizeScaler1	4953	5204	1	0.0263158	0.455109	
LeafPopulationSizeScaler1	6107	4066	1	0.0263158	2.06393	
RootPopulationSizeScaler2	4969	5194	1	0.0263158	0.450309	
LeafPopulationSizeScaler2	6245	3915	1	0.0263158	1.54734	
RootPopulationSizeScaler3	5010	5160	1	0.0263158	0.449383	
LeafPopulationSizeScaler3	5902	4275	1	0.0263158	2.01423	
RootPopulationSizeScaler4	4942	5224	1	0.0263158	0.437174	
LeafPopulationSizeScaler4	5864	4325	1	0.0263158	2.18434	
RootPopulationSizeScaler5	4605	5588	1	0.0263158	0.474572	
LeafPopulationSizeScaler5	5821	4346	1	0.0263158	1.53527	
generation 40000:
name	number_accepted	number_rejected	weight	weight_prob	tuning_parameter
DirichletProcessGibbsSampler	10585	0	10	0.263158	none	
ConcentrationScaler	1500	1662	3	0.0789474	2.77736	
TimeSizeRateMixer	3809	4517	6	0.157895	0.237134	
TimeRootSizeMixer	4100	3976	6	0.157895	0.17203	
EventTimeScaler	16220	15344	1	0.0263158	1.24534	
RootPopulationSizeScaler0	6381	7176	1	0.0263158	0.472824	
LeafPopulationSizeScaler0	7874	5632	1	0.0263158	1.92245	
RootPopulationSizeScaler1	6515	7039	1	0.0263158	0.457772	
LeafPopulationSizeScaler1	7890	5695	1	0.0263158	2.11885	
RootPopulationSizeScaler2	6605	6962	1	0.0263158	0.454534	
LeafPopulationSizeScaler2	8159	5434	1	0.0263158	1.59858	
RootPopulationSizeScaler3	6632	6952	1	0.0263158	0.453723	
LeafPopulationSizeScaler3	7670	5929	1	0.0263158	2.06528	
RootPopulationSizeScaler4	6548	7043	1	0.0263158	0.44103	
LeafPopulationSizeScaler4	7627	5969	1	0.0263158	2.23741	
RootPopulationSizeScaler5	6152	7447	1	0.0263158	0.475647	
LeafPopulationSizeScaler5	7584	5981	1	0.0263158	1.56999	
generation 50000:
name	number_accepted	number_rejected	weight	weight_prob	tuning_parameter
DirichletProcessGibbsSampler	13152	0	10	0.263158	none	
ConcentrationScaler	1868	2053	3	0.0789474	2.80481	
TimeSizeRateMixer	4802	5637	6	0.157895	0.238097	
TimeRootSizeMixer	5081	5062	6	0.157895	0.173136	
EventTimeScaler	20044	19382	1	0.0263158	1.25855	
RootPopulationSizeScaler0	7971	9075	1	0.0263158	0.474862	
LeafPopulationSizeScaler0	9725	7271	1	0.0263158	1.9635	
RootPopulationSizeScaler1	8100	8957	1	0.0263158	0.459747	
LeafPopulationSizeScaler1	9714	7349	1	0.0263158	2.16087	
RootPopulationSizeScaler2	8203	8853	1	0.0263158	0.45596	
LeafPopulationSizeScaler2	10118	6964	1	0.0263158	1.64248	
RootPopulationSizeScaler3	8239	8848	1	0.0263158	0.455405	
LeafPopulationSizeScaler3	9483	7632	1	0.0263158	2.0963	
RootPopulationSizeScaler4	8234	8855	1	0.0263158	0.445225	
LeafPopulationSizeScaler4	9397	7687	1	0.0263158	2.27372	
RootPopulationSizeScaler5	7718	9386	1	0.0263158	0.476509	
LeafPopulationSizeScaler5	9381	7673	1	0.0263158	1.59702	
generation 60000:
name	number_accepted	number_rejected	weight	weight_prob	tuning_parameter
DirichletProcessGibbsSampler	15763	0	10	0.263158	none	
ConcentrationScaler	2231	2505	3	0.0789474	2.80915	
TimeSizeRateMixer	5680	6784	6	0.157895	0.237756	
TimeRootSizeMixer	6049	6117	6	0.157895	0.174327	
EventTimeScaler	23754	23370	1	0.0263158	1.26823	
RootPopulationSizeScaler0	9493	10962	1	0.0263158	0.475405	
LeafPopulationSizeScaler0	11502	8921	1	0.0263158	1.9935	
RootPopulationSizeScaler1	9646	10839	1	0.0263158	0.461467	
LeafPopulationSizeScaler1	11540	8927	1	0.0263158	2.19838	
RootPopulationSizeScaler2	9807	10616	1	0.0263158	0.45863	
LeafPopulationSizeScaler2	12009	8488	1	0.0263158	1.67538	
RootPopulationSizeScaler3	9834	10680	1	0.0263158	0.457085	
LeafPopulationSizeScaler3	11197	9323	1	0.0263158	2.12034	
RootPopulationSizeScaler4	9809	10685	1	0.0263158	0.44751	
LeafPopulationSizeScaler4	11148	9348	1	0.0263158	2.30294	
RootPopulationSizeScaler5	9214	11260	1	0.0263158	0.477019	
LeafPopulationSizeScaler5	11109	9332	1	0.0263158	1.61842	
generation 70000:
name	number_accepted	number_rejected	weight	weight_prob	tuning_parameter
DirichletProcessGibbsSampler	18441	0	10	0.263158	none	
ConcentrationScaler	2608	2953	3	0.0789474	2.81432	
TimeSizeRateMixer	6636	7859	6	0.157895	0.238219	
TimeRootSizeMixer	7045	7184	6	0.157895	0.175705	
EventTimeScaler	27533	27487	1	0.0263158	1.27646	
RootPopulationSizeScaler0	11005	12771	1	0.0263158	0.476518	
LeafPopulationSizeScaler0	13214	10553	1	0.0263158	2.01415	
RootPopulationSizeScaler1	11211	12622	1	0.0263158	0.463136	
LeafPopulationSizeScaler1	13323	10472	1	0.0263158	2.22892	
RootPopulationSizeScaler2	11353	12431	1	0.0263158	0.460225	
LeafPopulationSizeScaler2	13792	10051	1	0.0263158	1.69804	
RootPopulationSizeScaler3	11356	12491	1	0.0263158	0.458745	
LeafPopulationSizeScaler3	12885	10999	1	0.0263158	2.14045	
RootPopulationSizeScaler4	11335	12479	1	0.0263158	0.448989	
LeafPopulationSizeScaler4	12813	11030	1	0.0263158	2.32535	
RootPopulationSizeScaler5	10710	13108	1	0.0263158	0.477687	
LeafPopulationSizeScaler5	12759	11036	1	0.0263158	1.63256	
generation 80000:
name	number_accepted	number_rejected	weight	weight_prob	tuning_parameter
DirichletProcessGibbsSampler	21035	0	10	0.263158	none	
ConcentrationScaler	2945	3377	3	0.0789474	2.81886	
TimeSizeRateMixer	7580	8985	6	0.157895	0.238739	
TimeRootSizeMixer	8129	8323	6	0.157895	0.176791	
EventTimeScaler	31458	31660	1	0.0263158	1.28394	
RootPopulationSizeScaler0	12597	14682	1	0.0263158	0.4774	
LeafPopulationSizeScaler0	15010	12226	1	0.0263158	2.03625	
RootPopulationSizeScaler1	12879	14452	1	0.0263158	0.465055	
LeafPopulationSizeScaler1	15098	12146	1	0.0263158	2.2521	
RootPopulationSizeScaler2	12947	14319	1	0.0263158	0.46118	
LeafPopulationSizeScaler2	15611	11716	1	0.0263158	1.71838	
RootPopulationSizeScaler3	12962	14384	1	0.0263158	0.460315	
LeafPopulationSizeScaler3	14607	12801	1	0.0263158	2.15817	
RootPopulationSizeScaler4	12976	14305	1	0.0263158	0.451327	
LeafPopulationSizeScaler4	14553	12784	1	0.0263158	2.34546	
RootPopulationSizeScaler5	12246	15062	1	0.0263158	0.478018	
LeafPopulationSizeScaler5	14529	12759	1	0.0263158	1.64673	
generation 90000:
name	number_accepted	number_rejected	weight	weight_prob	tuning_parameter
DirichletProcessGibbsSampler	23661	0	10	0.263158	none	
ConcentrationScaler	3307	3793	3	0.0789474	2.82476	
TimeSizeRateMixer	8486	10131	6	0.157895	0.238809	
TimeRootSizeMixer	9128	9327	6	0.157895	0.177888	
EventTimeScaler	35211	35738	1	0.0263158	1.28992	
RootPopulationSizeScaler0	14133	16558	1	0.0263158	0.478198	
LeafPopulationSizeScaler0	16728	13906	1	0.0263158	2.05211	
RootPopulationSizeScaler1	14440	16304	1	0.0263158	0.466454	
LeafPopulationSizeScaler1	16880	13768	1	0.0263158	2.27299	
RootPopulationSizeScaler2	14491	16205	1	0.0263158	0.461675	
LeafPopulationSizeScaler2	17416	13339	1	0.0263158	1.73429	
RootPopulationSizeScaler3	14560	16204	1	0.0263158	0.461411	
LeafPopulationSizeScaler3	16305	14522	1	0.0263158	2.17308	
RootPopulationSizeScaler4	14576	16108	1	0.0263158	0.452838	
LeafPopulationSizeScaler4	16271	14495	1	0.0263158	2.36216	
RootPopulationSizeScaler5	13766	16957	1	0.0263158	0.47812	
LeafPopulationSizeScaler5	16201	14499	1	0.0263158	1.65703	
generation 100000:
name	number_accepted	number_rejected	weight	weight_prob	tuning_parameter
DirichletProcessGibbsSampler	26275	0	10	0.263158	none	
ConcentrationScaler	3668	4228	3	0.0789474	2.83078	
TimeSizeRateMixer	9390	11276	6	0.157895	0.238715	
TimeRootSizeMixer	10087	10344	6	0.157895	0.178615	
EventTimeScaler	38867	39762	1	0.0263158	1.29465	
RootPopulationSizeScaler0	15667	18490	1	0.0263158	0.478683	
LeafPopulationSizeScaler0	18460	15614	1	0.0263158	2.06711	
RootPopulationSizeScaler1	16018	18164	1	0.0263158	0.467206	
LeafPopulationSizeScaler1	18651	15458	1	0.0263158	2.29143	
RootPopulationSizeScaler2	16090	18026	1	0.0263158	0.462846	
LeafPopulationSizeScaler2	19201	15000	1	0.0263158	1.74885	
RootPopulationSizeScaler3	16214	18013	1	0.0263158	0.463143	
LeafPopulationSizeScaler3	18018	16245	1	0.0263158	2.18483	
RootPopulationSizeScaler4	16152	17973	1	0.0263158	0.453805	
LeafPopulationSizeScaler4	17973	16256	1	0.0263158	2.37697	
RootPopulationSizeScaler5	15263	18904	1	0.0263158	0.478054	
LeafPopulationSizeScaler5	17975	16188	1	0.0263158	1.66877	
