generation 10000:
name	number_accepted	number_rejected	weight	weight_prob	tuning_parameter
DirichletProcessGibbsSampler	2600	0	10	0.263158	none	
ConcentrationScaler	374	388	3	0.0789474	2.33194	
TimeSizeRateMixer	1643	2038	6	0.157895	0.317897	
TimeRootSizeMixer	1803	1913	6	0.157895	0.280597	
EventTimeScaler	7718	6230	1	0.0263158	1.29327	
RootPopulationSizeScaler0	1752	1744	1	0.0263158	0.443033	
LeafPopulationSizeScaler0	2295	1179	1	0.0263158	1.84151	
RootPopulationSizeScaler1	1789	1699	1	0.0263158	0.42272	
LeafPopulationSizeScaler1	2233	1236	1	0.0263158	1.68963	
RootPopulationSizeScaler2	1876	1604	1	0.0263158	0.415005	
LeafPopulationSizeScaler2	2269	1197	1	0.0263158	1.75182	
RootPopulationSizeScaler3	1728	1729	1	0.0263158	0.450302	
LeafPopulationSizeScaler3	2320	1160	1	0.0263158	2.07881	
RootPopulationSizeScaler4	1844	1655	1	0.0263158	0.430831	
LeafPopulationSizeScaler4	2338	1153	1	0.0263158	2.02668	
RootPopulationSizeScaler5	1814	1668	1	0.0263158	0.4289	
LeafPopulationSizeScaler5	2177	1261	1	0.0263158	1.59379	
generation 20000:
name	number_accepted	number_rejected	weight	weight_prob	tuning_parameter
DirichletProcessGibbsSampler	5231	0	10	0.263158	none	
ConcentrationScaler	750	811	3	0.0789474	2.37955	
TimeSizeRateMixer	3303	4045	6	0.157895	0.319761	
TimeRootSizeMixer	3508	3893	6	0.157895	0.284829	
EventTimeScaler	14692	13271	1	0.0263158	1.35124	
RootPopulationSizeScaler0	3361	3564	1	0.0263158	0.452333	
LeafPopulationSizeScaler0	4305	2601	1	0.0263158	2.04904	
RootPopulationSizeScaler1	3438	3483	1	0.0263158	0.434918	
LeafPopulationSizeScaler1	4209	2698	1	0.0263158	1.8649	
RootPopulationSizeScaler2	3575	3378	1	0.0263158	0.430732	
LeafPopulationSizeScaler2	4244	2682	1	0.0263158	1.92408	
RootPopulationSizeScaler3	3409	3513	1	0.0263158	0.461544	
LeafPopulationSizeScaler3	4287	2635	1	0.0263158	2.28312	
RootPopulationSizeScaler4	3539	3383	1	0.0263158	0.444751	
LeafPopulationSizeScaler4	4301	2597	1	0.0263158	2.23988	
RootPopulationSizeScaler5	3453	3493	1	0.0263158	0.441312	
LeafPopulationSizeScaler5	4113	2778	1	0.0263158	1.72855	
generation 30000:
name	number_accepted	number_rejected	weight	weight_prob	tuning_parameter
DirichletProcessGibbsSampler	7894	0	10	0.263158	none	
ConcentrationScaler	1147	1224	3	0.0789474	2.40931	
TimeSizeRateMixer	5030	6062	6	0.157895	0.322054	
TimeRootSizeMixer	5107	5829	6	0.157895	0.285981	
EventTimeScaler	21669	20357	1	0.0263158	1.38274	
RootPopulationSizeScaler0	4952	5357	1	0.0263158	0.458247	
LeafPopulationSizeScaler0	6180	4114	1	0.0263158	2.14473	
RootPopulationSizeScaler1	5111	5221	1	0.0263158	0.442214	
LeafPopulationSizeScaler1	6091	4196	1	0.0263158	1.95562	
RootPopulationSizeScaler2	5226	5140	1	0.0263158	0.437361	
LeafPopulationSizeScaler2	6128	4198	1	0.0263158	2.01521	
RootPopulationSizeScaler3	4945	5357	1	0.0263158	0.463876	
LeafPopulationSizeScaler3	6178	4161	1	0.0263158	2.38369	
RootPopulationSizeScaler4	5116	5216	1	0.0263158	0.448619	
LeafPopulationSizeScaler4	6232	4070	1	0.0263158	2.36095	
RootPopulationSizeScaler5	5091	5256	1	0.0263158	0.448058	
LeafPopulationSizeScaler5	5875	4413	1	0.0263158	1.79126	
generation 40000:
name	number_accepted	number_rejected	weight	weight_prob	tuning_parameter
DirichletProcessGibbsSampler	10529	0	10	0.263158	none	
ConcentrationScaler	1510	1667	3	0.0789474	2.4251	
TimeSizeRateMixer	6567	7956	6	0.157895	0.322718	
TimeRootSizeMixer	6542	7674	6	0.157895	0.285382	
EventTimeScaler	27900	27054	1	0.0263158	1.39804	
RootPopulationSizeScaler0	6528	7191	1	0.0263158	0.461345	
LeafPopulationSizeScaler0	8062	5657	1	0.0263158	2.21245	
RootPopulationSizeScaler1	6736	7000	1	0.0263158	0.446014	
LeafPopulationSizeScaler1	7913	5781	1	0.0263158	2.01301	
RootPopulationSizeScaler2	6857	6911	1	0.0263158	0.442211	
LeafPopulationSizeScaler2	7937	5794	1	0.0263158	2.06934	
RootPopulationSizeScaler3	6483	7207	1	0.0263158	0.466891	
LeafPopulationSizeScaler3	8022	5714	1	0.0263158	2.45706	
RootPopulationSizeScaler4	6722	7011	1	0.0263158	0.45214	
LeafPopulationSizeScaler4	8113	5583	1	0.0263158	2.43658	
RootPopulationSizeScaler5	6659	7086	1	0.0263158	0.450711	
LeafPopulationSizeScaler5	7674	6027	1	0.0263158	1.83626	
generation 50000:
name	number_accepted	number_rejected	weight	weight_prob	tuning_parameter
DirichletProcessGibbsSampler	13109	0	10	0.263158	none	
ConcentrationScaler	1893	2079	3	0.0789474	2.43843	
TimeSizeRateMixer	7967	9805	6	0.157895	0.322001	
TimeRootSizeMixer	7969	9529	6	0.157895	0.284735	
EventTimeScaler	33699	33667	1	0.0263158	1.40612	
RootPopulationSizeScaler0	8157	8949	1	0.0263158	0.464632	
LeafPopulationSizeScaler0	9893	7221	1	0.0263158	2.26021	
RootPopulationSizeScaler1	8317	8819	1	0.0263158	0.448502	
LeafPopulationSizeScaler1	9747	7378	1	0.0263158	2.0538	
RootPopulationSizeScaler2	8497	8675	1	0.0263158	0.447126	
LeafPopulationSizeScaler2	9787	7350	1	0.0263158	2.11971	
RootPopulationSizeScaler3	8078	9002	1	0.0263158	0.469968	
LeafPopulationSizeScaler3	9933	7237	1	0.0263158	2.5182	
RootPopulationSizeScaler4	8318	8804	1	0.0263158	0.45516	
LeafPopulationSizeScaler4	9992	7127	1	0.0263158	2.49255	
RootPopulationSizeScaler5	8331	8831	1	0.0263158	0.454693	
LeafPopulationSizeScaler5	9435	7675	1	0.0263158	1.87097	
generation 60000:
name	number_accepted	number_rejected	weight	weight_prob	tuning_parameter
DirichletProcessGibbsSampler	15758	0	10	0.263158	none	
ConcentrationScaler	2281	2505	3	0.0789474	2.45122	
TimeSizeRateMixer	9517	11619	6	0.157895	0.322996	
TimeRootSizeMixer	9489	11496	6	0.157895	0.284847	
EventTimeScaler	40087	40634	1	0.0263158	1.41498	
RootPopulationSizeScaler0	9717	10766	1	0.0263158	0.466309	
LeafPopulationSizeScaler0	11696	8779	1	0.0263158	2.3012	
RootPopulationSizeScaler1	9984	10536	1	0.0263158	0.452138	
LeafPopulationSizeScaler1	11535	8964	1	0.0263158	2.08928	
RootPopulationSizeScaler2	10119	10437	1	0.0263158	0.450492	
LeafPopulationSizeScaler2	11529	8998	1	0.0263158	2.15012	
RootPopulationSizeScaler3	9595	10834	1	0.0263158	0.471125	
LeafPopulationSizeScaler3	11754	8802	1	0.0263158	2.56242	
RootPopulationSizeScaler4	9895	10590	1	0.0263158	0.457269	
LeafPopulationSizeScaler4	11837	8654	1	0.0263158	2.53718	
RootPopulationSizeScaler5	9906	10630	1	0.0263158	0.45727	
LeafPopulationSizeScaler5	11104	9330	1	0.0263158	1.89236	
generation 70000:
name	number_accepted	number_rejected	weight	weight_prob	tuning_parameter
DirichletProcessGibbsSampler	18350	0	10	0.263158	none	
ConcentrationScaler	2638	2932	3	0.0789474	2.45891	
TimeSizeRateMixer	11170	13606	6	0.157895	0.323772	
TimeRootSizeMixer	11167	13479	6	0.157895	0.285747	
EventTimeScaler	46622	47892	1	0.0263158	1.42236	
RootPopulationSizeScaler0	11363	12579	1	0.0263158	0.468555	
LeafPopulationSizeScaler0	13486	10468	1	0.0263158	2.32997	
RootPopulationSizeScaler1	11648	12364	1	0.0263158	0.454136	
LeafPopulationSizeScaler1	13368	10583	1	0.0263158	2.11719	
RootPopulationSizeScaler2	11765	12272	1	0.0263158	0.452509	
LeafPopulationSizeScaler2	13340	10681	1	0.0263158	2.17703	
RootPopulationSizeScaler3	11220	12711	1	0.0263158	0.472803	
LeafPopulationSizeScaler3	13568	10456	1	0.0263158	2.59788	
RootPopulationSizeScaler4	11453	12491	1	0.0263158	0.458762	
LeafPopulationSizeScaler4	13648	10303	1	0.0263158	2.56941	
RootPopulationSizeScaler5	11515	12511	1	0.0263158	0.459138	
LeafPopulationSizeScaler5	12854	11031	1	0.0263158	1.91323	
generation 80000:
name	number_accepted	number_rejected	weight	weight_prob	tuning_parameter
DirichletProcessGibbsSampler	21056	0	10	0.263158	none	
ConcentrationScaler	2982	3375	3	0.0789474	2.46095	
TimeSizeRateMixer	12650	15512	6	0.157895	0.323471	
TimeRootSizeMixer	12739	15387	6	0.157895	0.28616	
EventTimeScaler	52923	54949	1	0.0263158	1.4285	
RootPopulationSizeScaler0	12905	14472	1	0.0263158	0.469316	
LeafPopulationSizeScaler0	15224	12104	1	0.0263158	2.35399	
RootPopulationSizeScaler1	13222	14172	1	0.0263158	0.455912	
LeafPopulationSizeScaler1	15145	12157	1	0.0263158	2.14197	
RootPopulationSizeScaler2	13309	14112	1	0.0263158	0.453456	
LeafPopulationSizeScaler2	15069	12346	1	0.0263158	2.19786	
RootPopulationSizeScaler3	12721	14573	1	0.0263158	0.473453	
LeafPopulationSizeScaler3	15327	12069	1	0.0263158	2.62699	
RootPopulationSizeScaler4	12985	14339	1	0.0263158	0.459745	
LeafPopulationSizeScaler4	15397	11938	1	0.0263158	2.59797	
RootPopulationSizeScaler5	13084	14336	1	0.0263158	0.460415	
LeafPopulationSizeScaler5	14468	12799	1	0.0263158	1.92545	
generation 90000:
name	number_accepted	number_rejected	weight	weight_prob	tuning_parameter
DirichletProcessGibbsSampler	23774	0	10	0.263158	none	
ConcentrationScaler	3339	3822	3	0.0789474	2.46258	
TimeSizeRateMixer	14232	17519	6	0.157895	0.323765	
TimeRootSizeMixer	14443	17390	6	0.157895	0.286548	
EventTimeScaler	59911	62020	1	0.0263158	1.4372	
RootPopulationSizeScaler0	14488	16303	1	0.0263158	0.47085	
LeafPopulationSizeScaler0	16999	13755	1	0.0263158	2.37701	
RootPopulationSizeScaler1	14841	15945	1	0.0263158	0.457596	
LeafPopulationSizeScaler1	16961	13746	1	0.0263158	2.16418	
RootPopulationSizeScaler2	14887	15926	1	0.0263158	0.454665	
LeafPopulationSizeScaler2	16775	14057	1	0.0263158	2.21439	
RootPopulationSizeScaler3	14282	16435	1	0.0263158	0.474073	
LeafPopulationSizeScaler3	17095	13730	1	0.0263158	2.65158	
RootPopulationSizeScaler4	14569	16160	1	0.0263158	0.461307	
LeafPopulationSizeScaler4	17134	13620	1	0.0263158	2.61846	
RootPopulationSizeScaler5	14652	16188	1	0.0263158	0.461813	
LeafPopulationSizeScaler5	16165	14510	1	0.0263158	1.93902	
generation 100000:
name	number_accepted	number_rejected	weight	weight_prob	tuning_parameter
DirichletProcessGibbsSampler	26415	0	10	0.263158	none	
ConcentrationScaler	3708	4254	3	0.0789474	2.46936	
TimeSizeRateMixer	15813	19479	6	0.157895	0.32391	
TimeRootSizeMixer	16007	19333	6	0.157895	0.286631	
EventTimeScaler	66543	69238	1	0.0263158	1.44351	
RootPopulationSizeScaler0	16051	18107	1	0.0263158	0.471693	
LeafPopulationSizeScaler0	18660	15443	1	0.0263158	2.39256	
RootPopulationSizeScaler1	16358	17764	1	0.0263158	0.458643	
LeafPopulationSizeScaler1	18728	15384	1	0.0263158	2.18221	
RootPopulationSizeScaler2	16463	17730	1	0.0263158	0.455986	
LeafPopulationSizeScaler2	18525	15691	1	0.0263158	2.23136	
RootPopulationSizeScaler3	15783	18320	1	0.0263158	0.474482	
LeafPopulationSizeScaler3	18825	15377	1	0.0263158	2.67008	
RootPopulationSizeScaler4	16076	18006	1	0.0263158	0.461849	
LeafPopulationSizeScaler4	18905	15246	1	0.0263158	2.6395	
RootPopulationSizeScaler5	16234	17954	1	0.0263158	0.463154	
LeafPopulationSizeScaler5	17870	16155	1	0.0263158	1.95134	
