generation 10000:
name	number_accepted	number_rejected	weight	weight_prob	tuning_parameter
DirichletProcessGibbsSampler	2688	0	10	0.263158	none	
ConcentrationScaler	403	402	3	0.0789474	2.78176	
TimeSizeRateMixer	894	814	6	0.157895	0.177725	
TimeRootSizeMixer	558	1028	6	0.157895	0.0300185	
EventTimeScaler	4139	2205	1	0.0263158	2.29049	
RootPopulationSizeScaler0	1689	1750	1	0.0263158	0.434993	
LeafPopulationSizeScaler0	2227	1215	1	0.0263158	1.74134	
RootPopulationSizeScaler1	1698	1735	1	0.0263158	0.431108	
LeafPopulationSizeScaler1	2250	1167	1	0.0263158	1.87241	
RootPopulationSizeScaler2	1695	1722	1	0.0263158	0.415665	
LeafPopulationSizeScaler2	2137	1319	1	0.0263158	1.57812	
RootPopulationSizeScaler3	1833	1614	1	0.0263158	0.413354	
LeafPopulationSizeScaler3	2183	1261	1	0.0263158	1.66508	
RootPopulationSizeScaler4	1741	1689	1	0.0263158	0.430557	
LeafPopulationSizeScaler4	2241	1186	1	0.0263158	1.68746	
RootPopulationSizeScaler5	1723	1678	1	0.0263158	0.431141	
LeafPopulationSizeScaler5	2162	1273	1	0.0263158	1.67577	
generation 20000:
name	number_accepted	number_rejected	weight	weight_prob	tuning_parameter
DirichletProcessGibbsSampler	5401	0	10	0.263158	none	
ConcentrationScaler	784	803	3	0.0789474	2.87292	
TimeSizeRateMixer	1660	1622	6	0.157895	0.183873	
TimeRootSizeMixer	1153	2059	6	0.157895	0.0285671	
EventTimeScaler	7695	4942	1	0.0263158	2.50519	
RootPopulationSizeScaler0	3277	3525	1	0.0263158	0.446482	
LeafPopulationSizeScaler0	4195	2586	1	0.0263158	1.92284	
RootPopulationSizeScaler1	3286	3483	1	0.0263158	0.443143	
LeafPopulationSizeScaler1	4180	2565	1	0.0263158	2.0559	
RootPopulationSizeScaler2	3238	3526	1	0.0263158	0.423307	
LeafPopulationSizeScaler2	3971	2828	1	0.0263158	1.70155	
RootPopulationSizeScaler3	3445	3368	1	0.0263158	0.425108	
LeafPopulationSizeScaler3	4049	2732	1	0.0263158	1.81202	
RootPopulationSizeScaler4	3299	3469	1	0.0263158	0.439377	
LeafPopulationSizeScaler4	4183	2607	1	0.0263158	1.85681	
RootPopulationSizeScaler5	3283	3451	1	0.0263158	0.440119	
LeafPopulationSizeScaler5	4010	2753	1	0.0263158	1.80509	
generation 30000:
name	number_accepted	number_rejected	weight	weight_prob	tuning_parameter
DirichletProcessGibbsSampler	8004	0	10	0.263158	none	
ConcentrationScaler	1145	1228	3	0.0789474	2.88748	
TimeSizeRateMixer	2420	2475	6	0.157895	0.187078	
TimeRootSizeMixer	1781	3066	6	0.157895	0.0279943	
EventTimeScaler	11066	7735	1	0.0263158	2.61252	
RootPopulationSizeScaler0	4808	5410	1	0.0263158	0.449633	
LeafPopulationSizeScaler0	6093	4126	1	0.0263158	2.01204	
RootPopulationSizeScaler1	5001	5254	1	0.0263158	0.451734	
LeafPopulationSizeScaler1	6082	4102	1	0.0263158	2.15098	
RootPopulationSizeScaler2	4885	5306	1	0.0263158	0.429502	
LeafPopulationSizeScaler2	5758	4458	1	0.0263158	1.75831	
RootPopulationSizeScaler3	5029	5251	1	0.0263158	0.429933	
LeafPopulationSizeScaler3	5924	4290	1	0.0263158	1.89556	
RootPopulationSizeScaler4	4849	5355	1	0.0263158	0.442821	
LeafPopulationSizeScaler4	6054	4184	1	0.0263158	1.9414	
RootPopulationSizeScaler5	4898	5284	1	0.0263158	0.444284	
LeafPopulationSizeScaler5	5851	4356	1	0.0263158	1.87762	
generation 40000:
name	number_accepted	number_rejected	weight	weight_prob	tuning_parameter
DirichletProcessGibbsSampler	10607	0	10	0.263158	none	
ConcentrationScaler	1517	1653	3	0.0789474	2.91051	
TimeSizeRateMixer	3169	3309	6	0.157895	0.188686	
TimeRootSizeMixer	2405	4090	6	0.157895	0.027517	
EventTimeScaler	14385	10601	1	0.0263158	2.68633	
RootPopulationSizeScaler0	6381	7277	1	0.0263158	0.451803	
LeafPopulationSizeScaler0	7914	5705	1	0.0263158	2.07623	
RootPopulationSizeScaler1	6582	7078	1	0.0263158	0.4541	
LeafPopulationSizeScaler1	7918	5653	1	0.0263158	2.21352	
RootPopulationSizeScaler2	6467	7100	1	0.0263158	0.432816	
LeafPopulationSizeScaler2	7523	6083	1	0.0263158	1.80382	
RootPopulationSizeScaler3	6633	7056	1	0.0263158	0.43383	
LeafPopulationSizeScaler3	7658	5948	1	0.0263158	1.93997	
RootPopulationSizeScaler4	6469	7155	1	0.0263158	0.446869	
LeafPopulationSizeScaler4	7886	5752	1	0.0263158	1.99637	
RootPopulationSizeScaler5	6503	7077	1	0.0263158	0.447284	
LeafPopulationSizeScaler5	7651	5960	1	0.0263158	1.9251	
generation 50000:
name	number_accepted	number_rejected	weight	weight_prob	tuning_parameter
DirichletProcessGibbsSampler	13254	0	10	0.263158	none	
ConcentrationScaler	1918	2088	3	0.0789474	2.93566	
TimeSizeRateMixer	3920	4136	6	0.157895	0.190122	
TimeRootSizeMixer	3035	5051	6	0.157895	0.0273149	
EventTimeScaler	17550	13569	1	0.0263158	2.73449	
RootPopulationSizeScaler0	7941	9048	1	0.0263158	0.454206	
LeafPopulationSizeScaler0	9684	7283	1	0.0263158	2.11806	
RootPopulationSizeScaler1	8116	8877	1	0.0263158	0.456532	
LeafPopulationSizeScaler1	9646	7272	1	0.0263158	2.25505	
RootPopulationSizeScaler2	8028	8872	1	0.0263158	0.435705	
LeafPopulationSizeScaler2	9267	7719	1	0.0263158	1.83356	
RootPopulationSizeScaler3	8201	8844	1	0.0263158	0.436937	
LeafPopulationSizeScaler3	9376	7544	1	0.0263158	1.97344	
RootPopulationSizeScaler4	7998	8950	1	0.0263158	0.448697	
LeafPopulationSizeScaler4	9639	7345	1	0.0263158	2.03706	
RootPopulationSizeScaler5	7998	8922	1	0.0263158	0.448484	
LeafPopulationSizeScaler5	9385	7573	1	0.0263158	1.95786	
generation 60000:
name	number_accepted	number_rejected	weight	weight_prob	tuning_parameter
DirichletProcessGibbsSampler	15900	0	10	0.263158	none	
ConcentrationScaler	2301	2521	3	0.0789474	2.95102	
TimeSizeRateMixer	4690	4997	6	0.157895	0.190663	
TimeRootSizeMixer	3679	6072	6	0.157895	0.0270474	
EventTimeScaler	20818	16619	1	0.0263158	2.77419	
RootPopulationSizeScaler0	9491	10915	1	0.0263158	0.455845	
LeafPopulationSizeScaler0	11488	8907	1	0.0263158	2.14971	
RootPopulationSizeScaler1	9635	10753	1	0.0263158	0.457892	
LeafPopulationSizeScaler1	11439	8874	1	0.0263158	2.29141	
RootPopulationSizeScaler2	9654	10681	1	0.0263158	0.438087	
LeafPopulationSizeScaler2	11022	9390	1	0.0263158	1.85596	
RootPopulationSizeScaler3	9777	10718	1	0.0263158	0.438806	
LeafPopulationSizeScaler3	11126	9186	1	0.0263158	1.99922	
RootPopulationSizeScaler4	9603	10746	1	0.0263158	0.450654	
LeafPopulationSizeScaler4	11421	8992	1	0.0263158	2.06753	
RootPopulationSizeScaler5	9623	10733	1	0.0263158	0.451316	
LeafPopulationSizeScaler5	11120	9264	1	0.0263158	1.98269	
generation 70000:
name	number_accepted	number_rejected	weight	weight_prob	tuning_parameter
DirichletProcessGibbsSampler	18574	0	10	0.263158	none	
ConcentrationScaler	2698	2956	3	0.0789474	2.96476	
TimeSizeRateMixer	5458	5833	6	0.157895	0.19184	
TimeRootSizeMixer	4381	7029	6	0.157895	0.0269343	
EventTimeScaler	24010	19701	1	0.0263158	2.8023	
RootPopulationSizeScaler0	11093	12734	1	0.0263158	0.457292	
LeafPopulationSizeScaler0	13305	10514	1	0.0263158	2.17681	
RootPopulationSizeScaler1	11230	12578	1	0.0263158	0.459655	
LeafPopulationSizeScaler1	13123	10606	1	0.0263158	2.31403	
RootPopulationSizeScaler2	11214	12535	1	0.0263158	0.439235	
LeafPopulationSizeScaler2	12794	11046	1	0.0263158	1.87743	
RootPopulationSizeScaler3	11358	12557	1	0.0263158	0.440555	
LeafPopulationSizeScaler3	12842	10858	1	0.0263158	2.0221	
RootPopulationSizeScaler4	11165	12602	1	0.0263158	0.451763	
LeafPopulationSizeScaler4	13177	10658	1	0.0263158	2.09328	
RootPopulationSizeScaler5	11172	12581	1	0.0263158	0.452359	
LeafPopulationSizeScaler5	12831	10955	1	0.0263158	2.00298	
generation 80000:
name	number_accepted	number_rejected	weight	weight_prob	tuning_parameter
DirichletProcessGibbsSampler	21247	0	10	0.263158	none	
ConcentrationScaler	3062	3361	3	0.0789474	2.97226	
TimeSizeRateMixer	6214	6723	6	0.157895	0.19241	
TimeRootSizeMixer	5062	7959	6	0.157895	0.026838	
EventTimeScaler	27202	22795	1	0.0263158	2.82756	
RootPopulationSizeScaler0	12690	14571	1	0.0263158	0.458525	
LeafPopulationSizeScaler0	15103	12105	1	0.0263158	2.20278	
RootPopulationSizeScaler1	12825	14407	1	0.0263158	0.460955	
LeafPopulationSizeScaler1	14897	12272	1	0.0263158	2.33588	
RootPopulationSizeScaler2	12834	14350	1	0.0263158	0.440785	
LeafPopulationSizeScaler2	14492	12800	1	0.0263158	1.89172	
RootPopulationSizeScaler3	12900	14431	1	0.0263158	0.441372	
LeafPopulationSizeScaler3	14620	12531	1	0.0263158	2.04195	
RootPopulationSizeScaler4	12792	14402	1	0.0263158	0.453564	
LeafPopulationSizeScaler4	14950	12294	1	0.0263158	2.11571	
RootPopulationSizeScaler5	12800	14363	1	0.0263158	0.454152	
LeafPopulationSizeScaler5	14567	12657	1	0.0263158	2.02032	
generation 90000:
name	number_accepted	number_rejected	weight	weight_prob	tuning_parameter
DirichletProcessGibbsSampler	23940	0	10	0.263158	none	
ConcentrationScaler	3407	3782	3	0.0789474	2.97863	
TimeSizeRateMixer	6945	7673	6	0.157895	0.19246	
TimeRootSizeMixer	5675	8944	6	0.157895	0.0266488	
EventTimeScaler	30390	25928	1	0.0263158	2.85059	
RootPopulationSizeScaler0	14274	16454	1	0.0263158	0.459228	
LeafPopulationSizeScaler0	16856	13830	1	0.0263158	2.21992	
RootPopulationSizeScaler1	14339	16360	1	0.0263158	0.461433	
LeafPopulationSizeScaler1	16688	13938	1	0.0263158	2.35593	
RootPopulationSizeScaler2	14443	16175	1	0.0263158	0.442077	
LeafPopulationSizeScaler2	16234	14505	1	0.0263158	1.9056	
RootPopulationSizeScaler3	14502	16292	1	0.0263158	0.442794	
LeafPopulationSizeScaler3	16371	14244	1	0.0263158	2.05777	
RootPopulationSizeScaler4	14372	16278	1	0.0263158	0.454884	
LeafPopulationSizeScaler4	16756	13924	1	0.0263158	2.13686	
RootPopulationSizeScaler5	14408	16221	1	0.0263158	0.455082	
LeafPopulationSizeScaler5	16283	14382	1	0.0263158	2.03556	
generation 100000:
name	number_accepted	number_rejected	weight	weight_prob	tuning_parameter
DirichletProcessGibbsSampler	26577	0	10	0.263158	none	
ConcentrationScaler	3750	4228	3	0.0789474	2.97897	
TimeSizeRateMixer	7724	8582	6	0.157895	0.192818	
TimeRootSizeMixer	6301	9843	6	0.157895	0.0265719	
EventTimeScaler	33501	29019	1	0.0263158	2.8696	
RootPopulationSizeScaler0	15812	18285	1	0.0263158	0.459645	
LeafPopulationSizeScaler0	18540	15512	1	0.0263158	2.23462	
RootPopulationSizeScaler1	15848	18209	1	0.0263158	0.462215	
LeafPopulationSizeScaler1	18452	15524	1	0.0263158	2.37486	
RootPopulationSizeScaler2	15919	18059	1	0.0263158	0.44233	
LeafPopulationSizeScaler2	17890	16232	1	0.0263158	1.91516	
RootPopulationSizeScaler3	16062	18089	1	0.0263158	0.44387	
LeafPopulationSizeScaler3	18042	15931	1	0.0263158	2.07114	
RootPopulationSizeScaler4	15918	18114	1	0.0263158	0.455541	
LeafPopulationSizeScaler4	18473	15593	1	0.0263158	2.15184	
RootPopulationSizeScaler5	16044	17961	1	0.0263158	0.456675	
LeafPopulationSizeScaler5	17979	16071	1	0.0263158	2.04946	
