generation 10000:
name	number_accepted	number_rejected	weight	weight_prob	tuning_parameter
DirichletProcessGibbsSampler	2629	0	10	0.263158	none	
ConcentrationScaler	422	379	3	0.0789474	2.08015	
TimeSizeRateMixer	2223	2160	6	0.157895	0.321171	
TimeRootSizeMixer	2415	2133	6	0.157895	0.294546	
EventTimeScaler	9385	7477	1	0.0263158	1.2869	
RootPopulationSizeScaler0	1847	1605	1	0.0263158	0.415857	
LeafPopulationSizeScaler0	2273	1165	1	0.0263158	2.06952	
RootPopulationSizeScaler1	1650	1773	1	0.0263158	0.454637	
LeafPopulationSizeScaler1	2199	1244	1	0.0263158	1.6822	
RootPopulationSizeScaler2	1720	1695	1	0.0263158	0.444189	
LeafPopulationSizeScaler2	2290	1144	1	0.0263158	2.02737	
RootPopulationSizeScaler3	1772	1638	1	0.0263158	0.423903	
LeafPopulationSizeScaler3	2347	1108	1	0.0263158	1.94161	
RootPopulationSizeScaler4	1882	1554	1	0.0263158	0.401261	
LeafPopulationSizeScaler4	2229	1210	1	0.0263158	1.55178	
RootPopulationSizeScaler5	1787	1641	1	0.0263158	0.429214	
LeafPopulationSizeScaler5	2219	1218	1	0.0263158	1.82185	
generation 20000:
name	number_accepted	number_rejected	weight	weight_prob	tuning_parameter
DirichletProcessGibbsSampler	5217	0	10	0.263158	none	
ConcentrationScaler	786	845	3	0.0789474	2.10581	
TimeSizeRateMixer	4447	4623	6	0.157895	0.331647	
TimeRootSizeMixer	4762	4456	6	0.157895	0.307996	
EventTimeScaler	18458	15984	1	0.0263158	1.3613	
RootPopulationSizeScaler0	3552	3352	1	0.0263158	0.431606	
LeafPopulationSizeScaler0	4361	2518	1	0.0263158	2.30178	
RootPopulationSizeScaler1	3236	3647	1	0.0263158	0.460933	
LeafPopulationSizeScaler1	4122	2781	1	0.0263158	1.83768	
RootPopulationSizeScaler2	3309	3540	1	0.0263158	0.450501	
LeafPopulationSizeScaler2	4243	2626	1	0.0263158	2.22829	
RootPopulationSizeScaler3	3401	3456	1	0.0263158	0.434783	
LeafPopulationSizeScaler3	4412	2486	1	0.0263158	2.16457	
RootPopulationSizeScaler4	3634	3268	1	0.0263158	0.420396	
LeafPopulationSizeScaler4	4204	2694	1	0.0263158	1.6954	
RootPopulationSizeScaler5	3444	3427	1	0.0263158	0.441132	
LeafPopulationSizeScaler5	4251	2682	1	0.0263158	2.00449	
generation 30000:
name	number_accepted	number_rejected	weight	weight_prob	tuning_parameter
DirichletProcessGibbsSampler	7818	0	10	0.263158	none	
ConcentrationScaler	1158	1243	3	0.0789474	2.15042	
TimeSizeRateMixer	6554	7171	6	0.157895	0.33342	
TimeRootSizeMixer	6847	6783	6	0.157895	0.312682	
EventTimeScaler	27088	24666	1	0.0263158	1.39397	
RootPopulationSizeScaler0	5196	5091	1	0.0263158	0.439584	
LeafPopulationSizeScaler0	6255	4035	1	0.0263158	2.41614	
RootPopulationSizeScaler1	4867	5453	1	0.0263158	0.467107	
LeafPopulationSizeScaler1	5912	4419	1	0.0263158	1.90435	
RootPopulationSizeScaler2	4904	5358	1	0.0263158	0.457143	
LeafPopulationSizeScaler2	6207	4094	1	0.0263158	2.34892	
RootPopulationSizeScaler3	5036	5277	1	0.0263158	0.440417	
LeafPopulationSizeScaler3	6342	3961	1	0.0263158	2.27773	
RootPopulationSizeScaler4	5310	4984	1	0.0263158	0.430355	
LeafPopulationSizeScaler4	6024	4274	1	0.0263158	1.76444	
RootPopulationSizeScaler5	5096	5177	1	0.0263158	0.448265	
LeafPopulationSizeScaler5	6175	4178	1	0.0263158	2.10397	
generation 40000:
name	number_accepted	number_rejected	weight	weight_prob	tuning_parameter
DirichletProcessGibbsSampler	10457	0	10	0.263158	none	
ConcentrationScaler	1527	1665	3	0.0789474	2.16337	
TimeSizeRateMixer	8597	9533	6	0.157895	0.335479	
TimeRootSizeMixer	8888	9167	6	0.157895	0.314668	
EventTimeScaler	35398	33361	1	0.0263158	1.41532	
RootPopulationSizeScaler0	6795	6883	1	0.0263158	0.443614	
LeafPopulationSizeScaler0	8155	5562	1	0.0263158	2.49691	
RootPopulationSizeScaler1	6422	7315	1	0.0263158	0.469366	
LeafPopulationSizeScaler1	7746	5978	1	0.0263158	1.95613	
RootPopulationSizeScaler2	6472	7215	1	0.0263158	0.460162	
LeafPopulationSizeScaler2	8131	5587	1	0.0263158	2.42654	
RootPopulationSizeScaler3	6634	7087	1	0.0263158	0.444637	
LeafPopulationSizeScaler3	8202	5524	1	0.0263158	2.35674	
RootPopulationSizeScaler4	6919	6759	1	0.0263158	0.435479	
LeafPopulationSizeScaler4	7765	5943	1	0.0263158	1.80384	
RootPopulationSizeScaler5	6710	6963	1	0.0263158	0.452196	
LeafPopulationSizeScaler5	8082	5714	1	0.0263158	2.16767	
generation 50000:
name	number_accepted	number_rejected	weight	weight_prob	tuning_parameter
DirichletProcessGibbsSampler	13054	0	10	0.263158	none	
ConcentrationScaler	1922	2101	3	0.0789474	2.18071	
TimeSizeRateMixer	10645	11915	6	0.157895	0.337016	
TimeRootSizeMixer	11196	11590	6	0.157895	0.318073	
EventTimeScaler	43799	42241	1	0.0263158	1.4312	
RootPopulationSizeScaler0	8431	8676	1	0.0263158	0.447049	
LeafPopulationSizeScaler0	10039	7104	1	0.0263158	2.55564	
RootPopulationSizeScaler1	7956	9199	1	0.0263158	0.470977	
LeafPopulationSizeScaler1	9474	7671	1	0.0263158	1.98858	
RootPopulationSizeScaler2	8103	8975	1	0.0263158	0.46378	
LeafPopulationSizeScaler2	9904	7195	1	0.0263158	2.47511	
RootPopulationSizeScaler3	8285	8857	1	0.0263158	0.449345	
LeafPopulationSizeScaler3	10107	7027	1	0.0263158	2.41725	
RootPopulationSizeScaler4	8535	8550	1	0.0263158	0.439681	
LeafPopulationSizeScaler4	9576	7541	1	0.0263158	1.84418	
RootPopulationSizeScaler5	8321	8759	1	0.0263158	0.455774	
LeafPopulationSizeScaler5	9931	7297	1	0.0263158	2.20954	
generation 60000:
name	number_accepted	number_rejected	weight	weight_prob	tuning_parameter
DirichletProcessGibbsSampler	15714	0	10	0.263158	none	
ConcentrationScaler	2272	2534	3	0.0789474	2.18312	
TimeSizeRateMixer	12672	14336	6	0.157895	0.338145	
TimeRootSizeMixer	13473	14042	6	0.157895	0.320276	
EventTimeScaler	52594	51228	1	0.0263158	1.44538	
RootPopulationSizeScaler0	10016	10486	1	0.0263158	0.449306	
LeafPopulationSizeScaler0	11895	8682	1	0.0263158	2.60008	
RootPopulationSizeScaler1	9457	11147	1	0.0263158	0.470768	
LeafPopulationSizeScaler1	11200	9371	1	0.0263158	2.01491	
RootPopulationSizeScaler2	9688	10784	1	0.0263158	0.466074	
LeafPopulationSizeScaler2	11811	8732	1	0.0263158	2.52263	
RootPopulationSizeScaler3	9893	10655	1	0.0263158	0.451761	
LeafPopulationSizeScaler3	11925	8649	1	0.0263158	2.4604	
RootPopulationSizeScaler4	10116	10411	1	0.0263158	0.441393	
LeafPopulationSizeScaler4	11361	9158	1	0.0263158	1.8703	
RootPopulationSizeScaler5	9922	10568	1	0.0263158	0.457801	
LeafPopulationSizeScaler5	11698	8955	1	0.0263158	2.24366	
generation 70000:
name	number_accepted	number_rejected	weight	weight_prob	tuning_parameter
DirichletProcessGibbsSampler	18348	0	10	0.263158	none	
ConcentrationScaler	2634	2945	3	0.0789474	2.18769	
TimeSizeRateMixer	14895	16814	6	0.157895	0.3397	
TimeRootSizeMixer	15773	16487	6	0.157895	0.322616	
EventTimeScaler	61300	60526	1	0.0263158	1.45494	
RootPopulationSizeScaler0	11683	12285	1	0.0263158	0.451737	
LeafPopulationSizeScaler0	13743	10305	1	0.0263158	2.63646	
RootPopulationSizeScaler1	11009	13049	1	0.0263158	0.471639	
LeafPopulationSizeScaler1	12934	11081	1	0.0263158	2.0357	
RootPopulationSizeScaler2	11238	12688	1	0.0263158	0.467262	
LeafPopulationSizeScaler2	13654	10320	1	0.0263158	2.55759	
RootPopulationSizeScaler3	11538	12447	1	0.0263158	0.454185	
LeafPopulationSizeScaler3	13770	10225	1	0.0263158	2.49738	
RootPopulationSizeScaler4	11729	12253	1	0.0263158	0.443463	
LeafPopulationSizeScaler4	13119	10867	1	0.0263158	1.89142	
RootPopulationSizeScaler5	11510	12422	1	0.0263158	0.459027	
LeafPopulationSizeScaler5	13483	10618	1	0.0263158	2.26954	
generation 80000:
name	number_accepted	number_rejected	weight	weight_prob	tuning_parameter
DirichletProcessGibbsSampler	20971	0	10	0.263158	none	
ConcentrationScaler	3015	3315	3	0.0789474	2.20544	
TimeSizeRateMixer	16871	19206	6	0.157895	0.340145	
TimeRootSizeMixer	17662	18761	6	0.157895	0.323114	
EventTimeScaler	68970	69283	1	0.0263158	1.46086	
RootPopulationSizeScaler0	13293	14101	1	0.0263158	0.453286	
LeafPopulationSizeScaler0	15481	11963	1	0.0263158	2.662	
RootPopulationSizeScaler1	12535	14921	1	0.0263158	0.472374	
LeafPopulationSizeScaler1	14650	12733	1	0.0263158	2.05413	
RootPopulationSizeScaler2	12793	14536	1	0.0263158	0.468315	
LeafPopulationSizeScaler2	15412	11970	1	0.0263158	2.58515	
RootPopulationSizeScaler3	13183	14204	1	0.0263158	0.456446	
LeafPopulationSizeScaler3	15546	11873	1	0.0263158	2.52552	
RootPopulationSizeScaler4	13346	14031	1	0.0263158	0.445781	
LeafPopulationSizeScaler4	14878	12487	1	0.0263158	1.91092	
RootPopulationSizeScaler5	13136	14216	1	0.0263158	0.460821	
LeafPopulationSizeScaler5	15325	12158	1	0.0263158	2.29943	
generation 90000:
name	number_accepted	number_rejected	weight	weight_prob	tuning_parameter
DirichletProcessGibbsSampler	23548	0	10	0.263158	none	
ConcentrationScaler	3380	3751	3	0.0789474	2.21174	
TimeSizeRateMixer	18938	21706	6	0.157895	0.340666	
TimeRootSizeMixer	19753	21114	6	0.157895	0.32424	
EventTimeScaler	77313	78239	1	0.0263158	1.46807	
RootPopulationSizeScaler0	14902	15866	1	0.0263158	0.455061	
LeafPopulationSizeScaler0	17265	13568	1	0.0263158	2.68644	
RootPopulationSizeScaler1	14054	16780	1	0.0263158	0.472847	
LeafPopulationSizeScaler1	16314	14433	1	0.0263158	2.06807	
RootPopulationSizeScaler2	14366	16356	1	0.0263158	0.469558	
LeafPopulationSizeScaler2	17157	13627	1	0.0263158	2.60642	
RootPopulationSizeScaler3	14750	16029	1	0.0263158	0.457453	
LeafPopulationSizeScaler3	17365	13449	1	0.0263158	2.55319	
RootPopulationSizeScaler4	14998	15807	1	0.0263158	0.4479	
LeafPopulationSizeScaler4	16617	14154	1	0.0263158	1.92686	
RootPopulationSizeScaler5	14725	16031	1	0.0263158	0.462424	
LeafPopulationSizeScaler5	17092	13792	1	0.0263158	2.31977	
generation 100000:
name	number_accepted	number_rejected	weight	weight_prob	tuning_parameter
DirichletProcessGibbsSampler	26097	0	10	0.263158	none	
ConcentrationScaler	3757	4140	3	0.0789474	2.2226	
TimeSizeRateMixer	20945	24143	6	0.157895	0.341092	
TimeRootSizeMixer	21824	23489	6	0.157895	0.325163	
EventTimeScaler	85335	86987	1	0.0263158	1.47388	
RootPopulationSizeScaler0	16536	17702	1	0.0263158	0.456706	
LeafPopulationSizeScaler0	19042	15280	1	0.0263158	2.70736	
RootPopulationSizeScaler1	15608	18693	1	0.0263158	0.473229	
LeafPopulationSizeScaler1	18126	16111	1	0.0263158	2.08527	
RootPopulationSizeScaler2	15970	18239	1	0.0263158	0.47039	
LeafPopulationSizeScaler2	18984	15292	1	0.0263158	2.62957	
RootPopulationSizeScaler3	16394	17896	1	0.0263158	0.458471	
LeafPopulationSizeScaler3	19218	15083	1	0.0263158	2.57747	
RootPopulationSizeScaler4	16648	17634	1	0.0263158	0.449635	
LeafPopulationSizeScaler4	18376	15892	1	0.0263158	1.9415	
RootPopulationSizeScaler5	16318	17922	1	0.0263158	0.463247	
LeafPopulationSizeScaler5	18898	15471	1	0.0263158	2.33903	
