generation 10000:
name	number_accepted	number_rejected	weight	weight_prob	tuning_parameter
DirichletProcessGibbsSampler	2596	0	10	0.263158	none	
ConcentrationScaler	387	377	3	0.0789474	2.83118	
TimeSizeRateMixer	1121	1020	6	0.157895	0.209056	
TimeRootSizeMixer	1298	949	6	0.157895	0.101203	
EventTimeScaler	4609	3623	1	0.0263158	1.21217	
RootPopulationSizeScaler0	2008	1473	1	0.0263158	0.365224	
LeafPopulationSizeScaler0	2221	1261	1	0.0263158	1.47625	
RootPopulationSizeScaler1	1720	1793	1	0.0263158	0.465506	
LeafPopulationSizeScaler1	2596	889	1	0.0263158	1.49831	
RootPopulationSizeScaler2	1831	1685	1	0.0263158	0.406501	
LeafPopulationSizeScaler2	2375	1109	1	0.0263158	1.74426	
RootPopulationSizeScaler3	1889	1635	1	0.0263158	0.431778	
LeafPopulationSizeScaler3	2312	1173	1	0.0263158	2.13404	
RootPopulationSizeScaler4	1751	1745	1	0.0263158	0.439586	
LeafPopulationSizeScaler4	2300	1220	1	0.0263158	1.71525	
RootPopulationSizeScaler5	1726	1802	1	0.0263158	0.432709	
LeafPopulationSizeScaler5	2201	1287	1	0.0263158	1.53167	
generation 20000:
name	number_accepted	number_rejected	weight	weight_prob	tuning_parameter
DirichletProcessGibbsSampler	5288	0	10	0.263158	none	
ConcentrationScaler	759	815	3	0.0789474	2.85618	
TimeSizeRateMixer	2205	2173	6	0.157895	0.216774	
TimeRootSizeMixer	2420	1859	6	0.157895	0.108165	
EventTimeScaler	8848	7626	1	0.0263158	1.27965	
RootPopulationSizeScaler0	3761	3116	1	0.0263158	0.386166	
LeafPopulationSizeScaler0	4153	2748	1	0.0263158	1.61156	
RootPopulationSizeScaler1	3329	3601	1	0.0263158	0.472517	
LeafPopulationSizeScaler1	4763	2146	1	0.0263158	1.72767	
RootPopulationSizeScaler2	3522	3406	1	0.0263158	0.422156	
LeafPopulationSizeScaler2	4381	2502	1	0.0263158	1.93808	
RootPopulationSizeScaler3	3538	3405	1	0.0263158	0.44385	
LeafPopulationSizeScaler3	4289	2605	1	0.0263158	2.35256	
RootPopulationSizeScaler4	3320	3565	1	0.0263158	0.447669	
LeafPopulationSizeScaler4	4229	2670	1	0.0263158	1.87191	
RootPopulationSizeScaler5	3348	3597	1	0.0263158	0.44217	
LeafPopulationSizeScaler5	4065	2841	1	0.0263158	1.64785	
generation 30000:
name	number_accepted	number_rejected	weight	weight_prob	tuning_parameter
DirichletProcessGibbsSampler	7858	0	10	0.263158	none	
ConcentrationScaler	1142	1273	3	0.0789474	2.87981	
TimeSizeRateMixer	3204	3273	6	0.157895	0.219848	
TimeRootSizeMixer	3425	2870	6	0.157895	0.110775	
EventTimeScaler	12628	11594	1	0.0263158	1.3049	
RootPopulationSizeScaler0	5566	4725	1	0.0263158	0.397986	
LeafPopulationSizeScaler0	5981	4314	1	0.0263158	1.67734	
RootPopulationSizeScaler1	4902	5434	1	0.0263158	0.475359	
LeafPopulationSizeScaler1	6860	3475	1	0.0263158	1.85921	
RootPopulationSizeScaler2	5199	5123	1	0.0263158	0.43035	
LeafPopulationSizeScaler2	6273	3996	1	0.0263158	2.03049	
RootPopulationSizeScaler3	5113	5234	1	0.0263158	0.44897	
LeafPopulationSizeScaler3	6217	4087	1	0.0263158	2.4737	
RootPopulationSizeScaler4	4928	5374	1	0.0263158	0.453343	
LeafPopulationSizeScaler4	6092	4206	1	0.0263158	1.9558	
RootPopulationSizeScaler5	4976	5382	1	0.0263158	0.44839	
LeafPopulationSizeScaler5	5950	4366	1	0.0263158	1.71883	
generation 40000:
name	number_accepted	number_rejected	weight	weight_prob	tuning_parameter
DirichletProcessGibbsSampler	10424	0	10	0.263158	none	
ConcentrationScaler	1463	1731	3	0.0789474	2.87747	
TimeSizeRateMixer	4198	4409	6	0.157895	0.221977	
TimeRootSizeMixer	4506	3889	6	0.157895	0.113229	
EventTimeScaler	16585	15685	1	0.0263158	1.32369	
RootPopulationSizeScaler0	7366	6422	1	0.0263158	0.406033	
LeafPopulationSizeScaler0	7885	5945	1	0.0263158	1.72777	
RootPopulationSizeScaler1	6488	7374	1	0.0263158	0.477124	
LeafPopulationSizeScaler1	8931	4913	1	0.0263158	1.94461	
RootPopulationSizeScaler2	6905	6932	1	0.0263158	0.436098	
LeafPopulationSizeScaler2	8248	5518	1	0.0263158	2.10436	
RootPopulationSizeScaler3	6785	7089	1	0.0263158	0.453857	
LeafPopulationSizeScaler3	8155	5626	1	0.0263158	2.55883	
RootPopulationSizeScaler4	6549	7240	1	0.0263158	0.457088	
LeafPopulationSizeScaler4	7971	5820	1	0.0263158	2.01367	
RootPopulationSizeScaler5	6610	7233	1	0.0263158	0.451153	
LeafPopulationSizeScaler5	7798	6020	1	0.0263158	1.76113	
generation 50000:
name	number_accepted	number_rejected	weight	weight_prob	tuning_parameter
DirichletProcessGibbsSampler	13042	0	10	0.263158	none	
ConcentrationScaler	1800	2204	3	0.0789474	2.8674	
TimeSizeRateMixer	5162	5498	6	0.157895	0.223051	
TimeRootSizeMixer	5487	4940	6	0.157895	0.114478	
EventTimeScaler	20405	19771	1	0.0263158	1.33695	
RootPopulationSizeScaler0	9018	8156	1	0.0263158	0.410582	
LeafPopulationSizeScaler0	9679	7550	1	0.0263158	1.76207	
RootPopulationSizeScaler1	8024	9215	1	0.0263158	0.478913	
LeafPopulationSizeScaler1	10968	6265	1	0.0263158	2.01465	
RootPopulationSizeScaler2	8499	8741	1	0.0263158	0.43912	
LeafPopulationSizeScaler2	10082	7083	1	0.0263158	2.15266	
RootPopulationSizeScaler3	8336	8930	1	0.0263158	0.455415	
LeafPopulationSizeScaler3	9970	7197	1	0.0263158	2.61429	
RootPopulationSizeScaler4	8160	8989	1	0.0263158	0.460283	
LeafPopulationSizeScaler4	9760	7425	1	0.0263158	2.05464	
RootPopulationSizeScaler5	8161	9063	1	0.0263158	0.453101	
LeafPopulationSizeScaler5	9554	7633	1	0.0263158	1.79438	
generation 60000:
name	number_accepted	number_rejected	weight	weight_prob	tuning_parameter
DirichletProcessGibbsSampler	15730	0	10	0.263158	none	
ConcentrationScaler	2138	2618	3	0.0789474	2.8741	
TimeSizeRateMixer	6243	6661	6	0.157895	0.224868	
TimeRootSizeMixer	6592	6042	6	0.157895	0.11618	
EventTimeScaler	24634	24087	1	0.0263158	1.35116	
RootPopulationSizeScaler0	10724	9900	1	0.0263158	0.415412	
LeafPopulationSizeScaler0	11515	9138	1	0.0263158	1.79415	
RootPopulationSizeScaler1	9548	11120	1	0.0263158	0.479002	
LeafPopulationSizeScaler1	12953	7703	1	0.0263158	2.06492	
RootPopulationSizeScaler2	10101	10581	1	0.0263158	0.441472	
LeafPopulationSizeScaler2	11976	8638	1	0.0263158	2.19425	
RootPopulationSizeScaler3	9927	10744	1	0.0263158	0.457615	
LeafPopulationSizeScaler3	11789	8830	1	0.0263158	2.65557	
RootPopulationSizeScaler4	9738	10846	1	0.0263158	0.461841	
LeafPopulationSizeScaler4	11540	9078	1	0.0263158	2.08422	
RootPopulationSizeScaler5	9716	10923	1	0.0263158	0.454616	
LeafPopulationSizeScaler5	11306	9323	1	0.0263158	1.81772	
generation 70000:
name	number_accepted	number_rejected	weight	weight_prob	tuning_parameter
DirichletProcessGibbsSampler	18427	0	10	0.263158	none	
ConcentrationScaler	2532	3078	3	0.0789474	2.88307	
TimeSizeRateMixer	7177	7760	6	0.157895	0.225496	
TimeRootSizeMixer	7659	7049	6	0.157895	0.117282	
EventTimeScaler	28520	28280	1	0.0263158	1.35967	
RootPopulationSizeScaler0	12389	11598	1	0.0263158	0.418836	
LeafPopulationSizeScaler0	13219	10760	1	0.0263158	1.81381	
RootPopulationSizeScaler1	10997	13051	1	0.0263158	0.478551	
LeafPopulationSizeScaler1	14852	9159	1	0.0263158	2.10629	
RootPopulationSizeScaler2	11729	12313	1	0.0263158	0.444202	
LeafPopulationSizeScaler2	13697	10249	1	0.0263158	2.22046	
RootPopulationSizeScaler3	11534	12497	1	0.0263158	0.460167	
LeafPopulationSizeScaler3	13490	10482	1	0.0263158	2.6838	
RootPopulationSizeScaler4	11307	12660	1	0.0263158	0.463246	
LeafPopulationSizeScaler4	13280	10669	1	0.0263158	2.11039	
RootPopulationSizeScaler5	11228	12759	1	0.0263158	0.455469	
LeafPopulationSizeScaler5	13015	10956	1	0.0263158	1.83741	
generation 80000:
name	number_accepted	number_rejected	weight	weight_prob	tuning_parameter
DirichletProcessGibbsSampler	21173	0	10	0.263158	none	
ConcentrationScaler	2884	3510	3	0.0789474	2.88507	
TimeSizeRateMixer	8258	8882	6	0.157895	0.227162	
TimeRootSizeMixer	8659	8120	6	0.157895	0.118117	
EventTimeScaler	32426	32720	1	0.0263158	1.36566	
RootPopulationSizeScaler0	14043	13349	1	0.0263158	0.421674	
LeafPopulationSizeScaler0	14964	12434	1	0.0263158	1.82992	
RootPopulationSizeScaler1	12535	14924	1	0.0263158	0.479257	
LeafPopulationSizeScaler1	16764	10675	1	0.0263158	2.14209	
RootPopulationSizeScaler2	13360	14075	1	0.0263158	0.446494	
LeafPopulationSizeScaler2	15419	11947	1	0.0263158	2.24062	
RootPopulationSizeScaler3	13066	14365	1	0.0263158	0.460986	
LeafPopulationSizeScaler3	15287	12065	1	0.0263158	2.71547	
RootPopulationSizeScaler4	12841	14553	1	0.0263158	0.46387	
LeafPopulationSizeScaler4	14989	12354	1	0.0263158	2.12984	
RootPopulationSizeScaler5	12811	14595	1	0.0263158	0.456777	
LeafPopulationSizeScaler5	14711	12647	1	0.0263158	1.85298	
generation 90000:
name	number_accepted	number_rejected	weight	weight_prob	tuning_parameter
DirichletProcessGibbsSampler	23854	0	10	0.263158	none	
ConcentrationScaler	3252	3969	3	0.0789474	2.88442	
TimeSizeRateMixer	9206	9968	6	0.157895	0.227992	
TimeRootSizeMixer	9685	9066	6	0.157895	0.119111	
EventTimeScaler	36152	36898	1	0.0263158	1.37069	
RootPopulationSizeScaler0	15629	15073	1	0.0263158	0.423741	
LeafPopulationSizeScaler0	16660	14040	1	0.0263158	1.84604	
RootPopulationSizeScaler1	14024	16745	1	0.0263158	0.479589	
LeafPopulationSizeScaler1	18613	12154	1	0.0263158	2.17017	
RootPopulationSizeScaler2	14930	15838	1	0.0263158	0.447855	
LeafPopulationSizeScaler2	17168	13505	1	0.0263158	2.26331	
RootPopulationSizeScaler3	14616	16145	1	0.0263158	0.462306	
LeafPopulationSizeScaler3	17048	13652	1	0.0263158	2.74112	
RootPopulationSizeScaler4	14390	16337	1	0.0263158	0.465154	
LeafPopulationSizeScaler4	16732	13947	1	0.0263158	2.14986	
RootPopulationSizeScaler5	14370	16367	1	0.0263158	0.458172	
LeafPopulationSizeScaler5	16413	14260	1	0.0263158	1.86761	
generation 100000:
name	number_accepted	number_rejected	weight	weight_prob	tuning_parameter
DirichletProcessGibbsSampler	26601	0	10	0.263158	none	
ConcentrationScaler	3599	4385	3	0.0789474	2.88735	
TimeSizeRateMixer	10194	11096	6	0.157895	0.228714	
TimeRootSizeMixer	10719	10125	6	0.157895	0.119817	
EventTimeScaler	40081	41264	1	0.0263158	1.37564	
RootPopulationSizeScaler0	17227	16835	1	0.0263158	0.4253	
LeafPopulationSizeScaler0	18331	15691	1	0.0263158	1.85802	
RootPopulationSizeScaler1	15543	18606	1	0.0263158	0.480229	
LeafPopulationSizeScaler1	20474	13627	1	0.0263158	2.19595	
RootPopulationSizeScaler2	16545	17614	1	0.0263158	0.449624	
LeafPopulationSizeScaler2	18956	15105	1	0.0263158	2.2832	
RootPopulationSizeScaler3	16170	17938	1	0.0263158	0.463812	
LeafPopulationSizeScaler3	18768	15284	1	0.0263158	2.76161	
RootPopulationSizeScaler4	16026	18082	1	0.0263158	0.466821	
LeafPopulationSizeScaler4	18457	15577	1	0.0263158	2.16755	
RootPopulationSizeScaler5	15937	18181	1	0.0263158	0.459041	
LeafPopulationSizeScaler5	18105	15931	1	0.0263158	1.88005	
