generation 10000:
name	number_accepted	number_rejected	weight	weight_prob	tuning_parameter
DirichletProcessGibbsSampler	2716	0	10	0.263158	none	
ConcentrationScaler	415	393	3	0.0789474	2.66845	
TimeSizeRateMixer	851	837	6	0.157895	0.190701	
TimeRootSizeMixer	775	963	6	0.157895	0.0281581	
EventTimeScaler	4191	2476	1	0.0263158	2.13382	
RootPopulationSizeScaler0	1813	1548	1	0.0263158	0.417604	
LeafPopulationSizeScaler0	2192	1187	1	0.0263158	1.71551	
RootPopulationSizeScaler1	1645	1716	1	0.0263158	0.444372	
LeafPopulationSizeScaler1	2204	1166	1	0.0263158	1.71595	
RootPopulationSizeScaler2	1670	1708	1	0.0263158	0.434812	
LeafPopulationSizeScaler2	2441	937	1	0.0263158	1.64113	
RootPopulationSizeScaler3	1654	1730	1	0.0263158	0.434602	
LeafPopulationSizeScaler3	2179	1177	1	0.0263158	1.97124	
RootPopulationSizeScaler4	1696	1675	1	0.0263158	0.43062	
LeafPopulationSizeScaler4	2181	1216	1	0.0263158	1.65188	
RootPopulationSizeScaler5	1666	1714	1	0.0263158	0.430339	
LeafPopulationSizeScaler5	2078	1297	1	0.0263158	1.62434	
generation 20000:
name	number_accepted	number_rejected	weight	weight_prob	tuning_parameter
DirichletProcessGibbsSampler	5316	0	10	0.263158	none	
ConcentrationScaler	798	793	3	0.0789474	2.74652	
TimeSizeRateMixer	1652	1700	6	0.157895	0.195104	
TimeRootSizeMixer	1579	1919	6	0.157895	0.028359	
EventTimeScaler	7836	5346	1	0.0263158	2.32563	
RootPopulationSizeScaler0	3399	3376	1	0.0263158	0.428735	
LeafPopulationSizeScaler0	4134	2691	1	0.0263158	1.88426	
RootPopulationSizeScaler1	3283	3562	1	0.0263158	0.452252	
LeafPopulationSizeScaler1	4173	2633	1	0.0263158	1.88698	
RootPopulationSizeScaler2	3277	3529	1	0.0263158	0.444159	
LeafPopulationSizeScaler2	4631	2178	1	0.0263158	1.89613	
RootPopulationSizeScaler3	3288	3552	1	0.0263158	0.446874	
LeafPopulationSizeScaler3	4205	2610	1	0.0263158	2.19279	
RootPopulationSizeScaler4	3324	3510	1	0.0263158	0.439476	
LeafPopulationSizeScaler4	4068	2780	1	0.0263158	1.78904	
RootPopulationSizeScaler5	3316	3538	1	0.0263158	0.441406	
LeafPopulationSizeScaler5	3994	2848	1	0.0263158	1.75989	
generation 30000:
name	number_accepted	number_rejected	weight	weight_prob	tuning_parameter
DirichletProcessGibbsSampler	7948	0	10	0.263158	none	
ConcentrationScaler	1164	1182	3	0.0789474	2.80146	
TimeSizeRateMixer	2503	2666	6	0.157895	0.197916	
TimeRootSizeMixer	2335	2858	6	0.157895	0.0284088	
EventTimeScaler	11468	8412	1	0.0263158	2.42095	
RootPopulationSizeScaler0	5103	5139	1	0.0263158	0.435911	
LeafPopulationSizeScaler0	6025	4273	1	0.0263158	1.96982	
RootPopulationSizeScaler1	4843	5451	1	0.0263158	0.455893	
LeafPopulationSizeScaler1	6064	4216	1	0.0263158	1.96942	
RootPopulationSizeScaler2	4916	5355	1	0.0263158	0.449902	
LeafPopulationSizeScaler2	6755	3515	1	0.0263158	2.03046	
RootPopulationSizeScaler3	4875	5428	1	0.0263158	0.450687	
LeafPopulationSizeScaler3	6033	4229	1	0.0263158	2.2812	
RootPopulationSizeScaler4	4918	5385	1	0.0263158	0.444174	
LeafPopulationSizeScaler4	5951	4350	1	0.0263158	1.87061	
RootPopulationSizeScaler5	4926	5410	1	0.0263158	0.445673	
LeafPopulationSizeScaler5	5829	4489	1	0.0263158	1.83045	
generation 40000:
name	number_accepted	number_rejected	weight	weight_prob	tuning_parameter
DirichletProcessGibbsSampler	10579	0	10	0.263158	none	
ConcentrationScaler	1526	1640	3	0.0789474	2.80685	
TimeSizeRateMixer	3349	3588	6	0.157895	0.200381	
TimeRootSizeMixer	3114	3748	6	0.157895	0.0286097	
EventTimeScaler	14931	11569	1	0.0263158	2.47713	
RootPopulationSizeScaler0	6700	6928	1	0.0263158	0.439922	
LeafPopulationSizeScaler0	7860	5803	1	0.0263158	2.02521	
RootPopulationSizeScaler1	6410	7290	1	0.0263158	0.458434	
LeafPopulationSizeScaler1	7866	5791	1	0.0263158	2.02344	
RootPopulationSizeScaler2	6522	7127	1	0.0263158	0.454057	
LeafPopulationSizeScaler2	8670	4919	1	0.0263158	2.11344	
RootPopulationSizeScaler3	6490	7194	1	0.0263158	0.454561	
LeafPopulationSizeScaler3	7899	5756	1	0.0263158	2.3535	
RootPopulationSizeScaler4	6460	7229	1	0.0263158	0.445772	
LeafPopulationSizeScaler4	7703	5970	1	0.0263158	1.91262	
RootPopulationSizeScaler5	6463	7233	1	0.0263158	0.447626	
LeafPopulationSizeScaler5	7637	6068	1	0.0263158	1.87939	
generation 50000:
name	number_accepted	number_rejected	weight	weight_prob	tuning_parameter
DirichletProcessGibbsSampler	13187	0	10	0.263158	none	
ConcentrationScaler	1910	2039	3	0.0789474	2.82558	
TimeSizeRateMixer	4162	4549	6	0.157895	0.201356	
TimeRootSizeMixer	3856	4677	6	0.157895	0.0286408	
EventTimeScaler	18370	14717	1	0.0263158	2.52182	
RootPopulationSizeScaler0	8278	8788	1	0.0263158	0.44233	
LeafPopulationSizeScaler0	9645	7432	1	0.0263158	2.06114	
RootPopulationSizeScaler1	8015	9160	1	0.0263158	0.461005	
LeafPopulationSizeScaler1	9648	7435	1	0.0263158	2.06415	
RootPopulationSizeScaler2	8077	9017	1	0.0263158	0.455468	
LeafPopulationSizeScaler2	10672	6380	1	0.0263158	2.18103	
RootPopulationSizeScaler3	8087	9047	1	0.0263158	0.457711	
LeafPopulationSizeScaler3	9796	7351	1	0.0263158	2.40482	
RootPopulationSizeScaler4	8062	9098	1	0.0263158	0.447867	
LeafPopulationSizeScaler4	9482	7646	1	0.0263158	1.94788	
RootPopulationSizeScaler5	8074	9090	1	0.0263158	0.449204	
LeafPopulationSizeScaler5	9405	7729	1	0.0263158	1.91153	
generation 60000:
name	number_accepted	number_rejected	weight	weight_prob	tuning_parameter
DirichletProcessGibbsSampler	15733	0	10	0.263158	none	
ConcentrationScaler	2273	2461	3	0.0789474	2.83804	
TimeSizeRateMixer	4956	5490	6	0.157895	0.201518	
TimeRootSizeMixer	4562	5681	6	0.157895	0.0284739	
EventTimeScaler	21671	17881	1	0.0263158	2.55634	
RootPopulationSizeScaler0	9906	10654	1	0.0263158	0.443835	
LeafPopulationSizeScaler0	11458	9127	1	0.0263158	2.09106	
RootPopulationSizeScaler1	9606	11053	1	0.0263158	0.462447	
LeafPopulationSizeScaler1	11397	9173	1	0.0263158	2.0915	
RootPopulationSizeScaler2	9732	10834	1	0.0263158	0.458146	
LeafPopulationSizeScaler2	12639	7930	1	0.0263158	2.23277	
RootPopulationSizeScaler3	9707	10921	1	0.0263158	0.459564	
LeafPopulationSizeScaler3	11694	8951	1	0.0263158	2.44792	
RootPopulationSizeScaler4	9648	10999	1	0.0263158	0.448909	
LeafPopulationSizeScaler4	11326	9299	1	0.0263158	1.9779	
RootPopulationSizeScaler5	9688	10998	1	0.0263158	0.450835	
LeafPopulationSizeScaler5	11196	9407	1	0.0263158	1.94048	
generation 70000:
name	number_accepted	number_rejected	weight	weight_prob	tuning_parameter
DirichletProcessGibbsSampler	18366	0	10	0.263158	none	
ConcentrationScaler	2647	2874	3	0.0789474	2.84942	
TimeSizeRateMixer	5707	6416	6	0.157895	0.201865	
TimeRootSizeMixer	5289	6670	6	0.157895	0.0283813	
EventTimeScaler	24988	21119	1	0.0263158	2.5826	
RootPopulationSizeScaler0	11482	12465	1	0.0263158	0.445093	
LeafPopulationSizeScaler0	13199	10742	1	0.0263158	2.11492	
RootPopulationSizeScaler1	11187	12904	1	0.0263158	0.463544	
LeafPopulationSizeScaler1	13176	10809	1	0.0263158	2.11422	
RootPopulationSizeScaler2	11331	12614	1	0.0263158	0.460221	
LeafPopulationSizeScaler2	14565	9388	1	0.0263158	2.27694	
RootPopulationSizeScaler3	11324	12747	1	0.0263158	0.461811	
LeafPopulationSizeScaler3	13454	10572	1	0.0263158	2.47882	
RootPopulationSizeScaler4	11206	12833	1	0.0263158	0.450097	
LeafPopulationSizeScaler4	13038	10986	1	0.0263158	2.00039	
RootPopulationSizeScaler5	11223	12838	1	0.0263158	0.452054	
LeafPopulationSizeScaler5	12840	11114	1	0.0263158	1.96028	
generation 80000:
name	number_accepted	number_rejected	weight	weight_prob	tuning_parameter
DirichletProcessGibbsSampler	21008	0	10	0.263158	none	
ConcentrationScaler	3004	3295	3	0.0789474	2.85925	
TimeSizeRateMixer	6480	7292	6	0.157895	0.202436	
TimeRootSizeMixer	6021	7621	6	0.157895	0.0283892	
EventTimeScaler	28267	24309	1	0.0263158	2.60452	
RootPopulationSizeScaler0	12996	14332	1	0.0263158	0.445916	
LeafPopulationSizeScaler0	14917	12385	1	0.0263158	2.13462	
RootPopulationSizeScaler1	12756	14683	1	0.0263158	0.464969	
LeafPopulationSizeScaler1	14866	12472	1	0.0263158	2.13237	
RootPopulationSizeScaler2	12869	14446	1	0.0263158	0.461285	
LeafPopulationSizeScaler2	16457	10863	1	0.0263158	2.3153	
RootPopulationSizeScaler3	12883	14573	1	0.0263158	0.463292	
LeafPopulationSizeScaler3	15185	12217	1	0.0263158	2.50349	
RootPopulationSizeScaler4	12774	14648	1	0.0263158	0.451459	
LeafPopulationSizeScaler4	14708	12678	1	0.0263158	2.01526	
RootPopulationSizeScaler5	12790	14642	1	0.0263158	0.453044	
LeafPopulationSizeScaler5	14565	12761	1	0.0263158	1.97716	
generation 90000:
name	number_accepted	number_rejected	weight	weight_prob	tuning_parameter
DirichletProcessGibbsSampler	23624	0	10	0.263158	none	
ConcentrationScaler	3340	3710	3	0.0789474	2.86398	
TimeSizeRateMixer	7327	8197	6	0.157895	0.203205	
TimeRootSizeMixer	6761	8616	6	0.157895	0.0283579	
EventTimeScaler	31648	27554	1	0.0263158	2.62559	
RootPopulationSizeScaler0	14590	16224	1	0.0263158	0.44716	
LeafPopulationSizeScaler0	16784	13994	1	0.0263158	2.15541	
RootPopulationSizeScaler1	14339	16566	1	0.0263158	0.465909	
LeafPopulationSizeScaler1	16609	14200	1	0.0263158	2.14749	
RootPopulationSizeScaler2	14422	16343	1	0.0263158	0.461667	
LeafPopulationSizeScaler2	18335	12446	1	0.0263158	2.34546	
RootPopulationSizeScaler3	14528	16392	1	0.0263158	0.464762	
LeafPopulationSizeScaler3	16921	13932	1	0.0263158	2.5222	
RootPopulationSizeScaler4	14283	16564	1	0.0263158	0.45186	
LeafPopulationSizeScaler4	16506	14325	1	0.0263158	2.03263	
RootPopulationSizeScaler5	14427	16479	1	0.0263158	0.453978	
LeafPopulationSizeScaler5	16326	14435	1	0.0263158	1.9926	
generation 100000:
name	number_accepted	number_rejected	weight	weight_prob	tuning_parameter
DirichletProcessGibbsSampler	26267	0	10	0.263158	none	
ConcentrationScaler	3731	4121	3	0.0789474	2.88117	
TimeSizeRateMixer	8073	9089	6	0.157895	0.203528	
TimeRootSizeMixer	7545	9552	6	0.157895	0.0284104	
EventTimeScaler	34935	30763	1	0.0263158	2.643	
RootPopulationSizeScaler0	16202	17978	1	0.0263158	0.44833	
LeafPopulationSizeScaler0	18493	15666	1	0.0263158	2.17088	
RootPopulationSizeScaler1	15826	18469	1	0.0263158	0.465899	
LeafPopulationSizeScaler1	18333	15845	1	0.0263158	2.16363	
RootPopulationSizeScaler2	15999	18143	1	0.0263158	0.462608	
LeafPopulationSizeScaler2	20192	13980	1	0.0263158	2.37203	
RootPopulationSizeScaler3	16031	18272	1	0.0263158	0.465756	
LeafPopulationSizeScaler3	18602	15642	1	0.0263158	2.53953	
RootPopulationSizeScaler4	15777	18450	1	0.0263158	0.452232	
LeafPopulationSizeScaler4	18245	15987	1	0.0263158	2.04873	
RootPopulationSizeScaler5	15962	18344	1	0.0263158	0.454658	
LeafPopulationSizeScaler5	18028	16146	1	0.0263158	2.00468	
