generation 10000:
name	number_accepted	number_rejected	weight	weight_prob	tuning_parameter
DirichletProcessGibbsSampler	2647	0	10	0.263158	none	
ConcentrationScaler	366	422	3	0.0789474	2.17852	
TimeSizeRateMixer	2453	2494	6	0.157895	0.339577	
TimeRootSizeMixer	2772	2649	6	0.157895	0.254719	
EventTimeScaler	10637	9551	1	0.0263158	1.13066	
RootPopulationSizeScaler0	1626	1758	1	0.0263158	0.449883	
LeafPopulationSizeScaler0	2149	1211	1	0.0263158	1.56718	
RootPopulationSizeScaler1	1717	1656	1	0.0263158	0.443906	
LeafPopulationSizeScaler1	2309	1091	1	0.0263158	1.45764	
RootPopulationSizeScaler2	1873	1522	1	0.0263158	0.414181	
LeafPopulationSizeScaler2	2237	1164	1	0.0263158	2.03726	
RootPopulationSizeScaler3	1853	1512	1	0.0263158	0.404496	
LeafPopulationSizeScaler3	2184	1196	1	0.0263158	1.82451	
RootPopulationSizeScaler4	1743	1620	1	0.0263158	0.410168	
LeafPopulationSizeScaler4	2321	1051	1	0.0263158	1.80984	
RootPopulationSizeScaler5	1645	1747	1	0.0263158	0.45321	
LeafPopulationSizeScaler5	2171	1223	1	0.0263158	1.36567	
generation 20000:
name	number_accepted	number_rejected	weight	weight_prob	tuning_parameter
DirichletProcessGibbsSampler	5253	0	10	0.263158	none	
ConcentrationScaler	712	895	3	0.0789474	2.15491	
TimeSizeRateMixer	5148	5376	6	0.157895	0.350367	
TimeRootSizeMixer	5207	5377	6	0.157895	0.26011	
EventTimeScaler	20682	19935	1	0.0263158	1.17372	
RootPopulationSizeScaler0	3235	3588	1	0.0263158	0.458759	
LeafPopulationSizeScaler0	4082	2743	1	0.0263158	1.70845	
RootPopulationSizeScaler1	3353	3464	1	0.0263158	0.455877	
LeafPopulationSizeScaler1	4308	2543	1	0.0263158	1.6222	
RootPopulationSizeScaler2	3584	3247	1	0.0263158	0.430515	
LeafPopulationSizeScaler2	4221	2615	1	0.0263158	2.23849	
RootPopulationSizeScaler3	3633	3180	1	0.0263158	0.424683	
LeafPopulationSizeScaler3	4146	2679	1	0.0263158	2.004	
RootPopulationSizeScaler4	3459	3339	1	0.0263158	0.427039	
LeafPopulationSizeScaler4	4417	2410	1	0.0263158	2.04	
RootPopulationSizeScaler5	3240	3587	1	0.0263158	0.46325	
LeafPopulationSizeScaler5	4130	2704	1	0.0263158	1.49239	
generation 30000:
name	number_accepted	number_rejected	weight	weight_prob	tuning_parameter
DirichletProcessGibbsSampler	7809	0	10	0.263158	none	
ConcentrationScaler	1078	1325	3	0.0789474	2.16218	
TimeSizeRateMixer	7862	8359	6	0.157895	0.355616	
TimeRootSizeMixer	7894	8313	6	0.157895	0.264613	
EventTimeScaler	30933	30908	1	0.0263158	1.19457	
RootPopulationSizeScaler0	4864	5445	1	0.0263158	0.463521	
LeafPopulationSizeScaler0	5988	4332	1	0.0263158	1.78467	
RootPopulationSizeScaler1	4905	5354	1	0.0263158	0.459464	
LeafPopulationSizeScaler1	6304	4034	1	0.0263158	1.71402	
RootPopulationSizeScaler2	5271	5082	1	0.0263158	0.437292	
LeafPopulationSizeScaler2	6179	4143	1	0.0263158	2.34952	
RootPopulationSizeScaler3	5347	4957	1	0.0263158	0.433873	
LeafPopulationSizeScaler3	6095	4222	1	0.0263158	2.10442	
RootPopulationSizeScaler4	5138	5127	1	0.0263158	0.435919	
LeafPopulationSizeScaler4	6476	3844	1	0.0263158	2.16631	
RootPopulationSizeScaler5	4811	5505	1	0.0263158	0.466325	
LeafPopulationSizeScaler5	5917	4398	1	0.0263158	1.55065	
generation 40000:
name	number_accepted	number_rejected	weight	weight_prob	tuning_parameter
DirichletProcessGibbsSampler	10429	0	10	0.263158	none	
ConcentrationScaler	1440	1710	3	0.0789474	2.18083	
TimeSizeRateMixer	10186	11028	6	0.157895	0.35799	
TimeRootSizeMixer	10367	11268	6	0.157895	0.266081	
EventTimeScaler	40620	41253	1	0.0263158	1.20941	
RootPopulationSizeScaler0	6422	7330	1	0.0263158	0.465548	
LeafPopulationSizeScaler0	7827	5894	1	0.0263158	1.83839	
RootPopulationSizeScaler1	6470	7250	1	0.0263158	0.462061	
LeafPopulationSizeScaler1	8203	5554	1	0.0263158	1.77396	
RootPopulationSizeScaler2	6941	6841	1	0.0263158	0.44295	
LeafPopulationSizeScaler2	7998	5737	1	0.0263158	2.41438	
RootPopulationSizeScaler3	6994	6743	1	0.0263158	0.43837	
LeafPopulationSizeScaler3	7963	5771	1	0.0263158	2.16585	
RootPopulationSizeScaler4	6804	6878	1	0.0263158	0.442118	
LeafPopulationSizeScaler4	8375	5341	1	0.0263158	2.24188	
RootPopulationSizeScaler5	6422	7331	1	0.0263158	0.469533	
LeafPopulationSizeScaler5	7732	6022	1	0.0263158	1.5913	
generation 50000:
name	number_accepted	number_rejected	weight	weight_prob	tuning_parameter
DirichletProcessGibbsSampler	13037	0	10	0.263158	none	
ConcentrationScaler	1785	2181	3	0.0789474	2.16932	
TimeSizeRateMixer	12630	13919	6	0.157895	0.359532	
TimeRootSizeMixer	12951	14059	6	0.157895	0.268289	
EventTimeScaler	50600	52149	1	0.0263158	1.22009	
RootPopulationSizeScaler0	7904	9158	1	0.0263158	0.466558	
LeafPopulationSizeScaler0	9590	7433	1	0.0263158	1.87586	
RootPopulationSizeScaler1	7977	9061	1	0.0263158	0.463803	
LeafPopulationSizeScaler1	10025	7045	1	0.0263158	1.81777	
RootPopulationSizeScaler2	8533	8587	1	0.0263158	0.446536	
LeafPopulationSizeScaler2	9822	7214	1	0.0263158	2.46964	
RootPopulationSizeScaler3	8579	8515	1	0.0263158	0.441338	
LeafPopulationSizeScaler3	9704	7350	1	0.0263158	2.20668	
RootPopulationSizeScaler4	8398	8624	1	0.0263158	0.445299	
LeafPopulationSizeScaler4	10240	6790	1	0.0263158	2.30003	
RootPopulationSizeScaler5	7883	9163	1	0.0263158	0.470835	
LeafPopulationSizeScaler5	9460	7635	1	0.0263158	1.61878	
generation 60000:
name	number_accepted	number_rejected	weight	weight_prob	tuning_parameter
DirichletProcessGibbsSampler	15665	0	10	0.263158	none	
ConcentrationScaler	2162	2610	3	0.0789474	2.17826	
TimeSizeRateMixer	14893	16778	6	0.157895	0.359759	
TimeRootSizeMixer	15232	16840	6	0.157895	0.26877	
EventTimeScaler	59751	62500	1	0.0263158	1.22602	
RootPopulationSizeScaler0	9431	11008	1	0.0263158	0.467472	
LeafPopulationSizeScaler0	11410	9033	1	0.0263158	1.90644	
RootPopulationSizeScaler1	9510	10941	1	0.0263158	0.464723	
LeafPopulationSizeScaler1	11872	8605	1	0.0263158	1.84925	
RootPopulationSizeScaler2	10100	10405	1	0.0263158	0.448651	
LeafPopulationSizeScaler2	11623	8828	1	0.0263158	2.50836	
RootPopulationSizeScaler3	10158	10321	1	0.0263158	0.443966	
LeafPopulationSizeScaler3	11492	8999	1	0.0263158	2.24071	
RootPopulationSizeScaler4	10023	10409	1	0.0263158	0.448262	
LeafPopulationSizeScaler4	12107	8332	1	0.0263158	2.34526	
RootPopulationSizeScaler5	9439	11022	1	0.0263158	0.472249	
LeafPopulationSizeScaler5	11195	9306	1	0.0263158	1.64288	
generation 70000:
name	number_accepted	number_rejected	weight	weight_prob	tuning_parameter
DirichletProcessGibbsSampler	18210	0	10	0.263158	none	
ConcentrationScaler	2534	3052	3	0.0789474	2.18407	
TimeSizeRateMixer	17504	19709	6	0.157895	0.361629	
TimeRootSizeMixer	17948	19805	6	0.157895	0.270328	
EventTimeScaler	69687	73620	1	0.0263158	1.23226	
RootPopulationSizeScaler0	10993	12913	1	0.0263158	0.467897	
LeafPopulationSizeScaler0	13237	10650	1	0.0263158	1.93289	
RootPopulationSizeScaler1	11083	12853	1	0.0263158	0.465796	
LeafPopulationSizeScaler1	13731	10206	1	0.0263158	1.87844	
RootPopulationSizeScaler2	11728	12290	1	0.0263158	0.450774	
LeafPopulationSizeScaler2	13418	10514	1	0.0263158	2.53947	
RootPopulationSizeScaler3	11815	12135	1	0.0263158	0.44707	
LeafPopulationSizeScaler3	13296	10674	1	0.0263158	2.27031	
RootPopulationSizeScaler4	11667	12249	1	0.0263158	0.449923	
LeafPopulationSizeScaler4	13967	9919	1	0.0263158	2.38107	
RootPopulationSizeScaler5	11033	12893	1	0.0263158	0.47326	
LeafPopulationSizeScaler5	12982	10967	1	0.0263158	1.66261	
generation 80000:
name	number_accepted	number_rejected	weight	weight_prob	tuning_parameter
DirichletProcessGibbsSampler	20846	0	10	0.263158	none	
ConcentrationScaler	2871	3459	3	0.0789474	2.18435	
TimeSizeRateMixer	19994	22595	6	0.157895	0.362789	
TimeRootSizeMixer	20703	22844	6	0.157895	0.271605	
EventTimeScaler	79767	84746	1	0.0263158	1.23797	
RootPopulationSizeScaler0	12559	14808	1	0.0263158	0.468545	
LeafPopulationSizeScaler0	15015	12328	1	0.0263158	1.95303	
RootPopulationSizeScaler1	12601	14786	1	0.0263158	0.466411	
LeafPopulationSizeScaler1	15562	11830	1	0.0263158	1.90243	
RootPopulationSizeScaler2	13337	14145	1	0.0263158	0.452483	
LeafPopulationSizeScaler2	15234	12177	1	0.0263158	2.56662	
RootPopulationSizeScaler3	13495	13933	1	0.0263158	0.449182	
LeafPopulationSizeScaler3	15072	12380	1	0.0263158	2.29395	
RootPopulationSizeScaler4	13280	14116	1	0.0263158	0.451776	
LeafPopulationSizeScaler4	15818	11540	1	0.0263158	2.41199	
RootPopulationSizeScaler5	12596	14802	1	0.0263158	0.473394	
LeafPopulationSizeScaler5	14775	12657	1	0.0263158	1.68027	
generation 90000:
name	number_accepted	number_rejected	weight	weight_prob	tuning_parameter
DirichletProcessGibbsSampler	23401	0	10	0.263158	none	
ConcentrationScaler	3234	3920	3	0.0789474	2.18491	
TimeSizeRateMixer	22587	25579	6	0.157895	0.36382	
TimeRootSizeMixer	23157	25732	6	0.157895	0.272286	
EventTimeScaler	89423	95890	1	0.0263158	1.24184	
RootPopulationSizeScaler0	14065	16679	1	0.0263158	0.468791	
LeafPopulationSizeScaler0	16723	14031	1	0.0263158	1.96953	
RootPopulationSizeScaler1	14131	16613	1	0.0263158	0.467432	
LeafPopulationSizeScaler1	17427	13387	1	0.0263158	1.92475	
RootPopulationSizeScaler2	14929	15939	1	0.0263158	0.454108	
LeafPopulationSizeScaler2	16962	13792	1	0.0263158	2.59027	
RootPopulationSizeScaler3	15091	15730	1	0.0263158	0.450855	
LeafPopulationSizeScaler3	16788	14053	1	0.0263158	2.3116	
RootPopulationSizeScaler4	14801	15970	1	0.0263158	0.452755	
LeafPopulationSizeScaler4	17648	13127	1	0.0263158	2.43873	
RootPopulationSizeScaler5	14112	16635	1	0.0263158	0.474024	
LeafPopulationSizeScaler5	16552	14301	1	0.0263158	1.6948	
generation 100000:
name	number_accepted	number_rejected	weight	weight_prob	tuning_parameter
DirichletProcessGibbsSampler	26002	0	10	0.263158	none	
ConcentrationScaler	3596	4335	3	0.0789474	2.1875	
TimeSizeRateMixer	25052	28466	6	0.157895	0.364401	
TimeRootSizeMixer	25678	28655	6	0.157895	0.272828	
EventTimeScaler	99341	106851	1	0.0263158	1.24643	
RootPopulationSizeScaler0	15611	18551	1	0.0263158	0.469199	
LeafPopulationSizeScaler0	18474	15677	1	0.0263158	1.98361	
RootPopulationSizeScaler1	15697	18459	1	0.0263158	0.468415	
LeafPopulationSizeScaler1	19226	14979	1	0.0263158	1.94259	
RootPopulationSizeScaler2	16551	17753	1	0.0263158	0.455609	
LeafPopulationSizeScaler2	18710	15497	1	0.0263158	2.60921	
RootPopulationSizeScaler3	16679	17525	1	0.0263158	0.452091	
LeafPopulationSizeScaler3	18536	15719	1	0.0263158	2.32879	
RootPopulationSizeScaler4	16459	17718	1	0.0263158	0.454686	
LeafPopulationSizeScaler4	19490	14680	1	0.0263158	2.46342	
RootPopulationSizeScaler5	15647	18506	1	0.0263158	0.474818	
LeafPopulationSizeScaler5	18257	15991	1	0.0263158	1.70602	
