generation 10000:
name	number_accepted	number_rejected	weight	weight_prob	tuning_parameter
DirichletProcessGibbsSampler	2641	0	10	0.263158	none	
ConcentrationScaler	401	352	3	0.0789474	2.42864	
TimeSizeRateMixer	755	951	6	0.157895	0.217852	
TimeRootSizeMixer	785	941	6	0.157895	0.0631804	
EventTimeScaler	4043	2593	1	0.0263158	2.0662	
RootPopulationSizeScaler0	1678	1753	1	0.0263158	0.441997	
LeafPopulationSizeScaler0	2446	954	1	0.0263158	1.5616	
RootPopulationSizeScaler1	1827	1594	1	0.0263158	0.414515	
LeafPopulationSizeScaler1	2245	1179	1	0.0263158	2.14145	
RootPopulationSizeScaler2	1726	1689	1	0.0263158	0.424529	
LeafPopulationSizeScaler2	2227	1180	1	0.0263158	1.94676	
RootPopulationSizeScaler3	1706	1723	1	0.0263158	0.448037	
LeafPopulationSizeScaler3	2364	1057	1	0.0263158	1.75135	
RootPopulationSizeScaler4	1838	1562	1	0.0263158	0.409879	
LeafPopulationSizeScaler4	2351	1076	1	0.0263158	1.53582	
RootPopulationSizeScaler5	1748	1654	1	0.0263158	0.418756	
LeafPopulationSizeScaler5	2156	1286	1	0.0263158	1.84585	
generation 20000:
name	number_accepted	number_rejected	weight	weight_prob	tuning_parameter
DirichletProcessGibbsSampler	5296	0	10	0.263158	none	
ConcentrationScaler	811	783	3	0.0789474	2.5494	
TimeSizeRateMixer	1514	1931	6	0.157895	0.218002	
TimeRootSizeMixer	1599	1905	6	0.157895	0.0633685	
EventTimeScaler	7650	5711	1	0.0263158	2.22872	
RootPopulationSizeScaler0	3345	3568	1	0.0263158	0.452805	
LeafPopulationSizeScaler0	4659	2203	1	0.0263158	1.78564	
RootPopulationSizeScaler1	3524	3380	1	0.0263158	0.429069	
LeafPopulationSizeScaler1	4285	2598	1	0.0263158	2.37891	
RootPopulationSizeScaler2	3385	3474	1	0.0263158	0.436878	
LeafPopulationSizeScaler2	4182	2682	1	0.0263158	2.12655	
RootPopulationSizeScaler3	3337	3545	1	0.0263158	0.460267	
LeafPopulationSizeScaler3	4424	2422	1	0.0263158	1.9643	
RootPopulationSizeScaler4	3500	3354	1	0.0263158	0.422054	
LeafPopulationSizeScaler4	4463	2436	1	0.0263158	1.73349	
RootPopulationSizeScaler5	3456	3393	1	0.0263158	0.432862	
LeafPopulationSizeScaler5	4039	2887	1	0.0263158	1.97997	
generation 30000:
name	number_accepted	number_rejected	weight	weight_prob	tuning_parameter
DirichletProcessGibbsSampler	7868	0	10	0.263158	none	
ConcentrationScaler	1241	1174	3	0.0789474	2.63523	
TimeSizeRateMixer	2233	2875	6	0.157895	0.217413	
TimeRootSizeMixer	2361	2868	6	0.157895	0.0632951	
EventTimeScaler	11129	8768	1	0.0263158	2.31154	
RootPopulationSizeScaler0	4909	5378	1	0.0263158	0.457593	
LeafPopulationSizeScaler0	6704	3533	1	0.0263158	1.90145	
RootPopulationSizeScaler1	5132	5162	1	0.0263158	0.435447	
LeafPopulationSizeScaler1	6233	4009	1	0.0263158	2.50531	
RootPopulationSizeScaler2	4965	5260	1	0.0263158	0.442746	
LeafPopulationSizeScaler2	6018	4241	1	0.0263158	2.2164	
RootPopulationSizeScaler3	4863	5387	1	0.0263158	0.461783	
LeafPopulationSizeScaler3	6379	3871	1	0.0263158	2.07035	
RootPopulationSizeScaler4	5126	5083	1	0.0263158	0.429396	
LeafPopulationSizeScaler4	6367	3910	1	0.0263158	1.82782	
RootPopulationSizeScaler5	5068	5140	1	0.0263158	0.440025	
LeafPopulationSizeScaler5	5833	4494	1	0.0263158	2.04615	
generation 40000:
name	number_accepted	number_rejected	weight	weight_prob	tuning_parameter
DirichletProcessGibbsSampler	10497	0	10	0.263158	none	
ConcentrationScaler	1647	1557	3	0.0789474	2.67882	
TimeSizeRateMixer	2993	3856	6	0.157895	0.217652	
TimeRootSizeMixer	3092	3844	6	0.157895	0.0632392	
EventTimeScaler	14514	11948	1	0.0263158	2.36126	
RootPopulationSizeScaler0	6474	7259	1	0.0263158	0.459042	
LeafPopulationSizeScaler0	8710	4996	1	0.0263158	1.98056	
RootPopulationSizeScaler1	6780	6948	1	0.0263158	0.440514	
LeafPopulationSizeScaler1	8113	5578	1	0.0263158	2.58178	
RootPopulationSizeScaler2	6541	7117	1	0.0263158	0.444883	
LeafPopulationSizeScaler2	7785	5903	1	0.0263158	2.26709	
RootPopulationSizeScaler3	6456	7200	1	0.0263158	0.463867	
LeafPopulationSizeScaler3	8272	5410	1	0.0263158	2.14031	
RootPopulationSizeScaler4	6801	6850	1	0.0263158	0.435277	
LeafPopulationSizeScaler4	8282	5423	1	0.0263158	1.89157	
RootPopulationSizeScaler5	6648	6991	1	0.0263158	0.442811	
LeafPopulationSizeScaler5	7603	6167	1	0.0263158	2.09327	
generation 50000:
name	number_accepted	number_rejected	weight	weight_prob	tuning_parameter
DirichletProcessGibbsSampler	13180	0	10	0.263158	none	
ConcentrationScaler	2020	1962	3	0.0789474	2.70712	
TimeSizeRateMixer	3675	4774	6	0.157895	0.216961	
TimeRootSizeMixer	3842	4808	6	0.157895	0.0632405	
EventTimeScaler	17810	15177	1	0.0263158	2.39872	
RootPopulationSizeScaler0	7955	9092	1	0.0263158	0.45958	
LeafPopulationSizeScaler0	10636	6397	1	0.0263158	2.03992	
RootPopulationSizeScaler1	8389	8645	1	0.0263158	0.445559	
LeafPopulationSizeScaler1	9850	7172	1	0.0263158	2.63319	
RootPopulationSizeScaler2	8091	8887	1	0.0263158	0.447301	
LeafPopulationSizeScaler2	9507	7505	1	0.0263158	2.30733	
RootPopulationSizeScaler3	7974	8987	1	0.0263158	0.465729	
LeafPopulationSizeScaler3	10127	6888	1	0.0263158	2.19195	
RootPopulationSizeScaler4	8423	8535	1	0.0263158	0.439559	
LeafPopulationSizeScaler4	10159	6854	1	0.0263158	1.94147	
RootPopulationSizeScaler5	8189	8786	1	0.0263158	0.445947	
LeafPopulationSizeScaler5	9258	7851	1	0.0263158	2.11988	
generation 60000:
name	number_accepted	number_rejected	weight	weight_prob	tuning_parameter
DirichletProcessGibbsSampler	15849	0	10	0.263158	none	
ConcentrationScaler	2423	2377	3	0.0789474	2.72818	
TimeSizeRateMixer	4375	5760	6	0.157895	0.216296	
TimeRootSizeMixer	4599	5749	6	0.157895	0.0632499	
EventTimeScaler	21068	18513	1	0.0263158	2.42549	
RootPopulationSizeScaler0	9442	10991	1	0.0263158	0.460411	
LeafPopulationSizeScaler0	12477	7900	1	0.0263158	2.08219	
RootPopulationSizeScaler1	10022	10375	1	0.0263158	0.448838	
LeafPopulationSizeScaler1	11643	8742	1	0.0263158	2.67868	
RootPopulationSizeScaler2	9665	10713	1	0.0263158	0.448681	
LeafPopulationSizeScaler2	11209	9173	1	0.0263158	2.3367	
RootPopulationSizeScaler3	9479	10825	1	0.0263158	0.466615	
LeafPopulationSizeScaler3	11925	8477	1	0.0263158	2.23105	
RootPopulationSizeScaler4	10008	10331	1	0.0263158	0.442402	
LeafPopulationSizeScaler4	11991	8404	1	0.0263158	1.97797	
RootPopulationSizeScaler5	9692	10636	1	0.0263158	0.447489	
LeafPopulationSizeScaler5	10949	9534	1	0.0263158	2.14347	
generation 70000:
name	number_accepted	number_rejected	weight	weight_prob	tuning_parameter
DirichletProcessGibbsSampler	18540	0	10	0.263158	none	
ConcentrationScaler	2809	2778	3	0.0789474	2.74237	
TimeSizeRateMixer	5093	6765	6	0.157895	0.215916	
TimeRootSizeMixer	5386	6704	6	0.157895	0.0633963	
EventTimeScaler	24439	21875	1	0.0263158	2.45012	
RootPopulationSizeScaler0	11018	12808	1	0.0263158	0.462508	
LeafPopulationSizeScaler0	14330	9455	1	0.0263158	2.1151	
RootPopulationSizeScaler1	11578	12222	1	0.0263158	0.450292	
LeafPopulationSizeScaler1	13470	10321	1	0.0263158	2.71509	
RootPopulationSizeScaler2	11270	12520	1	0.0263158	0.451109	
LeafPopulationSizeScaler2	12921	10866	1	0.0263158	2.36045	
RootPopulationSizeScaler3	11032	12666	1	0.0263158	0.467895	
LeafPopulationSizeScaler3	13821	10004	1	0.0263158	2.2721	
RootPopulationSizeScaler4	11639	12089	1	0.0263158	0.444857	
LeafPopulationSizeScaler4	13825	9943	1	0.0263158	2.00883	
RootPopulationSizeScaler5	11262	12463	1	0.0263158	0.449208	
LeafPopulationSizeScaler5	12603	11281	1	0.0263158	2.16252	
generation 80000:
name	number_accepted	number_rejected	weight	weight_prob	tuning_parameter
DirichletProcessGibbsSampler	21184	0	10	0.263158	none	
ConcentrationScaler	3192	3198	3	0.0789474	2.75839	
TimeSizeRateMixer	5886	7768	6	0.157895	0.216169	
TimeRootSizeMixer	6188	7691	6	0.157895	0.063483	
EventTimeScaler	27877	25208	1	0.0263158	2.47205	
RootPopulationSizeScaler0	12574	14735	1	0.0263158	0.463175	
LeafPopulationSizeScaler0	16169	11072	1	0.0263158	2.1422	
RootPopulationSizeScaler1	13224	14055	1	0.0263158	0.452088	
LeafPopulationSizeScaler1	15268	11986	1	0.0263158	2.74351	
RootPopulationSizeScaler2	12881	14385	1	0.0263158	0.452566	
LeafPopulationSizeScaler2	14701	12536	1	0.0263158	2.38427	
RootPopulationSizeScaler3	12593	14578	1	0.0263158	0.468411	
LeafPopulationSizeScaler3	15651	11637	1	0.0263158	2.30078	
RootPopulationSizeScaler4	13261	13939	1	0.0263158	0.446463	
LeafPopulationSizeScaler4	15653	11592	1	0.0263158	2.03383	
RootPopulationSizeScaler5	12827	14345	1	0.0263158	0.450142	
LeafPopulationSizeScaler5	14372	12978	1	0.0263158	2.18242	
generation 90000:
name	number_accepted	number_rejected	weight	weight_prob	tuning_parameter
DirichletProcessGibbsSampler	23725	0	10	0.263158	none	
ConcentrationScaler	3543	3605	3	0.0789474	2.7713	
TimeSizeRateMixer	6698	8748	6	0.157895	0.216268	
TimeRootSizeMixer	6948	8667	6	0.157895	0.0635204	
EventTimeScaler	31199	28521	1	0.0263158	2.48906	
RootPopulationSizeScaler0	14177	16602	1	0.0263158	0.464133	
LeafPopulationSizeScaler0	18042	12671	1	0.0263158	2.16935	
RootPopulationSizeScaler1	14856	15958	1	0.0263158	0.453252	
LeafPopulationSizeScaler1	17087	13650	1	0.0263158	2.76982	
RootPopulationSizeScaler2	14441	16309	1	0.0263158	0.452952	
LeafPopulationSizeScaler2	16488	14248	1	0.0263158	2.40532	
RootPopulationSizeScaler3	14152	16465	1	0.0263158	0.46923	
LeafPopulationSizeScaler3	17516	13282	1	0.0263158	2.3252	
RootPopulationSizeScaler4	14891	15808	1	0.0263158	0.447694	
LeafPopulationSizeScaler4	17493	13242	1	0.0263158	2.05725	
RootPopulationSizeScaler5	14474	16177	1	0.0263158	0.451922	
LeafPopulationSizeScaler5	16094	14766	1	0.0263158	2.19575	
generation 100000:
name	number_accepted	number_rejected	weight	weight_prob	tuning_parameter
DirichletProcessGibbsSampler	26318	0	10	0.263158	none	
ConcentrationScaler	3922	4015	3	0.0789474	2.78004	
TimeSizeRateMixer	7469	9742	6	0.157895	0.216303	
TimeRootSizeMixer	7738	9643	6	0.157895	0.0636026	
EventTimeScaler	34509	31826	1	0.0263158	2.50405	
RootPopulationSizeScaler0	15769	18513	1	0.0263158	0.464811	
LeafPopulationSizeScaler0	19918	14307	1	0.0263158	2.19013	
RootPopulationSizeScaler1	16504	17820	1	0.0263158	0.454663	
LeafPopulationSizeScaler1	18909	15328	1	0.0263158	2.79527	
RootPopulationSizeScaler2	16048	18234	1	0.0263158	0.454112	
LeafPopulationSizeScaler2	18218	15994	1	0.0263158	2.42228	
RootPopulationSizeScaler3	15721	18406	1	0.0263158	0.469701	
LeafPopulationSizeScaler3	19323	14966	1	0.0263158	2.34539	
RootPopulationSizeScaler4	16499	17699	1	0.0263158	0.448821	
LeafPopulationSizeScaler4	19325	14887	1	0.0263158	2.07681	
RootPopulationSizeScaler5	16037	18131	1	0.0263158	0.452941	
LeafPopulationSizeScaler5	17830	16534	1	0.0263158	2.20945	
