generation 10000:
name	number_accepted	number_rejected	weight	weight_prob	tuning_parameter
DirichletProcessGibbsSampler	2630	0	10	0.263158	none	
ConcentrationScaler	396	414	3	0.0789474	2.76174	
TimeSizeRateMixer	729	886	6	0.157895	0.197472	
TimeRootSizeMixer	639	1047	6	0.157895	0.0677153	
EventTimeScaler	3921	2377	1	0.0263158	2.02682	
RootPopulationSizeScaler0	1719	1701	1	0.0263158	0.434929	
LeafPopulationSizeScaler0	2383	1054	1	0.0263158	2.242	
RootPopulationSizeScaler1	1712	1714	1	0.0263158	0.421478	
LeafPopulationSizeScaler1	2109	1334	1	0.0263158	1.44572	
RootPopulationSizeScaler2	1797	1641	1	0.0263158	0.427684	
LeafPopulationSizeScaler2	2353	1066	1	0.0263158	1.83398	
RootPopulationSizeScaler3	1761	1697	1	0.0263158	0.440557	
LeafPopulationSizeScaler3	2227	1213	1	0.0263158	1.89792	
RootPopulationSizeScaler4	1747	1697	1	0.0263158	0.418504	
LeafPopulationSizeScaler4	2454	993	1	0.0263158	1.3142	
RootPopulationSizeScaler5	1694	1728	1	0.0263158	0.419215	
LeafPopulationSizeScaler5	2433	954	1	0.0263158	1.46328	
generation 20000:
name	number_accepted	number_rejected	weight	weight_prob	tuning_parameter
DirichletProcessGibbsSampler	5325	0	10	0.263158	none	
ConcentrationScaler	742	805	3	0.0789474	2.83693	
TimeSizeRateMixer	1477	1753	6	0.157895	0.20028	
TimeRootSizeMixer	1300	2016	6	0.157895	0.0658507	
EventTimeScaler	7518	5146	1	0.0263158	2.22115	
RootPopulationSizeScaler0	3326	3463	1	0.0263158	0.444775	
LeafPopulationSizeScaler0	4418	2392	1	0.0263158	2.50404	
RootPopulationSizeScaler1	3322	3504	1	0.0263158	0.4311	
LeafPopulationSizeScaler1	3942	2852	1	0.0263158	1.56147	
RootPopulationSizeScaler2	3355	3442	1	0.0263158	0.437993	
LeafPopulationSizeScaler2	4328	2423	1	0.0263158	2.04333	
RootPopulationSizeScaler3	3369	3440	1	0.0263158	0.451838	
LeafPopulationSizeScaler3	4135	2685	1	0.0263158	2.07683	
RootPopulationSizeScaler4	3363	3449	1	0.0263158	0.432663	
LeafPopulationSizeScaler4	4541	2273	1	0.0263158	1.49258	
RootPopulationSizeScaler5	3306	3481	1	0.0263158	0.432139	
LeafPopulationSizeScaler5	4509	2266	1	0.0263158	1.6687	
generation 30000:
name	number_accepted	number_rejected	weight	weight_prob	tuning_parameter
DirichletProcessGibbsSampler	7989	0	10	0.263158	none	
ConcentrationScaler	1126	1235	3	0.0789474	2.87429	
TimeSizeRateMixer	2192	2667	6	0.157895	0.200149	
TimeRootSizeMixer	2009	3005	6	0.157895	0.0651714	
EventTimeScaler	11007	8034	1	0.0263158	2.31923	
RootPopulationSizeScaler0	4884	5342	1	0.0263158	0.448485	
LeafPopulationSizeScaler0	6388	3844	1	0.0263158	2.64858	
RootPopulationSizeScaler1	4928	5340	1	0.0263158	0.434161	
LeafPopulationSizeScaler1	5798	4458	1	0.0263158	1.62382	
RootPopulationSizeScaler2	5013	5227	1	0.0263158	0.445712	
LeafPopulationSizeScaler2	6276	3947	1	0.0263158	2.15398	
RootPopulationSizeScaler3	4992	5267	1	0.0263158	0.456409	
LeafPopulationSizeScaler3	6059	4203	1	0.0263158	2.18013	
RootPopulationSizeScaler4	5032	5239	1	0.0263158	0.43945	
LeafPopulationSizeScaler4	6551	3724	1	0.0263158	1.58303	
RootPopulationSizeScaler5	4955	5303	1	0.0263158	0.439485	
LeafPopulationSizeScaler5	6548	3675	1	0.0263158	1.77921	
generation 40000:
name	number_accepted	number_rejected	weight	weight_prob	tuning_parameter
DirichletProcessGibbsSampler	10656	0	10	0.263158	none	
ConcentrationScaler	1484	1652	3	0.0789474	2.90003	
TimeSizeRateMixer	2910	3551	6	0.157895	0.2003	
TimeRootSizeMixer	2655	4000	6	0.157895	0.064254	
EventTimeScaler	14312	10987	1	0.0263158	2.37557	
RootPopulationSizeScaler0	6499	7147	1	0.0263158	0.452945	
LeafPopulationSizeScaler0	8323	5307	1	0.0263158	2.75172	
RootPopulationSizeScaler1	6523	7160	1	0.0263158	0.437747	
LeafPopulationSizeScaler1	7553	6104	1	0.0263158	1.6603	
RootPopulationSizeScaler2	6616	7022	1	0.0263158	0.450287	
LeafPopulationSizeScaler2	8124	5493	1	0.0263158	2.22536	
RootPopulationSizeScaler3	6548	7130	1	0.0263158	0.458463	
LeafPopulationSizeScaler3	7957	5733	1	0.0263158	2.2463	
RootPopulationSizeScaler4	6581	7122	1	0.0263158	0.44127	
LeafPopulationSizeScaler4	8522	5155	1	0.0263158	1.64594	
RootPopulationSizeScaler5	6558	7096	1	0.0263158	0.443114	
LeafPopulationSizeScaler5	8514	5098	1	0.0263158	1.85018	
generation 50000:
name	number_accepted	number_rejected	weight	weight_prob	tuning_parameter
DirichletProcessGibbsSampler	13343	0	10	0.263158	none	
ConcentrationScaler	1864	2106	3	0.0789474	2.9109	
TimeSizeRateMixer	3660	4430	6	0.157895	0.201172	
TimeRootSizeMixer	3282	4911	6	0.157895	0.0637955	
EventTimeScaler	17606	13994	1	0.0263158	2.41856	
RootPopulationSizeScaler0	8013	8832	1	0.0263158	0.456315	
LeafPopulationSizeScaler0	10065	6797	1	0.0263158	2.80948	
RootPopulationSizeScaler1	8011	8887	1	0.0263158	0.439759	
LeafPopulationSizeScaler1	9210	7673	1	0.0263158	1.68626	
RootPopulationSizeScaler2	8100	8757	1	0.0263158	0.452389	
LeafPopulationSizeScaler2	9846	6975	1	0.0263158	2.27577	
RootPopulationSizeScaler3	8008	8916	1	0.0263158	0.459323	
LeafPopulationSizeScaler3	9660	7250	1	0.0263158	2.28833	
RootPopulationSizeScaler4	8073	8867	1	0.0263158	0.442897	
LeafPopulationSizeScaler4	10323	6564	1	0.0263158	1.68848	
RootPopulationSizeScaler5	8058	8864	1	0.0263158	0.445067	
LeafPopulationSizeScaler5	10358	6482	1	0.0263158	1.90347	
generation 60000:
name	number_accepted	number_rejected	weight	weight_prob	tuning_parameter
DirichletProcessGibbsSampler	15963	0	10	0.263158	none	
ConcentrationScaler	2193	2499	3	0.0789474	2.91807	
TimeSizeRateMixer	4389	5354	6	0.157895	0.201556	
TimeRootSizeMixer	3949	5886	6	0.157895	0.0633361	
EventTimeScaler	20876	17080	1	0.0263158	2.45261	
RootPopulationSizeScaler0	9577	10682	1	0.0263158	0.457824	
LeafPopulationSizeScaler0	11972	8320	1	0.0263158	2.8697	
RootPopulationSizeScaler1	9572	10736	1	0.0263158	0.441242	
LeafPopulationSizeScaler1	10891	9398	1	0.0263158	1.70376	
RootPopulationSizeScaler2	9709	10556	1	0.0263158	0.454864	
LeafPopulationSizeScaler2	11685	8528	1	0.0263158	2.31761	
RootPopulationSizeScaler3	9535	10802	1	0.0263158	0.460331	
LeafPopulationSizeScaler3	11483	8850	1	0.0263158	2.326	
RootPopulationSizeScaler4	9695	10642	1	0.0263158	0.445663	
LeafPopulationSizeScaler4	12225	8062	1	0.0263158	1.72441	
RootPopulationSizeScaler5	9624	10689	1	0.0263158	0.446878	
LeafPopulationSizeScaler5	12282	7927	1	0.0263158	1.94653	
generation 70000:
name	number_accepted	number_rejected	weight	weight_prob	tuning_parameter
DirichletProcessGibbsSampler	18637	0	10	0.263158	none	
ConcentrationScaler	2570	2923	3	0.0789474	2.92334	
TimeSizeRateMixer	5093	6274	6	0.157895	0.201598	
TimeRootSizeMixer	4595	6838	6	0.157895	0.0629954	
EventTimeScaler	24131	20157	1	0.0263158	2.48171	
RootPopulationSizeScaler0	11092	12505	1	0.0263158	0.459018	
LeafPopulationSizeScaler0	13751	9889	1	0.0263158	2.91132	
RootPopulationSizeScaler1	11023	12633	1	0.0263158	0.441431	
LeafPopulationSizeScaler1	12575	11084	1	0.0263158	1.71919	
RootPopulationSizeScaler2	11262	12342	1	0.0263158	0.457231	
LeafPopulationSizeScaler2	13396	10116	1	0.0263158	2.34749	
RootPopulationSizeScaler3	11091	12572	1	0.0263158	0.461669	
LeafPopulationSizeScaler3	13140	10526	1	0.0263158	2.3485	
RootPopulationSizeScaler4	11231	12441	1	0.0263158	0.447194	
LeafPopulationSizeScaler4	14075	9574	1	0.0263158	1.75451	
RootPopulationSizeScaler5	11130	12514	1	0.0263158	0.448027	
LeafPopulationSizeScaler5	14102	9465	1	0.0263158	1.97917	
generation 80000:
name	number_accepted	number_rejected	weight	weight_prob	tuning_parameter
DirichletProcessGibbsSampler	21247	0	10	0.263158	none	
ConcentrationScaler	2952	3329	3	0.0789474	2.93106	
TimeSizeRateMixer	5803	7156	6	0.157895	0.201807	
TimeRootSizeMixer	5296	7765	6	0.157895	0.0629424	
EventTimeScaler	27254	23265	1	0.0263158	2.50267	
RootPopulationSizeScaler0	12668	14311	1	0.0263158	0.460303	
LeafPopulationSizeScaler0	15589	11401	1	0.0263158	2.9511	
RootPopulationSizeScaler1	12564	14474	1	0.0263158	0.442046	
LeafPopulationSizeScaler1	14271	12752	1	0.0263158	1.73365	
RootPopulationSizeScaler2	12827	14132	1	0.0263158	0.458743	
LeafPopulationSizeScaler2	15164	11699	1	0.0263158	2.37592	
RootPopulationSizeScaler3	12626	14394	1	0.0263158	0.463166	
LeafPopulationSizeScaler3	14836	12177	1	0.0263158	2.37007	
RootPopulationSizeScaler4	12783	14268	1	0.0263158	0.448278	
LeafPopulationSizeScaler4	15846	11126	1	0.0263158	1.77752	
RootPopulationSizeScaler5	12677	14342	1	0.0263158	0.449148	
LeafPopulationSizeScaler5	15973	10974	1	0.0263158	2.01118	
generation 90000:
name	number_accepted	number_rejected	weight	weight_prob	tuning_parameter
DirichletProcessGibbsSampler	23945	0	10	0.263158	none	
ConcentrationScaler	3300	3751	3	0.0789474	2.93274	
TimeSizeRateMixer	6571	8076	6	0.157895	0.201906	
TimeRootSizeMixer	5918	8694	6	0.157895	0.0626777	
EventTimeScaler	30548	26324	1	0.0263158	2.52506	
RootPopulationSizeScaler0	14184	16139	1	0.0263158	0.461252	
LeafPopulationSizeScaler0	17361	12941	1	0.0263158	2.98236	
RootPopulationSizeScaler1	14089	16273	1	0.0263158	0.44307	
LeafPopulationSizeScaler1	15894	14461	1	0.0263158	1.74419	
RootPopulationSizeScaler2	14411	15892	1	0.0263158	0.460332	
LeafPopulationSizeScaler2	16924	13309	1	0.0263158	2.39889	
RootPopulationSizeScaler3	14146	16208	1	0.0263158	0.464405	
LeafPopulationSizeScaler3	16507	13821	1	0.0263158	2.3878	
RootPopulationSizeScaler4	14297	16085	1	0.0263158	0.44934	
LeafPopulationSizeScaler4	17615	12691	1	0.0263158	1.79775	
RootPopulationSizeScaler5	14265	16090	1	0.0263158	0.450964	
LeafPopulationSizeScaler5	17802	12496	1	0.0263158	2.03763	
generation 100000:
name	number_accepted	number_rejected	weight	weight_prob	tuning_parameter
DirichletProcessGibbsSampler	26653	0	10	0.263158	none	
ConcentrationScaler	3675	4163	3	0.0789474	2.94239	
TimeSizeRateMixer	7325	8953	6	0.157895	0.20223	
TimeRootSizeMixer	6633	9726	6	0.157895	0.0624475	
EventTimeScaler	33864	29548	1	0.0263158	2.54216	
RootPopulationSizeScaler0	15768	17975	1	0.0263158	0.462452	
LeafPopulationSizeScaler0	19163	14528	1	0.0263158	3.00961	
RootPopulationSizeScaler1	15717	18053	1	0.0263158	0.444406	
LeafPopulationSizeScaler1	17584	16190	1	0.0263158	1.75418	
RootPopulationSizeScaler2	15952	17755	1	0.0263158	0.46131	
LeafPopulationSizeScaler2	18685	14950	1	0.0263158	2.41922	
RootPopulationSizeScaler3	15660	18126	1	0.0263158	0.464612	
LeafPopulationSizeScaler3	18242	15517	1	0.0263158	2.40426	
RootPopulationSizeScaler4	15864	17897	1	0.0263158	0.450382	
LeafPopulationSizeScaler4	19449	14295	1	0.0263158	1.81533	
RootPopulationSizeScaler5	15817	17928	1	0.0263158	0.451737	
LeafPopulationSizeScaler5	19636	14051	1	0.0263158	2.05952	
