generation 10000:
name	number_accepted	number_rejected	weight	weight_prob	tuning_parameter
DirichletProcessGibbsSampler	2569	0	10	0.263158	none	
ConcentrationScaler	434	404	3	0.0789474	2.50163	
TimeSizeRateMixer	1064	1105	6	0.157895	0.240878	
TimeRootSizeMixer	1231	970	6	0.157895	0.142206	
EventTimeScaler	4700	3609	1	0.0263158	1.2515	
RootPopulationSizeScaler0	1745	1616	1	0.0263158	0.416287	
LeafPopulationSizeScaler0	2126	1251	1	0.0263158	1.73766	
RootPopulationSizeScaler1	1785	1592	1	0.0263158	0.440978	
LeafPopulationSizeScaler1	2326	1044	1	0.0263158	1.66437	
RootPopulationSizeScaler2	1841	1509	1	0.0263158	0.393582	
LeafPopulationSizeScaler2	2184	1213	1	0.0263158	1.68974	
RootPopulationSizeScaler3	1767	1643	1	0.0263158	0.428964	
LeafPopulationSizeScaler3	2256	1130	1	0.0263158	1.61985	
RootPopulationSizeScaler4	1663	1734	1	0.0263158	0.465199	
LeafPopulationSizeScaler4	2167	1230	1	0.0263158	1.89304	
RootPopulationSizeScaler5	1748	1639	1	0.0263158	0.422029	
LeafPopulationSizeScaler5	2303	1089	1	0.0263158	1.99976	
generation 20000:
name	number_accepted	number_rejected	weight	weight_prob	tuning_parameter
DirichletProcessGibbsSampler	5150	0	10	0.263158	none	
ConcentrationScaler	786	794	3	0.0789474	2.55285	
TimeSizeRateMixer	2075	2268	6	0.157895	0.243673	
TimeRootSizeMixer	2383	2021	6	0.157895	0.151223	
EventTimeScaler	9110	7596	1	0.0263158	1.33162	
RootPopulationSizeScaler0	3402	3352	1	0.0263158	0.430764	
LeafPopulationSizeScaler0	4014	2775	1	0.0263158	1.89062	
RootPopulationSizeScaler1	3427	3367	1	0.0263158	0.4527	
LeafPopulationSizeScaler1	4389	2379	1	0.0263158	1.86765	
RootPopulationSizeScaler2	3585	3161	1	0.0263158	0.415379	
LeafPopulationSizeScaler2	4143	2662	1	0.0263158	1.86599	
RootPopulationSizeScaler3	3423	3389	1	0.0263158	0.443263	
LeafPopulationSizeScaler3	4229	2554	1	0.0263158	1.78898	
RootPopulationSizeScaler4	3225	3565	1	0.0263158	0.472958	
LeafPopulationSizeScaler4	4065	2753	1	0.0263158	2.05223	
RootPopulationSizeScaler5	3368	3410	1	0.0263158	0.434225	
LeafPopulationSizeScaler5	4283	2485	1	0.0263158	2.22566	
generation 30000:
name	number_accepted	number_rejected	weight	weight_prob	tuning_parameter
DirichletProcessGibbsSampler	7822	0	10	0.263158	none	
ConcentrationScaler	1153	1206	3	0.0789474	2.61147	
TimeSizeRateMixer	3034	3406	6	0.157895	0.245108	
TimeRootSizeMixer	3375	3067	6	0.157895	0.153909	
EventTimeScaler	13168	11690	1	0.0263158	1.36534	
RootPopulationSizeScaler0	4993	5091	1	0.0263158	0.437317	
LeafPopulationSizeScaler0	5816	4305	1	0.0263158	1.97323	
RootPopulationSizeScaler1	4966	5155	1	0.0263158	0.456892	
LeafPopulationSizeScaler1	6298	3790	1	0.0263158	1.97319	
RootPopulationSizeScaler2	5224	4855	1	0.0263158	0.423234	
LeafPopulationSizeScaler2	5981	4163	1	0.0263158	1.94993	
RootPopulationSizeScaler3	5002	5142	1	0.0263158	0.449091	
LeafPopulationSizeScaler3	6083	3992	1	0.0263158	1.87588	
RootPopulationSizeScaler4	4718	5374	1	0.0263158	0.475487	
LeafPopulationSizeScaler4	5886	4254	1	0.0263158	2.15014	
RootPopulationSizeScaler5	5022	5100	1	0.0263158	0.442941	
LeafPopulationSizeScaler5	6189	3902	1	0.0263158	2.3548	
generation 40000:
name	number_accepted	number_rejected	weight	weight_prob	tuning_parameter
DirichletProcessGibbsSampler	10421	0	10	0.263158	none	
ConcentrationScaler	1539	1620	3	0.0789474	2.64741	
TimeSizeRateMixer	4169	4643	6	0.157895	0.247781	
TimeRootSizeMixer	4616	4184	6	0.157895	0.158571	
EventTimeScaler	17787	15970	1	0.0263158	1.3976	
RootPopulationSizeScaler0	6638	6924	1	0.0263158	0.442345	
LeafPopulationSizeScaler0	7693	5931	1	0.0263158	2.02533	
RootPopulationSizeScaler1	6547	7071	1	0.0263158	0.459503	
LeafPopulationSizeScaler1	8285	5274	1	0.0263158	2.04788	
RootPopulationSizeScaler2	6921	6642	1	0.0263158	0.429279	
LeafPopulationSizeScaler2	7824	5810	1	0.0263158	2.00332	
RootPopulationSizeScaler3	6653	6979	1	0.0263158	0.453128	
LeafPopulationSizeScaler3	7969	5609	1	0.0263158	1.93456	
RootPopulationSizeScaler4	6309	7260	1	0.0263158	0.47745	
LeafPopulationSizeScaler4	7772	5859	1	0.0263158	2.20959	
RootPopulationSizeScaler5	6666	6951	1	0.0263158	0.44764	
LeafPopulationSizeScaler5	8174	5394	1	0.0263158	2.45094	
generation 50000:
name	number_accepted	number_rejected	weight	weight_prob	tuning_parameter
DirichletProcessGibbsSampler	13077	0	10	0.263158	none	
ConcentrationScaler	1913	2041	3	0.0789474	2.66759	
TimeSizeRateMixer	5081	5831	6	0.157895	0.247524	
TimeRootSizeMixer	5666	5251	6	0.157895	0.160376	
EventTimeScaler	21801	20114	1	0.0263158	1.41432	
RootPopulationSizeScaler0	8250	8707	1	0.0263158	0.446186	
LeafPopulationSizeScaler0	9410	7600	1	0.0263158	2.05735	
RootPopulationSizeScaler1	8087	8932	1	0.0263158	0.461073	
LeafPopulationSizeScaler1	10105	6816	1	0.0263158	2.09669	
RootPopulationSizeScaler2	8559	8372	1	0.0263158	0.433216	
LeafPopulationSizeScaler2	9617	7388	1	0.0263158	2.04589	
RootPopulationSizeScaler3	8209	8786	1	0.0263158	0.455598	
LeafPopulationSizeScaler3	9788	7173	1	0.0263158	1.9777	
RootPopulationSizeScaler4	7839	9125	1	0.0263158	0.478151	
LeafPopulationSizeScaler4	9538	7528	1	0.0263158	2.25225	
RootPopulationSizeScaler5	8225	8780	1	0.0263158	0.450125	
LeafPopulationSizeScaler5	10030	6915	1	0.0263158	2.51205	
generation 60000:
name	number_accepted	number_rejected	weight	weight_prob	tuning_parameter
DirichletProcessGibbsSampler	15710	0	10	0.263158	none	
ConcentrationScaler	2274	2444	3	0.0789474	2.67898	
TimeSizeRateMixer	6164	7135	6	0.157895	0.248182	
TimeRootSizeMixer	6883	6336	6	0.157895	0.162999	
EventTimeScaler	26357	24570	1	0.0263158	1.43211	
RootPopulationSizeScaler0	9836	10510	1	0.0263158	0.448641	
LeafPopulationSizeScaler0	11179	9234	1	0.0263158	2.08738	
RootPopulationSizeScaler1	9677	10741	1	0.0263158	0.463823	
LeafPopulationSizeScaler1	11894	8427	1	0.0263158	2.13385	
RootPopulationSizeScaler2	10244	10110	1	0.0263158	0.436699	
LeafPopulationSizeScaler2	11378	9058	1	0.0263158	2.07557	
RootPopulationSizeScaler3	9794	10628	1	0.0263158	0.458059	
LeafPopulationSizeScaler3	11578	8787	1	0.0263158	2.01139	
RootPopulationSizeScaler4	9323	11038	1	0.0263158	0.478344	
LeafPopulationSizeScaler4	11332	9120	1	0.0263158	2.28573	
RootPopulationSizeScaler5	9849	10567	1	0.0263158	0.453159	
LeafPopulationSizeScaler5	11838	8494	1	0.0263158	2.55662	
generation 70000:
name	number_accepted	number_rejected	weight	weight_prob	tuning_parameter
DirichletProcessGibbsSampler	18312	0	10	0.263158	none	
ConcentrationScaler	2632	2872	3	0.0789474	2.69066	
TimeSizeRateMixer	7175	8323	6	0.157895	0.248514	
TimeRootSizeMixer	8022	7464	6	0.157895	0.164565	
EventTimeScaler	30524	28938	1	0.0263158	1.44344	
RootPopulationSizeScaler0	11478	12287	1	0.0263158	0.451037	
LeafPopulationSizeScaler0	12896	10912	1	0.0263158	2.10988	
RootPopulationSizeScaler1	11225	12609	1	0.0263158	0.465049	
LeafPopulationSizeScaler1	13696	10038	1	0.0263158	2.16341	
RootPopulationSizeScaler2	11874	11875	1	0.0263158	0.439142	
LeafPopulationSizeScaler2	13157	10698	1	0.0263158	2.10161	
RootPopulationSizeScaler3	11382	12454	1	0.0263158	0.45976	
LeafPopulationSizeScaler3	13424	10346	1	0.0263158	2.0414	
RootPopulationSizeScaler4	10858	12920	1	0.0263158	0.479188	
LeafPopulationSizeScaler4	13023	10816	1	0.0263158	2.30958	
RootPopulationSizeScaler5	11420	12403	1	0.0263158	0.454595	
LeafPopulationSizeScaler5	13576	10164	1	0.0263158	2.58988	
generation 80000:
name	number_accepted	number_rejected	weight	weight_prob	tuning_parameter
DirichletProcessGibbsSampler	20912	0	10	0.263158	none	
ConcentrationScaler	3007	3291	3	0.0789474	2.70085	
TimeSizeRateMixer	8132	9566	6	0.157895	0.248549	
TimeRootSizeMixer	9095	8585	6	0.157895	0.165363	
EventTimeScaler	34592	33348	1	0.0263158	1.45138	
RootPopulationSizeScaler0	13078	14161	1	0.0263158	0.452536	
LeafPopulationSizeScaler0	14619	12651	1	0.0263158	2.12588	
RootPopulationSizeScaler1	12821	14443	1	0.0263158	0.466883	
LeafPopulationSizeScaler1	15493	11673	1	0.0263158	2.18882	
RootPopulationSizeScaler2	13460	13731	1	0.0263158	0.441018	
LeafPopulationSizeScaler2	14899	12402	1	0.0263158	2.12066	
RootPopulationSizeScaler3	12927	14353	1	0.0263158	0.460607	
LeafPopulationSizeScaler3	15278	11946	1	0.0263158	2.06586	
RootPopulationSizeScaler4	12390	14831	1	0.0263158	0.479887	
LeafPopulationSizeScaler4	14772	12508	1	0.0263158	2.32999	
RootPopulationSizeScaler5	13088	14185	1	0.0263158	0.457253	
LeafPopulationSizeScaler5	15389	11789	1	0.0263158	2.6194	
generation 90000:
name	number_accepted	number_rejected	weight	weight_prob	tuning_parameter
DirichletProcessGibbsSampler	23507	0	10	0.263158	none	
ConcentrationScaler	3349	3687	3	0.0789474	2.70844	
TimeSizeRateMixer	9111	10837	6	0.157895	0.248542	
TimeRootSizeMixer	10122	9725	6	0.157895	0.166113	
EventTimeScaler	38732	37669	1	0.0263158	1.4601	
RootPopulationSizeScaler0	14634	16017	1	0.0263158	0.453663	
LeafPopulationSizeScaler0	16374	14307	1	0.0263158	2.14365	
RootPopulationSizeScaler1	14388	16273	1	0.0263158	0.468089	
LeafPopulationSizeScaler1	17324	13257	1	0.0263158	2.21251	
RootPopulationSizeScaler2	15109	15501	1	0.0263158	0.442872	
LeafPopulationSizeScaler2	16646	14097	1	0.0263158	2.13945	
RootPopulationSizeScaler3	14521	16172	1	0.0263158	0.461974	
LeafPopulationSizeScaler3	17055	13585	1	0.0263158	2.08726	
RootPopulationSizeScaler4	13852	16774	1	0.0263158	0.479613	
LeafPopulationSizeScaler4	16465	14220	1	0.0263158	2.34728	
RootPopulationSizeScaler5	14648	16056	1	0.0263158	0.458215	
LeafPopulationSizeScaler5	17156	13450	1	0.0263158	2.644	
generation 100000:
name	number_accepted	number_rejected	weight	weight_prob	tuning_parameter
DirichletProcessGibbsSampler	26064	0	10	0.263158	none	
ConcentrationScaler	3711	4116	3	0.0789474	2.7123	
TimeSizeRateMixer	10062	11992	6	0.157895	0.248779	
TimeRootSizeMixer	11158	10828	6	0.157895	0.166891	
EventTimeScaler	42748	41868	1	0.0263158	1.4674	
RootPopulationSizeScaler0	16232	17858	1	0.0263158	0.454989	
LeafPopulationSizeScaler0	18093	15990	1	0.0263158	2.15747	
RootPopulationSizeScaler1	15941	18188	1	0.0263158	0.468413	
LeafPopulationSizeScaler1	19095	14924	1	0.0263158	2.23143	
RootPopulationSizeScaler2	16756	17299	1	0.0263158	0.444335	
LeafPopulationSizeScaler2	18430	15730	1	0.0263158	2.15724	
RootPopulationSizeScaler3	16093	18025	1	0.0263158	0.46304	
LeafPopulationSizeScaler3	18839	15219	1	0.0263158	2.10557	
RootPopulationSizeScaler4	15358	18693	1	0.0263158	0.479998	
LeafPopulationSizeScaler4	18162	15961	1	0.0263158	2.36092	
RootPopulationSizeScaler5	16195	17957	1	0.0263158	0.458905	
LeafPopulationSizeScaler5	18911	15099	1	0.0263158	2.66518	
