generation 10000:
name	number_accepted	number_rejected	weight	weight_prob	tuning_parameter
DirichletProcessGibbsSampler	2653	0	10	0.263158	none	
ConcentrationScaler	365	391	3	0.0789474	2.86188	
TimeSizeRateMixer	883	947	6	0.157895	0.201727	
TimeRootSizeMixer	915	866	6	0.157895	0.129316	
EventTimeScaler	4060	2823	1	0.0263158	1.69691	
RootPopulationSizeScaler0	1940	1539	1	0.0263158	0.397836	
LeafPopulationSizeScaler0	2414	1039	1	0.0263158	1.99891	
RootPopulationSizeScaler1	1732	1737	1	0.0263158	0.434846	
LeafPopulationSizeScaler1	2381	1079	1	0.0263158	1.74695	
RootPopulationSizeScaler2	1695	1745	1	0.0263158	0.453877	
LeafPopulationSizeScaler2	2356	1107	1	0.0263158	1.86864	
RootPopulationSizeScaler3	1687	1768	1	0.0263158	0.439693	
LeafPopulationSizeScaler3	2396	1069	1	0.0263158	1.60204	
RootPopulationSizeScaler4	1776	1700	1	0.0263158	0.431178	
LeafPopulationSizeScaler4	2349	1116	1	0.0263158	1.72672	
RootPopulationSizeScaler5	1920	1532	1	0.0263158	0.397504	
LeafPopulationSizeScaler5	2145	1286	1	0.0263158	1.76114	
generation 20000:
name	number_accepted	number_rejected	weight	weight_prob	tuning_parameter
DirichletProcessGibbsSampler	5269	0	10	0.263158	none	
ConcentrationScaler	752	806	3	0.0789474	2.9198	
TimeSizeRateMixer	1660	1873	6	0.157895	0.204229	
TimeRootSizeMixer	1740	1795	6	0.157895	0.131358	
EventTimeScaler	7488	6043	1	0.0263158	1.79046	
RootPopulationSizeScaler0	3640	3242	1	0.0263158	0.412504	
LeafPopulationSizeScaler0	4427	2428	1	0.0263158	2.24164	
RootPopulationSizeScaler1	3307	3565	1	0.0263158	0.440969	
LeafPopulationSizeScaler1	4402	2443	1	0.0263158	1.94804	
RootPopulationSizeScaler2	3259	3569	1	0.0263158	0.461452	
LeafPopulationSizeScaler2	4397	2479	1	0.0263158	2.09139	
RootPopulationSizeScaler3	3243	3612	1	0.0263158	0.449472	
LeafPopulationSizeScaler3	4447	2417	1	0.0263158	1.79489	
RootPopulationSizeScaler4	3401	3483	1	0.0263158	0.441975	
LeafPopulationSizeScaler4	4325	2534	1	0.0263158	1.91217	
RootPopulationSizeScaler5	3598	3228	1	0.0263158	0.416078	
LeafPopulationSizeScaler5	4014	2836	1	0.0263158	1.89162	
generation 30000:
name	number_accepted	number_rejected	weight	weight_prob	tuning_parameter
DirichletProcessGibbsSampler	7854	0	10	0.263158	none	
ConcentrationScaler	1126	1231	3	0.0789474	2.96439	
TimeSizeRateMixer	2475	2811	6	0.157895	0.206935	
TimeRootSizeMixer	2556	2686	6	0.157895	0.133155	
EventTimeScaler	10858	9307	1	0.0263158	1.83554	
RootPopulationSizeScaler0	5362	4970	1	0.0263158	0.421808	
LeafPopulationSizeScaler0	6434	3844	1	0.0263158	2.37849	
RootPopulationSizeScaler1	4927	5368	1	0.0263158	0.446738	
LeafPopulationSizeScaler1	6364	3897	1	0.0263158	2.05203	
RootPopulationSizeScaler2	4782	5463	1	0.0263158	0.461933	
LeafPopulationSizeScaler2	6402	3886	1	0.0263158	2.21654	
RootPopulationSizeScaler3	4807	5445	1	0.0263158	0.453872	
LeafPopulationSizeScaler3	6396	3865	1	0.0263158	1.89981	
RootPopulationSizeScaler4	5006	5309	1	0.0263158	0.447742	
LeafPopulationSizeScaler4	6330	3965	1	0.0263158	2.02351	
RootPopulationSizeScaler5	5292	4956	1	0.0263158	0.425272	
LeafPopulationSizeScaler5	5862	4435	1	0.0263158	1.9713	
generation 40000:
name	number_accepted	number_rejected	weight	weight_prob	tuning_parameter
DirichletProcessGibbsSampler	10479	0	10	0.263158	none	
ConcentrationScaler	1488	1699	3	0.0789474	2.9619	
TimeSizeRateMixer	3254	3690	6	0.157895	0.208369	
TimeRootSizeMixer	3438	3585	6	0.157895	0.135191	
EventTimeScaler	14154	12645	1	0.0263158	1.86603	
RootPopulationSizeScaler0	7081	6627	1	0.0263158	0.429668	
LeafPopulationSizeScaler0	8352	5281	1	0.0263158	2.46731	
RootPopulationSizeScaler1	6460	7216	1	0.0263158	0.449453	
LeafPopulationSizeScaler1	8250	5399	1	0.0263158	2.11602	
RootPopulationSizeScaler2	6328	7283	1	0.0263158	0.463503	
LeafPopulationSizeScaler2	8257	5404	1	0.0263158	2.28819	
RootPopulationSizeScaler3	6343	7297	1	0.0263158	0.456169	
LeafPopulationSizeScaler3	8288	5372	1	0.0263158	1.9674	
RootPopulationSizeScaler4	6528	7180	1	0.0263158	0.450344	
LeafPopulationSizeScaler4	8198	5488	1	0.0263158	2.09334	
RootPopulationSizeScaler5	6929	6714	1	0.0263158	0.430198	
LeafPopulationSizeScaler5	7618	6066	1	0.0263158	2.01724	
generation 50000:
name	number_accepted	number_rejected	weight	weight_prob	tuning_parameter
DirichletProcessGibbsSampler	13090	0	10	0.263158	none	
ConcentrationScaler	1832	2152	3	0.0789474	2.95954	
TimeSizeRateMixer	4069	4717	6	0.157895	0.208888	
TimeRootSizeMixer	4274	4547	6	0.157895	0.136058	
EventTimeScaler	17605	16065	1	0.0263158	1.89093	
RootPopulationSizeScaler0	8772	8377	1	0.0263158	0.43466	
LeafPopulationSizeScaler0	10291	6782	1	0.0263158	2.53663	
RootPopulationSizeScaler1	8057	9083	1	0.0263158	0.451618	
LeafPopulationSizeScaler1	10085	7017	1	0.0263158	2.16486	
RootPopulationSizeScaler2	7862	9195	1	0.0263158	0.463776	
LeafPopulationSizeScaler2	10172	6938	1	0.0263158	2.3464	
RootPopulationSizeScaler3	7973	9152	1	0.0263158	0.458143	
LeafPopulationSizeScaler3	10217	6881	1	0.0263158	2.01964	
RootPopulationSizeScaler4	8170	8991	1	0.0263158	0.453912	
LeafPopulationSizeScaler4	10040	7106	1	0.0263158	2.14054	
RootPopulationSizeScaler5	8631	8468	1	0.0263158	0.434915	
LeafPopulationSizeScaler5	9378	7745	1	0.0263158	2.05041	
generation 60000:
name	number_accepted	number_rejected	weight	weight_prob	tuning_parameter
DirichletProcessGibbsSampler	15810	0	10	0.263158	none	
ConcentrationScaler	2186	2599	3	0.0789474	2.96794	
TimeSizeRateMixer	4838	5653	6	0.157895	0.209281	
TimeRootSizeMixer	5041	5548	6	0.157895	0.136215	
EventTimeScaler	20836	19558	1	0.0263158	1.90567	
RootPopulationSizeScaler0	10367	10154	1	0.0263158	0.43792	
LeafPopulationSizeScaler0	12165	8320	1	0.0263158	2.58927	
RootPopulationSizeScaler1	9627	10897	1	0.0263158	0.453158	
LeafPopulationSizeScaler1	11871	8613	1	0.0263158	2.19947	
RootPopulationSizeScaler2	9421	11033	1	0.0263158	0.465321	
LeafPopulationSizeScaler2	12072	8432	1	0.0263158	2.39661	
RootPopulationSizeScaler3	9547	10992	1	0.0263158	0.46017	
LeafPopulationSizeScaler3	12088	8406	1	0.0263158	2.0594	
RootPopulationSizeScaler4	9752	10813	1	0.0263158	0.455613	
LeafPopulationSizeScaler4	11907	8630	1	0.0263158	2.18203	
RootPopulationSizeScaler5	10225	10263	1	0.0263158	0.437658	
LeafPopulationSizeScaler5	11112	9393	1	0.0263158	2.07957	
generation 70000:
name	number_accepted	number_rejected	weight	weight_prob	tuning_parameter
DirichletProcessGibbsSampler	18425	0	10	0.263158	none	
ConcentrationScaler	2509	3047	3	0.0789474	2.966	
TimeSizeRateMixer	5640	6599	6	0.157895	0.209826	
TimeRootSizeMixer	5842	6596	6	0.157895	0.136092	
EventTimeScaler	24195	23040	1	0.0263158	1.92197	
RootPopulationSizeScaler0	12007	11992	1	0.0263158	0.440307	
LeafPopulationSizeScaler0	14018	9923	1	0.0263158	2.63369	
RootPopulationSizeScaler1	11168	12842	1	0.0263158	0.453962	
LeafPopulationSizeScaler1	13689	10288	1	0.0263158	2.22595	
RootPopulationSizeScaler2	10968	12962	1	0.0263158	0.465867	
LeafPopulationSizeScaler2	13873	10103	1	0.0263158	2.4305	
RootPopulationSizeScaler3	11138	12858	1	0.0263158	0.461812	
LeafPopulationSizeScaler3	13949	10053	1	0.0263158	2.08888	
RootPopulationSizeScaler4	11343	12687	1	0.0263158	0.456898	
LeafPopulationSizeScaler4	13770	10237	1	0.0263158	2.21314	
RootPopulationSizeScaler5	11849	12113	1	0.0263158	0.439284	
LeafPopulationSizeScaler5	12928	11061	1	0.0263158	2.1045	
generation 80000:
name	number_accepted	number_rejected	weight	weight_prob	tuning_parameter
DirichletProcessGibbsSampler	21028	0	10	0.263158	none	
ConcentrationScaler	2856	3499	3	0.0789474	2.96656	
TimeSizeRateMixer	6432	7561	6	0.157895	0.210215	
TimeRootSizeMixer	6676	7596	6	0.157895	0.136558	
EventTimeScaler	27451	26532	1	0.0263158	1.93246	
RootPopulationSizeScaler0	13713	13794	1	0.0263158	0.443316	
LeafPopulationSizeScaler0	15995	11461	1	0.0263158	2.67614	
RootPopulationSizeScaler1	12756	14723	1	0.0263158	0.455151	
LeafPopulationSizeScaler1	15502	12003	1	0.0263158	2.24975	
RootPopulationSizeScaler2	12531	14887	1	0.0263158	0.466129	
LeafPopulationSizeScaler2	15777	11701	1	0.0263158	2.46404	
RootPopulationSizeScaler3	12742	14761	1	0.0263158	0.46321	
LeafPopulationSizeScaler3	15847	11684	1	0.0263158	2.11676	
RootPopulationSizeScaler4	12972	14566	1	0.0263158	0.458275	
LeafPopulationSizeScaler4	15616	11928	1	0.0263158	2.23829	
RootPopulationSizeScaler5	13541	13942	1	0.0263158	0.441506	
LeafPopulationSizeScaler5	14737	12764	1	0.0263158	2.12517	
generation 90000:
name	number_accepted	number_rejected	weight	weight_prob	tuning_parameter
DirichletProcessGibbsSampler	23678	0	10	0.263158	none	
ConcentrationScaler	3208	3952	3	0.0789474	2.96385	
TimeSizeRateMixer	7229	8523	6	0.157895	0.210396	
TimeRootSizeMixer	7540	8499	6	0.157895	0.137123	
EventTimeScaler	30727	29995	1	0.0263158	1.94397	
RootPopulationSizeScaler0	15353	15604	1	0.0263158	0.445369	
LeafPopulationSizeScaler0	17851	13061	1	0.0263158	2.7081	
RootPopulationSizeScaler1	14309	16650	1	0.0263158	0.455775	
LeafPopulationSizeScaler1	17321	13625	1	0.0263158	2.27265	
RootPopulationSizeScaler2	14124	16739	1	0.0263158	0.46739	
LeafPopulationSizeScaler2	17642	13301	1	0.0263158	2.49341	
RootPopulationSizeScaler3	14400	16579	1	0.0263158	0.464864	
LeafPopulationSizeScaler3	17649	13339	1	0.0263158	2.13749	
RootPopulationSizeScaler4	14547	16438	1	0.0263158	0.459658	
LeafPopulationSizeScaler4	17383	13615	1	0.0263158	2.25734	
RootPopulationSizeScaler5	15168	15754	1	0.0263158	0.443183	
LeafPopulationSizeScaler5	16486	14462	1	0.0263158	2.14083	
generation 100000:
name	number_accepted	number_rejected	weight	weight_prob	tuning_parameter
DirichletProcessGibbsSampler	26306	0	10	0.263158	none	
ConcentrationScaler	3578	4357	3	0.0789474	2.97099	
TimeSizeRateMixer	8027	9423	6	0.157895	0.210798	
TimeRootSizeMixer	8383	9446	6	0.157895	0.137481	
EventTimeScaler	33905	33522	1	0.0263158	1.95103	
RootPopulationSizeScaler0	16966	17393	1	0.0263158	0.446739	
LeafPopulationSizeScaler0	19678	14639	1	0.0263158	2.7356	
RootPopulationSizeScaler1	15880	18503	1	0.0263158	0.456593	
LeafPopulationSizeScaler1	19067	15306	1	0.0263158	2.28944	
RootPopulationSizeScaler2	15641	18616	1	0.0263158	0.467551	
LeafPopulationSizeScaler2	19471	14896	1	0.0263158	2.51844	
RootPopulationSizeScaler3	15924	18496	1	0.0263158	0.465287	
LeafPopulationSizeScaler3	19436	14973	1	0.0263158	2.15732	
RootPopulationSizeScaler4	16096	18306	1	0.0263158	0.460735	
LeafPopulationSizeScaler4	19103	15340	1	0.0263158	2.27225	
RootPopulationSizeScaler5	16760	17562	1	0.0263158	0.444892	
LeafPopulationSizeScaler5	18200	16187	1	0.0263158	2.15352	
