generation 10000:
name	number_accepted	number_rejected	weight	weight_prob	tuning_parameter
DirichletProcessGibbsSampler	2674	0	10	0.263158	none	
ConcentrationScaler	384	389	3	0.0789474	2.56567	
TimeSizeRateMixer	765	841	6	0.157895	0.194433	
TimeRootSizeMixer	530	1076	6	0.157895	0.0213188	
EventTimeScaler	4092	2192	1	0.0263158	2.47698	
RootPopulationSizeScaler0	1683	1653	1	0.0263158	0.451596	
LeafPopulationSizeScaler0	2148	1193	1	0.0263158	1.72305	
RootPopulationSizeScaler1	1730	1597	1	0.0263158	0.422016	
LeafPopulationSizeScaler1	2285	1041	1	0.0263158	1.93602	
RootPopulationSizeScaler2	1687	1639	1	0.0263158	0.437234	
LeafPopulationSizeScaler2	2223	1083	1	0.0263158	2.14927	
RootPopulationSizeScaler3	1689	1653	1	0.0263158	0.434596	
LeafPopulationSizeScaler3	2117	1238	1	0.0263158	1.61399	
RootPopulationSizeScaler4	1655	1675	1	0.0263158	0.446298	
LeafPopulationSizeScaler4	2386	929	1	0.0263158	1.40988	
RootPopulationSizeScaler5	1726	1617	1	0.0263158	0.42614	
LeafPopulationSizeScaler5	2482	839	1	0.0263158	1.58815	
generation 20000:
name	number_accepted	number_rejected	weight	weight_prob	tuning_parameter
DirichletProcessGibbsSampler	5224	0	10	0.263158	none	
ConcentrationScaler	764	782	3	0.0789474	2.66113	
TimeSizeRateMixer	1478	1749	6	0.157895	0.194362	
TimeRootSizeMixer	1098	2128	6	0.157895	0.0199942	
EventTimeScaler	7620	4810	1	0.0263158	2.72525	
RootPopulationSizeScaler0	3228	3548	1	0.0263158	0.455177	
LeafPopulationSizeScaler0	4056	2722	1	0.0263158	1.88709	
RootPopulationSizeScaler1	3367	3398	1	0.0263158	0.436027	
LeafPopulationSizeScaler1	4313	2431	1	0.0263158	2.157	
RootPopulationSizeScaler2	3372	3414	1	0.0263158	0.451642	
LeafPopulationSizeScaler2	4279	2447	1	0.0263158	2.40166	
RootPopulationSizeScaler3	3297	3477	1	0.0263158	0.445688	
LeafPopulationSizeScaler3	4031	2759	1	0.0263158	1.76952	
RootPopulationSizeScaler4	3225	3525	1	0.0263158	0.454287	
LeafPopulationSizeScaler4	4562	2183	1	0.0263158	1.61738	
RootPopulationSizeScaler5	3398	3374	1	0.0263158	0.439118	
LeafPopulationSizeScaler5	4610	2111	1	0.0263158	1.82717	
generation 30000:
name	number_accepted	number_rejected	weight	weight_prob	tuning_parameter
DirichletProcessGibbsSampler	7800	0	10	0.263158	none	
ConcentrationScaler	1143	1182	3	0.0789474	2.70376	
TimeSizeRateMixer	2202	2644	6	0.157895	0.19482	
TimeRootSizeMixer	1736	3131	6	0.157895	0.0195232	
EventTimeScaler	10978	7649	1	0.0263158	2.84126	
RootPopulationSizeScaler0	4759	5471	1	0.0263158	0.455892	
LeafPopulationSizeScaler0	5914	4308	1	0.0263158	1.96384	
RootPopulationSizeScaler1	5019	5209	1	0.0263158	0.443601	
LeafPopulationSizeScaler1	6259	3902	1	0.0263158	2.27504	
RootPopulationSizeScaler2	5008	5228	1	0.0263158	0.457617	
LeafPopulationSizeScaler2	6167	3991	1	0.0263158	2.51091	
RootPopulationSizeScaler3	4821	5391	1	0.0263158	0.448269	
LeafPopulationSizeScaler3	5867	4350	1	0.0263158	1.84366	
RootPopulationSizeScaler4	4763	5403	1	0.0263158	0.458491	
LeafPopulationSizeScaler4	6613	3569	1	0.0263158	1.7323	
RootPopulationSizeScaler5	5016	5203	1	0.0263158	0.44598	
LeafPopulationSizeScaler5	6662	3506	1	0.0263158	1.95393	
generation 40000:
name	number_accepted	number_rejected	weight	weight_prob	tuning_parameter
DirichletProcessGibbsSampler	10442	0	10	0.263158	none	
ConcentrationScaler	1552	1590	3	0.0789474	2.74479	
TimeSizeRateMixer	2963	3505	6	0.157895	0.195888	
TimeRootSizeMixer	2308	4120	6	0.157895	0.0191452	
EventTimeScaler	14277	10532	1	0.0263158	2.92023	
RootPopulationSizeScaler0	6265	7304	1	0.0263158	0.457453	
LeafPopulationSizeScaler0	7694	5883	1	0.0263158	2.01482	
RootPopulationSizeScaler1	6624	6977	1	0.0263158	0.448183	
LeafPopulationSizeScaler1	8058	5439	1	0.0263158	2.34348	
RootPopulationSizeScaler2	6549	7009	1	0.0263158	0.460991	
LeafPopulationSizeScaler2	7968	5555	1	0.0263158	2.58685	
RootPopulationSizeScaler3	6362	7207	1	0.0263158	0.451362	
LeafPopulationSizeScaler3	7630	5958	1	0.0263158	1.88893	
RootPopulationSizeScaler4	6289	7215	1	0.0263158	0.460197	
LeafPopulationSizeScaler4	8565	4961	1	0.0263158	1.80631	
RootPopulationSizeScaler5	6609	6965	1	0.0263158	0.449451	
LeafPopulationSizeScaler5	8702	4831	1	0.0263158	2.04625	
generation 50000:
name	number_accepted	number_rejected	weight	weight_prob	tuning_parameter
DirichletProcessGibbsSampler	13130	0	10	0.263158	none	
ConcentrationScaler	1943	1996	3	0.0789474	2.77021	
TimeSizeRateMixer	3666	4380	6	0.157895	0.196375	
TimeRootSizeMixer	2886	5139	6	0.157895	0.0188028	
EventTimeScaler	17475	13550	1	0.0263158	2.97055	
RootPopulationSizeScaler0	7829	9100	1	0.0263158	0.45973	
LeafPopulationSizeScaler0	9461	7469	1	0.0263158	2.05465	
RootPopulationSizeScaler1	8240	8716	1	0.0263158	0.451666	
LeafPopulationSizeScaler1	9841	7015	1	0.0263158	2.39556	
RootPopulationSizeScaler2	8079	8841	1	0.0263158	0.462757	
LeafPopulationSizeScaler2	9725	7154	1	0.0263158	2.63773	
RootPopulationSizeScaler3	7891	9050	1	0.0263158	0.453352	
LeafPopulationSizeScaler3	9381	7570	1	0.0263158	1.92472	
RootPopulationSizeScaler4	7842	9016	1	0.0263158	0.462283	
LeafPopulationSizeScaler4	10519	6368	1	0.0263158	1.8641	
RootPopulationSizeScaler5	8172	8754	1	0.0263158	0.451567	
LeafPopulationSizeScaler5	10678	6223	1	0.0263158	2.11362	
generation 60000:
name	number_accepted	number_rejected	weight	weight_prob	tuning_parameter
DirichletProcessGibbsSampler	15729	0	10	0.263158	none	
ConcentrationScaler	2333	2415	3	0.0789474	2.7855	
TimeSizeRateMixer	4435	5294	6	0.157895	0.196981	
TimeRootSizeMixer	3506	6118	6	0.157895	0.0186104	
EventTimeScaler	20756	16495	1	0.0263158	3.01406	
RootPopulationSizeScaler0	9425	10957	1	0.0263158	0.461376	
LeafPopulationSizeScaler0	11327	9063	1	0.0263158	2.08781	
RootPopulationSizeScaler1	9811	10592	1	0.0263158	0.453307	
LeafPopulationSizeScaler1	11744	8552	1	0.0263158	2.44443	
RootPopulationSizeScaler2	9696	10658	1	0.0263158	0.46571	
LeafPopulationSizeScaler2	11550	8781	1	0.0263158	2.68179	
RootPopulationSizeScaler3	9441	10970	1	0.0263158	0.453977	
LeafPopulationSizeScaler3	11177	9218	1	0.0263158	1.95492	
RootPopulationSizeScaler4	9441	10890	1	0.0263158	0.46372	
LeafPopulationSizeScaler4	12492	7824	1	0.0263158	1.91068	
RootPopulationSizeScaler5	9770	10610	1	0.0263158	0.453681	
LeafPopulationSizeScaler5	12647	7701	1	0.0263158	2.16401	
generation 70000:
name	number_accepted	number_rejected	weight	weight_prob	tuning_parameter
DirichletProcessGibbsSampler	18378	0	10	0.263158	none	
ConcentrationScaler	2717	2809	3	0.0789474	2.80948	
TimeSizeRateMixer	5166	6146	6	0.157895	0.197707	
TimeRootSizeMixer	4184	7106	6	0.157895	0.0185059	
EventTimeScaler	24018	19512	1	0.0263158	3.05038	
RootPopulationSizeScaler0	10934	12870	1	0.0263158	0.462092	
LeafPopulationSizeScaler0	13116	10649	1	0.0263158	2.11467	
RootPopulationSizeScaler1	11419	12411	1	0.0263158	0.45533	
LeafPopulationSizeScaler1	13566	10142	1	0.0263158	2.48218	
RootPopulationSizeScaler2	11266	12498	1	0.0263158	0.466963	
LeafPopulationSizeScaler2	13293	10441	1	0.0263158	2.71487	
RootPopulationSizeScaler3	10960	12838	1	0.0263158	0.45497	
LeafPopulationSizeScaler3	12922	10909	1	0.0263158	1.97564	
RootPopulationSizeScaler4	11031	12707	1	0.0263158	0.465021	
LeafPopulationSizeScaler4	14393	9343	1	0.0263158	1.9465	
RootPopulationSizeScaler5	11366	12417	1	0.0263158	0.455785	
LeafPopulationSizeScaler5	14570	9178	1	0.0263158	2.2066	
generation 80000:
name	number_accepted	number_rejected	weight	weight_prob	tuning_parameter
DirichletProcessGibbsSampler	21045	0	10	0.263158	none	
ConcentrationScaler	3047	3227	3	0.0789474	2.8096	
TimeSizeRateMixer	5898	6997	6	0.157895	0.198091	
TimeRootSizeMixer	4823	8132	6	0.157895	0.0183799	
EventTimeScaler	27257	22519	1	0.0263158	3.08277	
RootPopulationSizeScaler0	12505	14722	1	0.0263158	0.463049	
LeafPopulationSizeScaler0	14949	12247	1	0.0263158	2.14007	
RootPopulationSizeScaler1	13050	14199	1	0.0263158	0.457135	
LeafPopulationSizeScaler1	15394	11720	1	0.0263158	2.51401	
RootPopulationSizeScaler2	12833	14342	1	0.0263158	0.467954	
LeafPopulationSizeScaler2	15049	12105	1	0.0263158	2.74307	
RootPopulationSizeScaler3	12501	14674	1	0.0263158	0.456089	
LeafPopulationSizeScaler3	14692	12534	1	0.0263158	1.99723	
RootPopulationSizeScaler4	12522	14606	1	0.0263158	0.464943	
LeafPopulationSizeScaler4	16283	10866	1	0.0263158	1.97797	
RootPopulationSizeScaler5	12945	14251	1	0.0263158	0.457417	
LeafPopulationSizeScaler5	16449	10678	1	0.0263158	2.23909	
generation 90000:
name	number_accepted	number_rejected	weight	weight_prob	tuning_parameter
DirichletProcessGibbsSampler	23685	0	10	0.263158	none	
ConcentrationScaler	3429	3664	3	0.0789474	2.82112	
TimeSizeRateMixer	6618	7872	6	0.157895	0.198347	
TimeRootSizeMixer	5448	9168	6	0.157895	0.018264	
EventTimeScaler	30484	25588	1	0.0263158	3.10888	
RootPopulationSizeScaler0	14089	16547	1	0.0263158	0.464181	
LeafPopulationSizeScaler0	16703	13885	1	0.0263158	2.15933	
RootPopulationSizeScaler1	14610	16063	1	0.0263158	0.458054	
LeafPopulationSizeScaler1	17124	13393	1	0.0263158	2.53633	
RootPopulationSizeScaler2	14414	16155	1	0.0263158	0.468983	
LeafPopulationSizeScaler2	16803	13731	1	0.0263158	2.76745	
RootPopulationSizeScaler3	13983	16586	1	0.0263158	0.45616	
LeafPopulationSizeScaler3	16423	14231	1	0.0263158	2.01296	
RootPopulationSizeScaler4	14085	16463	1	0.0263158	0.465972	
LeafPopulationSizeScaler4	18213	12370	1	0.0263158	2.00692	
RootPopulationSizeScaler5	14563	16060	1	0.0263158	0.458945	
LeafPopulationSizeScaler5	18326	12216	1	0.0263158	2.26899	
generation 100000:
name	number_accepted	number_rejected	weight	weight_prob	tuning_parameter
DirichletProcessGibbsSampler	26243	0	10	0.263158	none	
ConcentrationScaler	3765	4114	3	0.0789474	2.82438	
TimeSizeRateMixer	7416	8780	6	0.157895	0.19918	
TimeRootSizeMixer	6148	10168	6	0.157895	0.0181901	
EventTimeScaler	33677	28738	1	0.0263158	3.1307	
RootPopulationSizeScaler0	15637	18493	1	0.0263158	0.464579	
LeafPopulationSizeScaler0	18524	15599	1	0.0263158	2.17805	
RootPopulationSizeScaler1	16184	18009	1	0.0263158	0.458572	
LeafPopulationSizeScaler1	18940	15116	1	0.0263158	2.55766	
RootPopulationSizeScaler2	16043	18047	1	0.0263158	0.470136	
LeafPopulationSizeScaler2	18684	15400	1	0.0263158	2.79316	
RootPopulationSizeScaler3	15611	18499	1	0.0263158	0.456833	
LeafPopulationSizeScaler3	18250	15947	1	0.0263158	2.03013	
RootPopulationSizeScaler4	15677	18398	1	0.0263158	0.46678	
LeafPopulationSizeScaler4	20096	14003	1	0.0263158	2.03006	
RootPopulationSizeScaler5	16172	17958	1	0.0263158	0.460086	
LeafPopulationSizeScaler5	20254	13788	1	0.0263158	2.29607	
