generation 10000:
name	number_accepted	number_rejected	weight	weight_prob	tuning_parameter
DirichletProcessGibbsSampler	2644	0	10	0.263158	none	
ConcentrationScaler	394	411	3	0.0789474	2.55833	
TimeSizeRateMixer	761	962	6	0.157895	0.215769	
TimeRootSizeMixer	612	1170	6	0.157895	0.130978	
EventTimeScaler	4112	2631	1	0.0263158	2.02043	
RootPopulationSizeScaler0	1767	1671	1	0.0263158	0.436785	
LeafPopulationSizeScaler0	2405	1022	1	0.0263158	1.97725	
RootPopulationSizeScaler1	1697	1695	1	0.0263158	0.439264	
LeafPopulationSizeScaler1	2229	1183	1	0.0263158	1.40475	
RootPopulationSizeScaler2	1661	1770	1	0.0263158	0.438228	
LeafPopulationSizeScaler2	2190	1247	1	0.0263158	1.75723	
RootPopulationSizeScaler3	1699	1709	1	0.0263158	0.43148	
LeafPopulationSizeScaler3	2336	1087	1	0.0263158	2.00311	
RootPopulationSizeScaler4	1755	1688	1	0.0263158	0.42419	
LeafPopulationSizeScaler4	2226	1195	1	0.0263158	1.56769	
RootPopulationSizeScaler5	1822	1567	1	0.0263158	0.402022	
LeafPopulationSizeScaler5	2215	1196	1	0.0263158	1.87938	
generation 20000:
name	number_accepted	number_rejected	weight	weight_prob	tuning_parameter
DirichletProcessGibbsSampler	5329	0	10	0.263158	none	
ConcentrationScaler	756	767	3	0.0789474	2.67528	
TimeSizeRateMixer	1549	1913	6	0.157895	0.217117	
TimeRootSizeMixer	1191	2368	6	0.157895	0.12081	
EventTimeScaler	7712	5775	1	0.0263158	2.16318	
RootPopulationSizeScaler0	3379	3462	1	0.0263158	0.448803	
LeafPopulationSizeScaler0	4477	2372	1	0.0263158	2.22637	
RootPopulationSizeScaler1	3285	3564	1	0.0263158	0.446203	
LeafPopulationSizeScaler1	4173	2646	1	0.0263158	1.54148	
RootPopulationSizeScaler2	3233	3653	1	0.0263158	0.444934	
LeafPopulationSizeScaler2	4092	2785	1	0.0263158	1.90267	
RootPopulationSizeScaler3	3328	3496	1	0.0263158	0.443594	
LeafPopulationSizeScaler3	4396	2421	1	0.0263158	2.25006	
RootPopulationSizeScaler4	3356	3492	1	0.0263158	0.436529	
LeafPopulationSizeScaler4	4246	2611	1	0.0263158	1.73571	
RootPopulationSizeScaler5	3537	3287	1	0.0263158	0.420343	
LeafPopulationSizeScaler5	4231	2611	1	0.0263158	2.09108	
generation 30000:
name	number_accepted	number_rejected	weight	weight_prob	tuning_parameter
DirichletProcessGibbsSampler	7875	0	10	0.263158	none	
ConcentrationScaler	1133	1173	3	0.0789474	2.72324	
TimeSizeRateMixer	2341	2890	6	0.157895	0.217802	
TimeRootSizeMixer	1818	3467	6	0.157895	0.116771	
EventTimeScaler	11114	8906	1	0.0263158	2.23392	
RootPopulationSizeScaler0	4997	5359	1	0.0263158	0.452959	
LeafPopulationSizeScaler0	6554	3799	1	0.0263158	2.36507	
RootPopulationSizeScaler1	4877	5461	1	0.0263158	0.449386	
LeafPopulationSizeScaler1	6154	4173	1	0.0263158	1.62051	
RootPopulationSizeScaler2	4844	5539	1	0.0263158	0.449585	
LeafPopulationSizeScaler2	5981	4451	1	0.0263158	1.97427	
RootPopulationSizeScaler3	5005	5320	1	0.0263158	0.450157	
LeafPopulationSizeScaler3	6361	3964	1	0.0263158	2.37817	
RootPopulationSizeScaler4	5064	5318	1	0.0263158	0.44352	
LeafPopulationSizeScaler4	6152	4162	1	0.0263158	1.82129	
RootPopulationSizeScaler5	5283	5064	1	0.0263158	0.42925	
LeafPopulationSizeScaler5	6225	4117	1	0.0263158	2.20351	
generation 40000:
name	number_accepted	number_rejected	weight	weight_prob	tuning_parameter
DirichletProcessGibbsSampler	10527	0	10	0.263158	none	
ConcentrationScaler	1504	1613	3	0.0789474	2.7428	
TimeSizeRateMixer	3017	3812	6	0.157895	0.217107	
TimeRootSizeMixer	2455	4584	6	0.157895	0.11403	
EventTimeScaler	14548	12019	1	0.0263158	2.28463	
RootPopulationSizeScaler0	6541	7165	1	0.0263158	0.456109	
LeafPopulationSizeScaler0	8481	5204	1	0.0263158	2.4522	
RootPopulationSizeScaler1	6407	7273	1	0.0263158	0.451566	
LeafPopulationSizeScaler1	7895	5740	1	0.0263158	1.66441	
RootPopulationSizeScaler2	6393	7305	1	0.0263158	0.45245	
LeafPopulationSizeScaler2	7743	6033	1	0.0263158	2.027	
RootPopulationSizeScaler3	6567	7104	1	0.0263158	0.453978	
LeafPopulationSizeScaler3	8178	5476	1	0.0263158	2.45461	
RootPopulationSizeScaler4	6603	7117	1	0.0263158	0.446885	
LeafPopulationSizeScaler4	7963	5691	1	0.0263158	1.87493	
RootPopulationSizeScaler5	6900	6794	1	0.0263158	0.434615	
LeafPopulationSizeScaler5	8055	5634	1	0.0263158	2.26471	
generation 50000:
name	number_accepted	number_rejected	weight	weight_prob	tuning_parameter
DirichletProcessGibbsSampler	13149	0	10	0.263158	none	
ConcentrationScaler	1877	2016	3	0.0789474	2.76953	
TimeSizeRateMixer	3812	4793	6	0.157895	0.217546	
TimeRootSizeMixer	3121	5672	6	0.157895	0.112582	
EventTimeScaler	17894	15371	1	0.0263158	2.31791	
RootPopulationSizeScaler0	8147	9043	1	0.0263158	0.458407	
LeafPopulationSizeScaler0	10381	6807	1	0.0263158	2.51144	
RootPopulationSizeScaler1	7893	9246	1	0.0263158	0.451285	
LeafPopulationSizeScaler1	9717	7398	1	0.0263158	1.69761	
RootPopulationSizeScaler2	8009	9163	1	0.0263158	0.455204	
LeafPopulationSizeScaler2	9581	7682	1	0.0263158	2.06853	
RootPopulationSizeScaler3	8228	8912	1	0.0263158	0.457127	
LeafPopulationSizeScaler3	10131	7019	1	0.0263158	2.51782	
RootPopulationSizeScaler4	8222	8991	1	0.0263158	0.449865	
LeafPopulationSizeScaler4	9820	7326	1	0.0263158	1.91275	
RootPopulationSizeScaler5	8562	8591	1	0.0263158	0.437753	
LeafPopulationSizeScaler5	9955	7203	1	0.0263158	2.31601	
generation 60000:
name	number_accepted	number_rejected	weight	weight_prob	tuning_parameter
DirichletProcessGibbsSampler	15765	0	10	0.263158	none	
ConcentrationScaler	2247	2458	3	0.0789474	2.78075	
TimeSizeRateMixer	4560	5789	6	0.157895	0.217351	
TimeRootSizeMixer	3762	6792	6	0.157895	0.111115	
EventTimeScaler	21307	18704	1	0.0263158	2.3484	
RootPopulationSizeScaler0	9755	10875	1	0.0263158	0.460745	
LeafPopulationSizeScaler0	12224	8346	1	0.0263158	2.55905	
RootPopulationSizeScaler1	9488	11053	1	0.0263158	0.452862	
LeafPopulationSizeScaler1	11550	8993	1	0.0263158	1.72695	
RootPopulationSizeScaler2	9600	11006	1	0.0263158	0.457123	
LeafPopulationSizeScaler2	11325	9364	1	0.0263158	2.099	
RootPopulationSizeScaler3	9784	10750	1	0.0263158	0.458379	
LeafPopulationSizeScaler3	11995	8570	1	0.0263158	2.56541	
RootPopulationSizeScaler4	9828	10785	1	0.0263158	0.452045	
LeafPopulationSizeScaler4	11660	8908	1	0.0263158	1.94804	
RootPopulationSizeScaler5	10203	10335	1	0.0263158	0.440935	
LeafPopulationSizeScaler5	11732	8810	1	0.0263158	2.35327	
generation 70000:
name	number_accepted	number_rejected	weight	weight_prob	tuning_parameter
DirichletProcessGibbsSampler	18414	0	10	0.263158	none	
ConcentrationScaler	2630	2894	3	0.0789474	2.78909	
TimeSizeRateMixer	5286	6772	6	0.157895	0.216566	
TimeRootSizeMixer	4388	7926	6	0.157895	0.109791	
EventTimeScaler	24692	21988	1	0.0263158	2.37427	
RootPopulationSizeScaler0	11339	12710	1	0.0263158	0.462159	
LeafPopulationSizeScaler0	14083	9900	1	0.0263158	2.59868	
RootPopulationSizeScaler1	11034	12921	1	0.0263158	0.45383	
LeafPopulationSizeScaler1	13346	10620	1	0.0263158	1.74876	
RootPopulationSizeScaler2	11143	12892	1	0.0263158	0.457914	
LeafPopulationSizeScaler2	13079	11042	1	0.0263158	2.11993	
RootPopulationSizeScaler3	11361	12614	1	0.0263158	0.459876	
LeafPopulationSizeScaler3	13847	10121	1	0.0263158	2.60727	
RootPopulationSizeScaler4	11407	12627	1	0.0263158	0.45363	
LeafPopulationSizeScaler4	13456	10515	1	0.0263158	1.975	
RootPopulationSizeScaler5	11808	12148	1	0.0263158	0.443674	
LeafPopulationSizeScaler5	13591	10365	1	0.0263158	2.39031	
generation 80000:
name	number_accepted	number_rejected	weight	weight_prob	tuning_parameter
DirichletProcessGibbsSampler	20972	0	10	0.263158	none	
ConcentrationScaler	2983	3297	3	0.0789474	2.79751	
TimeSizeRateMixer	6137	7759	6	0.157895	0.217091	
TimeRootSizeMixer	5085	8982	6	0.157895	0.109177	
EventTimeScaler	28009	25434	1	0.0263158	2.3902	
RootPopulationSizeScaler0	12940	14624	1	0.0263158	0.463196	
LeafPopulationSizeScaler0	16020	11442	1	0.0263158	2.63757	
RootPopulationSizeScaler1	12590	14847	1	0.0263158	0.454226	
LeafPopulationSizeScaler1	15162	12299	1	0.0263158	1.7664	
RootPopulationSizeScaler2	12734	14812	1	0.0263158	0.458608	
LeafPopulationSizeScaler2	14819	12783	1	0.0263158	2.13618	
RootPopulationSizeScaler3	12967	14485	1	0.0263158	0.461326	
LeafPopulationSizeScaler3	15694	11752	1	0.0263158	2.64043	
RootPopulationSizeScaler4	12969	14534	1	0.0263158	0.454363	
LeafPopulationSizeScaler4	15265	12200	1	0.0263158	1.99593	
RootPopulationSizeScaler5	13445	13984	1	0.0263158	0.445774	
LeafPopulationSizeScaler5	15427	12009	1	0.0263158	2.42102	
generation 90000:
name	number_accepted	number_rejected	weight	weight_prob	tuning_parameter
DirichletProcessGibbsSampler	23645	0	10	0.263158	none	
ConcentrationScaler	3378	3736	3	0.0789474	2.80526	
TimeSizeRateMixer	6871	8727	6	0.157895	0.216896	
TimeRootSizeMixer	5691	10062	6	0.157895	0.108282	
EventTimeScaler	31237	28769	1	0.0263158	2.40584	
RootPopulationSizeScaler0	14507	16438	1	0.0263158	0.464119	
LeafPopulationSizeScaler0	17817	13011	1	0.0263158	2.66557	
RootPopulationSizeScaler1	14134	16700	1	0.0263158	0.455002	
LeafPopulationSizeScaler1	16908	13935	1	0.0263158	1.78202	
RootPopulationSizeScaler2	14201	16732	1	0.0263158	0.458888	
LeafPopulationSizeScaler2	16524	14484	1	0.0263158	2.15055	
RootPopulationSizeScaler3	14569	16265	1	0.0263158	0.462944	
LeafPopulationSizeScaler3	17548	13287	1	0.0263158	2.66989	
RootPopulationSizeScaler4	14486	16390	1	0.0263158	0.455241	
LeafPopulationSizeScaler4	17025	13819	1	0.0263158	2.01468	
RootPopulationSizeScaler5	15019	15787	1	0.0263158	0.446975	
LeafPopulationSizeScaler5	17196	13614	1	0.0263158	2.44633	
generation 100000:
name	number_accepted	number_rejected	weight	weight_prob	tuning_parameter
DirichletProcessGibbsSampler	26338	0	10	0.263158	none	
ConcentrationScaler	3734	4160	3	0.0789474	2.81314	
TimeSizeRateMixer	7694	9660	6	0.157895	0.217546	
TimeRootSizeMixer	6328	11168	6	0.157895	0.107511	
EventTimeScaler	34652	32202	1	0.0263158	2.42174	
RootPopulationSizeScaler0	16083	18205	1	0.0263158	0.46547	
LeafPopulationSizeScaler0	19584	14595	1	0.0263158	2.68903	
RootPopulationSizeScaler1	15662	18541	1	0.0263158	0.45579	
LeafPopulationSizeScaler1	18675	15513	1	0.0263158	1.79639	
RootPopulationSizeScaler2	15742	18538	1	0.0263158	0.459633	
LeafPopulationSizeScaler2	18235	16105	1	0.0263158	2.16579	
RootPopulationSizeScaler3	16113	18062	1	0.0263158	0.463876	
LeafPopulationSizeScaler3	19338	14868	1	0.0263158	2.69359	
RootPopulationSizeScaler4	15991	18205	1	0.0263158	0.456142	
LeafPopulationSizeScaler4	18737	15447	1	0.0263158	2.02997	
RootPopulationSizeScaler5	16540	17587	1	0.0263158	0.448087	
LeafPopulationSizeScaler5	18882	15273	1	0.0263158	2.46434	
