generation 10000:
name	number_accepted	number_rejected	weight	weight_prob	tuning_parameter
DirichletProcessGibbsSampler	2656	0	10	0.263158	none	
ConcentrationScaler	441	406	3	0.0789474	2.09993	
TimeSizeRateMixer	2440	2540	6	0.157895	0.338389	
TimeRootSizeMixer	2415	2448	6	0.157895	0.307627	
EventTimeScaler	10513	8404	1	0.0263158	1.26675	
RootPopulationSizeScaler0	1723	1675	1	0.0263158	0.456991	
LeafPopulationSizeScaler0	2207	1209	1	0.0263158	1.90237	
RootPopulationSizeScaler1	1700	1705	1	0.0263158	0.458228	
LeafPopulationSizeScaler1	2325	1059	1	0.0263158	2.01154	
RootPopulationSizeScaler2	1683	1733	1	0.0263158	0.455901	
LeafPopulationSizeScaler2	2255	1149	1	0.0263158	1.8092	
RootPopulationSizeScaler3	1719	1706	1	0.0263158	0.43609	
LeafPopulationSizeScaler3	2422	981	1	0.0263158	1.42851	
RootPopulationSizeScaler4	1732	1675	1	0.0263158	0.436707	
LeafPopulationSizeScaler4	2138	1278	1	0.0263158	1.40598	
RootPopulationSizeScaler5	1716	1683	1	0.0263158	0.454731	
LeafPopulationSizeScaler5	2359	1025	1	0.0263158	1.6543	
generation 20000:
name	number_accepted	number_rejected	weight	weight_prob	tuning_parameter
DirichletProcessGibbsSampler	5269	0	10	0.263158	none	
ConcentrationScaler	789	779	3	0.0789474	2.1518	
TimeSizeRateMixer	4532	5065	6	0.157895	0.341426	
TimeRootSizeMixer	4574	5181	6	0.157895	0.307837	
EventTimeScaler	19446	17466	1	0.0263158	1.31785	
RootPopulationSizeScaler0	3347	3530	1	0.0263158	0.463766	
LeafPopulationSizeScaler0	4129	2760	1	0.0263158	2.0672	
RootPopulationSizeScaler1	3356	3519	1	0.0263158	0.466354	
LeafPopulationSizeScaler1	4427	2442	1	0.0263158	2.25219	
RootPopulationSizeScaler2	3244	3678	1	0.0263158	0.459631	
LeafPopulationSizeScaler2	4281	2619	1	0.0263158	1.99374	
RootPopulationSizeScaler3	3380	3512	1	0.0263158	0.448832	
LeafPopulationSizeScaler3	4612	2275	1	0.0263158	1.63202	
RootPopulationSizeScaler4	3389	3498	1	0.0263158	0.449266	
LeafPopulationSizeScaler4	4023	2881	1	0.0263158	1.52427	
RootPopulationSizeScaler5	3358	3559	1	0.0263158	0.462909	
LeafPopulationSizeScaler5	4509	2344	1	0.0263158	1.86775	
generation 30000:
name	number_accepted	number_rejected	weight	weight_prob	tuning_parameter
DirichletProcessGibbsSampler	7877	0	10	0.263158	none	
ConcentrationScaler	1169	1212	3	0.0789474	2.18313	
TimeSizeRateMixer	6754	7767	6	0.157895	0.342731	
TimeRootSizeMixer	6652	7763	6	0.157895	0.309945	
EventTimeScaler	28386	26752	1	0.0263158	1.3449	
RootPopulationSizeScaler0	4877	5453	1	0.0263158	0.465602	
LeafPopulationSizeScaler0	5982	4370	1	0.0263158	2.14434	
RootPopulationSizeScaler1	4963	5381	1	0.0263158	0.470092	
LeafPopulationSizeScaler1	6434	3874	1	0.0263158	2.3826	
RootPopulationSizeScaler2	4812	5558	1	0.0263158	0.462864	
LeafPopulationSizeScaler2	6173	4189	1	0.0263158	2.08	
RootPopulationSizeScaler3	4950	5372	1	0.0263158	0.453502	
LeafPopulationSizeScaler3	6649	3669	1	0.0263158	1.74358	
RootPopulationSizeScaler4	4995	5354	1	0.0263158	0.454337	
LeafPopulationSizeScaler4	5849	4519	1	0.0263158	1.58185	
RootPopulationSizeScaler5	4991	5362	1	0.0263158	0.468081	
LeafPopulationSizeScaler5	6436	3862	1	0.0263158	1.96779	
generation 40000:
name	number_accepted	number_rejected	weight	weight_prob	tuning_parameter
DirichletProcessGibbsSampler	10531	0	10	0.263158	none	
ConcentrationScaler	1583	1654	3	0.0789474	2.20247	
TimeSizeRateMixer	8975	10325	6	0.157895	0.344823	
TimeRootSizeMixer	8930	10197	6	0.157895	0.313429	
EventTimeScaler	37529	36125	1	0.0263158	1.36663	
RootPopulationSizeScaler0	6369	7271	1	0.0263158	0.467237	
LeafPopulationSizeScaler0	7728	5949	1	0.0263158	2.19736	
RootPopulationSizeScaler1	6460	7227	1	0.0263158	0.471662	
LeafPopulationSizeScaler1	8297	5330	1	0.0263158	2.45856	
RootPopulationSizeScaler2	6322	7371	1	0.0263158	0.464761	
LeafPopulationSizeScaler2	7900	5768	1	0.0263158	2.12941	
RootPopulationSizeScaler3	6511	7145	1	0.0263158	0.456056	
LeafPopulationSizeScaler3	8469	5161	1	0.0263158	1.80473	
RootPopulationSizeScaler4	6568	7116	1	0.0263158	0.458983	
LeafPopulationSizeScaler4	7532	6140	1	0.0263158	1.61648	
RootPopulationSizeScaler5	6554	7112	1	0.0263158	0.470974	
LeafPopulationSizeScaler5	8302	5295	1	0.0263158	2.03517	
generation 50000:
name	number_accepted	number_rejected	weight	weight_prob	tuning_parameter
DirichletProcessGibbsSampler	13207	0	10	0.263158	none	
ConcentrationScaler	1927	2094	3	0.0789474	2.20805	
TimeSizeRateMixer	11131	12955	6	0.157895	0.345371	
TimeRootSizeMixer	11039	12756	6	0.157895	0.314238	
EventTimeScaler	46392	45608	1	0.0263158	1.37895	
RootPopulationSizeScaler0	7860	9116	1	0.0263158	0.468155	
LeafPopulationSizeScaler0	9481	7581	1	0.0263158	2.23632	
RootPopulationSizeScaler1	8005	9037	1	0.0263158	0.473462	
LeafPopulationSizeScaler1	10144	6829	1	0.0263158	2.52021	
RootPopulationSizeScaler2	7852	9191	1	0.0263158	0.466342	
LeafPopulationSizeScaler2	9717	7344	1	0.0263158	2.1746	
RootPopulationSizeScaler3	8116	8920	1	0.0263158	0.459141	
LeafPopulationSizeScaler3	10377	6608	1	0.0263158	1.85601	
RootPopulationSizeScaler4	8140	8883	1	0.0263158	0.462303	
LeafPopulationSizeScaler4	9304	7712	1	0.0263158	1.64824	
RootPopulationSizeScaler5	8095	8928	1	0.0263158	0.472743	
LeafPopulationSizeScaler5	10196	6738	1	0.0263158	2.08988	
generation 60000:
name	number_accepted	number_rejected	weight	weight_prob	tuning_parameter
DirichletProcessGibbsSampler	15887	0	10	0.263158	none	
ConcentrationScaler	2295	2523	3	0.0789474	2.21255	
TimeSizeRateMixer	13196	15372	6	0.157895	0.346641	
TimeRootSizeMixer	13165	15362	6	0.157895	0.314945	
EventTimeScaler	55311	54980	1	0.0263158	1.39123	
RootPopulationSizeScaler0	9304	10948	1	0.0263158	0.469207	
LeafPopulationSizeScaler0	11174	9190	1	0.0263158	2.26817	
RootPopulationSizeScaler1	9467	10844	1	0.0263158	0.474667	
LeafPopulationSizeScaler1	11945	8316	1	0.0263158	2.56729	
RootPopulationSizeScaler2	9358	10975	1	0.0263158	0.467684	
LeafPopulationSizeScaler2	11403	8944	1	0.0263158	2.2052	
RootPopulationSizeScaler3	9616	10673	1	0.0263158	0.460777	
LeafPopulationSizeScaler3	12248	8036	1	0.0263158	1.89692	
RootPopulationSizeScaler4	9633	10645	1	0.0263158	0.463488	
LeafPopulationSizeScaler4	11029	9273	1	0.0263158	1.67358	
RootPopulationSizeScaler5	9619	10678	1	0.0263158	0.474262	
LeafPopulationSizeScaler5	11959	8274	1	0.0263158	2.12793	
generation 70000:
name	number_accepted	number_rejected	weight	weight_prob	tuning_parameter
DirichletProcessGibbsSampler	18419	0	10	0.263158	none	
ConcentrationScaler	2645	2949	3	0.0789474	2.21819	
TimeSizeRateMixer	15438	18066	6	0.157895	0.34749	
TimeRootSizeMixer	15199	18045	6	0.157895	0.314519	
EventTimeScaler	64010	64338	1	0.0263158	1.39991	
RootPopulationSizeScaler0	10865	12863	1	0.0263158	0.470292	
LeafPopulationSizeScaler0	12952	10904	1	0.0263158	2.2951	
RootPopulationSizeScaler1	11084	12758	1	0.0263158	0.475882	
LeafPopulationSizeScaler1	13815	9951	1	0.0263158	2.60492	
RootPopulationSizeScaler2	10947	12916	1	0.0263158	0.468386	
LeafPopulationSizeScaler2	13153	10690	1	0.0263158	2.23176	
RootPopulationSizeScaler3	11285	12527	1	0.0263158	0.462721	
LeafPopulationSizeScaler3	14149	9645	1	0.0263158	1.92864	
RootPopulationSizeScaler4	11310	12498	1	0.0263158	0.465519	
LeafPopulationSizeScaler4	12847	10969	1	0.0263158	1.69329	
RootPopulationSizeScaler5	11178	12624	1	0.0263158	0.474529	
LeafPopulationSizeScaler5	13832	9900	1	0.0263158	2.15983	
generation 80000:
name	number_accepted	number_rejected	weight	weight_prob	tuning_parameter
DirichletProcessGibbsSampler	21029	0	10	0.263158	none	
ConcentrationScaler	3010	3372	3	0.0789474	2.2263	
TimeSizeRateMixer	17670	20767	6	0.157895	0.34796	
TimeRootSizeMixer	17367	20695	6	0.157895	0.314957	
EventTimeScaler	72866	73880	1	0.0263158	1.40731	
RootPopulationSizeScaler0	12484	14735	1	0.0263158	0.471815	
LeafPopulationSizeScaler0	14722	12645	1	0.0263158	2.31526	
RootPopulationSizeScaler1	12690	14639	1	0.0263158	0.476987	
LeafPopulationSizeScaler1	15744	11527	1	0.0263158	2.6425	
RootPopulationSizeScaler2	12539	14817	1	0.0263158	0.469733	
LeafPopulationSizeScaler2	15015	12316	1	0.0263158	2.25956	
RootPopulationSizeScaler3	12870	14436	1	0.0263158	0.463401	
LeafPopulationSizeScaler3	16039	11245	1	0.0263158	1.95261	
RootPopulationSizeScaler4	12872	14422	1	0.0263158	0.466832	
LeafPopulationSizeScaler4	14592	12686	1	0.0263158	1.70732	
RootPopulationSizeScaler5	12727	14555	1	0.0263158	0.474835	
LeafPopulationSizeScaler5	15730	11470	1	0.0263158	2.19088	
generation 90000:
name	number_accepted	number_rejected	weight	weight_prob	tuning_parameter
DirichletProcessGibbsSampler	23709	0	10	0.263158	none	
ConcentrationScaler	3376	3816	3	0.0789474	2.22924	
TimeSizeRateMixer	19872	23409	6	0.157895	0.348488	
TimeRootSizeMixer	19335	23132	6	0.157895	0.314992	
EventTimeScaler	81591	83376	1	0.0263158	1.41331	
RootPopulationSizeScaler0	14022	16547	1	0.0263158	0.472582	
LeafPopulationSizeScaler0	16368	14312	1	0.0263158	2.33125	
RootPopulationSizeScaler1	14152	16505	1	0.0263158	0.477025	
LeafPopulationSizeScaler1	17498	13106	1	0.0263158	2.6685	
RootPopulationSizeScaler2	14028	16662	1	0.0263158	0.47005	
LeafPopulationSizeScaler2	16695	13985	1	0.0263158	2.27519	
RootPopulationSizeScaler3	14363	16244	1	0.0263158	0.463918	
LeafPopulationSizeScaler3	17758	12880	1	0.0263158	1.97026	
RootPopulationSizeScaler4	14432	16186	1	0.0263158	0.468455	
LeafPopulationSizeScaler4	16236	14350	1	0.0263158	1.71892	
RootPopulationSizeScaler5	14215	16407	1	0.0263158	0.47526	
LeafPopulationSizeScaler5	17454	13071	1	0.0263158	2.2113	
generation 100000:
name	number_accepted	number_rejected	weight	weight_prob	tuning_parameter
DirichletProcessGibbsSampler	26349	0	10	0.263158	none	
ConcentrationScaler	3726	4253	3	0.0789474	2.23253	
TimeSizeRateMixer	22125	25973	6	0.157895	0.349478	
TimeRootSizeMixer	21393	25778	6	0.157895	0.315063	
EventTimeScaler	90237	93031	1	0.0263158	1.41863	
RootPopulationSizeScaler0	15526	18447	1	0.0263158	0.472638	
LeafPopulationSizeScaler0	18107	15982	1	0.0263158	2.34872	
RootPopulationSizeScaler1	15643	18403	1	0.0263158	0.477023	
LeafPopulationSizeScaler1	19313	14697	1	0.0263158	2.69531	
RootPopulationSizeScaler2	15545	18537	1	0.0263158	0.470644	
LeafPopulationSizeScaler2	18489	15603	1	0.0263158	2.29361	
RootPopulationSizeScaler3	15906	18090	1	0.0263158	0.464757	
LeafPopulationSizeScaler3	19622	14447	1	0.0263158	1.99044	
RootPopulationSizeScaler4	15949	18084	1	0.0263158	0.468973	
LeafPopulationSizeScaler4	18018	15990	1	0.0263158	1.732	
RootPopulationSizeScaler5	15713	18314	1	0.0263158	0.47536	
LeafPopulationSizeScaler5	19253	14682	1	0.0263158	2.23213	
