generation 10000:
name	number_accepted	number_rejected	weight	weight_prob	tuning_parameter
DirichletProcessGibbsSampler	2541	0	10	0.263158	none	
ConcentrationScaler	362	419	3	0.0789474	2.26069	
TimeSizeRateMixer	2042	2300	6	0.157895	0.329257	
TimeRootSizeMixer	2126	2220	6	0.157895	0.305237	
EventTimeScaler	8660	7429	1	0.0263158	1.37989	
RootPopulationSizeScaler0	1872	1670	1	0.0263158	0.419115	
LeafPopulationSizeScaler0	2491	1044	1	0.0263158	1.69146	
RootPopulationSizeScaler1	1728	1806	1	0.0263158	0.46492	
LeafPopulationSizeScaler1	2290	1262	1	0.0263158	1.41098	
RootPopulationSizeScaler2	1925	1649	1	0.0263158	0.405209	
LeafPopulationSizeScaler2	2387	1170	1	0.0263158	2.05985	
RootPopulationSizeScaler3	1787	1733	1	0.0263158	0.4474	
LeafPopulationSizeScaler3	2384	1156	1	0.0263158	1.64616	
RootPopulationSizeScaler4	1907	1634	1	0.0263158	0.41571	
LeafPopulationSizeScaler4	2285	1294	1	0.0263158	1.87675	
RootPopulationSizeScaler5	1762	1803	1	0.0263158	0.458165	
LeafPopulationSizeScaler5	2394	1131	1	0.0263158	1.70587	
generation 20000:
name	number_accepted	number_rejected	weight	weight_prob	tuning_parameter
DirichletProcessGibbsSampler	5180	0	10	0.263158	none	
ConcentrationScaler	701	840	3	0.0789474	2.29241	
TimeSizeRateMixer	4067	4641	6	0.157895	0.334319	
TimeRootSizeMixer	4141	4550	6	0.157895	0.310046	
EventTimeScaler	16942	15737	1	0.0263158	1.4419	
RootPopulationSizeScaler0	3559	3421	1	0.0263158	0.434801	
LeafPopulationSizeScaler0	4528	2451	1	0.0263158	1.89393	
RootPopulationSizeScaler1	3292	3686	1	0.0263158	0.471017	
LeafPopulationSizeScaler1	4233	2769	1	0.0263158	1.53681	
RootPopulationSizeScaler2	3694	3330	1	0.0263158	0.424736	
LeafPopulationSizeScaler2	4430	2588	1	0.0263158	2.29414	
RootPopulationSizeScaler3	3375	3586	1	0.0263158	0.45655	
LeafPopulationSizeScaler3	4381	2581	1	0.0263158	1.82279	
RootPopulationSizeScaler4	3615	3357	1	0.0263158	0.430918	
LeafPopulationSizeScaler4	4265	2759	1	0.0263158	2.06718	
RootPopulationSizeScaler5	3342	3688	1	0.0263158	0.461096	
LeafPopulationSizeScaler5	4451	2510	1	0.0263158	1.90302	
generation 30000:
name	number_accepted	number_rejected	weight	weight_prob	tuning_parameter
DirichletProcessGibbsSampler	7813	0	10	0.263158	none	
ConcentrationScaler	1105	1190	3	0.0789474	2.35963	
TimeSizeRateMixer	5868	6785	6	0.157895	0.335877	
TimeRootSizeMixer	5861	6665	6	0.157895	0.310284	
EventTimeScaler	24206	23508	1	0.0263158	1.46534	
RootPopulationSizeScaler0	5209	5165	1	0.0263158	0.44294	
LeafPopulationSizeScaler0	6442	3909	1	0.0263158	1.99955	
RootPopulationSizeScaler1	4877	5507	1	0.0263158	0.474975	
LeafPopulationSizeScaler1	6099	4316	1	0.0263158	1.60361	
RootPopulationSizeScaler2	5379	5052	1	0.0263158	0.433977	
LeafPopulationSizeScaler2	6293	4118	1	0.0263158	2.40687	
RootPopulationSizeScaler3	4952	5420	1	0.0263158	0.461	
LeafPopulationSizeScaler3	6319	4037	1	0.0263158	1.91905	
RootPopulationSizeScaler4	5212	5161	1	0.0263158	0.4367	
LeafPopulationSizeScaler4	6154	4258	1	0.0263158	2.16826	
RootPopulationSizeScaler5	4911	5518	1	0.0263158	0.464576	
LeafPopulationSizeScaler5	6415	3941	1	0.0263158	2.00831	
generation 40000:
name	number_accepted	number_rejected	weight	weight_prob	tuning_parameter
DirichletProcessGibbsSampler	10497	0	10	0.263158	none	
ConcentrationScaler	1453	1638	3	0.0789474	2.3589	
TimeSizeRateMixer	7734	9142	6	0.157895	0.336075	
TimeRootSizeMixer	7753	8841	6	0.157895	0.312473	
EventTimeScaler	32071	31932	1	0.0263158	1.48425	
RootPopulationSizeScaler0	6853	6927	1	0.0263158	0.447933	
LeafPopulationSizeScaler0	8318	5425	1	0.0263158	2.06677	
RootPopulationSizeScaler1	6410	7359	1	0.0263158	0.476872	
LeafPopulationSizeScaler1	7876	5934	1	0.0263158	1.64466	
RootPopulationSizeScaler2	7060	6759	1	0.0263158	0.440671	
LeafPopulationSizeScaler2	8152	5637	1	0.0263158	2.48597	
RootPopulationSizeScaler3	6506	7252	1	0.0263158	0.46313	
LeafPopulationSizeScaler3	8128	5600	1	0.0263158	1.97485	
RootPopulationSizeScaler4	6879	6861	1	0.0263158	0.442551	
LeafPopulationSizeScaler4	7954	5791	1	0.0263158	2.23274	
RootPopulationSizeScaler5	6505	7309	1	0.0263158	0.468119	
LeafPopulationSizeScaler5	8290	5424	1	0.0263158	2.07646	
generation 50000:
name	number_accepted	number_rejected	weight	weight_prob	tuning_parameter
DirichletProcessGibbsSampler	13079	0	10	0.263158	none	
ConcentrationScaler	1831	2089	3	0.0789474	2.36641	
TimeSizeRateMixer	9626	11364	6	0.157895	0.337137	
TimeRootSizeMixer	9674	11262	6	0.157895	0.313273	
EventTimeScaler	39744	40170	1	0.0263158	1.49857	
RootPopulationSizeScaler0	8473	8746	1	0.0263158	0.451062	
LeafPopulationSizeScaler0	10237	6943	1	0.0263158	2.11787	
RootPopulationSizeScaler1	8010	9218	1	0.0263158	0.478806	
LeafPopulationSizeScaler1	9686	7568	1	0.0263158	1.67751	
RootPopulationSizeScaler2	8742	8570	1	0.0263158	0.445003	
LeafPopulationSizeScaler2	9961	7275	1	0.0263158	2.53872	
RootPopulationSizeScaler3	8137	9069	1	0.0263158	0.465916	
LeafPopulationSizeScaler3	9975	7203	1	0.0263158	2.02136	
RootPopulationSizeScaler4	8548	8661	1	0.0263158	0.446841	
LeafPopulationSizeScaler4	9806	7373	1	0.0263158	2.28304	
RootPopulationSizeScaler5	8089	9184	1	0.0263158	0.470176	
LeafPopulationSizeScaler5	10185	6969	1	0.0263158	2.12461	
generation 60000:
name	number_accepted	number_rejected	weight	weight_prob	tuning_parameter
DirichletProcessGibbsSampler	15756	0	10	0.263158	none	
ConcentrationScaler	2155	2526	3	0.0789474	2.3718	
TimeSizeRateMixer	11319	13512	6	0.157895	0.337401	
TimeRootSizeMixer	11447	13496	6	0.157895	0.313659	
EventTimeScaler	46769	48345	1	0.0263158	1.50636	
RootPopulationSizeScaler0	10047	10573	1	0.0263158	0.452918	
LeafPopulationSizeScaler0	12156	8416	1	0.0263158	2.16374	
RootPopulationSizeScaler1	9471	11143	1	0.0263158	0.479002	
LeafPopulationSizeScaler1	11465	9181	1	0.0263158	1.7029	
RootPopulationSizeScaler2	10336	10352	1	0.0263158	0.447722	
LeafPopulationSizeScaler2	11747	8909	1	0.0263158	2.58109	
RootPopulationSizeScaler3	9717	10882	1	0.0263158	0.468367	
LeafPopulationSizeScaler3	11854	8766	1	0.0263158	2.05997	
RootPopulationSizeScaler4	10151	10465	1	0.0263158	0.448937	
LeafPopulationSizeScaler4	11592	8981	1	0.0263158	2.31814	
RootPopulationSizeScaler5	9652	11042	1	0.0263158	0.470948	
LeafPopulationSizeScaler5	12013	8521	1	0.0263158	2.16416	
generation 70000:
name	number_accepted	number_rejected	weight	weight_prob	tuning_parameter
DirichletProcessGibbsSampler	18377	0	10	0.263158	none	
ConcentrationScaler	2516	2937	3	0.0789474	2.37906	
TimeSizeRateMixer	12924	15711	6	0.157895	0.336628	
TimeRootSizeMixer	13157	15741	6	0.157895	0.313267	
EventTimeScaler	53504	56216	1	0.0263158	1.5106	
RootPopulationSizeScaler0	11697	12440	1	0.0263158	0.454966	
LeafPopulationSizeScaler0	13956	10093	1	0.0263158	2.19227	
RootPopulationSizeScaler1	11030	13090	1	0.0263158	0.479078	
LeafPopulationSizeScaler1	13287	10849	1	0.0263158	1.72398	
RootPopulationSizeScaler2	11993	12204	1	0.0263158	0.450023	
LeafPopulationSizeScaler2	13545	10597	1	0.0263158	2.61411	
RootPopulationSizeScaler3	11328	12753	1	0.0263158	0.469728	
LeafPopulationSizeScaler3	13685	10423	1	0.0263158	2.09011	
RootPopulationSizeScaler4	11871	12242	1	0.0263158	0.452501	
LeafPopulationSizeScaler4	13481	10618	1	0.0263158	2.35255	
RootPopulationSizeScaler5	11222	12970	1	0.0263158	0.471793	
LeafPopulationSizeScaler5	13823	10193	1	0.0263158	2.19455	
generation 80000:
name	number_accepted	number_rejected	weight	weight_prob	tuning_parameter
DirichletProcessGibbsSampler	21024	0	10	0.263158	none	
ConcentrationScaler	2869	3345	3	0.0789474	2.38385	
TimeSizeRateMixer	14805	18015	6	0.157895	0.336743	
TimeRootSizeMixer	15104	18013	6	0.157895	0.314134	
EventTimeScaler	61069	64589	1	0.0263158	1.51786	
RootPopulationSizeScaler0	13266	14347	1	0.0263158	0.456143	
LeafPopulationSizeScaler0	15846	11674	1	0.0263158	2.2224	
RootPopulationSizeScaler1	12506	15037	1	0.0263158	0.479146	
LeafPopulationSizeScaler1	15047	12521	1	0.0263158	1.74172	
RootPopulationSizeScaler2	13602	14055	1	0.0263158	0.451874	
LeafPopulationSizeScaler2	15333	12284	1	0.0263158	2.64097	
RootPopulationSizeScaler3	12924	14656	1	0.0263158	0.470782	
LeafPopulationSizeScaler3	15504	12056	1	0.0263158	2.11379	
RootPopulationSizeScaler4	13471	14102	1	0.0263158	0.454469	
LeafPopulationSizeScaler4	15280	12295	1	0.0263158	2.37864	
RootPopulationSizeScaler5	12744	14909	1	0.0263158	0.472212	
LeafPopulationSizeScaler5	15635	11852	1	0.0263158	2.22117	
generation 90000:
name	number_accepted	number_rejected	weight	weight_prob	tuning_parameter
DirichletProcessGibbsSampler	23677	0	10	0.263158	none	
ConcentrationScaler	3206	3772	3	0.0789474	2.38244	
TimeSizeRateMixer	16679	20287	6	0.157895	0.337395	
TimeRootSizeMixer	17014	20356	6	0.157895	0.314429	
EventTimeScaler	68534	72925	1	0.0263158	1.52338	
RootPopulationSizeScaler0	14912	16131	1	0.0263158	0.458304	
LeafPopulationSizeScaler0	17725	13219	1	0.0263158	2.24823	
RootPopulationSizeScaler1	14057	16916	1	0.0263158	0.480015	
LeafPopulationSizeScaler1	16790	14172	1	0.0263158	1.75592	
RootPopulationSizeScaler2	15225	15838	1	0.0263158	0.453542	
LeafPopulationSizeScaler2	17075	13975	1	0.0263158	2.66373	
RootPopulationSizeScaler3	14490	16521	1	0.0263158	0.472072	
LeafPopulationSizeScaler3	17299	13694	1	0.0263158	2.13234	
RootPopulationSizeScaler4	15055	15955	1	0.0263158	0.455598	
LeafPopulationSizeScaler4	17022	14001	1	0.0263158	2.39714	
RootPopulationSizeScaler5	14256	16799	1	0.0263158	0.472549	
LeafPopulationSizeScaler5	17454	13460	1	0.0263158	2.24572	
generation 100000:
name	number_accepted	number_rejected	weight	weight_prob	tuning_parameter
DirichletProcessGibbsSampler	26269	0	10	0.263158	none	
ConcentrationScaler	3567	4238	3	0.0789474	2.3823	
TimeSizeRateMixer	18428	22606	6	0.157895	0.337315	
TimeRootSizeMixer	18688	22538	6	0.157895	0.314463	
EventTimeScaler	75592	81174	1	0.0263158	1.52672	
RootPopulationSizeScaler0	16488	17981	1	0.0263158	0.45952	
LeafPopulationSizeScaler0	19566	14783	1	0.0263158	2.27083	
RootPopulationSizeScaler1	15593	18776	1	0.0263158	0.48054	
LeafPopulationSizeScaler1	18491	15885	1	0.0263158	1.76727	
RootPopulationSizeScaler2	16799	17678	1	0.0263158	0.455043	
LeafPopulationSizeScaler2	18829	15610	1	0.0263158	2.68301	
RootPopulationSizeScaler3	15998	18412	1	0.0263158	0.472756	
LeafPopulationSizeScaler3	19051	15350	1	0.0263158	2.14939	
RootPopulationSizeScaler4	16616	17781	1	0.0263158	0.456822	
LeafPopulationSizeScaler4	18811	15633	1	0.0263158	2.41752	
RootPopulationSizeScaler5	15758	18695	1	0.0263158	0.472682	
LeafPopulationSizeScaler5	19253	15086	1	0.0263158	2.26675	
