generation 10000:
name	number_accepted	number_rejected	weight	weight_prob	tuning_parameter
DirichletProcessGibbsSampler	2634	0	10	0.263158	none	
ConcentrationScaler	429	399	3	0.0789474	2.53709	
TimeSizeRateMixer	1010	1012	6	0.157895	0.213215	
TimeRootSizeMixer	861	1147	6	0.157895	0.150948	
EventTimeScaler	4234	3355	1	0.0263158	1.01736	
RootPopulationSizeScaler0	1778	1729	1	0.0263158	0.461014	
LeafPopulationSizeScaler0	2078	1396	1	0.0263158	1.6729	
RootPopulationSizeScaler1	1778	1689	1	0.0263158	0.438963	
LeafPopulationSizeScaler1	2253	1235	1	0.0263158	1.24659	
RootPopulationSizeScaler2	1776	1702	1	0.0263158	0.439591	
LeafPopulationSizeScaler2	2330	1163	1	0.0263158	2.12812	
RootPopulationSizeScaler3	1640	1836	1	0.0263158	0.457847	
LeafPopulationSizeScaler3	2265	1218	1	0.0263158	1.52307	
RootPopulationSizeScaler4	1827	1664	1	0.0263158	0.432527	
LeafPopulationSizeScaler4	2198	1298	1	0.0263158	1.64895	
RootPopulationSizeScaler5	1770	1726	1	0.0263158	0.450646	
LeafPopulationSizeScaler5	2426	1067	1	0.0263158	2.08177	
generation 20000:
name	number_accepted	number_rejected	weight	weight_prob	tuning_parameter
DirichletProcessGibbsSampler	5223	0	10	0.263158	none	
ConcentrationScaler	800	838	3	0.0789474	2.58992	
TimeSizeRateMixer	1943	2055	6	0.157895	0.218238	
TimeRootSizeMixer	1716	2328	6	0.157895	0.148722	
EventTimeScaler	8059	7132	1	0.0263158	1.06263	
RootPopulationSizeScaler0	3350	3609	1	0.0263158	0.465996	
LeafPopulationSizeScaler0	3952	2965	1	0.0263158	1.80062	
RootPopulationSizeScaler1	3402	3503	1	0.0263158	0.446819	
LeafPopulationSizeScaler1	4191	2759	1	0.0263158	1.35277	
RootPopulationSizeScaler2	3435	3478	1	0.0263158	0.449977	
LeafPopulationSizeScaler2	4358	2578	1	0.0263158	2.36742	
RootPopulationSizeScaler3	3229	3704	1	0.0263158	0.465289	
LeafPopulationSizeScaler3	4258	2683	1	0.0263158	1.67243	
RootPopulationSizeScaler4	3492	3433	1	0.0263158	0.444795	
LeafPopulationSizeScaler4	4093	2832	1	0.0263158	1.78636	
RootPopulationSizeScaler5	3369	3555	1	0.0263158	0.460293	
LeafPopulationSizeScaler5	4457	2478	1	0.0263158	2.30274	
generation 30000:
name	number_accepted	number_rejected	weight	weight_prob	tuning_parameter
DirichletProcessGibbsSampler	7832	0	10	0.263158	none	
ConcentrationScaler	1180	1244	3	0.0789474	2.65282	
TimeSizeRateMixer	2895	3081	6	0.157895	0.221686	
TimeRootSizeMixer	2573	3469	6	0.157895	0.14809	
EventTimeScaler	11833	11011	1	0.0263158	1.08624	
RootPopulationSizeScaler0	4873	5448	1	0.0263158	0.468686	
LeafPopulationSizeScaler0	5703	4603	1	0.0263158	1.86005	
RootPopulationSizeScaler1	4979	5314	1	0.0263158	0.449879	
LeafPopulationSizeScaler1	6026	4323	1	0.0263158	1.40848	
RootPopulationSizeScaler2	5054	5228	1	0.0263158	0.457742	
LeafPopulationSizeScaler2	6240	4101	1	0.0263158	2.47834	
RootPopulationSizeScaler3	4812	5525	1	0.0263158	0.469173	
LeafPopulationSizeScaler3	6162	4174	1	0.0263158	1.75886	
RootPopulationSizeScaler4	5069	5235	1	0.0263158	0.450049	
LeafPopulationSizeScaler4	5879	4416	1	0.0263158	1.85566	
RootPopulationSizeScaler5	4908	5405	1	0.0263158	0.463323	
LeafPopulationSizeScaler5	6354	3939	1	0.0263158	2.41651	
generation 40000:
name	number_accepted	number_rejected	weight	weight_prob	tuning_parameter
DirichletProcessGibbsSampler	10381	0	10	0.263158	none	
ConcentrationScaler	1562	1673	3	0.0789474	2.67975	
TimeSizeRateMixer	3831	4158	6	0.157895	0.223306	
TimeRootSizeMixer	3488	4589	6	0.157895	0.148516	
EventTimeScaler	15513	14971	1	0.0263158	1.10203	
RootPopulationSizeScaler0	6457	7307	1	0.0263158	0.470603	
LeafPopulationSizeScaler0	7460	6324	1	0.0263158	1.89608	
RootPopulationSizeScaler1	6618	7117	1	0.0263158	0.453065	
LeafPopulationSizeScaler1	7849	5950	1	0.0263158	1.44584	
RootPopulationSizeScaler2	6623	7145	1	0.0263158	0.459913	
LeafPopulationSizeScaler2	8053	5749	1	0.0263158	2.54924	
RootPopulationSizeScaler3	6371	7408	1	0.0263158	0.470251	
LeafPopulationSizeScaler3	8051	5757	1	0.0263158	1.81678	
RootPopulationSizeScaler4	6747	7035	1	0.0263158	0.455099	
LeafPopulationSizeScaler4	7688	6068	1	0.0263158	1.90303	
RootPopulationSizeScaler5	6493	7292	1	0.0263158	0.465766	
LeafPopulationSizeScaler5	8209	5549	1	0.0263158	2.48882	
generation 50000:
name	number_accepted	number_rejected	weight	weight_prob	tuning_parameter
DirichletProcessGibbsSampler	13066	0	10	0.263158	none	
ConcentrationScaler	1954	2068	3	0.0789474	2.70553	
TimeSizeRateMixer	4722	5192	6	0.157895	0.224363	
TimeRootSizeMixer	4314	5704	6	0.157895	0.148225	
EventTimeScaler	19147	18910	1	0.0263158	1.11272	
RootPopulationSizeScaler0	7992	9151	1	0.0263158	0.472226	
LeafPopulationSizeScaler0	9200	7944	1	0.0263158	1.9274	
RootPopulationSizeScaler1	8144	8963	1	0.0263158	0.454366	
LeafPopulationSizeScaler1	9651	7528	1	0.0263158	1.4746	
RootPopulationSizeScaler2	8093	9030	1	0.0263158	0.461805	
LeafPopulationSizeScaler2	9841	7355	1	0.0263158	2.59819	
RootPopulationSizeScaler3	7913	9259	1	0.0263158	0.471448	
LeafPopulationSizeScaler3	9838	7347	1	0.0263158	1.85373	
RootPopulationSizeScaler4	8287	8860	1	0.0263158	0.457828	
LeafPopulationSizeScaler4	9406	7756	1	0.0263158	1.93101	
RootPopulationSizeScaler5	8068	9108	1	0.0263158	0.467694	
LeafPopulationSizeScaler5	10059	7052	1	0.0263158	2.54974	
generation 60000:
name	number_accepted	number_rejected	weight	weight_prob	tuning_parameter
DirichletProcessGibbsSampler	15670	0	10	0.263158	none	
ConcentrationScaler	2320	2499	3	0.0789474	2.71859	
TimeSizeRateMixer	5646	6302	6	0.157895	0.224975	
TimeRootSizeMixer	5163	6772	6	0.157895	0.148294	
EventTimeScaler	22762	22778	1	0.0263158	1.12145	
RootPopulationSizeScaler0	9542	11096	1	0.0263158	0.473188	
LeafPopulationSizeScaler0	10930	9679	1	0.0263158	1.94972	
RootPopulationSizeScaler1	9682	10872	1	0.0263158	0.455462	
LeafPopulationSizeScaler1	11469	9168	1	0.0263158	1.49591	
RootPopulationSizeScaler2	9674	10889	1	0.0263158	0.463153	
LeafPopulationSizeScaler2	11659	9021	1	0.0263158	2.63966	
RootPopulationSizeScaler3	9451	11170	1	0.0263158	0.472579	
LeafPopulationSizeScaler3	11619	9010	1	0.0263158	1.88175	
RootPopulationSizeScaler4	9936	10652	1	0.0263158	0.460382	
LeafPopulationSizeScaler4	11264	9356	1	0.0263158	1.96126	
RootPopulationSizeScaler5	9629	11007	1	0.0263158	0.468324	
LeafPopulationSizeScaler5	11923	8640	1	0.0263158	2.59479	
generation 70000:
name	number_accepted	number_rejected	weight	weight_prob	tuning_parameter
DirichletProcessGibbsSampler	18320	0	10	0.263158	none	
ConcentrationScaler	2682	2926	3	0.0789474	2.72782	
TimeSizeRateMixer	6547	7347	6	0.157895	0.225659	
TimeRootSizeMixer	6006	7945	6	0.157895	0.147833	
EventTimeScaler	26430	26780	1	0.0263158	1.12873	
RootPopulationSizeScaler0	11082	12925	1	0.0263158	0.474527	
LeafPopulationSizeScaler0	12578	11419	1	0.0263158	1.96528	
RootPopulationSizeScaler1	11260	12715	1	0.0263158	0.456576	
LeafPopulationSizeScaler1	13208	10851	1	0.0263158	1.51182	
RootPopulationSizeScaler2	11269	12674	1	0.0263158	0.465356	
LeafPopulationSizeScaler2	13455	10617	1	0.0263158	2.67624	
RootPopulationSizeScaler3	10903	13084	1	0.0263158	0.472109	
LeafPopulationSizeScaler3	13410	10630	1	0.0263158	1.90588	
RootPopulationSizeScaler4	11547	12423	1	0.0263158	0.462241	
LeafPopulationSizeScaler4	12988	11037	1	0.0263158	1.98224	
RootPopulationSizeScaler5	11178	12836	1	0.0263158	0.469355	
LeafPopulationSizeScaler5	13788	10186	1	0.0263158	2.63464	
generation 80000:
name	number_accepted	number_rejected	weight	weight_prob	tuning_parameter
DirichletProcessGibbsSampler	21041	0	10	0.263158	none	
ConcentrationScaler	3059	3318	3	0.0789474	2.74461	
TimeSizeRateMixer	7451	8453	6	0.157895	0.225864	
TimeRootSizeMixer	6849	9009	6	0.157895	0.147823	
EventTimeScaler	30133	30751	1	0.0263158	1.13444	
RootPopulationSizeScaler0	12596	14776	1	0.0263158	0.475381	
LeafPopulationSizeScaler0	14263	13106	1	0.0263158	1.98156	
RootPopulationSizeScaler1	12794	14555	1	0.0263158	0.45756	
LeafPopulationSizeScaler1	15007	12462	1	0.0263158	1.52883	
RootPopulationSizeScaler2	12819	14487	1	0.0263158	0.466673	
LeafPopulationSizeScaler2	15283	12210	1	0.0263158	2.70697	
RootPopulationSizeScaler3	12460	14914	1	0.0263158	0.473014	
LeafPopulationSizeScaler3	15182	12231	1	0.0263158	1.92813	
RootPopulationSizeScaler4	13078	14271	1	0.0263158	0.463605	
LeafPopulationSizeScaler4	14690	12752	1	0.0263158	1.99815	
RootPopulationSizeScaler5	12726	14677	1	0.0263158	0.470135	
LeafPopulationSizeScaler5	15579	11772	1	0.0263158	2.66483	
generation 90000:
name	number_accepted	number_rejected	weight	weight_prob	tuning_parameter
DirichletProcessGibbsSampler	23659	0	10	0.263158	none	
ConcentrationScaler	3415	3763	3	0.0789474	2.7452	
TimeSizeRateMixer	8315	9506	6	0.157895	0.225968	
TimeRootSizeMixer	7732	10148	6	0.157895	0.147824	
EventTimeScaler	33640	34766	1	0.0263158	1.13787	
RootPopulationSizeScaler0	14123	16720	1	0.0263158	0.475783	
LeafPopulationSizeScaler0	15957	14858	1	0.0263158	1.99453	
RootPopulationSizeScaler1	14345	16484	1	0.0263158	0.458308	
LeafPopulationSizeScaler1	16740	14167	1	0.0263158	1.54199	
RootPopulationSizeScaler2	14416	16356	1	0.0263158	0.468141	
LeafPopulationSizeScaler2	17077	13856	1	0.0263158	2.73103	
RootPopulationSizeScaler3	14040	16790	1	0.0263158	0.474041	
LeafPopulationSizeScaler3	16953	13886	1	0.0263158	1.94557	
RootPopulationSizeScaler4	14725	16107	1	0.0263158	0.465176	
LeafPopulationSizeScaler4	16450	14449	1	0.0263158	2.01445	
RootPopulationSizeScaler5	14281	16595	1	0.0263158	0.470847	
LeafPopulationSizeScaler5	17335	13460	1	0.0263158	2.68918	
generation 100000:
name	number_accepted	number_rejected	weight	weight_prob	tuning_parameter
DirichletProcessGibbsSampler	26327	0	10	0.263158	none	
ConcentrationScaler	3771	4206	3	0.0789474	2.74262	
TimeSizeRateMixer	9259	10539	6	0.157895	0.226884	
TimeRootSizeMixer	8598	11281	6	0.157895	0.147816	
EventTimeScaler	37326	38812	1	0.0263158	1.14271	
RootPopulationSizeScaler0	15605	18629	1	0.0263158	0.47577	
LeafPopulationSizeScaler0	17627	16582	1	0.0263158	2.00452	
RootPopulationSizeScaler1	15955	18283	1	0.0263158	0.459408	
LeafPopulationSizeScaler1	18470	15815	1	0.0263158	1.55377	
RootPopulationSizeScaler2	15965	18202	1	0.0263158	0.468906	
LeafPopulationSizeScaler2	18889	15435	1	0.0263158	2.75522	
RootPopulationSizeScaler3	15571	18643	1	0.0263158	0.474446	
LeafPopulationSizeScaler3	18654	15602	1	0.0263158	1.95806	
RootPopulationSizeScaler4	16251	17958	1	0.0263158	0.465722	
LeafPopulationSizeScaler4	18119	16168	1	0.0263158	2.02511	
RootPopulationSizeScaler5	15853	18414	1	0.0263158	0.471563	
LeafPopulationSizeScaler5	19118	15053	1	0.0263158	2.71505	
