generation 10000:
name	number_accepted	number_rejected	weight	weight_prob	tuning_parameter
DirichletProcessGibbsSampler	2647	0	10	0.263158	none	
ConcentrationScaler	391	377	3	0.0789474	2.88233	
TimeSizeRateMixer	771	865	6	0.157895	0.189294	
TimeRootSizeMixer	638	1029	6	0.157895	0.0302946	
EventTimeScaler	3953	2339	1	0.0263158	2.27526	
RootPopulationSizeScaler0	1853	1604	1	0.0263158	0.415677	
LeafPopulationSizeScaler0	2229	1227	1	0.0263158	1.9365	
RootPopulationSizeScaler1	1756	1720	1	0.0263158	0.432039	
LeafPopulationSizeScaler1	2273	1200	1	0.0263158	2.15192	
RootPopulationSizeScaler2	1726	1737	1	0.0263158	0.429662	
LeafPopulationSizeScaler2	2364	1121	1	0.0263158	1.45665	
RootPopulationSizeScaler3	1773	1698	1	0.0263158	0.425989	
LeafPopulationSizeScaler3	2312	1105	1	0.0263158	1.80441	
RootPopulationSizeScaler4	1678	1800	1	0.0263158	0.461995	
LeafPopulationSizeScaler4	2307	1180	1	0.0263158	2.097	
RootPopulationSizeScaler5	1769	1655	1	0.0263158	0.42372	
LeafPopulationSizeScaler5	2186	1274	1	0.0263158	1.67805	
generation 20000:
name	number_accepted	number_rejected	weight	weight_prob	tuning_parameter
DirichletProcessGibbsSampler	5306	0	10	0.263158	none	
ConcentrationScaler	751	793	3	0.0789474	2.93609	
TimeSizeRateMixer	1552	1756	6	0.157895	0.192727	
TimeRootSizeMixer	1268	2036	6	0.157895	0.0290481	
EventTimeScaler	7558	5071	1	0.0263158	2.50096	
RootPopulationSizeScaler0	3527	3361	1	0.0263158	0.430527	
LeafPopulationSizeScaler0	4199	2724	1	0.0263158	2.12254	
RootPopulationSizeScaler1	3425	3551	1	0.0263158	0.445048	
LeafPopulationSizeScaler1	4185	2751	1	0.0263158	2.32976	
RootPopulationSizeScaler2	3303	3590	1	0.0263158	0.43654	
LeafPopulationSizeScaler2	4415	2538	1	0.0263158	1.61708	
RootPopulationSizeScaler3	3424	3518	1	0.0263158	0.437688	
LeafPopulationSizeScaler3	4378	2500	1	0.0263158	2.01145	
RootPopulationSizeScaler4	3229	3681	1	0.0263158	0.465776	
LeafPopulationSizeScaler4	4333	2588	1	0.0263158	2.31242	
RootPopulationSizeScaler5	3474	3445	1	0.0263158	0.436862	
LeafPopulationSizeScaler5	4054	2858	1	0.0263158	1.81322	
generation 30000:
name	number_accepted	number_rejected	weight	weight_prob	tuning_parameter
DirichletProcessGibbsSampler	7995	0	10	0.263158	none	
ConcentrationScaler	1074	1216	3	0.0789474	2.9447	
TimeSizeRateMixer	2347	2617	6	0.157895	0.195794	
TimeRootSizeMixer	1960	2930	6	0.157895	0.0289776	
EventTimeScaler	10974	7969	1	0.0263158	2.60269	
RootPopulationSizeScaler0	5094	5157	1	0.0263158	0.436322	
LeafPopulationSizeScaler0	6045	4240	1	0.0263158	2.21897	
RootPopulationSizeScaler1	4986	5385	1	0.0263158	0.44884	
LeafPopulationSizeScaler1	6013	4286	1	0.0263158	2.43439	
RootPopulationSizeScaler2	4912	5342	1	0.0263158	0.443609	
LeafPopulationSizeScaler2	6373	3956	1	0.0263158	1.70987	
RootPopulationSizeScaler3	5022	5295	1	0.0263158	0.444685	
LeafPopulationSizeScaler3	6242	4014	1	0.0263158	2.10433	
RootPopulationSizeScaler4	4811	5485	1	0.0263158	0.471541	
LeafPopulationSizeScaler4	6175	4127	1	0.0263158	2.41832	
RootPopulationSizeScaler5	5036	5242	1	0.0263158	0.440757	
LeafPopulationSizeScaler5	5889	4392	1	0.0263158	1.88556	
generation 40000:
name	number_accepted	number_rejected	weight	weight_prob	tuning_parameter
DirichletProcessGibbsSampler	10650	0	10	0.263158	none	
ConcentrationScaler	1453	1658	3	0.0789474	2.95219	
TimeSizeRateMixer	3098	3491	6	0.157895	0.197656	
TimeRootSizeMixer	2648	3868	6	0.157895	0.0288705	
EventTimeScaler	14171	11054	1	0.0263158	2.65907	
RootPopulationSizeScaler0	6703	6911	1	0.0263158	0.441049	
LeafPopulationSizeScaler0	7879	5797	1	0.0263158	2.28674	
RootPopulationSizeScaler1	6532	7196	1	0.0263158	0.452394	
LeafPopulationSizeScaler1	7867	5809	1	0.0263158	2.5083	
RootPopulationSizeScaler2	6456	7208	1	0.0263158	0.445776	
LeafPopulationSizeScaler2	8243	5466	1	0.0263158	1.76365	
RootPopulationSizeScaler3	6544	7128	1	0.0263158	0.447426	
LeafPopulationSizeScaler3	8068	5563	1	0.0263158	2.1674	
RootPopulationSizeScaler4	6374	7313	1	0.0263158	0.473309	
LeafPopulationSizeScaler4	8058	5640	1	0.0263158	2.49527	
RootPopulationSizeScaler5	6605	7074	1	0.0263158	0.443724	
LeafPopulationSizeScaler5	7615	6090	1	0.0263158	1.92553	
generation 50000:
name	number_accepted	number_rejected	weight	weight_prob	tuning_parameter
DirichletProcessGibbsSampler	13280	0	10	0.263158	none	
ConcentrationScaler	1782	2099	3	0.0789474	2.94098	
TimeSizeRateMixer	3877	4390	6	0.157895	0.198384	
TimeRootSizeMixer	3373	4820	6	0.157895	0.0287952	
EventTimeScaler	17585	14022	1	0.0263158	2.71545	
RootPopulationSizeScaler0	8278	8806	1	0.0263158	0.443269	
LeafPopulationSizeScaler0	9616	7499	1	0.0263158	2.3245	
RootPopulationSizeScaler1	8080	9098	1	0.0263158	0.454151	
LeafPopulationSizeScaler1	9713	7413	1	0.0263158	2.55863	
RootPopulationSizeScaler2	8009	9109	1	0.0263158	0.447631	
LeafPopulationSizeScaler2	10068	7051	1	0.0263158	1.80366	
RootPopulationSizeScaler3	8127	8992	1	0.0263158	0.449503	
LeafPopulationSizeScaler3	9942	7148	1	0.0263158	2.2176	
RootPopulationSizeScaler4	7921	9245	1	0.0263158	0.474197	
LeafPopulationSizeScaler4	9908	7247	1	0.0263158	2.54906	
RootPopulationSizeScaler5	8186	8919	1	0.0263158	0.445463	
LeafPopulationSizeScaler5	9425	7721	1	0.0263158	1.95965	
generation 60000:
name	number_accepted	number_rejected	weight	weight_prob	tuning_parameter
DirichletProcessGibbsSampler	15826	0	10	0.263158	none	
ConcentrationScaler	2151	2545	3	0.0789474	2.95123	
TimeSizeRateMixer	4616	5337	6	0.157895	0.198819	
TimeRootSizeMixer	4072	5763	6	0.157895	0.0287624	
EventTimeScaler	20895	16976	1	0.0263158	2.75581	
RootPopulationSizeScaler0	9907	10646	1	0.0263158	0.44578	
LeafPopulationSizeScaler0	11391	9183	1	0.0263158	2.35815	
RootPopulationSizeScaler1	9674	10956	1	0.0263158	0.45635	
LeafPopulationSizeScaler1	11490	9087	1	0.0263158	2.59063	
RootPopulationSizeScaler2	9609	10953	1	0.0263158	0.449461	
LeafPopulationSizeScaler2	11885	8678	1	0.0263158	1.83541	
RootPopulationSizeScaler3	9771	10793	1	0.0263158	0.451871	
LeafPopulationSizeScaler3	11837	8711	1	0.0263158	2.25799	
RootPopulationSizeScaler4	9429	11179	1	0.0263158	0.474371	
LeafPopulationSizeScaler4	11724	8889	1	0.0263158	2.59011	
RootPopulationSizeScaler5	9698	10820	1	0.0263158	0.446317	
LeafPopulationSizeScaler5	11169	9383	1	0.0263158	1.98516	
generation 70000:
name	number_accepted	number_rejected	weight	weight_prob	tuning_parameter
DirichletProcessGibbsSampler	18405	0	10	0.263158	none	
ConcentrationScaler	2473	2992	3	0.0789474	2.94252	
TimeSizeRateMixer	5400	6238	6	0.157895	0.199556	
TimeRootSizeMixer	4745	6742	6	0.157895	0.0286251	
EventTimeScaler	24092	20060	1	0.0263158	2.78793	
RootPopulationSizeScaler0	11529	12464	1	0.0263158	0.447738	
LeafPopulationSizeScaler0	13204	10834	1	0.0263158	2.38753	
RootPopulationSizeScaler1	11318	12770	1	0.0263158	0.458283	
LeafPopulationSizeScaler1	13304	10731	1	0.0263158	2.62145	
RootPopulationSizeScaler2	11206	12831	1	0.0263158	0.450793	
LeafPopulationSizeScaler2	13740	10261	1	0.0263158	1.8641	
RootPopulationSizeScaler3	11411	12644	1	0.0263158	0.453402	
LeafPopulationSizeScaler3	13637	10381	1	0.0263158	2.28641	
RootPopulationSizeScaler4	11007	13093	1	0.0263158	0.47526	
LeafPopulationSizeScaler4	13542	10581	1	0.0263158	2.62274	
RootPopulationSizeScaler5	11313	12663	1	0.0263158	0.447667	
LeafPopulationSizeScaler5	12944	11081	1	0.0263158	2.00665	
generation 80000:
name	number_accepted	number_rejected	weight	weight_prob	tuning_parameter
DirichletProcessGibbsSampler	21070	0	10	0.263158	none	
ConcentrationScaler	2827	3437	3	0.0789474	2.9443	
TimeSizeRateMixer	6140	7110	6	0.157895	0.20009	
TimeRootSizeMixer	5429	7690	6	0.157895	0.0285477	
EventTimeScaler	27357	23098	1	0.0263158	2.81706	
RootPopulationSizeScaler0	13136	14238	1	0.0263158	0.449562	
LeafPopulationSizeScaler0	14954	12484	1	0.0263158	2.41147	
RootPopulationSizeScaler1	12860	14592	1	0.0263158	0.458964	
LeafPopulationSizeScaler1	14979	12436	1	0.0263158	2.64357	
RootPopulationSizeScaler2	12749	14679	1	0.0263158	0.451292	
LeafPopulationSizeScaler2	15593	11800	1	0.0263158	1.88894	
RootPopulationSizeScaler3	12956	14453	1	0.0263158	0.454714	
LeafPopulationSizeScaler3	15382	12008	1	0.0263158	2.30997	
RootPopulationSizeScaler4	12539	14942	1	0.0263158	0.47545	
LeafPopulationSizeScaler4	15305	12197	1	0.0263158	2.64984	
RootPopulationSizeScaler5	12887	14474	1	0.0263158	0.449248	
LeafPopulationSizeScaler5	14670	12745	1	0.0263158	2.02492	
generation 90000:
name	number_accepted	number_rejected	weight	weight_prob	tuning_parameter
DirichletProcessGibbsSampler	23684	0	10	0.263158	none	
ConcentrationScaler	3193	3886	3	0.0789474	2.94823	
TimeSizeRateMixer	6818	7968	6	0.157895	0.200302	
TimeRootSizeMixer	6124	8660	6	0.157895	0.0284896	
EventTimeScaler	30534	26124	1	0.0263158	2.84182	
RootPopulationSizeScaler0	14679	16050	1	0.0263158	0.451066	
LeafPopulationSizeScaler0	16635	14162	1	0.0263158	2.43079	
RootPopulationSizeScaler1	14376	16409	1	0.0263158	0.459849	
LeafPopulationSizeScaler1	16681	14076	1	0.0263158	2.66349	
RootPopulationSizeScaler2	14277	16491	1	0.0263158	0.452356	
LeafPopulationSizeScaler2	17427	13327	1	0.0263158	1.91064	
RootPopulationSizeScaler3	14489	16284	1	0.0263158	0.45587	
LeafPopulationSizeScaler3	17121	13611	1	0.0263158	2.3312	
RootPopulationSizeScaler4	14063	16778	1	0.0263158	0.475971	
LeafPopulationSizeScaler4	17002	13851	1	0.0263158	2.67071	
RootPopulationSizeScaler5	14439	16260	1	0.0263158	0.450247	
LeafPopulationSizeScaler5	16357	14397	1	0.0263158	2.04156	
generation 100000:
name	number_accepted	number_rejected	weight	weight_prob	tuning_parameter
DirichletProcessGibbsSampler	26358	0	10	0.263158	none	
ConcentrationScaler	3553	4311	3	0.0789474	2.9521	
TimeSizeRateMixer	7572	8847	6	0.157895	0.200764	
TimeRootSizeMixer	6779	9672	6	0.157895	0.0283864	
EventTimeScaler	33754	29251	1	0.0263158	2.86253	
RootPopulationSizeScaler0	16233	17930	1	0.0263158	0.451896	
LeafPopulationSizeScaler0	18368	15827	1	0.0263158	2.44899	
RootPopulationSizeScaler1	15959	18262	1	0.0263158	0.461026	
LeafPopulationSizeScaler1	18436	15755	1	0.0263158	2.68175	
RootPopulationSizeScaler2	15875	18295	1	0.0263158	0.453784	
LeafPopulationSizeScaler2	19234	14949	1	0.0263158	1.92838	
RootPopulationSizeScaler3	16065	18151	1	0.0263158	0.456828	
LeafPopulationSizeScaler3	18872	15297	1	0.0263158	2.34713	
RootPopulationSizeScaler4	15576	18675	1	0.0263158	0.476057	
LeafPopulationSizeScaler4	18741	15520	1	0.0263158	2.69167	
RootPopulationSizeScaler5	16001	18117	1	0.0263158	0.451238	
LeafPopulationSizeScaler5	18038	16110	1	0.0263158	2.05314	
