generation 10000:
name	number_accepted	number_rejected	weight	weight_prob	tuning_parameter
DirichletProcessGibbsSampler	2550	0	10	0.263158	none	
ConcentrationScaler	342	436	3	0.0789474	1.99653	
TimeSizeRateMixer	3078	3247	6	0.157895	0.36073	
TimeRootSizeMixer	3591	3012	6	0.157895	0.309041	
EventTimeScaler	12703	11307	1	0.0263158	1.15259	
RootPopulationSizeScaler0	1773	1766	1	0.0263158	0.453563	
LeafPopulationSizeScaler0	2382	1141	1	0.0263158	2.07843	
RootPopulationSizeScaler1	1793	1718	1	0.0263158	0.443991	
LeafPopulationSizeScaler1	2259	1252	1	0.0263158	1.56741	
RootPopulationSizeScaler2	1793	1709	1	0.0263158	0.446152	
LeafPopulationSizeScaler2	2377	1170	1	0.0263158	1.89087	
RootPopulationSizeScaler3	1947	1598	1	0.0263158	0.410849	
LeafPopulationSizeScaler3	2093	1402	1	0.0263158	1.42982	
RootPopulationSizeScaler4	1827	1684	1	0.0263158	0.448211	
LeafPopulationSizeScaler4	2525	1003	1	0.0263158	1.48422	
RootPopulationSizeScaler5	1744	1785	1	0.0263158	0.458255	
LeafPopulationSizeScaler5	2548	970	1	0.0263158	2.09653	
generation 20000:
name	number_accepted	number_rejected	weight	weight_prob	tuning_parameter
DirichletProcessGibbsSampler	5075	0	10	0.263158	none	
ConcentrationScaler	706	860	3	0.0789474	2.02379	
TimeSizeRateMixer	6063	6750	6	0.157895	0.367152	
TimeRootSizeMixer	6828	6224	6	0.157895	0.322449	
EventTimeScaler	24550	23666	1	0.0263158	1.19638	
RootPopulationSizeScaler0	3337	3668	1	0.0263158	0.460018	
LeafPopulationSizeScaler0	4376	2624	1	0.0263158	2.29493	
RootPopulationSizeScaler1	3431	3538	1	0.0263158	0.456638	
LeafPopulationSizeScaler1	4223	2729	1	0.0263158	1.7103	
RootPopulationSizeScaler2	3448	3514	1	0.0263158	0.456473	
LeafPopulationSizeScaler2	4502	2497	1	0.0263158	2.12633	
RootPopulationSizeScaler3	3600	3425	1	0.0263158	0.425203	
LeafPopulationSizeScaler3	4014	2966	1	0.0263158	1.53368	
RootPopulationSizeScaler4	3430	3495	1	0.0263158	0.457324	
LeafPopulationSizeScaler4	4661	2323	1	0.0263158	1.67995	
RootPopulationSizeScaler5	3351	3594	1	0.0263158	0.466444	
LeafPopulationSizeScaler5	4652	2310	1	0.0263158	2.37575	
generation 30000:
name	number_accepted	number_rejected	weight	weight_prob	tuning_parameter
DirichletProcessGibbsSampler	7701	0	10	0.263158	none	
ConcentrationScaler	1044	1289	3	0.0789474	2.02384	
TimeSizeRateMixer	9025	10183	6	0.157895	0.370489	
TimeRootSizeMixer	10065	9434	6	0.157895	0.330474	
EventTimeScaler	36561	36319	1	0.0263158	1.22031	
RootPopulationSizeScaler0	4987	5427	1	0.0263158	0.465877	
LeafPopulationSizeScaler0	6283	4146	1	0.0263158	2.40863	
RootPopulationSizeScaler1	5000	5409	1	0.0263158	0.461023	
LeafPopulationSizeScaler1	6106	4270	1	0.0263158	1.78664	
RootPopulationSizeScaler2	5022	5311	1	0.0263158	0.461904	
LeafPopulationSizeScaler2	6474	3950	1	0.0263158	2.24117	
RootPopulationSizeScaler3	5252	5177	1	0.0263158	0.433131	
LeafPopulationSizeScaler3	5793	4607	1	0.0263158	1.58643	
RootPopulationSizeScaler4	5066	5278	1	0.0263158	0.463304	
LeafPopulationSizeScaler4	6664	3734	1	0.0263158	1.7897	
RootPopulationSizeScaler5	4920	5445	1	0.0263158	0.470057	
LeafPopulationSizeScaler5	6659	3738	1	0.0263158	2.52441	
generation 40000:
name	number_accepted	number_rejected	weight	weight_prob	tuning_parameter
DirichletProcessGibbsSampler	10317	0	10	0.263158	none	
ConcentrationScaler	1389	1709	3	0.0789474	2.03824	
TimeSizeRateMixer	12163	13692	6	0.157895	0.373501	
TimeRootSizeMixer	13185	12741	6	0.157895	0.334917	
EventTimeScaler	48499	49121	1	0.0263158	1.23524	
RootPopulationSizeScaler0	6532	7352	1	0.0263158	0.46724	
LeafPopulationSizeScaler0	8177	5726	1	0.0263158	2.48484	
RootPopulationSizeScaler1	6617	7293	1	0.0263158	0.463792	
LeafPopulationSizeScaler1	7947	5916	1	0.0263158	1.83697	
RootPopulationSizeScaler2	6652	7163	1	0.0263158	0.46499	
LeafPopulationSizeScaler2	8336	5561	1	0.0263158	2.30946	
RootPopulationSizeScaler3	6978	6941	1	0.0263158	0.43934	
LeafPopulationSizeScaler3	7603	6284	1	0.0263158	1.62438	
RootPopulationSizeScaler4	6614	7216	1	0.0263158	0.464541	
LeafPopulationSizeScaler4	8754	5115	1	0.0263158	1.87258	
RootPopulationSizeScaler5	6507	7363	1	0.0263158	0.472031	
LeafPopulationSizeScaler5	8693	5184	1	0.0263158	2.63085	
generation 50000:
name	number_accepted	number_rejected	weight	weight_prob	tuning_parameter
DirichletProcessGibbsSampler	12872	0	10	0.263158	none	
ConcentrationScaler	1719	2147	3	0.0789474	2.03084	
TimeSizeRateMixer	15113	17280	6	0.157895	0.374902	
TimeRootSizeMixer	16393	16142	6	0.157895	0.338589	
EventTimeScaler	60283	61992	1	0.0263158	1.24617	
RootPopulationSizeScaler0	8145	9253	1	0.0263158	0.469338	
LeafPopulationSizeScaler0	10043	7326	1	0.0263158	2.54037	
RootPopulationSizeScaler1	8175	9212	1	0.0263158	0.464907	
LeafPopulationSizeScaler1	9817	7512	1	0.0263158	1.87364	
RootPopulationSizeScaler2	8246	9070	1	0.0263158	0.46694	
LeafPopulationSizeScaler2	10288	7081	1	0.0263158	2.3704	
RootPopulationSizeScaler3	8640	8752	1	0.0263158	0.44352	
LeafPopulationSizeScaler3	9369	8012	1	0.0263158	1.64923	
RootPopulationSizeScaler4	8181	9137	1	0.0263158	0.466097	
LeafPopulationSizeScaler4	10705	6653	1	0.0263158	1.92495	
RootPopulationSizeScaler5	8095	9233	1	0.0263158	0.473915	
LeafPopulationSizeScaler5	10663	6707	1	0.0263158	2.70624	
generation 60000:
name	number_accepted	number_rejected	weight	weight_prob	tuning_parameter
DirichletProcessGibbsSampler	15497	0	10	0.263158	none	
ConcentrationScaler	2100	2592	3	0.0789474	2.03901	
TimeSizeRateMixer	18071	20651	6	0.157895	0.376881	
TimeRootSizeMixer	19399	19396	6	0.157895	0.340804	
EventTimeScaler	71733	74840	1	0.0263158	1.25307	
RootPopulationSizeScaler0	9782	11030	1	0.0263158	0.471859	
LeafPopulationSizeScaler0	11828	8915	1	0.0263158	2.58421	
RootPopulationSizeScaler1	9700	11048	1	0.0263158	0.466437	
LeafPopulationSizeScaler1	11548	9164	1	0.0263158	1.89602	
RootPopulationSizeScaler2	9829	10865	1	0.0263158	0.46935	
LeafPopulationSizeScaler2	12089	8644	1	0.0263158	2.41212	
RootPopulationSizeScaler3	10240	10517	1	0.0263158	0.446227	
LeafPopulationSizeScaler3	11035	9714	1	0.0263158	1.66697	
RootPopulationSizeScaler4	9720	10969	1	0.0263158	0.467845	
LeafPopulationSizeScaler4	12692	8045	1	0.0263158	1.97349	
RootPopulationSizeScaler5	9617	11129	1	0.0263158	0.474928	
LeafPopulationSizeScaler5	12559	8202	1	0.0263158	2.76481	
generation 70000:
name	number_accepted	number_rejected	weight	weight_prob	tuning_parameter
DirichletProcessGibbsSampler	18135	0	10	0.263158	none	
ConcentrationScaler	2445	2999	3	0.0789474	2.03722	
TimeSizeRateMixer	21172	24232	6	0.157895	0.378296	
TimeRootSizeMixer	22553	22781	6	0.157895	0.342991	
EventTimeScaler	83824	88032	1	0.0263158	1.26063	
RootPopulationSizeScaler0	11393	12868	1	0.0263158	0.473655	
LeafPopulationSizeScaler0	13605	10591	1	0.0263158	2.61689	
RootPopulationSizeScaler1	11285	12920	1	0.0263158	0.467242	
LeafPopulationSizeScaler1	13288	10881	1	0.0263158	1.91682	
RootPopulationSizeScaler2	11465	12660	1	0.0263158	0.47233	
LeafPopulationSizeScaler2	13988	10186	1	0.0263158	2.45174	
RootPopulationSizeScaler3	11857	12339	1	0.0263158	0.448613	
LeafPopulationSizeScaler3	12748	11465	1	0.0263158	1.68161	
RootPopulationSizeScaler4	11288	12843	1	0.0263158	0.469316	
LeafPopulationSizeScaler4	14623	9544	1	0.0263158	2.01024	
RootPopulationSizeScaler5	11202	12989	1	0.0263158	0.476697	
LeafPopulationSizeScaler5	14497	9706	1	0.0263158	2.8148	
generation 80000:
name	number_accepted	number_rejected	weight	weight_prob	tuning_parameter
DirichletProcessGibbsSampler	20689	0	10	0.263158	none	
ConcentrationScaler	2805	3432	3	0.0789474	2.04247	
TimeSizeRateMixer	24118	27816	6	0.157895	0.379023	
TimeRootSizeMixer	25420	26103	6	0.157895	0.343797	
EventTimeScaler	95117	100537	1	0.0263158	1.26607	
RootPopulationSizeScaler0	12939	14772	1	0.0263158	0.474129	
LeafPopulationSizeScaler0	15431	12218	1	0.0263158	2.64652	
RootPopulationSizeScaler1	12911	14779	1	0.0263158	0.46893	
LeafPopulationSizeScaler1	15081	12582	1	0.0263158	1.93741	
RootPopulationSizeScaler2	13009	14591	1	0.0263158	0.472906	
LeafPopulationSizeScaler2	15928	11753	1	0.0263158	2.48715	
RootPopulationSizeScaler3	13494	14167	1	0.0263158	0.4509	
LeafPopulationSizeScaler3	14460	13246	1	0.0263158	1.69162	
RootPopulationSizeScaler4	12835	14805	1	0.0263158	0.469817	
LeafPopulationSizeScaler4	16495	11138	1	0.0263158	2.03877	
RootPopulationSizeScaler5	12823	14877	1	0.0263158	0.478036	
LeafPopulationSizeScaler5	16357	11310	1	0.0263158	2.85533	
generation 90000:
name	number_accepted	number_rejected	weight	weight_prob	tuning_parameter
DirichletProcessGibbsSampler	23289	0	10	0.263158	none	
ConcentrationScaler	3172	3846	3	0.0789474	2.04705	
TimeSizeRateMixer	27118	31357	6	0.157895	0.380085	
TimeRootSizeMixer	28482	29445	6	0.157895	0.345099	
EventTimeScaler	106707	113574	1	0.0263158	1.27102	
RootPopulationSizeScaler0	14512	16647	1	0.0263158	0.474936	
LeafPopulationSizeScaler0	17245	13823	1	0.0263158	2.67195	
RootPopulationSizeScaler1	14525	16657	1	0.0263158	0.469981	
LeafPopulationSizeScaler1	16860	14232	1	0.0263158	1.95511	
RootPopulationSizeScaler2	14606	16436	1	0.0263158	0.474145	
LeafPopulationSizeScaler2	17735	13378	1	0.0263158	2.51252	
RootPopulationSizeScaler3	15130	15957	1	0.0263158	0.452829	
LeafPopulationSizeScaler3	16121	14998	1	0.0263158	1.70234	
RootPopulationSizeScaler4	14375	16717	1	0.0263158	0.470432	
LeafPopulationSizeScaler4	18395	12677	1	0.0263158	2.06415	
RootPopulationSizeScaler5	14351	16778	1	0.0263158	0.478263	
LeafPopulationSizeScaler5	18220	12866	1	0.0263158	2.8903	
generation 100000:
name	number_accepted	number_rejected	weight	weight_prob	tuning_parameter
DirichletProcessGibbsSampler	25965	0	10	0.263158	none	
ConcentrationScaler	3516	4264	3	0.0789474	2.05065	
TimeSizeRateMixer	29941	34762	6	0.157895	0.380543	
TimeRootSizeMixer	31456	32771	6	0.157895	0.346149	
EventTimeScaler	117983	126438	1	0.0263158	1.27458	
RootPopulationSizeScaler0	16077	18544	1	0.0263158	0.475613	
LeafPopulationSizeScaler0	19051	15478	1	0.0263158	2.69328	
RootPopulationSizeScaler1	16116	18533	1	0.0263158	0.470687	
LeafPopulationSizeScaler1	18545	15984	1	0.0263158	1.96688	
RootPopulationSizeScaler2	16187	18287	1	0.0263158	0.475305	
LeafPopulationSizeScaler2	19482	15063	1	0.0263158	2.53227	
RootPopulationSizeScaler3	16682	17836	1	0.0263158	0.453997	
LeafPopulationSizeScaler3	17780	16775	1	0.0263158	1.71096	
RootPopulationSizeScaler4	15931	18612	1	0.0263158	0.471098	
LeafPopulationSizeScaler4	20340	14199	1	0.0263158	2.09065	
RootPopulationSizeScaler5	15893	18675	1	0.0263158	0.478833	
LeafPopulationSizeScaler5	19999	14519	1	0.0263158	2.91553	
