generation 10000:
name	number_accepted	number_rejected	weight	weight_prob	tuning_parameter
DirichletProcessGibbsSampler	2612	0	10	0.263158	none	
ConcentrationScaler	342	427	3	0.0789474	2.17246	
TimeSizeRateMixer	2652	2668	6	0.157895	0.333628	
TimeRootSizeMixer	2820	2450	6	0.157895	0.267032	
EventTimeScaler	11143	9143	1	0.0263158	1.34692	
RootPopulationSizeScaler0	1737	1665	1	0.0263158	0.448631	
LeafPopulationSizeScaler0	2496	939	1	0.0263158	1.76078	
RootPopulationSizeScaler1	1762	1650	1	0.0263158	0.424176	
LeafPopulationSizeScaler1	2292	1161	1	0.0263158	2.17952	
RootPopulationSizeScaler2	1777	1641	1	0.0263158	0.435947	
LeafPopulationSizeScaler2	2182	1263	1	0.0263158	1.28673	
RootPopulationSizeScaler3	1704	1732	1	0.0263158	0.453703	
LeafPopulationSizeScaler3	2272	1166	1	0.0263158	1.79041	
RootPopulationSizeScaler4	1717	1694	1	0.0263158	0.433414	
LeafPopulationSizeScaler4	2170	1229	1	0.0263158	1.88342	
RootPopulationSizeScaler5	1647	1763	1	0.0263158	0.456503	
LeafPopulationSizeScaler5	2369	1049	1	0.0263158	1.54303	
generation 20000:
name	number_accepted	number_rejected	weight	weight_prob	tuning_parameter
DirichletProcessGibbsSampler	5296	0	10	0.263158	none	
ConcentrationScaler	659	871	3	0.0789474	2.15764	
TimeSizeRateMixer	5047	5395	6	0.157895	0.340822	
TimeRootSizeMixer	5396	5071	6	0.157895	0.278674	
EventTimeScaler	21283	19122	1	0.0263158	1.4086	
RootPopulationSizeScaler0	3364	3412	1	0.0263158	0.459418	
LeafPopulationSizeScaler0	4664	2163	1	0.0263158	2.02867	
RootPopulationSizeScaler1	3341	3414	1	0.0263158	0.434412	
LeafPopulationSizeScaler1	4211	2573	1	0.0263158	2.39359	
RootPopulationSizeScaler2	3396	3426	1	0.0263158	0.447395	
LeafPopulationSizeScaler2	4043	2795	1	0.0263158	1.39774	
RootPopulationSizeScaler3	3268	3527	1	0.0263158	0.46003	
LeafPopulationSizeScaler3	4258	2573	1	0.0263158	1.97803	
RootPopulationSizeScaler4	3340	3446	1	0.0263158	0.446227	
LeafPopulationSizeScaler4	4083	2693	1	0.0263158	2.06176	
RootPopulationSizeScaler5	3206	3600	1	0.0263158	0.461293	
LeafPopulationSizeScaler5	4339	2471	1	0.0263158	1.71796	
generation 30000:
name	number_accepted	number_rejected	weight	weight_prob	tuning_parameter
DirichletProcessGibbsSampler	7878	0	10	0.263158	none	
ConcentrationScaler	982	1303	3	0.0789474	2.1562	
TimeSizeRateMixer	7475	8201	6	0.157895	0.344652	
TimeRootSizeMixer	8202	7848	6	0.157895	0.286481	
EventTimeScaler	31499	29492	1	0.0263158	1.44139	
RootPopulationSizeScaler0	5017	5223	1	0.0263158	0.465354	
LeafPopulationSizeScaler0	6747	3554	1	0.0263158	2.17189	
RootPopulationSizeScaler1	4995	5213	1	0.0263158	0.442295	
LeafPopulationSizeScaler1	6140	4117	1	0.0263158	2.51696	
RootPopulationSizeScaler2	5030	5253	1	0.0263158	0.453536	
LeafPopulationSizeScaler2	5923	4374	1	0.0263158	1.45693	
RootPopulationSizeScaler3	4865	5390	1	0.0263158	0.463296	
LeafPopulationSizeScaler3	6191	4089	1	0.0263158	2.07615	
RootPopulationSizeScaler4	4981	5274	1	0.0263158	0.451908	
LeafPopulationSizeScaler4	5914	4340	1	0.0263158	2.14561	
RootPopulationSizeScaler5	4794	5485	1	0.0263158	0.465387	
LeafPopulationSizeScaler5	6335	3954	1	0.0263158	1.81332	
generation 40000:
name	number_accepted	number_rejected	weight	weight_prob	tuning_parameter
DirichletProcessGibbsSampler	10396	0	10	0.263158	none	
ConcentrationScaler	1348	1730	3	0.0789474	2.17916	
TimeSizeRateMixer	9933	11119	6	0.157895	0.347069	
TimeRootSizeMixer	11022	10627	6	0.157895	0.291766	
EventTimeScaler	41479	39910	1	0.0263158	1.46272	
RootPopulationSizeScaler0	6561	7168	1	0.0263158	0.466911	
LeafPopulationSizeScaler0	8839	4990	1	0.0263158	2.26924	
RootPopulationSizeScaler1	6660	7031	1	0.0263158	0.447371	
LeafPopulationSizeScaler1	8061	5669	1	0.0263158	2.59824	
RootPopulationSizeScaler2	6633	7169	1	0.0263158	0.456075	
LeafPopulationSizeScaler2	7820	5982	1	0.0263158	1.49926	
RootPopulationSizeScaler3	6438	7281	1	0.0263158	0.464827	
LeafPopulationSizeScaler3	8074	5727	1	0.0263158	2.14138	
RootPopulationSizeScaler4	6640	7108	1	0.0263158	0.457037	
LeafPopulationSizeScaler4	7804	5959	1	0.0263158	2.20506	
RootPopulationSizeScaler5	6360	7428	1	0.0263158	0.466403	
LeafPopulationSizeScaler5	8353	5445	1	0.0263158	1.88444	
generation 50000:
name	number_accepted	number_rejected	weight	weight_prob	tuning_parameter
DirichletProcessGibbsSampler	12989	0	10	0.263158	none	
ConcentrationScaler	1734	2117	3	0.0789474	2.1942	
TimeSizeRateMixer	12381	14013	6	0.157895	0.348419	
TimeRootSizeMixer	13635	13323	6	0.157895	0.295143	
EventTimeScaler	51210	50368	1	0.0263158	1.47685	
RootPopulationSizeScaler0	8146	9116	1	0.0263158	0.468355	
LeafPopulationSizeScaler0	10897	6456	1	0.0263158	2.34339	
RootPopulationSizeScaler1	8289	8862	1	0.0263158	0.451507	
LeafPopulationSizeScaler1	9938	7314	1	0.0263158	2.65584	
RootPopulationSizeScaler2	8267	9044	1	0.0263158	0.458142	
LeafPopulationSizeScaler2	9638	7670	1	0.0263158	1.52808	
RootPopulationSizeScaler3	8097	9130	1	0.0263158	0.467494	
LeafPopulationSizeScaler3	9944	7352	1	0.0263158	2.18801	
RootPopulationSizeScaler4	8293	8957	1	0.0263158	0.460418	
LeafPopulationSizeScaler4	9657	7637	1	0.0263158	2.24753	
RootPopulationSizeScaler5	7977	9289	1	0.0263158	0.468244	
LeafPopulationSizeScaler5	10274	7013	1	0.0263158	1.93151	
generation 60000:
name	number_accepted	number_rejected	weight	weight_prob	tuning_parameter
DirichletProcessGibbsSampler	15604	0	10	0.263158	none	
ConcentrationScaler	2082	2542	3	0.0789474	2.19649	
TimeSizeRateMixer	14818	16933	6	0.157895	0.349338	
TimeRootSizeMixer	16222	16101	6	0.157895	0.297642	
EventTimeScaler	61064	60866	1	0.0263158	1.48811	
RootPopulationSizeScaler0	9711	10992	1	0.0263158	0.469919	
LeafPopulationSizeScaler0	12891	7921	1	0.0263158	2.40074	
RootPopulationSizeScaler1	9902	10700	1	0.0263158	0.454067	
LeafPopulationSizeScaler1	11738	8995	1	0.0263158	2.69538	
RootPopulationSizeScaler2	9902	10853	1	0.0263158	0.460733	
LeafPopulationSizeScaler2	11399	9345	1	0.0263158	1.54923	
RootPopulationSizeScaler3	9669	11010	1	0.0263158	0.468929	
LeafPopulationSizeScaler3	11785	8953	1	0.0263158	2.22498	
RootPopulationSizeScaler4	9933	10769	1	0.0263158	0.463099	
LeafPopulationSizeScaler4	11471	9284	1	0.0263158	2.2833	
RootPopulationSizeScaler5	9531	11193	1	0.0263158	0.469079	
LeafPopulationSizeScaler5	12115	8664	1	0.0263158	1.96636	
generation 70000:
name	number_accepted	number_rejected	weight	weight_prob	tuning_parameter
DirichletProcessGibbsSampler	18189	0	10	0.263158	none	
ConcentrationScaler	2433	2968	3	0.0789474	2.20115	
TimeSizeRateMixer	17276	19889	6	0.157895	0.349915	
TimeRootSizeMixer	18899	18890	6	0.157895	0.299904	
EventTimeScaler	70975	71402	1	0.0263158	1.49806	
RootPopulationSizeScaler0	11291	12885	1	0.0263158	0.471373	
LeafPopulationSizeScaler0	14824	9411	1	0.0263158	2.44345	
RootPopulationSizeScaler1	11524	12540	1	0.0263158	0.456333	
LeafPopulationSizeScaler1	13554	10635	1	0.0263158	2.73289	
RootPopulationSizeScaler2	11495	12732	1	0.0263158	0.462289	
LeafPopulationSizeScaler2	13200	11017	1	0.0263158	1.56756	
RootPopulationSizeScaler3	11236	12891	1	0.0263158	0.470237	
LeafPopulationSizeScaler3	13628	10587	1	0.0263158	2.25585	
RootPopulationSizeScaler4	11571	12597	1	0.0263158	0.465144	
LeafPopulationSizeScaler4	13227	10959	1	0.0263158	2.30856	
RootPopulationSizeScaler5	11153	13020	1	0.0263158	0.470784	
LeafPopulationSizeScaler5	13929	10274	1	0.0263158	1.99362	
generation 80000:
name	number_accepted	number_rejected	weight	weight_prob	tuning_parameter
DirichletProcessGibbsSampler	20779	0	10	0.263158	none	
ConcentrationScaler	2781	3442	3	0.0789474	2.19914	
TimeSizeRateMixer	19749	22805	6	0.157895	0.350891	
TimeRootSizeMixer	21641	21668	6	0.157895	0.302354	
EventTimeScaler	81024	82116	1	0.0263158	1.5068	
RootPopulationSizeScaler0	12809	14787	1	0.0263158	0.471453	
LeafPopulationSizeScaler0	16697	10959	1	0.0263158	2.47801	
RootPopulationSizeScaler1	13150	14322	1	0.0263158	0.458353	
LeafPopulationSizeScaler1	15335	12313	1	0.0263158	2.76249	
RootPopulationSizeScaler2	13037	14644	1	0.0263158	0.463075	
LeafPopulationSizeScaler2	14958	12701	1	0.0263158	1.58336	
RootPopulationSizeScaler3	12795	14757	1	0.0263158	0.471416	
LeafPopulationSizeScaler3	15438	12218	1	0.0263158	2.28151	
RootPopulationSizeScaler4	13096	14525	1	0.0263158	0.465899	
LeafPopulationSizeScaler4	14997	12618	1	0.0263158	2.3318	
RootPopulationSizeScaler5	12693	14909	1	0.0263158	0.471337	
LeafPopulationSizeScaler5	15678	11958	1	0.0263158	2.01635	
generation 90000:
name	number_accepted	number_rejected	weight	weight_prob	tuning_parameter
DirichletProcessGibbsSampler	23414	0	10	0.263158	none	
ConcentrationScaler	3122	3874	3	0.0789474	2.20219	
TimeSizeRateMixer	22216	25757	6	0.157895	0.351626	
TimeRootSizeMixer	24279	24484	6	0.157895	0.304009	
EventTimeScaler	90797	92804	1	0.0263158	1.5136	
RootPopulationSizeScaler0	14356	16713	1	0.0263158	0.472006	
LeafPopulationSizeScaler0	18641	12502	1	0.0263158	2.51016	
RootPopulationSizeScaler1	14774	16187	1	0.0263158	0.459513	
LeafPopulationSizeScaler1	17132	14004	1	0.0263158	2.78573	
RootPopulationSizeScaler2	14650	16545	1	0.0263158	0.464403	
LeafPopulationSizeScaler2	16714	14433	1	0.0263158	1.59597	
RootPopulationSizeScaler3	14431	16620	1	0.0263158	0.472693	
LeafPopulationSizeScaler3	17281	13861	1	0.0263158	2.30464	
RootPopulationSizeScaler4	14692	16401	1	0.0263158	0.466758	
LeafPopulationSizeScaler4	16814	14315	1	0.0263158	2.35222	
RootPopulationSizeScaler5	14263	16832	1	0.0263158	0.471823	
LeafPopulationSizeScaler5	17536	13609	1	0.0263158	2.03809	
generation 100000:
name	number_accepted	number_rejected	weight	weight_prob	tuning_parameter
DirichletProcessGibbsSampler	26018	0	10	0.263158	none	
ConcentrationScaler	3475	4340	3	0.0789474	2.19993	
TimeSizeRateMixer	24638	28559	6	0.157895	0.352437	
TimeRootSizeMixer	26918	27474	6	0.157895	0.304955	
EventTimeScaler	100609	103479	1	0.0263158	1.52026	
RootPopulationSizeScaler0	15919	18679	1	0.0263158	0.472606	
LeafPopulationSizeScaler0	20577	14065	1	0.0263158	2.53772	
RootPopulationSizeScaler1	16400	18038	1	0.0263158	0.460838	
LeafPopulationSizeScaler1	18889	15740	1	0.0263158	2.80549	
RootPopulationSizeScaler2	16271	18419	1	0.0263158	0.46535	
LeafPopulationSizeScaler2	18553	16080	1	0.0263158	1.60933	
RootPopulationSizeScaler3	15982	18575	1	0.0263158	0.472704	
LeafPopulationSizeScaler3	19070	15546	1	0.0263158	2.32243	
RootPopulationSizeScaler4	16275	18310	1	0.0263158	0.467499	
LeafPopulationSizeScaler4	18557	16071	1	0.0263158	2.36668	
RootPopulationSizeScaler5	15868	18724	1	0.0263158	0.472721	
LeafPopulationSizeScaler5	19397	15234	1	0.0263158	2.05645	
