generation 10000:
name	number_accepted	number_rejected	weight	weight_prob	tuning_parameter
DirichletProcessGibbsSampler	2609	0	10	0.263158	none	
ConcentrationScaler	376	356	3	0.0789474	2.87115	
TimeSizeRateMixer	774	872	6	0.157895	0.19195	
TimeRootSizeMixer	546	1127	6	0.157895	0.0731238	
EventTimeScaler	3945	2453	1	0.0263158	1.9251	
RootPopulationSizeScaler0	1857	1563	1	0.0263158	0.410489	
LeafPopulationSizeScaler0	2263	1126	1	0.0263158	1.8135	
RootPopulationSizeScaler1	1761	1642	1	0.0263158	0.435478	
LeafPopulationSizeScaler1	2116	1286	1	0.0263158	1.7728	
RootPopulationSizeScaler2	1658	1753	1	0.0263158	0.45202	
LeafPopulationSizeScaler2	2202	1212	1	0.0263158	1.90724	
RootPopulationSizeScaler3	1727	1688	1	0.0263158	0.425968	
LeafPopulationSizeScaler3	2311	1081	1	0.0263158	1.68019	
RootPopulationSizeScaler4	1859	1574	1	0.0263158	0.414239	
LeafPopulationSizeScaler4	2327	1067	1	0.0263158	2.09555	
RootPopulationSizeScaler5	1691	1721	1	0.0263158	0.436929	
LeafPopulationSizeScaler5	2146	1244	1	0.0263158	1.7002	
generation 20000:
name	number_accepted	number_rejected	weight	weight_prob	tuning_parameter
DirichletProcessGibbsSampler	5171	0	10	0.263158	none	
ConcentrationScaler	761	778	3	0.0789474	2.95266	
TimeSizeRateMixer	1552	1750	6	0.157895	0.195522	
TimeRootSizeMixer	1127	2223	6	0.157895	0.0686655	
EventTimeScaler	7438	5264	1	0.0263158	2.08641	
RootPopulationSizeScaler0	3575	3282	1	0.0263158	0.427796	
LeafPopulationSizeScaler0	4249	2578	1	0.0263158	2.00619	
RootPopulationSizeScaler1	3403	3473	1	0.0263158	0.445767	
LeafPopulationSizeScaler1	4009	2849	1	0.0263158	1.91787	
RootPopulationSizeScaler2	3221	3632	1	0.0263158	0.456218	
LeafPopulationSizeScaler2	4097	2764	1	0.0263158	2.07017	
RootPopulationSizeScaler3	3396	3485	1	0.0263158	0.438842	
LeafPopulationSizeScaler3	4262	2553	1	0.0263158	1.84833	
RootPopulationSizeScaler4	3607	3265	1	0.0263158	0.432269	
LeafPopulationSizeScaler4	4384	2488	1	0.0263158	2.35335	
RootPopulationSizeScaler5	3320	3538	1	0.0263158	0.44709	
LeafPopulationSizeScaler5	4042	2782	1	0.0263158	1.85406	
generation 30000:
name	number_accepted	number_rejected	weight	weight_prob	tuning_parameter
DirichletProcessGibbsSampler	7882	0	10	0.263158	none	
ConcentrationScaler	1099	1150	3	0.0789474	2.98377	
TimeSizeRateMixer	2322	2643	6	0.157895	0.198206	
TimeRootSizeMixer	1709	3260	6	0.157895	0.0666025	
EventTimeScaler	10845	8243	1	0.0263158	2.16874	
RootPopulationSizeScaler0	5185	5034	1	0.0263158	0.434092	
LeafPopulationSizeScaler0	6159	4056	1	0.0263158	2.10579	
RootPopulationSizeScaler1	4979	5306	1	0.0263158	0.449941	
LeafPopulationSizeScaler1	5774	4452	1	0.0263158	1.98554	
RootPopulationSizeScaler2	4749	5480	1	0.0263158	0.458776	
LeafPopulationSizeScaler2	5923	4313	1	0.0263158	2.16001	
RootPopulationSizeScaler3	4933	5300	1	0.0263158	0.444315	
LeafPopulationSizeScaler3	6145	4075	1	0.0263158	1.93338	
RootPopulationSizeScaler4	5185	5060	1	0.0263158	0.438106	
LeafPopulationSizeScaler4	6319	3925	1	0.0263158	2.48757	
RootPopulationSizeScaler5	4849	5380	1	0.0263158	0.451138	
LeafPopulationSizeScaler5	5884	4310	1	0.0263158	1.93471	
generation 40000:
name	number_accepted	number_rejected	weight	weight_prob	tuning_parameter
DirichletProcessGibbsSampler	10540	0	10	0.263158	none	
ConcentrationScaler	1439	1575	3	0.0789474	2.98482	
TimeSizeRateMixer	3046	3574	6	0.157895	0.198131	
TimeRootSizeMixer	2299	4262	6	0.157895	0.0652774	
EventTimeScaler	14223	11188	1	0.0263158	2.22702	
RootPopulationSizeScaler0	6792	6793	1	0.0263158	0.438641	
LeafPopulationSizeScaler0	7972	5655	1	0.0263158	2.15922	
RootPopulationSizeScaler1	6557	7117	1	0.0263158	0.453156	
LeafPopulationSizeScaler1	7486	6113	1	0.0263158	2.02712	
RootPopulationSizeScaler2	6292	7323	1	0.0263158	0.460437	
LeafPopulationSizeScaler2	7759	5833	1	0.0263158	2.2253	
RootPopulationSizeScaler3	6518	7074	1	0.0263158	0.44753	
LeafPopulationSizeScaler3	7952	5650	1	0.0263158	1.98776	
RootPopulationSizeScaler4	6805	6825	1	0.0263158	0.442541	
LeafPopulationSizeScaler4	8170	5427	1	0.0263158	2.56541	
RootPopulationSizeScaler5	6400	7168	1	0.0263158	0.454584	
LeafPopulationSizeScaler5	7632	5961	1	0.0263158	1.98143	
generation 50000:
name	number_accepted	number_rejected	weight	weight_prob	tuning_parameter
DirichletProcessGibbsSampler	13154	0	10	0.263158	none	
ConcentrationScaler	1782	2030	3	0.0789474	2.98026	
TimeSizeRateMixer	3873	4540	6	0.157895	0.199054	
TimeRootSizeMixer	2935	5335	6	0.157895	0.064339	
EventTimeScaler	17543	14412	1	0.0263158	2.26354	
RootPopulationSizeScaler0	8485	8612	1	0.0263158	0.44274	
LeafPopulationSizeScaler0	9823	7314	1	0.0263158	2.20224	
RootPopulationSizeScaler1	8234	8969	1	0.0263158	0.456342	
LeafPopulationSizeScaler1	9306	7817	1	0.0263158	2.06158	
RootPopulationSizeScaler2	7902	9236	1	0.0263158	0.461658	
LeafPopulationSizeScaler2	9627	7485	1	0.0263158	2.26843	
RootPopulationSizeScaler3	8129	8980	1	0.0263158	0.450177	
LeafPopulationSizeScaler3	9855	7266	1	0.0263158	2.03321	
RootPopulationSizeScaler4	8470	8690	1	0.0263158	0.445282	
LeafPopulationSizeScaler4	10123	6986	1	0.0263158	2.63586	
RootPopulationSizeScaler5	8023	9077	1	0.0263158	0.456941	
LeafPopulationSizeScaler5	9499	7609	1	0.0263158	2.01943	
generation 60000:
name	number_accepted	number_rejected	weight	weight_prob	tuning_parameter
DirichletProcessGibbsSampler	15672	0	10	0.263158	none	
ConcentrationScaler	2131	2476	3	0.0789474	2.98594	
TimeSizeRateMixer	4639	5445	6	0.157895	0.199812	
TimeRootSizeMixer	3579	6373	6	0.157895	0.0636453	
EventTimeScaler	20764	17468	1	0.0263158	2.29418	
RootPopulationSizeScaler0	10068	10481	1	0.0263158	0.444325	
LeafPopulationSizeScaler0	11646	8976	1	0.0263158	2.24042	
RootPopulationSizeScaler1	9760	10898	1	0.0263158	0.457057	
LeafPopulationSizeScaler1	11088	9489	1	0.0263158	2.09095	
RootPopulationSizeScaler2	9487	11132	1	0.0263158	0.462915	
LeafPopulationSizeScaler2	11412	9119	1	0.0263158	2.30438	
RootPopulationSizeScaler3	9700	10858	1	0.0263158	0.451781	
LeafPopulationSizeScaler3	11667	8896	1	0.0263158	2.06598	
RootPopulationSizeScaler4	10099	10532	1	0.0263158	0.447954	
LeafPopulationSizeScaler4	11997	8573	1	0.0263158	2.68896	
RootPopulationSizeScaler5	9608	10935	1	0.0263158	0.458271	
LeafPopulationSizeScaler5	11298	9232	1	0.0263158	2.05142	
generation 70000:
name	number_accepted	number_rejected	weight	weight_prob	tuning_parameter
DirichletProcessGibbsSampler	18280	0	10	0.263158	none	
ConcentrationScaler	2477	2922	3	0.0789474	2.98174	
TimeSizeRateMixer	5421	6363	6	0.157895	0.200115	
TimeRootSizeMixer	4232	7355	6	0.157895	0.0632195	
EventTimeScaler	24011	20593	1	0.0263158	2.31711	
RootPopulationSizeScaler0	11675	12274	1	0.0263158	0.44627	
LeafPopulationSizeScaler0	13464	10568	1	0.0263158	2.27029	
RootPopulationSizeScaler1	11338	12750	1	0.0263158	0.458019	
LeafPopulationSizeScaler1	12791	11226	1	0.0263158	2.11073	
RootPopulationSizeScaler2	10986	13054	1	0.0263158	0.463035	
LeafPopulationSizeScaler2	13234	10727	1	0.0263158	2.33682	
RootPopulationSizeScaler3	11312	12697	1	0.0263158	0.453658	
LeafPopulationSizeScaler3	13437	10562	1	0.0263158	2.09052	
RootPopulationSizeScaler4	11701	12357	1	0.0263158	0.44982	
LeafPopulationSizeScaler4	13935	10091	1	0.0263158	2.7386	
RootPopulationSizeScaler5	11210	12768	1	0.0263158	0.459734	
LeafPopulationSizeScaler5	13036	10914	1	0.0263158	2.07474	
generation 80000:
name	number_accepted	number_rejected	weight	weight_prob	tuning_parameter
DirichletProcessGibbsSampler	20943	0	10	0.263158	none	
ConcentrationScaler	2830	3359	3	0.0789474	2.98127	
TimeSizeRateMixer	6163	7251	6	0.157895	0.200621	
TimeRootSizeMixer	4880	8394	6	0.157895	0.0627198	
EventTimeScaler	27295	23751	1	0.0263158	2.33924	
RootPopulationSizeScaler0	13271	14079	1	0.0263158	0.448022	
LeafPopulationSizeScaler0	15258	12186	1	0.0263158	2.29608	
RootPopulationSizeScaler1	12887	14637	1	0.0263158	0.459185	
LeafPopulationSizeScaler1	14523	12900	1	0.0263158	2.12899	
RootPopulationSizeScaler2	12613	14825	1	0.0263158	0.464898	
LeafPopulationSizeScaler2	15000	12340	1	0.0263158	2.35996	
RootPopulationSizeScaler3	12890	14506	1	0.0263158	0.455572	
LeafPopulationSizeScaler3	15204	12186	1	0.0263158	2.11352	
RootPopulationSizeScaler4	13230	14215	1	0.0263158	0.451164	
LeafPopulationSizeScaler4	15736	11689	1	0.0263158	2.77141	
RootPopulationSizeScaler5	12753	14655	1	0.0263158	0.460521	
LeafPopulationSizeScaler5	14753	12614	1	0.0263158	2.09141	
generation 90000:
name	number_accepted	number_rejected	weight	weight_prob	tuning_parameter
DirichletProcessGibbsSampler	23595	0	10	0.263158	none	
ConcentrationScaler	3196	3784	3	0.0789474	2.98724	
TimeSizeRateMixer	6884	8129	6	0.157895	0.201034	
TimeRootSizeMixer	5526	9378	6	0.157895	0.0624224	
EventTimeScaler	30402	26893	1	0.0263158	2.3545	
RootPopulationSizeScaler0	14886	15826	1	0.0263158	0.449742	
LeafPopulationSizeScaler0	17018	13775	1	0.0263158	2.31724	
RootPopulationSizeScaler1	14450	16455	1	0.0263158	0.460429	
LeafPopulationSizeScaler1	16258	14516	1	0.0263158	2.1457	
RootPopulationSizeScaler2	14192	16617	1	0.0263158	0.466096	
LeafPopulationSizeScaler2	16759	13957	1	0.0263158	2.37974	
RootPopulationSizeScaler3	14413	16363	1	0.0263158	0.456324	
LeafPopulationSizeScaler3	16929	13825	1	0.0263158	2.13158	
RootPopulationSizeScaler4	14774	16041	1	0.0263158	0.452242	
LeafPopulationSizeScaler4	17506	13288	1	0.0263158	2.80049	
RootPopulationSizeScaler5	14328	16463	1	0.0263158	0.461343	
LeafPopulationSizeScaler5	16473	14260	1	0.0263158	2.10724	
generation 100000:
name	number_accepted	number_rejected	weight	weight_prob	tuning_parameter
DirichletProcessGibbsSampler	26274	0	10	0.263158	none	
ConcentrationScaler	3516	4187	3	0.0789474	2.98782	
TimeSizeRateMixer	7603	9067	6	0.157895	0.201219	
TimeRootSizeMixer	6138	10396	6	0.157895	0.0620906	
EventTimeScaler	33611	30086	1	0.0263158	2.36993	
RootPopulationSizeScaler0	16496	17643	1	0.0263158	0.451032	
LeafPopulationSizeScaler0	18755	15463	1	0.0263158	2.33452	
RootPopulationSizeScaler1	15991	18337	1	0.0263158	0.461048	
LeafPopulationSizeScaler1	17969	16205	1	0.0263158	2.15947	
RootPopulationSizeScaler2	15726	18469	1	0.0263158	0.467038	
LeafPopulationSizeScaler2	18509	15627	1	0.0263158	2.39924	
RootPopulationSizeScaler3	16021	18167	1	0.0263158	0.457318	
LeafPopulationSizeScaler3	18669	15476	1	0.0263158	2.14829	
RootPopulationSizeScaler4	16309	17912	1	0.0263158	0.453264	
LeafPopulationSizeScaler4	19272	14935	1	0.0263158	2.82264	
RootPopulationSizeScaler5	15864	18317	1	0.0263158	0.461999	
LeafPopulationSizeScaler5	18211	15943	1	0.0263158	2.12067	
