generation 10000:
name	number_accepted	number_rejected	weight	weight_prob	tuning_parameter
DirichletProcessGibbsSampler	2665	0	10	0.263158	none	
ConcentrationScaler	400	385	3	0.0789474	2.75418	
TimeSizeRateMixer	726	893	6	0.157895	0.21226	
TimeRootSizeMixer	1059	675	6	0.157895	0.0419376	
EventTimeScaler	3932	2554	1	0.0263158	2.1379	
RootPopulationSizeScaler0	1770	1673	1	0.0263158	0.434408	
LeafPopulationSizeScaler0	2368	1046	1	0.0263158	1.67657	
RootPopulationSizeScaler1	1770	1643	1	0.0263158	0.431378	
LeafPopulationSizeScaler1	2253	1168	1	0.0263158	1.98558	
RootPopulationSizeScaler2	1840	1570	1	0.0263158	0.417484	
LeafPopulationSizeScaler2	2306	1119	1	0.0263158	2.07037	
RootPopulationSizeScaler3	1797	1637	1	0.0263158	0.418816	
LeafPopulationSizeScaler3	2295	1131	1	0.0263158	1.74085	
RootPopulationSizeScaler4	1834	1602	1	0.0263158	0.42149	
LeafPopulationSizeScaler4	2168	1259	1	0.0263158	1.78858	
RootPopulationSizeScaler5	1670	1769	1	0.0263158	0.440363	
LeafPopulationSizeScaler5	2340	1066	1	0.0263158	2.08441	
generation 20000:
name	number_accepted	number_rejected	weight	weight_prob	tuning_parameter
DirichletProcessGibbsSampler	5374	0	10	0.263158	none	
ConcentrationScaler	790	776	3	0.0789474	2.84583	
TimeSizeRateMixer	1503	1826	6	0.157895	0.215196	
TimeRootSizeMixer	1984	1362	6	0.157895	0.0459646	
EventTimeScaler	7500	5529	1	0.0263158	2.31084	
RootPopulationSizeScaler0	3354	3413	1	0.0263158	0.445205	
LeafPopulationSizeScaler0	4383	2359	1	0.0263158	1.88463	
RootPopulationSizeScaler1	3362	3371	1	0.0263158	0.442914	
LeafPopulationSizeScaler1	4170	2590	1	0.0263158	2.18154	
RootPopulationSizeScaler2	3506	3239	1	0.0263158	0.433143	
LeafPopulationSizeScaler2	4234	2491	1	0.0263158	2.28707	
RootPopulationSizeScaler3	3390	3392	1	0.0263158	0.430972	
LeafPopulationSizeScaler3	4283	2458	1	0.0263158	1.93405	
RootPopulationSizeScaler4	3451	3312	1	0.0263158	0.435638	
LeafPopulationSizeScaler4	4050	2731	1	0.0263158	1.94799	
RootPopulationSizeScaler5	3309	3464	1	0.0263158	0.4541	
LeafPopulationSizeScaler5	4346	2409	1	0.0263158	2.33144	
generation 30000:
name	number_accepted	number_rejected	weight	weight_prob	tuning_parameter
DirichletProcessGibbsSampler	8042	0	10	0.263158	none	
ConcentrationScaler	1169	1186	3	0.0789474	2.89959	
TimeSizeRateMixer	2242	2797	6	0.157895	0.214711	
TimeRootSizeMixer	2957	2171	6	0.157895	0.0481546	
EventTimeScaler	11090	8695	1	0.0263158	2.40066	
RootPopulationSizeScaler0	5026	5144	1	0.0263158	0.452663	
LeafPopulationSizeScaler0	6356	3798	1	0.0263158	2.00203	
RootPopulationSizeScaler1	4994	5153	1	0.0263158	0.449955	
LeafPopulationSizeScaler1	6098	4104	1	0.0263158	2.28463	
RootPopulationSizeScaler2	5164	5002	1	0.0263158	0.440302	
LeafPopulationSizeScaler2	6092	4021	1	0.0263158	2.39378	
RootPopulationSizeScaler3	5021	5183	1	0.0263158	0.437433	
LeafPopulationSizeScaler3	6202	3948	1	0.0263158	2.03647	
RootPopulationSizeScaler4	5071	5124	1	0.0263158	0.441288	
LeafPopulationSizeScaler4	5932	4291	1	0.0263158	2.02822	
RootPopulationSizeScaler5	4927	5251	1	0.0263158	0.460615	
LeafPopulationSizeScaler5	6279	3885	1	0.0263158	2.4511	
generation 40000:
name	number_accepted	number_rejected	weight	weight_prob	tuning_parameter
DirichletProcessGibbsSampler	10698	0	10	0.263158	none	
ConcentrationScaler	1498	1605	3	0.0789474	2.90671	
TimeSizeRateMixer	3022	3743	6	0.157895	0.215373	
TimeRootSizeMixer	3926	2932	6	0.157895	0.0498167	
EventTimeScaler	14514	11926	1	0.0263158	2.45224	
RootPopulationSizeScaler0	6635	6956	1	0.0263158	0.45689	
LeafPopulationSizeScaler0	8304	5265	1	0.0263158	2.08302	
RootPopulationSizeScaler1	6566	7037	1	0.0263158	0.452565	
LeafPopulationSizeScaler1	7947	5699	1	0.0263158	2.35001	
RootPopulationSizeScaler2	6736	6870	1	0.0263158	0.443651	
LeafPopulationSizeScaler2	8007	5531	1	0.0263158	2.4807	
RootPopulationSizeScaler3	6737	6918	1	0.0263158	0.443603	
LeafPopulationSizeScaler3	8077	5502	1	0.0263158	2.10042	
RootPopulationSizeScaler4	6686	6926	1	0.0263158	0.445309	
LeafPopulationSizeScaler4	7684	5959	1	0.0263158	2.07752	
RootPopulationSizeScaler5	6502	7118	1	0.0263158	0.463	
LeafPopulationSizeScaler5	8160	5431	1	0.0263158	2.5264	
generation 50000:
name	number_accepted	number_rejected	weight	weight_prob	tuning_parameter
DirichletProcessGibbsSampler	13390	0	10	0.263158	none	
ConcentrationScaler	1862	2018	3	0.0789474	2.92313	
TimeSizeRateMixer	3745	4626	6	0.157895	0.21593	
TimeRootSizeMixer	4901	3761	6	0.157895	0.0509451	
EventTimeScaler	17912	15136	1	0.0263158	2.49106	
RootPopulationSizeScaler0	8159	8787	1	0.0263158	0.45888	
LeafPopulationSizeScaler0	10126	6823	1	0.0263158	2.13281	
RootPopulationSizeScaler1	8152	8839	1	0.0263158	0.454879	
LeafPopulationSizeScaler1	9760	7271	1	0.0263158	2.39768	
RootPopulationSizeScaler2	8329	8671	1	0.0263158	0.446094	
LeafPopulationSizeScaler2	9882	7094	1	0.0263158	2.53861	
RootPopulationSizeScaler3	8347	8709	1	0.0263158	0.447137	
LeafPopulationSizeScaler3	9935	7050	1	0.0263158	2.15244	
RootPopulationSizeScaler4	8244	8731	1	0.0263158	0.447467	
LeafPopulationSizeScaler4	9443	7600	1	0.0263158	2.11721	
RootPopulationSizeScaler5	8025	8969	1	0.0263158	0.464274	
LeafPopulationSizeScaler5	10086	6904	1	0.0263158	2.59266	
generation 60000:
name	number_accepted	number_rejected	weight	weight_prob	tuning_parameter
DirichletProcessGibbsSampler	15903	0	10	0.263158	none	
ConcentrationScaler	2236	2490	3	0.0789474	2.93005	
TimeSizeRateMixer	4493	5559	6	0.157895	0.215823	
TimeRootSizeMixer	5876	4647	6	0.157895	0.0518969	
EventTimeScaler	21287	18354	1	0.0263158	2.52516	
RootPopulationSizeScaler0	9757	10670	1	0.0263158	0.460587	
LeafPopulationSizeScaler0	12019	8384	1	0.0263158	2.17511	
RootPopulationSizeScaler1	9696	10739	1	0.0263158	0.45622	
LeafPopulationSizeScaler1	11629	8895	1	0.0263158	2.44036	
RootPopulationSizeScaler2	9968	10518	1	0.0263158	0.448195	
LeafPopulationSizeScaler2	11762	8696	1	0.0263158	2.58527	
RootPopulationSizeScaler3	9946	10569	1	0.0263158	0.449026	
LeafPopulationSizeScaler3	11757	8684	1	0.0263158	2.19227	
RootPopulationSizeScaler4	9859	10568	1	0.0263158	0.449608	
LeafPopulationSizeScaler4	11241	9263	1	0.0263158	2.14735	
RootPopulationSizeScaler5	9624	10846	1	0.0263158	0.46591	
LeafPopulationSizeScaler5	11907	8527	1	0.0263158	2.63924	
generation 70000:
name	number_accepted	number_rejected	weight	weight_prob	tuning_parameter
DirichletProcessGibbsSampler	18463	0	10	0.263158	none	
ConcentrationScaler	2571	2892	3	0.0789474	2.93802	
TimeSizeRateMixer	5247	6533	6	0.157895	0.21608	
TimeRootSizeMixer	6862	5479	6	0.157895	0.0527185	
EventTimeScaler	24625	21658	1	0.0263158	2.54934	
RootPopulationSizeScaler0	11308	12580	1	0.0263158	0.461419	
LeafPopulationSizeScaler0	13893	9977	1	0.0263158	2.20829	
RootPopulationSizeScaler1	11298	12604	1	0.0263158	0.458017	
LeafPopulationSizeScaler1	13442	10575	1	0.0263158	2.46978	
RootPopulationSizeScaler2	11623	12373	1	0.0263158	0.450141	
LeafPopulationSizeScaler2	13639	10335	1	0.0263158	2.62539	
RootPopulationSizeScaler3	11608	12386	1	0.0263158	0.451394	
LeafPopulationSizeScaler3	13590	10343	1	0.0263158	2.21952	
RootPopulationSizeScaler4	11506	12414	1	0.0263158	0.451619	
LeafPopulationSizeScaler4	12978	11022	1	0.0263158	2.17011	
RootPopulationSizeScaler5	11192	12790	1	0.0263158	0.466751	
LeafPopulationSizeScaler5	13766	10147	1	0.0263158	2.68022	
generation 80000:
name	number_accepted	number_rejected	weight	weight_prob	tuning_parameter
DirichletProcessGibbsSampler	21067	0	10	0.263158	none	
ConcentrationScaler	2948	3365	3	0.0789474	2.9418	
TimeSizeRateMixer	6032	7465	6	0.157895	0.216363	
TimeRootSizeMixer	7692	6289	6	0.157895	0.053159	
EventTimeScaler	27781	24951	1	0.0263158	2.56813	
RootPopulationSizeScaler0	12895	14367	1	0.0263158	0.462937	
LeafPopulationSizeScaler0	15656	11594	1	0.0263158	2.23678	
RootPopulationSizeScaler1	12863	14423	1	0.0263158	0.459835	
LeafPopulationSizeScaler1	15123	12284	1	0.0263158	2.49112	
RootPopulationSizeScaler2	13225	14170	1	0.0263158	0.451713	
LeafPopulationSizeScaler2	15430	11919	1	0.0263158	2.65548	
RootPopulationSizeScaler3	13180	14198	1	0.0263158	0.452952	
LeafPopulationSizeScaler3	15363	11938	1	0.0263158	2.24576	
RootPopulationSizeScaler4	13070	14241	1	0.0263158	0.452751	
LeafPopulationSizeScaler4	14711	12687	1	0.0263158	2.18901	
RootPopulationSizeScaler5	12762	14601	1	0.0263158	0.467578	
LeafPopulationSizeScaler5	15559	11759	1	0.0263158	2.70971	
generation 90000:
name	number_accepted	number_rejected	weight	weight_prob	tuning_parameter
DirichletProcessGibbsSampler	23663	0	10	0.263158	none	
ConcentrationScaler	3330	3775	3	0.0789474	2.95301	
TimeSizeRateMixer	6791	8455	6	0.157895	0.216309	
TimeRootSizeMixer	8563	7103	6	0.157895	0.0536127	
EventTimeScaler	31052	28181	1	0.0263158	2.58724	
RootPopulationSizeScaler0	14493	16215	1	0.0263158	0.463752	
LeafPopulationSizeScaler0	17480	13232	1	0.0263158	2.26127	
RootPopulationSizeScaler1	14497	16270	1	0.0263158	0.461131	
LeafPopulationSizeScaler1	16901	13962	1	0.0263158	2.51537	
RootPopulationSizeScaler2	14865	15969	1	0.0263158	0.45346	
LeafPopulationSizeScaler2	17193	13613	1	0.0263158	2.68011	
RootPopulationSizeScaler3	14778	16069	1	0.0263158	0.454206	
LeafPopulationSizeScaler3	17141	13613	1	0.0263158	2.26771	
RootPopulationSizeScaler4	14639	16117	1	0.0263158	0.453699	
LeafPopulationSizeScaler4	16473	14368	1	0.0263158	2.20798	
RootPopulationSizeScaler5	14288	16518	1	0.0263158	0.468056	
LeafPopulationSizeScaler5	17339	13434	1	0.0263158	2.7341	
generation 100000:
name	number_accepted	number_rejected	weight	weight_prob	tuning_parameter
DirichletProcessGibbsSampler	26165	0	10	0.263158	none	
ConcentrationScaler	3714	4193	3	0.0789474	2.96015	
TimeSizeRateMixer	7531	9476	6	0.157895	0.215889	
TimeRootSizeMixer	9463	7910	6	0.157895	0.0540373	
EventTimeScaler	34293	31434	1	0.0263158	2.60208	
RootPopulationSizeScaler0	16109	18045	1	0.0263158	0.465337	
LeafPopulationSizeScaler0	19335	14841	1	0.0263158	2.28386	
RootPopulationSizeScaler1	16111	18084	1	0.0263158	0.462474	
LeafPopulationSizeScaler1	18719	15613	1	0.0263158	2.53706	
RootPopulationSizeScaler2	16480	17821	1	0.0263158	0.454822	
LeafPopulationSizeScaler2	18985	15290	1	0.0263158	2.7012	
RootPopulationSizeScaler3	16380	17952	1	0.0263158	0.45522	
LeafPopulationSizeScaler3	18928	15261	1	0.0263158	2.28782	
RootPopulationSizeScaler4	16239	17972	1	0.0263158	0.454864	
LeafPopulationSizeScaler4	18248	16041	1	0.0263158	2.22594	
RootPopulationSizeScaler5	15849	18386	1	0.0263158	0.469067	
LeafPopulationSizeScaler5	19152	15042	1	0.0263158	2.75774	
