generation 10000:
name	number_accepted	number_rejected	weight	weight_prob	tuning_parameter
DirichletProcessGibbsSampler	2629	0	10	0.263158	none	
ConcentrationScaler	382	375	3	0.0789474	2.01613	
TimeSizeRateMixer	2825	3113	6	0.157895	0.368036	
TimeRootSizeMixer	3060	2640	6	0.157895	0.273505	
EventTimeScaler	11953	10438	1	0.0263158	1.33667	
RootPopulationSizeScaler0	1757	1695	1	0.0263158	0.438773	
LeafPopulationSizeScaler0	2322	1087	1	0.0263158	2.11407	
RootPopulationSizeScaler1	1775	1678	1	0.0263158	0.432048	
LeafPopulationSizeScaler1	2326	1122	1	0.0263158	1.99554	
RootPopulationSizeScaler2	1802	1608	1	0.0263158	0.416498	
LeafPopulationSizeScaler2	2093	1311	1	0.0263158	1.52362	
RootPopulationSizeScaler3	1705	1711	1	0.0263158	0.46657	
LeafPopulationSizeScaler3	2307	1117	1	0.0263158	1.90684	
RootPopulationSizeScaler4	1741	1698	1	0.0263158	0.429553	
LeafPopulationSizeScaler4	2312	1116	1	0.0263158	1.81635	
RootPopulationSizeScaler5	1735	1699	1	0.0263158	0.442811	
LeafPopulationSizeScaler5	2376	1021	1	0.0263158	1.82331	
generation 20000:
name	number_accepted	number_rejected	weight	weight_prob	tuning_parameter
DirichletProcessGibbsSampler	5272	0	10	0.263158	none	
ConcentrationScaler	774	784	3	0.0789474	2.07374	
TimeSizeRateMixer	5344	6148	6	0.157895	0.371542	
TimeRootSizeMixer	5808	5356	6	0.157895	0.285293	
EventTimeScaler	22352	21209	1	0.0263158	1.3849	
RootPopulationSizeScaler0	3361	3504	1	0.0263158	0.44854	
LeafPopulationSizeScaler0	4309	2499	1	0.0263158	2.34687	
RootPopulationSizeScaler1	3421	3430	1	0.0263158	0.447306	
LeafPopulationSizeScaler1	4359	2511	1	0.0263158	2.22553	
RootPopulationSizeScaler2	3461	3338	1	0.0263158	0.433127	
LeafPopulationSizeScaler2	4008	2850	1	0.0263158	1.65288	
RootPopulationSizeScaler3	3288	3524	1	0.0263158	0.475167	
LeafPopulationSizeScaler3	4387	2420	1	0.0263158	2.13862	
RootPopulationSizeScaler4	3432	3435	1	0.0263158	0.442869	
LeafPopulationSizeScaler4	4364	2456	1	0.0263158	2.03802	
RootPopulationSizeScaler5	3328	3519	1	0.0263158	0.452785	
LeafPopulationSizeScaler5	4423	2389	1	0.0263158	2.05203	
generation 30000:
name	number_accepted	number_rejected	weight	weight_prob	tuning_parameter
DirichletProcessGibbsSampler	7938	0	10	0.263158	none	
ConcentrationScaler	1127	1207	3	0.0789474	2.09842	
TimeSizeRateMixer	7924	9329	6	0.157895	0.373825	
TimeRootSizeMixer	8861	8282	6	0.157895	0.294437	
EventTimeScaler	33623	32726	1	0.0263158	1.41582	
RootPopulationSizeScaler0	4886	5400	1	0.0263158	0.452148	
LeafPopulationSizeScaler0	6266	3990	1	0.0263158	2.47322	
RootPopulationSizeScaler1	5054	5202	1	0.0263158	0.454539	
LeafPopulationSizeScaler1	6294	3964	1	0.0263158	2.34902	
RootPopulationSizeScaler2	5061	5114	1	0.0263158	0.438643	
LeafPopulationSizeScaler2	5860	4441	1	0.0263158	1.71385	
RootPopulationSizeScaler3	4841	5371	1	0.0263158	0.47693	
LeafPopulationSizeScaler3	6284	3911	1	0.0263158	2.24666	
RootPopulationSizeScaler4	5068	5195	1	0.0263158	0.448585	
LeafPopulationSizeScaler4	6358	3895	1	0.0263158	2.15573	
RootPopulationSizeScaler5	4854	5377	1	0.0263158	0.456393	
LeafPopulationSizeScaler5	6409	3788	1	0.0263158	2.17275	
generation 40000:
name	number_accepted	number_rejected	weight	weight_prob	tuning_parameter
DirichletProcessGibbsSampler	10604	0	10	0.263158	none	
ConcentrationScaler	1506	1632	3	0.0789474	2.11703	
TimeSizeRateMixer	10434	12348	6	0.157895	0.37531	
TimeRootSizeMixer	11676	11290	6	0.157895	0.298545	
EventTimeScaler	44423	43954	1	0.0263158	1.43457	
RootPopulationSizeScaler0	6497	7160	1	0.0263158	0.456831	
LeafPopulationSizeScaler0	8116	5508	1	0.0263158	2.5442	
RootPopulationSizeScaler1	6619	6993	1	0.0263158	0.457372	
LeafPopulationSizeScaler1	8179	5479	1	0.0263158	2.43228	
RootPopulationSizeScaler2	6673	6863	1	0.0263158	0.444106	
LeafPopulationSizeScaler2	7604	6064	1	0.0263158	1.75256	
RootPopulationSizeScaler3	6344	7255	1	0.0263158	0.476986	
LeafPopulationSizeScaler3	8155	5416	1	0.0263158	2.31865	
RootPopulationSizeScaler4	6662	6976	1	0.0263158	0.453895	
LeafPopulationSizeScaler4	8222	5393	1	0.0263158	2.2331	
RootPopulationSizeScaler5	6418	7199	1	0.0263158	0.45942	
LeafPopulationSizeScaler5	8306	5265	1	0.0263158	2.2547	
generation 50000:
name	number_accepted	number_rejected	weight	weight_prob	tuning_parameter
DirichletProcessGibbsSampler	13273	0	10	0.263158	none	
ConcentrationScaler	1882	2036	3	0.0789474	2.13566	
TimeSizeRateMixer	13137	15567	6	0.157895	0.376723	
TimeRootSizeMixer	14515	14290	6	0.157895	0.301553	
EventTimeScaler	55327	55711	1	0.0263158	1.44807	
RootPopulationSizeScaler0	8140	8957	1	0.0263158	0.459828	
LeafPopulationSizeScaler0	9984	7058	1	0.0263158	2.60685	
RootPopulationSizeScaler1	8222	8799	1	0.0263158	0.460189	
LeafPopulationSizeScaler1	10091	7019	1	0.0263158	2.49501	
RootPopulationSizeScaler2	8250	8711	1	0.0263158	0.446391	
LeafPopulationSizeScaler2	9370	7712	1	0.0263158	1.78168	
RootPopulationSizeScaler3	7949	9068	1	0.0263158	0.479577	
LeafPopulationSizeScaler3	9962	7019	1	0.0263158	2.37006	
RootPopulationSizeScaler4	8246	8804	1	0.0263158	0.456538	
LeafPopulationSizeScaler4	10180	6885	1	0.0263158	2.29556	
RootPopulationSizeScaler5	7935	9097	1	0.0263158	0.460923	
LeafPopulationSizeScaler5	10164	6850	1	0.0263158	2.31194	
generation 60000:
name	number_accepted	number_rejected	weight	weight_prob	tuning_parameter
DirichletProcessGibbsSampler	15875	0	10	0.263158	none	
ConcentrationScaler	2245	2484	3	0.0789474	2.14211	
TimeSizeRateMixer	15631	18734	6	0.157895	0.376737	
TimeRootSizeMixer	17377	17277	6	0.157895	0.304308	
EventTimeScaler	65761	67050	1	0.0263158	1.4576	
RootPopulationSizeScaler0	9716	10839	1	0.0263158	0.461842	
LeafPopulationSizeScaler0	11819	8684	1	0.0263158	2.6531	
RootPopulationSizeScaler1	9833	10667	1	0.0263158	0.462487	
LeafPopulationSizeScaler1	11955	8632	1	0.0263158	2.54144	
RootPopulationSizeScaler2	9893	10521	1	0.0263158	0.449119	
LeafPopulationSizeScaler2	11122	9425	1	0.0263158	1.80418	
RootPopulationSizeScaler3	9524	10945	1	0.0263158	0.480462	
LeafPopulationSizeScaler3	11789	8668	1	0.0263158	2.41145	
RootPopulationSizeScaler4	9821	10708	1	0.0263158	0.457843	
LeafPopulationSizeScaler4	12101	8415	1	0.0263158	2.3424	
RootPopulationSizeScaler5	9531	10956	1	0.0263158	0.462991	
LeafPopulationSizeScaler5	11964	8516	1	0.0263158	2.35164	
generation 70000:
name	number_accepted	number_rejected	weight	weight_prob	tuning_parameter
DirichletProcessGibbsSampler	18527	0	10	0.263158	none	
ConcentrationScaler	2600	2912	3	0.0789474	2.14656	
TimeSizeRateMixer	18079	21866	6	0.157895	0.376763	
TimeRootSizeMixer	20172	20231	6	0.157895	0.306477	
EventTimeScaler	76222	78490	1	0.0263158	1.46567	
RootPopulationSizeScaler0	11314	12601	1	0.0263158	0.463674	
LeafPopulationSizeScaler0	13598	10278	1	0.0263158	2.68987	
RootPopulationSizeScaler1	11315	12530	1	0.0263158	0.463036	
LeafPopulationSizeScaler1	13789	10192	1	0.0263158	2.58008	
RootPopulationSizeScaler2	11487	12275	1	0.0263158	0.451642	
LeafPopulationSizeScaler2	12835	11066	1	0.0263158	1.82048	
RootPopulationSizeScaler3	11004	12829	1	0.0263158	0.480615	
LeafPopulationSizeScaler3	13574	10239	1	0.0263158	2.44646	
RootPopulationSizeScaler4	11352	12558	1	0.0263158	0.45948	
LeafPopulationSizeScaler4	13904	9984	1	0.0263158	2.3779	
RootPopulationSizeScaler5	11080	12772	1	0.0263158	0.464588	
LeafPopulationSizeScaler5	13781	10083	1	0.0263158	2.38973	
generation 80000:
name	number_accepted	number_rejected	weight	weight_prob	tuning_parameter
DirichletProcessGibbsSampler	21126	0	10	0.263158	none	
ConcentrationScaler	2963	3379	3	0.0789474	2.14501	
TimeSizeRateMixer	20706	25081	6	0.157895	0.377547	
TimeRootSizeMixer	22967	23280	6	0.157895	0.30808	
EventTimeScaler	87092	90021	1	0.0263158	1.47452	
RootPopulationSizeScaler0	12820	14526	1	0.0263158	0.46387	
LeafPopulationSizeScaler0	15363	11904	1	0.0263158	2.71726	
RootPopulationSizeScaler1	12886	14361	1	0.0263158	0.464407	
LeafPopulationSizeScaler1	15660	11733	1	0.0263158	2.61607	
RootPopulationSizeScaler2	13076	14079	1	0.0263158	0.45324	
LeafPopulationSizeScaler2	14544	12756	1	0.0263158	1.83476	
RootPopulationSizeScaler3	12526	14729	1	0.0263158	0.48092	
LeafPopulationSizeScaler3	15391	11850	1	0.0263158	2.47582	
RootPopulationSizeScaler4	12894	14438	1	0.0263158	0.460475	
LeafPopulationSizeScaler4	15738	11587	1	0.0263158	2.40792	
RootPopulationSizeScaler5	12679	14602	1	0.0263158	0.465775	
LeafPopulationSizeScaler5	15598	11688	1	0.0263158	2.4211	
generation 90000:
name	number_accepted	number_rejected	weight	weight_prob	tuning_parameter
DirichletProcessGibbsSampler	23841	0	10	0.263158	none	
ConcentrationScaler	3332	3783	3	0.0789474	2.15497	
TimeSizeRateMixer	23272	28174	6	0.157895	0.378102	
TimeRootSizeMixer	25665	26166	6	0.157895	0.30942	
EventTimeScaler	97618	101727	1	0.0263158	1.48042	
RootPopulationSizeScaler0	14366	16254	1	0.0263158	0.465166	
LeafPopulationSizeScaler0	17119	13453	1	0.0263158	2.74495	
RootPopulationSizeScaler1	14385	16155	1	0.0263158	0.46525	
LeafPopulationSizeScaler1	17419	13272	1	0.0263158	2.64177	
RootPopulationSizeScaler2	14624	15853	1	0.0263158	0.454582	
LeafPopulationSizeScaler2	16187	14412	1	0.0263158	1.84772	
RootPopulationSizeScaler3	14040	16527	1	0.0263158	0.481802	
LeafPopulationSizeScaler3	17143	13384	1	0.0263158	2.50244	
RootPopulationSizeScaler4	14428	16209	1	0.0263158	0.461827	
LeafPopulationSizeScaler4	17484	13120	1	0.0263158	2.43356	
RootPopulationSizeScaler5	14147	16452	1	0.0263158	0.46614	
LeafPopulationSizeScaler5	17374	13246	1	0.0263158	2.44838	
generation 100000:
name	number_accepted	number_rejected	weight	weight_prob	tuning_parameter
DirichletProcessGibbsSampler	26423	0	10	0.263158	none	
ConcentrationScaler	3660	4239	3	0.0789474	2.15388	
TimeSizeRateMixer	25761	31441	6	0.157895	0.377897	
TimeRootSizeMixer	28401	29290	6	0.157895	0.310384	
EventTimeScaler	107897	113217	1	0.0263158	1.48548	
RootPopulationSizeScaler0	16049	18125	1	0.0263158	0.466552	
LeafPopulationSizeScaler0	18989	15141	1	0.0263158	2.76799	
RootPopulationSizeScaler1	16008	18063	1	0.0263158	0.46624	
LeafPopulationSizeScaler1	19280	14942	1	0.0263158	2.66647	
RootPopulationSizeScaler2	16219	17786	1	0.0263158	0.45521	
LeafPopulationSizeScaler2	17854	16275	1	0.0263158	1.85685	
RootPopulationSizeScaler3	15569	18507	1	0.0263158	0.481982	
LeafPopulationSizeScaler3	18956	15100	1	0.0263158	2.5247	
RootPopulationSizeScaler4	16074	18135	1	0.0263158	0.462743	
LeafPopulationSizeScaler4	19365	14761	1	0.0263158	2.46002	
RootPopulationSizeScaler5	15782	18363	1	0.0263158	0.467334	
LeafPopulationSizeScaler5	19239	14922	1	0.0263158	2.47246	
