generation 10000:
name	number_accepted	number_rejected	weight	weight_prob	tuning_parameter
DirichletProcessGibbsSampler	2669	0	10	0.263158	none	
ConcentrationScaler	377	396	3	0.0789474	2.84189	
TimeSizeRateMixer	889	940	6	0.157895	0.20641	
TimeRootSizeMixer	849	940	6	0.157895	0.0677545	
EventTimeScaler	4519	2422	1	0.0263158	1.84142	
RootPopulationSizeScaler0	1844	1583	1	0.0263158	0.412578	
LeafPopulationSizeScaler0	2310	1095	1	0.0263158	1.57563	
RootPopulationSizeScaler1	1785	1613	1	0.0263158	0.406469	
LeafPopulationSizeScaler1	2271	1131	1	0.0263158	1.45171	
RootPopulationSizeScaler2	1619	1736	1	0.0263158	0.456449	
LeafPopulationSizeScaler2	2247	1169	1	0.0263158	2.0239	
RootPopulationSizeScaler3	1736	1645	1	0.0263158	0.438253	
LeafPopulationSizeScaler3	2302	1063	1	0.0263158	1.76904	
RootPopulationSizeScaler4	1713	1666	1	0.0263158	0.426559	
LeafPopulationSizeScaler4	2380	1003	1	0.0263158	1.89612	
RootPopulationSizeScaler5	1809	1573	1	0.0263158	0.413287	
LeafPopulationSizeScaler5	2264	1139	1	0.0263158	2.10586	
generation 20000:
name	number_accepted	number_rejected	weight	weight_prob	tuning_parameter
DirichletProcessGibbsSampler	5283	0	10	0.263158	none	
ConcentrationScaler	766	833	3	0.0789474	2.89108	
TimeSizeRateMixer	1728	1890	6	0.157895	0.209436	
TimeRootSizeMixer	1650	1894	6	0.157895	0.0686612	
EventTimeScaler	8419	5461	1	0.0263158	2.0162	
RootPopulationSizeScaler0	3503	3281	1	0.0263158	0.428804	
LeafPopulationSizeScaler0	4348	2436	1	0.0263158	1.76574	
RootPopulationSizeScaler1	3397	3367	1	0.0263158	0.418253	
LeafPopulationSizeScaler1	4242	2511	1	0.0263158	1.61732	
RootPopulationSizeScaler2	3151	3560	1	0.0263158	0.462185	
LeafPopulationSizeScaler2	4172	2630	1	0.0263158	2.22822	
RootPopulationSizeScaler3	3389	3405	1	0.0263158	0.448891	
LeafPopulationSizeScaler3	4211	2523	1	0.0263158	1.9451	
RootPopulationSizeScaler4	3362	3369	1	0.0263158	0.441615	
LeafPopulationSizeScaler4	4431	2297	1	0.0263158	2.13513	
RootPopulationSizeScaler5	3429	3337	1	0.0263158	0.42388	
LeafPopulationSizeScaler5	4254	2527	1	0.0263158	2.34063	
generation 30000:
name	number_accepted	number_rejected	weight	weight_prob	tuning_parameter
DirichletProcessGibbsSampler	7898	0	10	0.263158	none	
ConcentrationScaler	1143	1243	3	0.0789474	2.93485	
TimeSizeRateMixer	2548	2863	6	0.157895	0.210756	
TimeRootSizeMixer	2532	2944	6	0.157895	0.0692645	
EventTimeScaler	12249	8685	1	0.0263158	2.10716	
RootPopulationSizeScaler0	5196	5041	1	0.0263158	0.437179	
LeafPopulationSizeScaler0	6301	3948	1	0.0263158	1.85798	
RootPopulationSizeScaler1	5100	5131	1	0.0263158	0.426348	
LeafPopulationSizeScaler1	6239	3996	1	0.0263158	1.70905	
RootPopulationSizeScaler2	4771	5407	1	0.0263158	0.46649	
LeafPopulationSizeScaler2	6092	4191	1	0.0263158	2.33494	
RootPopulationSizeScaler3	5040	5241	1	0.0263158	0.455639	
LeafPopulationSizeScaler3	6180	4052	1	0.0263158	2.04352	
RootPopulationSizeScaler4	5014	5183	1	0.0263158	0.448228	
LeafPopulationSizeScaler4	6528	3675	1	0.0263158	2.28325	
RootPopulationSizeScaler5	5142	5083	1	0.0263158	0.433756	
LeafPopulationSizeScaler5	6204	4051	1	0.0263158	2.46321	
generation 40000:
name	number_accepted	number_rejected	weight	weight_prob	tuning_parameter
DirichletProcessGibbsSampler	10637	0	10	0.263158	none	
ConcentrationScaler	1491	1684	3	0.0789474	2.93408	
TimeSizeRateMixer	3376	3825	6	0.157895	0.211984	
TimeRootSizeMixer	3352	3951	6	0.157895	0.06954	
EventTimeScaler	15894	12140	1	0.0263158	2.15925	
RootPopulationSizeScaler0	6834	6770	1	0.0263158	0.442759	
LeafPopulationSizeScaler0	8124	5470	1	0.0263158	1.91629	
RootPopulationSizeScaler1	6702	6902	1	0.0263158	0.430742	
LeafPopulationSizeScaler1	8078	5523	1	0.0263158	1.75899	
RootPopulationSizeScaler2	6304	7242	1	0.0263158	0.469437	
LeafPopulationSizeScaler2	7967	5720	1	0.0263158	2.40699	
RootPopulationSizeScaler3	6569	7084	1	0.0263158	0.45871	
LeafPopulationSizeScaler3	8032	5568	1	0.0263158	2.10839	
RootPopulationSizeScaler4	6593	6974	1	0.0263158	0.451946	
LeafPopulationSizeScaler4	8488	5075	1	0.0263158	2.37359	
RootPopulationSizeScaler5	6772	6840	1	0.0263158	0.439291	
LeafPopulationSizeScaler5	8078	5549	1	0.0263158	2.54471	
generation 50000:
name	number_accepted	number_rejected	weight	weight_prob	tuning_parameter
DirichletProcessGibbsSampler	13263	0	10	0.263158	none	
ConcentrationScaler	1857	2124	3	0.0789474	2.94164	
TimeSizeRateMixer	4189	4837	6	0.157895	0.213331	
TimeRootSizeMixer	4177	4928	6	0.157895	0.0697636	
EventTimeScaler	19585	15422	1	0.0263158	2.19972	
RootPopulationSizeScaler0	8437	8604	1	0.0263158	0.446433	
LeafPopulationSizeScaler0	10020	7009	1	0.0263158	1.96504	
RootPopulationSizeScaler1	8355	8676	1	0.0263158	0.434069	
LeafPopulationSizeScaler1	9954	7078	1	0.0263158	1.80102	
RootPopulationSizeScaler2	7900	9085	1	0.0263158	0.470714	
LeafPopulationSizeScaler2	9793	7340	1	0.0263158	2.46008	
RootPopulationSizeScaler3	8150	8939	1	0.0263158	0.460731	
LeafPopulationSizeScaler3	9956	7091	1	0.0263158	2.16467	
RootPopulationSizeScaler4	8247	8767	1	0.0263158	0.455161	
LeafPopulationSizeScaler4	10431	6601	1	0.0263158	2.441	
RootPopulationSizeScaler5	8410	8630	1	0.0263158	0.443196	
LeafPopulationSizeScaler5	9972	7080	1	0.0263158	2.60732	
generation 60000:
name	number_accepted	number_rejected	weight	weight_prob	tuning_parameter
DirichletProcessGibbsSampler	15863	0	10	0.263158	none	
ConcentrationScaler	2216	2575	3	0.0789474	2.94204	
TimeSizeRateMixer	5044	5798	6	0.157895	0.214306	
TimeRootSizeMixer	4990	5927	6	0.157895	0.0699793	
EventTimeScaler	23186	18738	1	0.0263158	2.2328	
RootPopulationSizeScaler0	10003	10439	1	0.0263158	0.448437	
LeafPopulationSizeScaler0	11867	8585	1	0.0263158	2.00502	
RootPopulationSizeScaler1	9957	10483	1	0.0263158	0.43678	
LeafPopulationSizeScaler1	11790	8652	1	0.0263158	1.83179	
RootPopulationSizeScaler2	9443	10948	1	0.0263158	0.47139	
LeafPopulationSizeScaler2	11626	8880	1	0.0263158	2.50523	
RootPopulationSizeScaler3	9670	10828	1	0.0263158	0.461194	
LeafPopulationSizeScaler3	11745	8730	1	0.0263158	2.20202	
RootPopulationSizeScaler4	9773	10648	1	0.0263158	0.456882	
LeafPopulationSizeScaler4	12351	8082	1	0.0263158	2.49618	
RootPopulationSizeScaler5	10035	10403	1	0.0263158	0.446516	
LeafPopulationSizeScaler5	11821	8659	1	0.0263158	2.65732	
generation 70000:
name	number_accepted	number_rejected	weight	weight_prob	tuning_parameter
DirichletProcessGibbsSampler	18443	0	10	0.263158	none	
ConcentrationScaler	2592	3040	3	0.0789474	2.94148	
TimeSizeRateMixer	5848	6758	6	0.157895	0.21483	
TimeRootSizeMixer	5815	6959	6	0.157895	0.0699972	
EventTimeScaler	26774	22060	1	0.0263158	2.25873	
RootPopulationSizeScaler0	11600	12272	1	0.0263158	0.450125	
LeafPopulationSizeScaler0	13761	10109	1	0.0263158	2.04028	
RootPopulationSizeScaler1	11599	12290	1	0.0263158	0.438855	
LeafPopulationSizeScaler1	13585	10275	1	0.0263158	1.85657	
RootPopulationSizeScaler2	10964	12840	1	0.0263158	0.472317	
LeafPopulationSizeScaler2	13400	10512	1	0.0263158	2.5372	
RootPopulationSizeScaler3	11249	12663	1	0.0263158	0.462751	
LeafPopulationSizeScaler3	13513	10380	1	0.0263158	2.23154	
RootPopulationSizeScaler4	11400	12464	1	0.0263158	0.458751	
LeafPopulationSizeScaler4	14206	9642	1	0.0263158	2.53885	
RootPopulationSizeScaler5	11693	12161	1	0.0263158	0.449371	
LeafPopulationSizeScaler5	13610	10342	1	0.0263158	2.69516	
generation 80000:
name	number_accepted	number_rejected	weight	weight_prob	tuning_parameter
DirichletProcessGibbsSampler	21063	0	10	0.263158	none	
ConcentrationScaler	2901	3540	3	0.0789474	2.92733	
TimeSizeRateMixer	6671	7751	6	0.157895	0.215097	
TimeRootSizeMixer	6687	7948	6	0.157895	0.0702068	
EventTimeScaler	30346	25543	1	0.0263158	2.2794	
RootPopulationSizeScaler0	13178	14098	1	0.0263158	0.451656	
LeafPopulationSizeScaler0	15571	11693	1	0.0263158	2.0654	
RootPopulationSizeScaler1	13230	14061	1	0.0263158	0.440704	
LeafPopulationSizeScaler1	15406	11862	1	0.0263158	1.87836	
RootPopulationSizeScaler2	12506	14688	1	0.0263158	0.473447	
LeafPopulationSizeScaler2	15204	12096	1	0.0263158	2.56506	
RootPopulationSizeScaler3	12802	14506	1	0.0263158	0.463541	
LeafPopulationSizeScaler3	15312	11965	1	0.0263158	2.26073	
RootPopulationSizeScaler4	12963	14320	1	0.0263158	0.460124	
LeafPopulationSizeScaler4	16053	11207	1	0.0263158	2.5735	
RootPopulationSizeScaler5	13311	13952	1	0.0263158	0.451193	
LeafPopulationSizeScaler5	15350	11961	1	0.0263158	2.72597	
generation 90000:
name	number_accepted	number_rejected	weight	weight_prob	tuning_parameter
DirichletProcessGibbsSampler	23660	0	10	0.263158	none	
ConcentrationScaler	3258	3959	3	0.0789474	2.93202	
TimeSizeRateMixer	7539	8732	6	0.157895	0.21564	
TimeRootSizeMixer	7527	8960	6	0.157895	0.0703109	
EventTimeScaler	33859	29046	1	0.0263158	2.29762	
RootPopulationSizeScaler0	14806	15925	1	0.0263158	0.453189	
LeafPopulationSizeScaler0	17414	13304	1	0.0263158	2.08885	
RootPopulationSizeScaler1	14831	15914	1	0.0263158	0.442038	
LeafPopulationSizeScaler1	17207	13529	1	0.0263158	1.89574	
RootPopulationSizeScaler2	14052	16605	1	0.0263158	0.473789	
LeafPopulationSizeScaler2	16999	13757	1	0.0263158	2.58909	
RootPopulationSizeScaler3	14391	16358	1	0.0263158	0.464453	
LeafPopulationSizeScaler3	17105	13604	1	0.0263158	2.2834	
RootPopulationSizeScaler4	14524	16197	1	0.0263158	0.460816	
LeafPopulationSizeScaler4	17871	12848	1	0.0263158	2.60035	
RootPopulationSizeScaler5	14899	15788	1	0.0263158	0.452447	
LeafPopulationSizeScaler5	17189	13580	1	0.0263158	2.75571	
generation 100000:
name	number_accepted	number_rejected	weight	weight_prob	tuning_parameter
DirichletProcessGibbsSampler	26345	0	10	0.263158	none	
ConcentrationScaler	3609	4377	3	0.0789474	2.93511	
TimeSizeRateMixer	8348	9709	6	0.157895	0.215762	
TimeRootSizeMixer	8333	10017	6	0.157895	0.0703051	
EventTimeScaler	37375	32568	1	0.0263158	2.31282	
RootPopulationSizeScaler0	16368	17785	1	0.0263158	0.4542	
LeafPopulationSizeScaler0	19244	14927	1	0.0263158	2.10774	
RootPopulationSizeScaler1	16393	17806	1	0.0263158	0.44277	
LeafPopulationSizeScaler1	18993	15197	1	0.0263158	1.91104	
RootPopulationSizeScaler2	15638	18486	1	0.0263158	0.474725	
LeafPopulationSizeScaler2	18801	15412	1	0.0263158	2.61028	
RootPopulationSizeScaler3	15972	18208	1	0.0263158	0.465448	
LeafPopulationSizeScaler3	18882	15265	1	0.0263158	2.30312	
RootPopulationSizeScaler4	16156	17995	1	0.0263158	0.462361	
LeafPopulationSizeScaler4	19736	14438	1	0.0263158	2.626	
RootPopulationSizeScaler5	16553	17572	1	0.0263158	0.454197	
LeafPopulationSizeScaler5	18947	15266	1	0.0263158	2.77639	
