generation 10000:
name	number_accepted	number_rejected	weight	weight_prob	tuning_parameter
DirichletProcessGibbsSampler	2680	0	10	0.263158	none	
ConcentrationScaler	393	378	3	0.0789474	2.52181	
TimeSizeRateMixer	1183	1309	6	0.157895	0.26584	
TimeRootSizeMixer	1581	1030	6	0.157895	0.149829	
EventTimeScaler	5229	4559	1	0.0263158	1.09653	
RootPopulationSizeScaler0	1772	1618	1	0.0263158	0.441819	
LeafPopulationSizeScaler0	2514	900	1	0.0263158	1.37621	
RootPopulationSizeScaler1	1685	1709	1	0.0263158	0.45257	
LeafPopulationSizeScaler1	2235	1143	1	0.0263158	1.54801	
RootPopulationSizeScaler2	1728	1646	1	0.0263158	0.435068	
LeafPopulationSizeScaler2	2290	1112	1	0.0263158	2.10136	
RootPopulationSizeScaler3	1655	1752	1	0.0263158	0.453036	
LeafPopulationSizeScaler3	2169	1232	1	0.0263158	1.34987	
RootPopulationSizeScaler4	1678	1716	1	0.0263158	0.455263	
LeafPopulationSizeScaler4	2229	1204	1	0.0263158	1.8729	
RootPopulationSizeScaler5	1763	1649	1	0.0263158	0.437218	
LeafPopulationSizeScaler5	2316	1095	1	0.0263158	1.96145	
generation 20000:
name	number_accepted	number_rejected	weight	weight_prob	tuning_parameter
DirichletProcessGibbsSampler	5285	0	10	0.263158	none	
ConcentrationScaler	746	791	3	0.0789474	2.56533	
TimeSizeRateMixer	2353	2639	6	0.157895	0.270587	
TimeRootSizeMixer	3038	2167	6	0.157895	0.163586	
EventTimeScaler	10062	9534	1	0.0263158	1.13926	
RootPopulationSizeScaler0	3358	3455	1	0.0263158	0.45073	
LeafPopulationSizeScaler0	4754	2037	1	0.0263158	1.60469	
RootPopulationSizeScaler1	3306	3487	1	0.0263158	0.463099	
LeafPopulationSizeScaler1	4159	2590	1	0.0263158	1.70349	
RootPopulationSizeScaler2	3314	3471	1	0.0263158	0.443198	
LeafPopulationSizeScaler2	4270	2531	1	0.0263158	2.32083	
RootPopulationSizeScaler3	3222	3575	1	0.0263158	0.45961	
LeafPopulationSizeScaler3	4109	2746	1	0.0263158	1.47135	
RootPopulationSizeScaler4	3272	3517	1	0.0263158	0.46283	
LeafPopulationSizeScaler4	4226	2610	1	0.0263158	2.06966	
RootPopulationSizeScaler5	3410	3389	1	0.0263158	0.450024	
LeafPopulationSizeScaler5	4284	2511	1	0.0263158	2.16359	
generation 30000:
name	number_accepted	number_rejected	weight	weight_prob	tuning_parameter
DirichletProcessGibbsSampler	7966	0	10	0.263158	none	
ConcentrationScaler	1065	1206	3	0.0789474	2.56982	
TimeSizeRateMixer	3405	3993	6	0.157895	0.270209	
TimeRootSizeMixer	4232	3242	6	0.157895	0.168686	
EventTimeScaler	14414	14385	1	0.0263158	1.15204	
RootPopulationSizeScaler0	4925	5247	1	0.0263158	0.454596	
LeafPopulationSizeScaler0	6865	3307	1	0.0263158	1.73175	
RootPopulationSizeScaler1	4885	5327	1	0.0263158	0.467031	
LeafPopulationSizeScaler1	6028	4125	1	0.0263158	1.78616	
RootPopulationSizeScaler2	4974	5190	1	0.0263158	0.450762	
LeafPopulationSizeScaler2	6147	4033	1	0.0263158	2.43305	
RootPopulationSizeScaler3	4756	5409	1	0.0263158	0.463133	
LeafPopulationSizeScaler3	5901	4328	1	0.0263158	1.52978	
RootPopulationSizeScaler4	4789	5381	1	0.0263158	0.465324	
LeafPopulationSizeScaler4	6137	4093	1	0.0263158	2.17324	
RootPopulationSizeScaler5	4971	5209	1	0.0263158	0.454417	
LeafPopulationSizeScaler5	6272	3903	1	0.0263158	2.28804	
generation 40000:
name	number_accepted	number_rejected	weight	weight_prob	tuning_parameter
DirichletProcessGibbsSampler	10570	0	10	0.263158	none	
ConcentrationScaler	1465	1626	3	0.0789474	2.60413	
TimeSizeRateMixer	4494	5466	6	0.157895	0.269857	
TimeRootSizeMixer	5466	4380	6	0.157895	0.17267	
EventTimeScaler	18769	19460	1	0.0263158	1.16134	
RootPopulationSizeScaler0	6490	7103	1	0.0263158	0.457758	
LeafPopulationSizeScaler0	8978	4625	1	0.0263158	1.82244	
RootPopulationSizeScaler1	6448	7196	1	0.0263158	0.468429	
LeafPopulationSizeScaler1	7926	5641	1	0.0263158	1.84498	
RootPopulationSizeScaler2	6559	7010	1	0.0263158	0.454102	
LeafPopulationSizeScaler2	8049	5560	1	0.0263158	2.51162	
RootPopulationSizeScaler3	6361	7208	1	0.0263158	0.466927	
LeafPopulationSizeScaler3	7719	5938	1	0.0263158	1.56851	
RootPopulationSizeScaler4	6348	7268	1	0.0263158	0.46579	
LeafPopulationSizeScaler4	7982	5665	1	0.0263158	2.23678	
RootPopulationSizeScaler5	6563	7051	1	0.0263158	0.458542	
LeafPopulationSizeScaler5	8155	5443	1	0.0263158	2.36447	
generation 50000:
name	number_accepted	number_rejected	weight	weight_prob	tuning_parameter
DirichletProcessGibbsSampler	13085	0	10	0.263158	none	
ConcentrationScaler	1869	2060	3	0.0789474	2.62606	
TimeSizeRateMixer	5578	6881	6	0.157895	0.269629	
TimeRootSizeMixer	6656	5603	6	0.157895	0.174905	
EventTimeScaler	23179	24267	1	0.0263158	1.16963	
RootPopulationSizeScaler0	8051	8963	1	0.0263158	0.459518	
LeafPopulationSizeScaler0	11020	6019	1	0.0263158	1.88946	
RootPopulationSizeScaler1	8062	9051	1	0.0263158	0.470909	
LeafPopulationSizeScaler1	9727	7292	1	0.0263158	1.88093	
RootPopulationSizeScaler2	8188	8808	1	0.0263158	0.456948	
LeafPopulationSizeScaler2	9835	7213	1	0.0263158	2.55749	
RootPopulationSizeScaler3	7886	9085	1	0.0263158	0.468102	
LeafPopulationSizeScaler3	9501	7603	1	0.0263158	1.59562	
RootPopulationSizeScaler4	7977	9114	1	0.0263158	0.468588	
LeafPopulationSizeScaler4	9753	7308	1	0.0263158	2.27774	
RootPopulationSizeScaler5	8200	8849	1	0.0263158	0.461642	
LeafPopulationSizeScaler5	10039	6973	1	0.0263158	2.4298	
generation 60000:
name	number_accepted	number_rejected	weight	weight_prob	tuning_parameter
DirichletProcessGibbsSampler	15668	0	10	0.263158	none	
ConcentrationScaler	2280	2496	3	0.0789474	2.63955	
TimeSizeRateMixer	6743	8256	6	0.157895	0.270273	
TimeRootSizeMixer	7958	6813	6	0.157895	0.177648	
EventTimeScaler	27748	29410	1	0.0263158	1.17673	
RootPopulationSizeScaler0	9623	10798	1	0.0263158	0.460893	
LeafPopulationSizeScaler0	12977	7464	1	0.0263158	1.93929	
RootPopulationSizeScaler1	9613	10923	1	0.0263158	0.471978	
LeafPopulationSizeScaler1	11506	8919	1	0.0263158	1.91086	
RootPopulationSizeScaler2	9765	10625	1	0.0263158	0.459043	
LeafPopulationSizeScaler2	11623	8835	1	0.0263158	2.59688	
RootPopulationSizeScaler3	9415	10959	1	0.0263158	0.469258	
LeafPopulationSizeScaler3	11278	9248	1	0.0263158	1.61741	
RootPopulationSizeScaler4	9517	10987	1	0.0263158	0.469839	
LeafPopulationSizeScaler4	11567	8912	1	0.0263158	2.31711	
RootPopulationSizeScaler5	9802	10646	1	0.0263158	0.464044	
LeafPopulationSizeScaler5	11877	8545	1	0.0263158	2.47468	
generation 70000:
name	number_accepted	number_rejected	weight	weight_prob	tuning_parameter
DirichletProcessGibbsSampler	18286	0	10	0.263158	none	
ConcentrationScaler	2655	2905	3	0.0789474	2.65553	
TimeSizeRateMixer	7851	9671	6	0.157895	0.270564	
TimeRootSizeMixer	9337	8078	6	0.157895	0.180208	
EventTimeScaler	32343	34581	1	0.0263158	1.18194	
RootPopulationSizeScaler0	11203	12676	1	0.0263158	0.461826	
LeafPopulationSizeScaler0	14991	8881	1	0.0263158	1.9836	
RootPopulationSizeScaler1	11204	12833	1	0.0263158	0.472751	
LeafPopulationSizeScaler1	13279	10626	1	0.0263158	1.93258	
RootPopulationSizeScaler2	11395	12478	1	0.0263158	0.460636	
LeafPopulationSizeScaler2	13448	10518	1	0.0263158	2.6288	
RootPopulationSizeScaler3	11040	12854	1	0.0263158	0.470591	
LeafPopulationSizeScaler3	13088	10919	1	0.0263158	1.63757	
RootPopulationSizeScaler4	11110	12855	1	0.0263158	0.471087	
LeafPopulationSizeScaler4	13437	10502	1	0.0263158	2.35115	
RootPopulationSizeScaler5	11382	12547	1	0.0263158	0.465693	
LeafPopulationSizeScaler5	13786	10131	1	0.0263158	2.51655	
generation 80000:
name	number_accepted	number_rejected	weight	weight_prob	tuning_parameter
DirichletProcessGibbsSampler	20889	0	10	0.263158	none	
ConcentrationScaler	3039	3303	3	0.0789474	2.66785	
TimeSizeRateMixer	8887	11033	6	0.157895	0.270445	
TimeRootSizeMixer	10551	9260	6	0.157895	0.181689	
EventTimeScaler	36593	39445	1	0.0263158	1.18559	
RootPopulationSizeScaler0	12804	14481	1	0.0263158	0.463371	
LeafPopulationSizeScaler0	16902	10345	1	0.0263158	2.01792	
RootPopulationSizeScaler1	12777	14676	1	0.0263158	0.473774	
LeafPopulationSizeScaler1	15120	12226	1	0.0263158	1.95543	
RootPopulationSizeScaler2	12967	14318	1	0.0263158	0.462053	
LeafPopulationSizeScaler2	15242	12151	1	0.0263158	2.66008	
RootPopulationSizeScaler3	12639	14697	1	0.0263158	0.471714	
LeafPopulationSizeScaler3	14835	12583	1	0.0263158	1.6531	
RootPopulationSizeScaler4	12678	14682	1	0.0263158	0.472566	
LeafPopulationSizeScaler4	15241	12151	1	0.0263158	2.37631	
RootPopulationSizeScaler5	12941	14399	1	0.0263158	0.467038	
LeafPopulationSizeScaler5	15598	11732	1	0.0263158	2.54658	
generation 90000:
name	number_accepted	number_rejected	weight	weight_prob	tuning_parameter
DirichletProcessGibbsSampler	23500	0	10	0.263158	none	
ConcentrationScaler	3412	3717	3	0.0789474	2.67752	
TimeSizeRateMixer	9911	12365	6	0.157895	0.270115	
TimeRootSizeMixer	11749	10437	6	0.157895	0.182861	
EventTimeScaler	40655	44374	1	0.0263158	1.18753	
RootPopulationSizeScaler0	14439	16335	1	0.0263158	0.464808	
LeafPopulationSizeScaler0	18886	11838	1	0.0263158	2.04867	
RootPopulationSizeScaler1	14365	16550	1	0.0263158	0.474808	
LeafPopulationSizeScaler1	16879	13953	1	0.0263158	1.97226	
RootPopulationSizeScaler2	14585	16198	1	0.0263158	0.46314	
LeafPopulationSizeScaler2	17047	13812	1	0.0263158	2.6864	
RootPopulationSizeScaler3	14228	16569	1	0.0263158	0.47279	
LeafPopulationSizeScaler3	16637	14260	1	0.0263158	1.66846	
RootPopulationSizeScaler4	14300	16532	1	0.0263158	0.473796	
LeafPopulationSizeScaler4	17003	13865	1	0.0263158	2.39566	
RootPopulationSizeScaler5	14547	16265	1	0.0263158	0.46835	
LeafPopulationSizeScaler5	17423	13365	1	0.0263158	2.57399	
generation 100000:
name	number_accepted	number_rejected	weight	weight_prob	tuning_parameter
DirichletProcessGibbsSampler	26152	0	10	0.263158	none	
ConcentrationScaler	3790	4147	3	0.0789474	2.68871	
TimeSizeRateMixer	11059	13777	6	0.157895	0.270332	
TimeRootSizeMixer	13001	11686	6	0.157895	0.184194	
EventTimeScaler	45199	49564	1	0.0263158	1.19095	
RootPopulationSizeScaler0	16022	18153	1	0.0263158	0.466014	
LeafPopulationSizeScaler0	20851	13294	1	0.0263158	2.077	
RootPopulationSizeScaler1	15918	18435	1	0.0263158	0.47536	
LeafPopulationSizeScaler1	18613	15629	1	0.0263158	1.98598	
RootPopulationSizeScaler2	16173	18031	1	0.0263158	0.464413	
LeafPopulationSizeScaler2	18792	15521	1	0.0263158	2.70472	
RootPopulationSizeScaler3	15819	18378	1	0.0263158	0.473855	
LeafPopulationSizeScaler3	18380	15942	1	0.0263158	1.67947	
RootPopulationSizeScaler4	15883	18373	1	0.0263158	0.475289	
LeafPopulationSizeScaler4	18804	15493	1	0.0263158	2.41682	
RootPopulationSizeScaler5	16178	18072	1	0.0263158	0.470086	
LeafPopulationSizeScaler5	19164	15048	1	0.0263158	2.59406	
