generation 10000:
name	number_accepted	number_rejected	weight	weight_prob	tuning_parameter
DirichletProcessGibbsSampler	2682	0	10	0.263158	none	
ConcentrationScaler	437	349	3	0.0789474	2.43612	
TimeSizeRateMixer	1023	982	6	0.157895	0.206156	
TimeRootSizeMixer	886	1105	6	0.157895	0.149907	
EventTimeScaler	4450	3255	1	0.0263158	1.35812	
RootPopulationSizeScaler0	1672	1765	1	0.0263158	0.431764	
LeafPopulationSizeScaler0	2218	1217	1	0.0263158	1.71867	
RootPopulationSizeScaler1	1915	1532	1	0.0263158	0.414859	
LeafPopulationSizeScaler1	2182	1237	1	0.0263158	1.7932	
RootPopulationSizeScaler2	1808	1615	1	0.0263158	0.420844	
LeafPopulationSizeScaler2	2329	1097	1	0.0263158	1.61908	
RootPopulationSizeScaler3	1597	1799	1	0.0263158	0.447422	
LeafPopulationSizeScaler3	2536	920	1	0.0263158	1.34885	
RootPopulationSizeScaler4	1776	1660	1	0.0263158	0.441642	
LeafPopulationSizeScaler4	2275	1153	1	0.0263158	2.14855	
RootPopulationSizeScaler5	1637	1783	1	0.0263158	0.46115	
LeafPopulationSizeScaler5	2409	996	1	0.0263158	1.91348	
generation 20000:
name	number_accepted	number_rejected	weight	weight_prob	tuning_parameter
DirichletProcessGibbsSampler	5346	0	10	0.263158	none	
ConcentrationScaler	838	732	3	0.0789474	2.55287	
TimeSizeRateMixer	2027	2029	6	0.157895	0.213447	
TimeRootSizeMixer	1789	2235	6	0.157895	0.149854	
EventTimeScaler	8442	7151	1	0.0263158	1.4383	
RootPopulationSizeScaler0	3285	3501	1	0.0263158	0.444821	
LeafPopulationSizeScaler0	4110	2717	1	0.0263158	1.86568	
RootPopulationSizeScaler1	3573	3255	1	0.0263158	0.429618	
LeafPopulationSizeScaler1	4075	2729	1	0.0263158	1.9501	
RootPopulationSizeScaler2	3459	3328	1	0.0263158	0.434783	
LeafPopulationSizeScaler2	4331	2490	1	0.0263158	1.79445	
RootPopulationSizeScaler3	3168	3625	1	0.0263158	0.455386	
LeafPopulationSizeScaler3	4664	2165	1	0.0263158	1.54426	
RootPopulationSizeScaler4	3404	3407	1	0.0263158	0.453898	
LeafPopulationSizeScaler4	4196	2627	1	0.0263158	2.35679	
RootPopulationSizeScaler5	3188	3623	1	0.0263158	0.465939	
LeafPopulationSizeScaler5	4524	2284	1	0.0263158	2.17262	
generation 30000:
name	number_accepted	number_rejected	weight	weight_prob	tuning_parameter
DirichletProcessGibbsSampler	7987	0	10	0.263158	none	
ConcentrationScaler	1205	1143	3	0.0789474	2.58522	
TimeSizeRateMixer	2940	3068	6	0.157895	0.215719	
TimeRootSizeMixer	2621	3306	6	0.157895	0.149209	
EventTimeScaler	12142	10870	1	0.0263158	1.47079	
RootPopulationSizeScaler0	4882	5295	1	0.0263158	0.449977	
LeafPopulationSizeScaler0	5892	4315	1	0.0263158	1.94289	
RootPopulationSizeScaler1	5222	5024	1	0.0263158	0.43736	
LeafPopulationSizeScaler1	5926	4288	1	0.0263158	2.03051	
RootPopulationSizeScaler2	5037	5138	1	0.0263158	0.441169	
LeafPopulationSizeScaler2	6232	4023	1	0.0263158	1.88175	
RootPopulationSizeScaler3	4738	5460	1	0.0263158	0.458653	
LeafPopulationSizeScaler3	6697	3517	1	0.0263158	1.64782	
RootPopulationSizeScaler4	4981	5198	1	0.0263158	0.459618	
LeafPopulationSizeScaler4	6116	4120	1	0.0263158	2.47533	
RootPopulationSizeScaler5	4754	5469	1	0.0263158	0.469475	
LeafPopulationSizeScaler5	6509	3670	1	0.0263158	2.31067	
generation 40000:
name	number_accepted	number_rejected	weight	weight_prob	tuning_parameter
DirichletProcessGibbsSampler	10685	0	10	0.263158	none	
ConcentrationScaler	1595	1526	3	0.0789474	2.63502	
TimeSizeRateMixer	3859	4098	6	0.157895	0.217527	
TimeRootSizeMixer	3476	4413	6	0.157895	0.149204	
EventTimeScaler	15804	14816	1	0.0263158	1.49101	
RootPopulationSizeScaler0	6532	7069	1	0.0263158	0.454309	
LeafPopulationSizeScaler0	7693	5941	1	0.0263158	1.9937	
RootPopulationSizeScaler1	6853	6810	1	0.0263158	0.441818	
LeafPopulationSizeScaler1	7704	5915	1	0.0263158	2.07876	
RootPopulationSizeScaler2	6704	6880	1	0.0263158	0.446276	
LeafPopulationSizeScaler2	8088	5567	1	0.0263158	1.93756	
RootPopulationSizeScaler3	6328	7293	1	0.0263158	0.4618	
LeafPopulationSizeScaler3	8712	4913	1	0.0263158	1.72186	
RootPopulationSizeScaler4	6554	7026	1	0.0263158	0.463448	
LeafPopulationSizeScaler4	7947	5709	1	0.0263158	2.54842	
RootPopulationSizeScaler5	6276	7374	1	0.0263158	0.470795	
LeafPopulationSizeScaler5	8435	5160	1	0.0263158	2.39294	
generation 50000:
name	number_accepted	number_rejected	weight	weight_prob	tuning_parameter
DirichletProcessGibbsSampler	13295	0	10	0.263158	none	
ConcentrationScaler	2023	1951	3	0.0789474	2.6734	
TimeSizeRateMixer	4823	5198	6	0.157895	0.218932	
TimeRootSizeMixer	4391	5572	6	0.157895	0.149538	
EventTimeScaler	19804	18781	1	0.0263158	1.51285	
RootPopulationSizeScaler0	8108	8897	1	0.0263158	0.456302	
LeafPopulationSizeScaler0	9424	7614	1	0.0263158	2.02787	
RootPopulationSizeScaler1	8431	8635	1	0.0263158	0.444388	
LeafPopulationSizeScaler1	9471	7537	1	0.0263158	2.11579	
RootPopulationSizeScaler2	8260	8710	1	0.0263158	0.448353	
LeafPopulationSizeScaler2	9916	7126	1	0.0263158	1.98108	
RootPopulationSizeScaler3	7921	9096	1	0.0263158	0.464799	
LeafPopulationSizeScaler3	10629	6401	1	0.0263158	1.77342	
RootPopulationSizeScaler4	8110	8851	1	0.0263158	0.465548	
LeafPopulationSizeScaler4	9743	7321	1	0.0263158	2.60559	
RootPopulationSizeScaler5	7802	9230	1	0.0263158	0.472151	
LeafPopulationSizeScaler5	10314	6696	1	0.0263158	2.45786	
generation 60000:
name	number_accepted	number_rejected	weight	weight_prob	tuning_parameter
DirichletProcessGibbsSampler	15906	0	10	0.263158	none	
ConcentrationScaler	2387	2374	3	0.0789474	2.69173	
TimeSizeRateMixer	5791	6255	6	0.157895	0.220415	
TimeRootSizeMixer	5248	6648	6	0.157895	0.149403	
EventTimeScaler	23413	22642	1	0.0263158	1.52331	
RootPopulationSizeScaler0	9723	10749	1	0.0263158	0.458936	
LeafPopulationSizeScaler0	11226	9284	1	0.0263158	2.05984	
RootPopulationSizeScaler1	10084	10455	1	0.0263158	0.447565	
LeafPopulationSizeScaler1	11239	9227	1	0.0263158	2.1441	
RootPopulationSizeScaler2	9871	10544	1	0.0263158	0.450062	
LeafPopulationSizeScaler2	11762	8751	1	0.0263158	2.01457	
RootPopulationSizeScaler3	9518	10966	1	0.0263158	0.466316	
LeafPopulationSizeScaler3	12638	7874	1	0.0263158	1.81515	
RootPopulationSizeScaler4	9714	10725	1	0.0263158	0.467042	
LeafPopulationSizeScaler4	11582	8958	1	0.0263158	2.65089	
RootPopulationSizeScaler5	9412	11055	1	0.0263158	0.474404	
LeafPopulationSizeScaler5	12237	8245	1	0.0263158	2.51078	
generation 70000:
name	number_accepted	number_rejected	weight	weight_prob	tuning_parameter
DirichletProcessGibbsSampler	18484	0	10	0.263158	none	
ConcentrationScaler	2791	2826	3	0.0789474	2.70569	
TimeSizeRateMixer	6780	7366	6	0.157895	0.221808	
TimeRootSizeMixer	6187	7748	6	0.157895	0.149792	
EventTimeScaler	27229	26598	1	0.0263158	1.53468	
RootPopulationSizeScaler0	11307	12616	1	0.0263158	0.4607	
LeafPopulationSizeScaler0	12972	10941	1	0.0263158	2.08178	
RootPopulationSizeScaler1	11720	12226	1	0.0263158	0.450065	
LeafPopulationSizeScaler1	13036	10874	1	0.0263158	2.17162	
RootPopulationSizeScaler2	11491	12385	1	0.0263158	0.452365	
LeafPopulationSizeScaler2	13574	10354	1	0.0263158	2.04477	
RootPopulationSizeScaler3	11096	12823	1	0.0263158	0.467603	
LeafPopulationSizeScaler3	14512	9433	1	0.0263158	1.8476	
RootPopulationSizeScaler4	11283	12596	1	0.0263158	0.468291	
LeafPopulationSizeScaler4	13448	10550	1	0.0263158	2.69205	
RootPopulationSizeScaler5	10907	12982	1	0.0263158	0.47423	
LeafPopulationSizeScaler5	14142	9776	1	0.0263158	2.55317	
generation 80000:
name	number_accepted	number_rejected	weight	weight_prob	tuning_parameter
DirichletProcessGibbsSampler	21102	0	10	0.263158	none	
ConcentrationScaler	3130	3249	3	0.0789474	2.712	
TimeSizeRateMixer	7623	8454	6	0.157895	0.221744	
TimeRootSizeMixer	7032	8927	6	0.157895	0.149229	
EventTimeScaler	30845	30495	1	0.0263158	1.54201	
RootPopulationSizeScaler0	12947	14471	1	0.0263158	0.462807	
LeafPopulationSizeScaler0	14737	12648	1	0.0263158	2.10168	
RootPopulationSizeScaler1	13392	14029	1	0.0263158	0.452311	
LeafPopulationSizeScaler1	14840	12576	1	0.0263158	2.19246	
RootPopulationSizeScaler2	13140	14264	1	0.0263158	0.453594	
LeafPopulationSizeScaler2	15416	11988	1	0.0263158	2.06828	
RootPopulationSizeScaler3	12653	14754	1	0.0263158	0.467966	
LeafPopulationSizeScaler3	16485	10961	1	0.0263158	1.87883	
RootPopulationSizeScaler4	12863	14500	1	0.0263158	0.46923	
LeafPopulationSizeScaler4	15274	12204	1	0.0263158	2.72425	
RootPopulationSizeScaler5	12466	14906	1	0.0263158	0.475036	
LeafPopulationSizeScaler5	15990	11417	1	0.0263158	2.58606	
generation 90000:
name	number_accepted	number_rejected	weight	weight_prob	tuning_parameter
DirichletProcessGibbsSampler	23803	0	10	0.263158	none	
ConcentrationScaler	3500	3669	3	0.0789474	2.72468	
TimeSizeRateMixer	8540	9472	6	0.157895	0.222588	
TimeRootSizeMixer	7847	10038	6	0.157895	0.148816	
EventTimeScaler	34427	34478	1	0.0263158	1.54784	
RootPopulationSizeScaler0	14573	16273	1	0.0263158	0.464316	
LeafPopulationSizeScaler0	16416	14375	1	0.0263158	2.11434	
RootPopulationSizeScaler1	15009	15832	1	0.0263158	0.454146	
LeafPopulationSizeScaler1	16464	14347	1	0.0263158	2.20458	
RootPopulationSizeScaler2	14797	16023	1	0.0263158	0.455936	
LeafPopulationSizeScaler2	17168	13635	1	0.0263158	2.0881	
RootPopulationSizeScaler3	14156	16634	1	0.0263158	0.468518	
LeafPopulationSizeScaler3	18400	12480	1	0.0263158	1.90569	
RootPopulationSizeScaler4	14460	16336	1	0.0263158	0.470842	
LeafPopulationSizeScaler4	16982	13892	1	0.0263158	2.74569	
RootPopulationSizeScaler5	14029	16749	1	0.0263158	0.475884	
LeafPopulationSizeScaler5	17820	13015	1	0.0263158	2.61499	
generation 100000:
name	number_accepted	number_rejected	weight	weight_prob	tuning_parameter
DirichletProcessGibbsSampler	26389	0	10	0.263158	none	
ConcentrationScaler	3862	4116	3	0.0789474	2.72913	
TimeSizeRateMixer	9447	10521	6	0.157895	0.22305	
TimeRootSizeMixer	8701	11195	6	0.157895	0.148594	
EventTimeScaler	37991	38459	1	0.0263158	1.55295	
RootPopulationSizeScaler0	16147	18112	1	0.0263158	0.465265	
LeafPopulationSizeScaler0	18143	16077	1	0.0263158	2.12863	
RootPopulationSizeScaler1	16621	17682	1	0.0263158	0.455237	
LeafPopulationSizeScaler1	18216	16036	1	0.0263158	2.21986	
RootPopulationSizeScaler2	16377	17894	1	0.0263158	0.457043	
LeafPopulationSizeScaler2	18911	15348	1	0.0263158	2.1046	
RootPopulationSizeScaler3	15714	18504	1	0.0263158	0.469118	
LeafPopulationSizeScaler3	20301	14013	1	0.0263158	1.9282	
RootPopulationSizeScaler4	15990	18267	1	0.0263158	0.471464	
LeafPopulationSizeScaler4	18738	15578	1	0.0263158	2.76466	
RootPopulationSizeScaler5	15638	18556	1	0.0263158	0.477103	
LeafPopulationSizeScaler5	19690	14565	1	0.0263158	2.64124	
