generation 10000:
name	number_accepted	number_rejected	weight	weight_prob	tuning_parameter
DirichletProcessGibbsSampler	2625	0	10	0.263158	none	
ConcentrationScaler	370	463	3	0.0789474	2.00019	
TimeSizeRateMixer	3550	3605	6	0.157895	0.373097	
TimeRootSizeMixer	3578	3227	6	0.157895	0.309785	
EventTimeScaler	14014	12764	1	0.0263158	1.06702	
RootPopulationSizeScaler0	1689	1717	1	0.0263158	0.438352	
LeafPopulationSizeScaler0	2175	1252	1	0.0263158	1.57457	
RootPopulationSizeScaler1	1674	1737	1	0.0263158	0.450667	
LeafPopulationSizeScaler1	2218	1180	1	0.0263158	1.51062	
RootPopulationSizeScaler2	1756	1662	1	0.0263158	0.433913	
LeafPopulationSizeScaler2	2247	1175	1	0.0263158	1.76292	
RootPopulationSizeScaler3	1806	1596	1	0.0263158	0.433466	
LeafPopulationSizeScaler3	2261	1148	1	0.0263158	1.97163	
RootPopulationSizeScaler4	1655	1754	1	0.0263158	0.449134	
LeafPopulationSizeScaler4	2224	1200	1	0.0263158	1.56365	
RootPopulationSizeScaler5	1681	1743	1	0.0263158	0.447096	
LeafPopulationSizeScaler5	2207	1213	1	0.0263158	2.0421	
generation 20000:
name	number_accepted	number_rejected	weight	weight_prob	tuning_parameter
DirichletProcessGibbsSampler	5215	0	10	0.263158	none	
ConcentrationScaler	731	867	3	0.0789474	2.0226	
TimeSizeRateMixer	6944	7385	6	0.157895	0.382514	
TimeRootSizeMixer	7085	6807	6	0.157895	0.322461	
EventTimeScaler	27445	26647	1	0.0263158	1.1086	
RootPopulationSizeScaler0	3277	3513	1	0.0263158	0.447579	
LeafPopulationSizeScaler0	4104	2713	1	0.0263158	1.72154	
RootPopulationSizeScaler1	3273	3550	1	0.0263158	0.459454	
LeafPopulationSizeScaler1	4234	2605	1	0.0263158	1.67282	
RootPopulationSizeScaler2	3436	3396	1	0.0263158	0.447135	
LeafPopulationSizeScaler2	4302	2524	1	0.0263158	1.9658	
RootPopulationSizeScaler3	3402	3416	1	0.0263158	0.44514	
LeafPopulationSizeScaler3	4226	2571	1	0.0263158	2.17538	
RootPopulationSizeScaler4	3232	3602	1	0.0263158	0.458457	
LeafPopulationSizeScaler4	4134	2674	1	0.0263158	1.70258	
RootPopulationSizeScaler5	3280	3578	1	0.0263158	0.455933	
LeafPopulationSizeScaler5	4189	2640	1	0.0263158	2.25947	
generation 30000:
name	number_accepted	number_rejected	weight	weight_prob	tuning_parameter
DirichletProcessGibbsSampler	7923	0	10	0.263158	none	
ConcentrationScaler	1037	1295	3	0.0789474	2.0177	
TimeSizeRateMixer	10256	11102	6	0.157895	0.386449	
TimeRootSizeMixer	10588	10323	6	0.157895	0.329382	
EventTimeScaler	40657	40734	1	0.0263158	1.12811	
RootPopulationSizeScaler0	4923	5268	1	0.0263158	0.454507	
LeafPopulationSizeScaler0	5969	4274	1	0.0263158	1.79695	
RootPopulationSizeScaler1	4837	5382	1	0.0263158	0.464102	
LeafPopulationSizeScaler1	6140	4065	1	0.0263158	1.75112	
RootPopulationSizeScaler2	5026	5207	1	0.0263158	0.45208	
LeafPopulationSizeScaler2	6154	4078	1	0.0263158	2.05339	
RootPopulationSizeScaler3	4991	5208	1	0.0263158	0.451739	
LeafPopulationSizeScaler3	6196	4016	1	0.0263158	2.29182	
RootPopulationSizeScaler4	4824	5418	1	0.0263158	0.463348	
LeafPopulationSizeScaler4	5989	4240	1	0.0263158	1.77391	
RootPopulationSizeScaler5	4911	5374	1	0.0263158	0.462118	
LeafPopulationSizeScaler5	5994	4223	1	0.0263158	2.35472	
generation 40000:
name	number_accepted	number_rejected	weight	weight_prob	tuning_parameter
DirichletProcessGibbsSampler	10501	0	10	0.263158	none	
ConcentrationScaler	1368	1725	3	0.0789474	2.02087	
TimeSizeRateMixer	13611	15117	6	0.157895	0.388704	
TimeRootSizeMixer	14051	14257	6	0.157895	0.332474	
EventTimeScaler	53699	55102	1	0.0263158	1.1404	
RootPopulationSizeScaler0	6604	7133	1	0.0263158	0.458885	
LeafPopulationSizeScaler0	7862	5938	1	0.0263158	1.84408	
RootPopulationSizeScaler1	6450	7306	1	0.0263158	0.466069	
LeafPopulationSizeScaler1	8052	5675	1	0.0263158	1.80906	
RootPopulationSizeScaler2	6729	7037	1	0.0263158	0.457007	
LeafPopulationSizeScaler2	8079	5691	1	0.0263158	2.1205	
RootPopulationSizeScaler3	6687	7096	1	0.0263158	0.456276	
LeafPopulationSizeScaler3	8171	5585	1	0.0263158	2.36968	
RootPopulationSizeScaler4	6464	7337	1	0.0263158	0.466541	
LeafPopulationSizeScaler4	7820	5956	1	0.0263158	1.81958	
RootPopulationSizeScaler5	6527	7313	1	0.0263158	0.464426	
LeafPopulationSizeScaler5	7890	5879	1	0.0263158	2.42653	
generation 50000:
name	number_accepted	number_rejected	weight	weight_prob	tuning_parameter
DirichletProcessGibbsSampler	13105	0	10	0.263158	none	
ConcentrationScaler	1720	2160	3	0.0789474	2.02439	
TimeSizeRateMixer	17154	19202	6	0.157895	0.390542	
TimeRootSizeMixer	17290	17888	6	0.157895	0.334837	
EventTimeScaler	66629	69429	1	0.0263158	1.14923	
RootPopulationSizeScaler0	8203	9021	1	0.0263158	0.460543	
LeafPopulationSizeScaler0	9684	7625	1	0.0263158	1.87793	
RootPopulationSizeScaler1	8081	9141	1	0.0263158	0.46909	
LeafPopulationSizeScaler1	9922	7305	1	0.0263158	1.84719	
RootPopulationSizeScaler2	8360	8888	1	0.0263158	0.459928	
LeafPopulationSizeScaler2	9947	7345	1	0.0263158	2.16421	
RootPopulationSizeScaler3	8276	8990	1	0.0263158	0.458801	
LeafPopulationSizeScaler3	9986	7273	1	0.0263158	2.41301	
RootPopulationSizeScaler4	8061	9233	1	0.0263158	0.468939	
LeafPopulationSizeScaler4	9639	7625	1	0.0263158	1.85471	
RootPopulationSizeScaler5	8119	9250	1	0.0263158	0.465413	
LeafPopulationSizeScaler5	9734	7504	1	0.0263158	2.47629	
generation 60000:
name	number_accepted	number_rejected	weight	weight_prob	tuning_parameter
DirichletProcessGibbsSampler	15744	0	10	0.263158	none	
ConcentrationScaler	2087	2612	3	0.0789474	2.0307	
TimeSizeRateMixer	20290	23090	6	0.157895	0.391158	
TimeRootSizeMixer	20556	21552	6	0.157895	0.336567	
EventTimeScaler	79379	83622	1	0.0263158	1.15605	
RootPopulationSizeScaler0	9744	10851	1	0.0263158	0.46156	
LeafPopulationSizeScaler0	11472	9208	1	0.0263158	1.90781	
RootPopulationSizeScaler1	9657	10958	1	0.0263158	0.47161	
LeafPopulationSizeScaler1	11733	8868	1	0.0263158	1.87908	
RootPopulationSizeScaler2	9979	10664	1	0.0263158	0.462882	
LeafPopulationSizeScaler2	11742	8950	1	0.0263158	2.19895	
RootPopulationSizeScaler3	9843	10815	1	0.0263158	0.460507	
LeafPopulationSizeScaler3	11756	8891	1	0.0263158	2.45099	
RootPopulationSizeScaler4	9575	11081	1	0.0263158	0.470295	
LeafPopulationSizeScaler4	11425	9239	1	0.0263158	1.88157	
RootPopulationSizeScaler5	9708	11059	1	0.0263158	0.467931	
LeafPopulationSizeScaler5	11510	9087	1	0.0263158	2.5174	
generation 70000:
name	number_accepted	number_rejected	weight	weight_prob	tuning_parameter
DirichletProcessGibbsSampler	18310	0	10	0.263158	none	
ConcentrationScaler	2407	3030	3	0.0789474	2.02716	
TimeSizeRateMixer	23549	27065	6	0.157895	0.392141	
TimeRootSizeMixer	23956	25258	6	0.157895	0.338551	
EventTimeScaler	92148	97898	1	0.0263158	1.1616	
RootPopulationSizeScaler0	11351	12733	1	0.0263158	0.462937	
LeafPopulationSizeScaler0	13244	10903	1	0.0263158	1.9271	
RootPopulationSizeScaler1	11271	12840	1	0.0263158	0.472971	
LeafPopulationSizeScaler1	13561	10527	1	0.0263158	1.90228	
RootPopulationSizeScaler2	11615	12557	1	0.0263158	0.464788	
LeafPopulationSizeScaler2	13620	10583	1	0.0263158	2.23274	
RootPopulationSizeScaler3	11472	12696	1	0.0263158	0.461867	
LeafPopulationSizeScaler3	13583	10554	1	0.0263158	2.48141	
RootPopulationSizeScaler4	11189	12982	1	0.0263158	0.471796	
LeafPopulationSizeScaler4	13238	10933	1	0.0263158	1.90501	
RootPopulationSizeScaler5	11333	12921	1	0.0263158	0.469387	
LeafPopulationSizeScaler5	13355	10739	1	0.0263158	2.54797	
generation 80000:
name	number_accepted	number_rejected	weight	weight_prob	tuning_parameter
DirichletProcessGibbsSampler	20996	0	10	0.263158	none	
ConcentrationScaler	2735	3489	3	0.0789474	2.02202	
TimeSizeRateMixer	26758	30880	6	0.157895	0.392937	
TimeRootSizeMixer	27516	29040	6	0.157895	0.340654	
EventTimeScaler	105328	112597	1	0.0263158	1.16704	
RootPopulationSizeScaler0	12887	14601	1	0.0263158	0.463686	
LeafPopulationSizeScaler0	14973	12605	1	0.0263158	1.9459	
RootPopulationSizeScaler1	12829	14672	1	0.0263158	0.474199	
LeafPopulationSizeScaler1	15343	12152	1	0.0263158	1.92242	
RootPopulationSizeScaler2	13232	14348	1	0.0263158	0.466347	
LeafPopulationSizeScaler2	15387	12212	1	0.0263158	2.25569	
RootPopulationSizeScaler3	13079	14501	1	0.0263158	0.463668	
LeafPopulationSizeScaler3	15343	12221	1	0.0263158	2.50799	
RootPopulationSizeScaler4	12754	14821	1	0.0263158	0.47339	
LeafPopulationSizeScaler4	14960	12616	1	0.0263158	1.92247	
RootPopulationSizeScaler5	12890	14792	1	0.0263158	0.470699	
LeafPopulationSizeScaler5	15115	12394	1	0.0263158	2.57327	
generation 90000:
name	number_accepted	number_rejected	weight	weight_prob	tuning_parameter
DirichletProcessGibbsSampler	23693	0	10	0.263158	none	
ConcentrationScaler	3058	3960	3	0.0789474	2.01591	
TimeSizeRateMixer	29970	34720	6	0.157895	0.393591	
TimeRootSizeMixer	30795	32665	6	0.157895	0.342068	
EventTimeScaler	118300	127067	1	0.0263158	1.17154	
RootPopulationSizeScaler0	14391	16424	1	0.0263158	0.464423	
LeafPopulationSizeScaler0	16682	14228	1	0.0263158	1.96136	
RootPopulationSizeScaler1	14354	16494	1	0.0263158	0.474901	
LeafPopulationSizeScaler1	17010	13786	1	0.0263158	1.93747	
RootPopulationSizeScaler2	14719	16173	1	0.0263158	0.466855	
LeafPopulationSizeScaler2	17106	13822	1	0.0263158	2.27495	
RootPopulationSizeScaler3	14537	16371	1	0.0263158	0.4641	
LeafPopulationSizeScaler3	17092	13803	1	0.0263158	2.53175	
RootPopulationSizeScaler4	14288	16628	1	0.0263158	0.474108	
LeafPopulationSizeScaler4	16712	14187	1	0.0263158	1.9407	
RootPopulationSizeScaler5	14395	16620	1	0.0263158	0.471717	
LeafPopulationSizeScaler5	16837	14005	1	0.0263158	2.5947	
generation 100000:
name	number_accepted	number_rejected	weight	weight_prob	tuning_parameter
DirichletProcessGibbsSampler	26270	0	10	0.263158	none	
ConcentrationScaler	3390	4406	3	0.0789474	2.01318	
TimeSizeRateMixer	33133	38619	6	0.157895	0.393822	
TimeRootSizeMixer	34189	36506	6	0.157895	0.343192	
EventTimeScaler	131105	141487	1	0.0263158	1.17513	
RootPopulationSizeScaler0	15955	18321	1	0.0263158	0.465421	
LeafPopulationSizeScaler0	18357	15993	1	0.0263158	1.97221	
RootPopulationSizeScaler1	15874	18444	1	0.0263158	0.475265	
LeafPopulationSizeScaler1	18771	15460	1	0.0263158	1.95116	
RootPopulationSizeScaler2	16286	18014	1	0.0263158	0.467795	
LeafPopulationSizeScaler2	18842	15526	1	0.0263158	2.29146	
RootPopulationSizeScaler3	16195	18139	1	0.0263158	0.465578	
LeafPopulationSizeScaler3	18823	15506	1	0.0263158	2.54854	
RootPopulationSizeScaler4	15846	18489	1	0.0263158	0.474867	
LeafPopulationSizeScaler4	18448	15901	1	0.0263158	1.95369	
RootPopulationSizeScaler5	15969	18474	1	0.0263158	0.472565	
LeafPopulationSizeScaler5	18635	15655	1	0.0263158	2.61639	
