generation 10000:
name	number_accepted	number_rejected	weight	weight_prob	tuning_parameter
DirichletProcessGibbsSampler	2596	0	10	0.263158	none	
ConcentrationScaler	374	412	3	0.0789474	2.66835	
TimeSizeRateMixer	1200	1272	6	0.157895	0.243691	
TimeRootSizeMixer	1553	945	6	0.157895	0.201231	
EventTimeScaler	5261	4019	1	0.0263158	1.26318	
RootPopulationSizeScaler0	1778	1745	1	0.0263158	0.448132	
LeafPopulationSizeScaler0	2672	839	1	0.0263158	1.8808	
RootPopulationSizeScaler1	1773	1718	1	0.0263158	0.430493	
LeafPopulationSizeScaler1	2461	1062	1	0.0263158	1.91172	
RootPopulationSizeScaler2	1812	1702	1	0.0263158	0.449712	
LeafPopulationSizeScaler2	2335	1175	1	0.0263158	1.9792	
RootPopulationSizeScaler3	1858	1675	1	0.0263158	0.431675	
LeafPopulationSizeScaler3	2362	1180	1	0.0263158	1.77274	
RootPopulationSizeScaler4	1822	1711	1	0.0263158	0.440544	
LeafPopulationSizeScaler4	2184	1337	1	0.0263158	1.62464	
RootPopulationSizeScaler5	1930	1576	1	0.0263158	0.396219	
LeafPopulationSizeScaler5	2291	1253	1	0.0263158	2.13466	
generation 20000:
name	number_accepted	number_rejected	weight	weight_prob	tuning_parameter
DirichletProcessGibbsSampler	5204	0	10	0.263158	none	
ConcentrationScaler	760	829	3	0.0789474	2.70977	
TimeSizeRateMixer	2129	2475	6	0.157895	0.244213	
TimeRootSizeMixer	2664	1880	6	0.157895	0.214003	
EventTimeScaler	9275	8085	1	0.0263158	1.31058	
RootPopulationSizeScaler0	3353	3524	1	0.0263158	0.457605	
LeafPopulationSizeScaler0	4889	1974	1	0.0263158	2.19083	
RootPopulationSizeScaler1	3438	3432	1	0.0263158	0.445101	
LeafPopulationSizeScaler1	4544	2357	1	0.0263158	2.15699	
RootPopulationSizeScaler2	3414	3487	1	0.0263158	0.460371	
LeafPopulationSizeScaler2	4348	2508	1	0.0263158	2.21762	
RootPopulationSizeScaler3	3472	3425	1	0.0263158	0.445702	
LeafPopulationSizeScaler3	4283	2623	1	0.0263158	1.9387	
RootPopulationSizeScaler4	3384	3500	1	0.0263158	0.44878	
LeafPopulationSizeScaler4	3966	2900	1	0.0263158	1.72846	
RootPopulationSizeScaler5	3654	3206	1	0.0263158	0.417354	
LeafPopulationSizeScaler5	4250	2677	1	0.0263158	2.34725	
generation 30000:
name	number_accepted	number_rejected	weight	weight_prob	tuning_parameter
DirichletProcessGibbsSampler	7860	0	10	0.263158	none	
ConcentrationScaler	1100	1267	3	0.0789474	2.72608	
TimeSizeRateMixer	3110	3700	6	0.157895	0.244912	
TimeRootSizeMixer	3860	2893	6	0.157895	0.222838	
EventTimeScaler	13525	12324	1	0.0263158	1.34262	
RootPopulationSizeScaler0	4946	5385	1	0.0263158	0.461987	
LeafPopulationSizeScaler0	7100	3195	1	0.0263158	2.3831	
RootPopulationSizeScaler1	5081	5210	1	0.0263158	0.452472	
LeafPopulationSizeScaler1	6569	3757	1	0.0263158	2.2912	
RootPopulationSizeScaler2	4997	5340	1	0.0263158	0.464152	
LeafPopulationSizeScaler2	6289	3993	1	0.0263158	2.3344	
RootPopulationSizeScaler3	5069	5246	1	0.0263158	0.450905	
LeafPopulationSizeScaler3	6224	4109	1	0.0263158	2.03216	
RootPopulationSizeScaler4	4983	5332	1	0.0263158	0.452723	
LeafPopulationSizeScaler4	5783	4496	1	0.0263158	1.79497	
RootPopulationSizeScaler5	5393	4925	1	0.0263158	0.427581	
LeafPopulationSizeScaler5	6203	4170	1	0.0263158	2.4686	
generation 40000:
name	number_accepted	number_rejected	weight	weight_prob	tuning_parameter
DirichletProcessGibbsSampler	10563	0	10	0.263158	none	
ConcentrationScaler	1458	1643	3	0.0789474	2.7499	
TimeSizeRateMixer	4151	4955	6	0.157895	0.24618	
TimeRootSizeMixer	4974	3918	6	0.157895	0.228134	
EventTimeScaler	17739	16727	1	0.0263158	1.3618	
RootPopulationSizeScaler0	6515	7242	1	0.0263158	0.46432	
LeafPopulationSizeScaler0	9259	4446	1	0.0263158	2.51528	
RootPopulationSizeScaler1	6622	7064	1	0.0263158	0.455669	
LeafPopulationSizeScaler1	8565	5167	1	0.0263158	2.38622	
RootPopulationSizeScaler2	6601	7149	1	0.0263158	0.468056	
LeafPopulationSizeScaler2	8157	5526	1	0.0263158	2.41128	
RootPopulationSizeScaler3	6739	6980	1	0.0263158	0.456988	
LeafPopulationSizeScaler3	8050	5717	1	0.0263158	2.09067	
RootPopulationSizeScaler4	6600	7155	1	0.0263158	0.455574	
LeafPopulationSizeScaler4	7520	6145	1	0.0263158	1.83033	
RootPopulationSizeScaler5	7074	6658	1	0.0263158	0.434006	
LeafPopulationSizeScaler5	8033	5761	1	0.0263158	2.53727	
generation 50000:
name	number_accepted	number_rejected	weight	weight_prob	tuning_parameter
DirichletProcessGibbsSampler	13256	0	10	0.263158	none	
ConcentrationScaler	1809	2045	3	0.0789474	2.77215	
TimeSizeRateMixer	5194	6232	6	0.157895	0.246505	
TimeRootSizeMixer	6149	5032	6	0.157895	0.23189	
EventTimeScaler	22028	21236	1	0.0263158	1.37691	
RootPopulationSizeScaler0	8106	9136	1	0.0263158	0.466308	
LeafPopulationSizeScaler0	11381	5802	1	0.0263158	2.6143	
RootPopulationSizeScaler1	8215	8962	1	0.0263158	0.457946	
LeafPopulationSizeScaler1	10504	6709	1	0.0263158	2.45022	
RootPopulationSizeScaler2	8138	9096	1	0.0263158	0.468792	
LeafPopulationSizeScaler2	10086	7109	1	0.0263158	2.47029	
RootPopulationSizeScaler3	8441	8794	1	0.0263158	0.460958	
LeafPopulationSizeScaler3	9895	7361	1	0.0263158	2.13552	
RootPopulationSizeScaler4	8231	9003	1	0.0263158	0.458405	
LeafPopulationSizeScaler4	9249	7881	1	0.0263158	1.85785	
RootPopulationSizeScaler5	8751	8452	1	0.0263158	0.438287	
LeafPopulationSizeScaler5	9838	7429	1	0.0263158	2.58715	
generation 60000:
name	number_accepted	number_rejected	weight	weight_prob	tuning_parameter
DirichletProcessGibbsSampler	15929	0	10	0.263158	none	
ConcentrationScaler	2167	2451	3	0.0789474	2.78277	
TimeSizeRateMixer	6300	7491	6	0.157895	0.247908	
TimeRootSizeMixer	7323	6095	6	0.157895	0.235454	
EventTimeScaler	26520	25749	1	0.0263158	1.3913	
RootPopulationSizeScaler0	9689	10909	1	0.0263158	0.469024	
LeafPopulationSizeScaler0	13440	7134	1	0.0263158	2.6922	
RootPopulationSizeScaler1	9789	10759	1	0.0263158	0.459767	
LeafPopulationSizeScaler1	12351	8215	1	0.0263158	2.50003	
RootPopulationSizeScaler2	9680	10952	1	0.0263158	0.470324	
LeafPopulationSizeScaler2	11901	8660	1	0.0263158	2.51493	
RootPopulationSizeScaler3	9990	10610	1	0.0263158	0.462519	
LeafPopulationSizeScaler3	11689	8945	1	0.0263158	2.16811	
RootPopulationSizeScaler4	9788	10814	1	0.0263158	0.460246	
LeafPopulationSizeScaler4	10989	9513	1	0.0263158	1.88155	
RootPopulationSizeScaler5	10352	10200	1	0.0263158	0.440877	
LeafPopulationSizeScaler5	11628	9026	1	0.0263158	2.62666	
generation 70000:
name	number_accepted	number_rejected	weight	weight_prob	tuning_parameter
DirichletProcessGibbsSampler	18537	0	10	0.263158	none	
ConcentrationScaler	2548	2881	3	0.0789474	2.79207	
TimeSizeRateMixer	7281	8706	6	0.157895	0.248242	
TimeRootSizeMixer	8372	7170	6	0.157895	0.237679	
EventTimeScaler	30373	30152	1	0.0263158	1.39748	
RootPopulationSizeScaler0	11219	12795	1	0.0263158	0.469829	
LeafPopulationSizeScaler0	15403	8577	1	0.0263158	2.75082	
RootPopulationSizeScaler1	11394	12611	1	0.0263158	0.461584	
LeafPopulationSizeScaler1	14192	9798	1	0.0263158	2.53982	
RootPopulationSizeScaler2	11241	12802	1	0.0263158	0.471955	
LeafPopulationSizeScaler2	13729	10254	1	0.0263158	2.55125	
RootPopulationSizeScaler3	11556	12467	1	0.0263158	0.464124	
LeafPopulationSizeScaler3	13444	10612	1	0.0263158	2.19296	
RootPopulationSizeScaler4	11330	12725	1	0.0263158	0.461084	
LeafPopulationSizeScaler4	12649	11289	1	0.0263158	1.89605	
RootPopulationSizeScaler5	11999	11978	1	0.0263158	0.443428	
LeafPopulationSizeScaler5	13383	10680	1	0.0263158	2.65682	
generation 80000:
name	number_accepted	number_rejected	weight	weight_prob	tuning_parameter
DirichletProcessGibbsSampler	21225	0	10	0.263158	none	
ConcentrationScaler	2897	3340	3	0.0789474	2.79709	
TimeSizeRateMixer	8279	9927	6	0.157895	0.248529	
TimeRootSizeMixer	9485	8308	6	0.157895	0.239213	
EventTimeScaler	34599	34675	1	0.0263158	1.40581	
RootPopulationSizeScaler0	12766	14677	1	0.0263158	0.470584	
LeafPopulationSizeScaler0	17403	9966	1	0.0263158	2.80588	
RootPopulationSizeScaler1	13014	14379	1	0.0263158	0.463229	
LeafPopulationSizeScaler1	16081	11305	1	0.0263158	2.57853	
RootPopulationSizeScaler2	12733	14717	1	0.0263158	0.471982	
LeafPopulationSizeScaler2	15553	11859	1	0.0263158	2.58365	
RootPopulationSizeScaler3	13114	14306	1	0.0263158	0.465111	
LeafPopulationSizeScaler3	15201	12278	1	0.0263158	2.21543	
RootPopulationSizeScaler4	12868	14619	1	0.0263158	0.462005	
LeafPopulationSizeScaler4	14332	13028	1	0.0263158	1.91003	
RootPopulationSizeScaler5	13620	13783	1	0.0263158	0.445494	
LeafPopulationSizeScaler5	15124	12337	1	0.0263158	2.68466	
generation 90000:
name	number_accepted	number_rejected	weight	weight_prob	tuning_parameter
DirichletProcessGibbsSampler	23891	0	10	0.263158	none	
ConcentrationScaler	3240	3734	3	0.0789474	2.80277	
TimeSizeRateMixer	9266	11114	6	0.157895	0.248729	
TimeRootSizeMixer	10522	9386	6	0.157895	0.240548	
EventTimeScaler	38422	39067	1	0.0263158	1.41018	
RootPopulationSizeScaler0	14355	16564	1	0.0263158	0.471584	
LeafPopulationSizeScaler0	19416	11413	1	0.0263158	2.85213	
RootPopulationSizeScaler1	14595	16244	1	0.0263158	0.464679	
LeafPopulationSizeScaler1	17978	12879	1	0.0263158	2.61171	
RootPopulationSizeScaler2	14273	16599	1	0.0263158	0.472868	
LeafPopulationSizeScaler2	17379	13494	1	0.0263158	2.61028	
RootPopulationSizeScaler3	14698	16178	1	0.0263158	0.466338	
LeafPopulationSizeScaler3	17003	13913	1	0.0263158	2.2381	
RootPopulationSizeScaler4	14397	16526	1	0.0263158	0.463024	
LeafPopulationSizeScaler4	16075	14736	1	0.0263158	1.92554	
RootPopulationSizeScaler5	15240	15616	1	0.0263158	0.447448	
LeafPopulationSizeScaler5	16973	13972	1	0.0263158	2.71215	
generation 100000:
name	number_accepted	number_rejected	weight	weight_prob	tuning_parameter
DirichletProcessGibbsSampler	26449	0	10	0.263158	none	
ConcentrationScaler	3596	4172	3	0.0789474	2.80696	
TimeSizeRateMixer	10340	12426	6	0.157895	0.248971	
TimeRootSizeMixer	11674	10453	6	0.157895	0.2424	
EventTimeScaler	42507	43589	1	0.0263158	1.41541	
RootPopulationSizeScaler0	15942	18466	1	0.0263158	0.472309	
LeafPopulationSizeScaler0	21408	12901	1	0.0263158	2.89252	
RootPopulationSizeScaler1	16175	18139	1	0.0263158	0.465334	
LeafPopulationSizeScaler1	19829	14505	1	0.0263158	2.63633	
RootPopulationSizeScaler2	15869	18469	1	0.0263158	0.473963	
LeafPopulationSizeScaler2	19211	15143	1	0.0263158	2.63582	
RootPopulationSizeScaler3	16315	18059	1	0.0263158	0.467474	
LeafPopulationSizeScaler3	18802	15586	1	0.0263158	2.25585	
RootPopulationSizeScaler4	15939	18476	1	0.0263158	0.463437	
LeafPopulationSizeScaler4	17846	16447	1	0.0263158	1.93854	
RootPopulationSizeScaler5	16881	17474	1	0.0263158	0.448731	
LeafPopulationSizeScaler5	18743	15673	1	0.0263158	2.73118	
