generation 10000:
name	number_accepted	number_rejected	weight	weight_prob	tuning_parameter
DirichletProcessGibbsSampler	2553	0	10	0.263158	none	
ConcentrationScaler	422	370	3	0.0789474	2.07336	
TimeSizeRateMixer	1882	1879	6	0.157895	0.30158	
TimeRootSizeMixer	2156	1791	6	0.157895	0.168371	
EventTimeScaler	8206	6409	1	0.0263158	1.76203	
RootPopulationSizeScaler0	1690	1769	1	0.0263158	0.443561	
LeafPopulationSizeScaler0	2256	1210	1	0.0263158	1.58683	
RootPopulationSizeScaler1	1716	1727	1	0.0263158	0.444783	
LeafPopulationSizeScaler1	2508	938	1	0.0263158	1.80789	
RootPopulationSizeScaler2	1666	1751	1	0.0263158	0.459098	
LeafPopulationSizeScaler2	2335	1114	1	0.0263158	2.04259	
RootPopulationSizeScaler3	1719	1752	1	0.0263158	0.456654	
LeafPopulationSizeScaler3	2472	965	1	0.0263158	2.39202	
RootPopulationSizeScaler4	1756	1686	1	0.0263158	0.431401	
LeafPopulationSizeScaler4	2567	880	1	0.0263158	1.86522	
RootPopulationSizeScaler5	1670	1815	1	0.0263158	0.462579	
LeafPopulationSizeScaler5	2349	1111	1	0.0263158	2.0731	
generation 20000:
name	number_accepted	number_rejected	weight	weight_prob	tuning_parameter
DirichletProcessGibbsSampler	5147	0	10	0.263158	none	
ConcentrationScaler	812	748	3	0.0789474	2.17084	
TimeSizeRateMixer	3782	3838	6	0.157895	0.312295	
TimeRootSizeMixer	4124	3687	6	0.157895	0.176566	
EventTimeScaler	15459	13658	1	0.0263158	1.83817	
RootPopulationSizeScaler0	3333	3576	1	0.0263158	0.452897	
LeafPopulationSizeScaler0	4273	2629	1	0.0263158	1.75764	
RootPopulationSizeScaler1	3287	3619	1	0.0263158	0.449804	
LeafPopulationSizeScaler1	4693	2224	1	0.0263158	2.07014	
RootPopulationSizeScaler2	3309	3593	1	0.0263158	0.467106	
LeafPopulationSizeScaler2	4415	2531	1	0.0263158	2.2845	
RootPopulationSizeScaler3	3317	3592	1	0.0263158	0.465206	
LeafPopulationSizeScaler3	4569	2338	1	0.0263158	2.6897	
RootPopulationSizeScaler4	3444	3477	1	0.0263158	0.446479	
LeafPopulationSizeScaler4	4831	2032	1	0.0263158	2.18764	
RootPopulationSizeScaler5	3250	3705	1	0.0263158	0.467316	
LeafPopulationSizeScaler5	4369	2555	1	0.0263158	2.30217	
generation 30000:
name	number_accepted	number_rejected	weight	weight_prob	tuning_parameter
DirichletProcessGibbsSampler	7764	0	10	0.263158	none	
ConcentrationScaler	1188	1153	3	0.0789474	2.20343	
TimeSizeRateMixer	5634	5895	6	0.157895	0.316157	
TimeRootSizeMixer	6264	5591	6	0.157895	0.183019	
EventTimeScaler	22825	21267	1	0.0263158	1.87798	
RootPopulationSizeScaler0	4951	5422	1	0.0263158	0.458	
LeafPopulationSizeScaler0	6259	4127	1	0.0263158	1.85287	
RootPopulationSizeScaler1	4963	5418	1	0.0263158	0.457376	
LeafPopulationSizeScaler1	6774	3600	1	0.0263158	2.21418	
RootPopulationSizeScaler2	4917	5467	1	0.0263158	0.470169	
LeafPopulationSizeScaler2	6392	4008	1	0.0263158	2.4102	
RootPopulationSizeScaler3	4939	5444	1	0.0263158	0.469952	
LeafPopulationSizeScaler3	6605	3786	1	0.0263158	2.86492	
RootPopulationSizeScaler4	5089	5325	1	0.0263158	0.452871	
LeafPopulationSizeScaler4	6989	3370	1	0.0263158	2.35644	
RootPopulationSizeScaler5	4884	5542	1	0.0263158	0.472368	
LeafPopulationSizeScaler5	6371	4043	1	0.0263158	2.42732	
generation 40000:
name	number_accepted	number_rejected	weight	weight_prob	tuning_parameter
DirichletProcessGibbsSampler	10411	0	10	0.263158	none	
ConcentrationScaler	1569	1543	3	0.0789474	2.23878	
TimeSizeRateMixer	7374	7894	6	0.157895	0.319265	
TimeRootSizeMixer	8247	7533	6	0.157895	0.186426	
EventTimeScaler	29979	28841	1	0.0263158	1.90375	
RootPopulationSizeScaler0	6507	7282	1	0.0263158	0.460505	
LeafPopulationSizeScaler0	8116	5685	1	0.0263158	1.91118	
RootPopulationSizeScaler1	6521	7267	1	0.0263158	0.459888	
LeafPopulationSizeScaler1	8794	4984	1	0.0263158	2.30874	
RootPopulationSizeScaler2	6453	7331	1	0.0263158	0.472402	
LeafPopulationSizeScaler2	8313	5521	1	0.0263158	2.49244	
RootPopulationSizeScaler3	6497	7285	1	0.0263158	0.471845	
LeafPopulationSizeScaler3	8528	5266	1	0.0263158	2.96664	
RootPopulationSizeScaler4	6685	7163	1	0.0263158	0.456163	
LeafPopulationSizeScaler4	9038	4722	1	0.0263158	2.47302	
RootPopulationSizeScaler5	6414	7417	1	0.0263158	0.47332	
LeafPopulationSizeScaler5	8245	5604	1	0.0263158	2.50547	
generation 50000:
name	number_accepted	number_rejected	weight	weight_prob	tuning_parameter
DirichletProcessGibbsSampler	13098	0	10	0.263158	none	
ConcentrationScaler	1914	1952	3	0.0789474	2.25124	
TimeSizeRateMixer	9137	9866	6	0.157895	0.321691	
TimeRootSizeMixer	10251	9527	6	0.157895	0.188909	
EventTimeScaler	37196	36515	1	0.0263158	1.92271	
RootPopulationSizeScaler0	8071	9145	1	0.0263158	0.46235	
LeafPopulationSizeScaler0	9963	7279	1	0.0263158	1.95363	
RootPopulationSizeScaler1	8108	9152	1	0.0263158	0.461678	
LeafPopulationSizeScaler1	10722	6455	1	0.0263158	2.37249	
RootPopulationSizeScaler2	8029	9193	1	0.0263158	0.474573	
LeafPopulationSizeScaler2	10165	7092	1	0.0263158	2.55344	
RootPopulationSizeScaler3	8015	9194	1	0.0263158	0.472013	
LeafPopulationSizeScaler3	10442	6772	1	0.0263158	3.04368	
RootPopulationSizeScaler4	8261	9017	1	0.0263158	0.458085	
LeafPopulationSizeScaler4	11146	6051	1	0.0263158	2.56523	
RootPopulationSizeScaler5	7989	9270	1	0.0263158	0.474801	
LeafPopulationSizeScaler5	10108	7160	1	0.0263158	2.56232	
generation 60000:
name	number_accepted	number_rejected	weight	weight_prob	tuning_parameter
DirichletProcessGibbsSampler	15687	0	10	0.263158	none	
ConcentrationScaler	2308	2366	3	0.0789474	2.27521	
TimeSizeRateMixer	10941	12015	6	0.157895	0.322691	
TimeRootSizeMixer	12128	11439	6	0.157895	0.190796	
EventTimeScaler	44127	44137	1	0.0263158	1.93529	
RootPopulationSizeScaler0	9644	11047	1	0.0263158	0.463773	
LeafPopulationSizeScaler0	11798	8915	1	0.0263158	1.98537	
RootPopulationSizeScaler1	9681	11036	1	0.0263158	0.463024	
LeafPopulationSizeScaler1	12695	7974	1	0.0263158	2.42777	
RootPopulationSizeScaler2	9605	11091	1	0.0263158	0.475388	
LeafPopulationSizeScaler2	12072	8660	1	0.0263158	2.60177	
RootPopulationSizeScaler3	9576	11076	1	0.0263158	0.473127	
LeafPopulationSizeScaler3	12321	8338	1	0.0263158	3.10369	
RootPopulationSizeScaler4	9885	10822	1	0.0263158	0.460575	
LeafPopulationSizeScaler4	13140	7480	1	0.0263158	2.63149	
RootPopulationSizeScaler5	9536	11200	1	0.0263158	0.475403	
LeafPopulationSizeScaler5	11957	8745	1	0.0263158	2.60541	
generation 70000:
name	number_accepted	number_rejected	weight	weight_prob	tuning_parameter
DirichletProcessGibbsSampler	18341	0	10	0.263158	none	
ConcentrationScaler	2672	2779	3	0.0789474	2.28848	
TimeSizeRateMixer	12797	14130	6	0.157895	0.323994	
TimeRootSizeMixer	14037	13376	6	0.157895	0.192347	
EventTimeScaler	51241	51972	1	0.0263158	1.94628	
RootPopulationSizeScaler0	11243	12894	1	0.0263158	0.465126	
LeafPopulationSizeScaler0	13668	10519	1	0.0263158	2.01464	
RootPopulationSizeScaler1	11321	12853	1	0.0263158	0.465001	
LeafPopulationSizeScaler1	14593	9548	1	0.0263158	2.46934	
RootPopulationSizeScaler2	11205	12948	1	0.0263158	0.476898	
LeafPopulationSizeScaler2	13803	10367	1	0.0263158	2.63286	
RootPopulationSizeScaler3	11126	12953	1	0.0263158	0.474012	
LeafPopulationSizeScaler3	14210	9924	1	0.0263158	3.1547	
RootPopulationSizeScaler4	11460	12701	1	0.0263158	0.461841	
LeafPopulationSizeScaler4	15118	8944	1	0.0263158	2.68871	
RootPopulationSizeScaler5	11110	13089	1	0.0263158	0.476325	
LeafPopulationSizeScaler5	13817	10347	1	0.0263158	2.64304	
generation 80000:
name	number_accepted	number_rejected	weight	weight_prob	tuning_parameter
DirichletProcessGibbsSampler	21014	0	10	0.263158	none	
ConcentrationScaler	3052	3188	3	0.0789474	2.29771	
TimeSizeRateMixer	14604	16217	6	0.157895	0.325056	
TimeRootSizeMixer	15966	15368	6	0.157895	0.193822	
EventTimeScaler	58495	59905	1	0.0263158	1.95688	
RootPopulationSizeScaler0	12804	14736	1	0.0263158	0.465638	
LeafPopulationSizeScaler0	15373	12202	1	0.0263158	2.03479	
RootPopulationSizeScaler1	12866	14696	1	0.0263158	0.466057	
LeafPopulationSizeScaler1	16456	11056	1	0.0263158	2.50655	
RootPopulationSizeScaler2	12739	14827	1	0.0263158	0.477183	
LeafPopulationSizeScaler2	15566	11988	1	0.0263158	2.66468	
RootPopulationSizeScaler3	12699	14782	1	0.0263158	0.475032	
LeafPopulationSizeScaler3	15990	11555	1	0.0263158	3.19273	
RootPopulationSizeScaler4	12989	14570	1	0.0263158	0.462704	
LeafPopulationSizeScaler4	17054	10395	1	0.0263158	2.73394	
RootPopulationSizeScaler5	12648	14957	1	0.0263158	0.47746	
LeafPopulationSizeScaler5	15587	11974	1	0.0263158	2.67178	
generation 90000:
name	number_accepted	number_rejected	weight	weight_prob	tuning_parameter
DirichletProcessGibbsSampler	23655	0	10	0.263158	none	
ConcentrationScaler	3427	3608	3	0.0789474	2.30551	
TimeSizeRateMixer	16382	18332	6	0.157895	0.325521	
TimeRootSizeMixer	17858	17376	6	0.157895	0.195041	
EventTimeScaler	65649	67691	1	0.0263158	1.9658	
RootPopulationSizeScaler0	14362	16588	1	0.0263158	0.46643	
LeafPopulationSizeScaler0	17116	13887	1	0.0263158	2.0527	
RootPopulationSizeScaler1	14465	16511	1	0.0263158	0.467564	
LeafPopulationSizeScaler1	18331	12593	1	0.0263158	2.53808	
RootPopulationSizeScaler2	14301	16686	1	0.0263158	0.477631	
LeafPopulationSizeScaler2	17326	13672	1	0.0263158	2.68919	
RootPopulationSizeScaler3	14227	16686	1	0.0263158	0.475624	
LeafPopulationSizeScaler3	17887	13112	1	0.0263158	3.23017	
RootPopulationSizeScaler4	14580	16388	1	0.0263158	0.464151	
LeafPopulationSizeScaler4	18951	11918	1	0.0263158	2.77461	
RootPopulationSizeScaler5	14203	16830	1	0.0263158	0.477906	
LeafPopulationSizeScaler5	17343	13621	1	0.0263158	2.69684	
generation 100000:
name	number_accepted	number_rejected	weight	weight_prob	tuning_parameter
DirichletProcessGibbsSampler	26237	0	10	0.263158	none	
ConcentrationScaler	3791	4070	3	0.0789474	2.3077	
TimeSizeRateMixer	18166	20410	6	0.157895	0.326137	
TimeRootSizeMixer	19691	19368	6	0.157895	0.195894	
EventTimeScaler	72547	75264	1	0.0263158	1.97283	
RootPopulationSizeScaler0	15889	18470	1	0.0263158	0.467059	
LeafPopulationSizeScaler0	18906	15498	1	0.0263158	2.07105	
RootPopulationSizeScaler1	16014	18381	1	0.0263158	0.468249	
LeafPopulationSizeScaler1	20224	14132	1	0.0263158	2.56686	
RootPopulationSizeScaler2	15902	18554	1	0.0263158	0.478571	
LeafPopulationSizeScaler2	19078	15359	1	0.0263158	2.71141	
RootPopulationSizeScaler3	15777	18560	1	0.0263158	0.476204	
LeafPopulationSizeScaler3	19743	14700	1	0.0263158	3.25984	
RootPopulationSizeScaler4	16140	18256	1	0.0263158	0.464997	
LeafPopulationSizeScaler4	20820	13459	1	0.0263158	2.80716	
RootPopulationSizeScaler5	15739	18713	1	0.0263158	0.478386	
LeafPopulationSizeScaler5	19094	15297	1	0.0263158	2.71915	
