generation 10000:
name	number_accepted	number_rejected	weight	weight_prob	tuning_parameter
DirichletProcessGibbsSampler	2662	0	10	0.263158	none	
ConcentrationScaler	431	374	3	0.0789474	2.58887	
TimeSizeRateMixer	806	831	6	0.157895	0.194112	
TimeRootSizeMixer	867	842	6	0.157895	0.053586	
EventTimeScaler	3924	2525	1	0.0263158	2.06488	
RootPopulationSizeScaler0	1730	1666	1	0.0263158	0.443611	
LeafPopulationSizeScaler0	2399	981	1	0.0263158	1.8632	
RootPopulationSizeScaler1	1700	1696	1	0.0263158	0.433872	
LeafPopulationSizeScaler1	2263	1092	1	0.0263158	1.6182	
RootPopulationSizeScaler2	1855	1516	1	0.0263158	0.405802	
LeafPopulationSizeScaler2	2238	1149	1	0.0263158	1.56935	
RootPopulationSizeScaler3	1588	1786	1	0.0263158	0.444145	
LeafPopulationSizeScaler3	2366	986	1	0.0263158	1.73026	
RootPopulationSizeScaler4	1891	1495	1	0.0263158	0.380388	
LeafPopulationSizeScaler4	2278	1098	1	0.0263158	2.33733	
RootPopulationSizeScaler5	1751	1633	1	0.0263158	0.419537	
LeafPopulationSizeScaler5	2203	1188	1	0.0263158	1.61564	
generation 20000:
name	number_accepted	number_rejected	weight	weight_prob	tuning_parameter
DirichletProcessGibbsSampler	5272	0	10	0.263158	none	
ConcentrationScaler	824	834	3	0.0789474	2.65964	
TimeSizeRateMixer	1523	1783	6	0.157895	0.193911	
TimeRootSizeMixer	1652	1645	6	0.157895	0.0559308	
EventTimeScaler	7272	5484	1	0.0263158	2.20004	
RootPopulationSizeScaler0	3314	3450	1	0.0263158	0.452147	
LeafPopulationSizeScaler0	4421	2306	1	0.0263158	2.09799	
RootPopulationSizeScaler1	3311	3436	1	0.0263158	0.444067	
LeafPopulationSizeScaler1	4209	2525	1	0.0263158	1.77953	
RootPopulationSizeScaler2	3529	3193	1	0.0263158	0.421222	
LeafPopulationSizeScaler2	4148	2611	1	0.0263158	1.72452	
RootPopulationSizeScaler3	3113	3593	1	0.0263158	0.450857	
LeafPopulationSizeScaler3	4371	2331	1	0.0263158	1.9403	
RootPopulationSizeScaler4	3652	3096	1	0.0263158	0.402635	
LeafPopulationSizeScaler4	4248	2456	1	0.0263158	2.59741	
RootPopulationSizeScaler5	3310	3416	1	0.0263158	0.431365	
LeafPopulationSizeScaler5	4139	2614	1	0.0263158	1.77874	
generation 30000:
name	number_accepted	number_rejected	weight	weight_prob	tuning_parameter
DirichletProcessGibbsSampler	7905	0	10	0.263158	none	
ConcentrationScaler	1228	1244	3	0.0789474	2.71644	
TimeSizeRateMixer	2293	2660	6	0.157895	0.195922	
TimeRootSizeMixer	2458	2578	6	0.157895	0.0566054	
EventTimeScaler	10539	8605	1	0.0263158	2.26912	
RootPopulationSizeScaler0	4918	5326	1	0.0263158	0.456447	
LeafPopulationSizeScaler0	6440	3801	1	0.0263158	2.22602	
RootPopulationSizeScaler1	4895	5353	1	0.0263158	0.448627	
LeafPopulationSizeScaler1	6118	4113	1	0.0263158	1.85672	
RootPopulationSizeScaler2	5223	4995	1	0.0263158	0.428225	
LeafPopulationSizeScaler2	6105	4141	1	0.0263158	1.81794	
RootPopulationSizeScaler3	4748	5432	1	0.0263158	0.456433	
LeafPopulationSizeScaler3	6376	3827	1	0.0263158	2.05242	
RootPopulationSizeScaler4	5467	4788	1	0.0263158	0.415173	
LeafPopulationSizeScaler4	6210	3981	1	0.0263158	2.73428	
RootPopulationSizeScaler5	4925	5288	1	0.0263158	0.43524	
LeafPopulationSizeScaler5	6065	4169	1	0.0263158	1.86201	
generation 40000:
name	number_accepted	number_rejected	weight	weight_prob	tuning_parameter
DirichletProcessGibbsSampler	10522	0	10	0.263158	none	
ConcentrationScaler	1613	1652	3	0.0789474	2.74374	
TimeSizeRateMixer	3096	3598	6	0.157895	0.197058	
TimeRootSizeMixer	3244	3408	6	0.157895	0.0573537	
EventTimeScaler	13779	11773	1	0.0263158	2.31207	
RootPopulationSizeScaler0	6467	7246	1	0.0263158	0.457349	
LeafPopulationSizeScaler0	8374	5282	1	0.0263158	2.31206	
RootPopulationSizeScaler1	6542	7174	1	0.0263158	0.452755	
LeafPopulationSizeScaler1	8032	5639	1	0.0263158	1.91733	
RootPopulationSizeScaler2	6832	6831	1	0.0263158	0.432517	
LeafPopulationSizeScaler2	8028	5657	1	0.0263158	1.88288	
RootPopulationSizeScaler3	6299	7313	1	0.0263158	0.459044	
LeafPopulationSizeScaler3	8271	5333	1	0.0263158	2.12655	
RootPopulationSizeScaler4	7203	6484	1	0.0263158	0.422247	
LeafPopulationSizeScaler4	8163	5459	1	0.0263158	2.83671	
RootPopulationSizeScaler5	6549	7128	1	0.0263158	0.439676	
LeafPopulationSizeScaler5	7921	5745	1	0.0263158	1.9189	
generation 50000:
name	number_accepted	number_rejected	weight	weight_prob	tuning_parameter
DirichletProcessGibbsSampler	13115	0	10	0.263158	none	
ConcentrationScaler	2003	2047	3	0.0789474	2.77347	
TimeSizeRateMixer	3922	4541	6	0.157895	0.197807	
TimeRootSizeMixer	4106	4199	6	0.157895	0.0582121	
EventTimeScaler	17030	14970	1	0.0263158	2.34653	
RootPopulationSizeScaler0	8091	9132	1	0.0263158	0.459381	
LeafPopulationSizeScaler0	10361	6807	1	0.0263158	2.37903	
RootPopulationSizeScaler1	8149	9069	1	0.0263158	0.455167	
LeafPopulationSizeScaler1	9864	7284	1	0.0263158	1.95932	
RootPopulationSizeScaler2	8518	8648	1	0.0263158	0.436287	
LeafPopulationSizeScaler2	9846	7323	1	0.0263158	1.92429	
RootPopulationSizeScaler3	7949	9168	1	0.0263158	0.461989	
LeafPopulationSizeScaler3	10141	6955	1	0.0263158	2.17749	
RootPopulationSizeScaler4	8870	8324	1	0.0263158	0.42649	
LeafPopulationSizeScaler4	10064	7049	1	0.0263158	2.90695	
RootPopulationSizeScaler5	8165	9012	1	0.0263158	0.442105	
LeafPopulationSizeScaler5	9774	7358	1	0.0263158	1.95592	
generation 60000:
name	number_accepted	number_rejected	weight	weight_prob	tuning_parameter
DirichletProcessGibbsSampler	15747	0	10	0.263158	none	
ConcentrationScaler	2355	2478	3	0.0789474	2.7838	
TimeSizeRateMixer	4707	5454	6	0.157895	0.198695	
TimeRootSizeMixer	4872	5037	6	0.157895	0.0586027	
EventTimeScaler	20253	18127	1	0.0263158	2.37335	
RootPopulationSizeScaler0	9660	10960	1	0.0263158	0.461684	
LeafPopulationSizeScaler0	12245	8315	1	0.0263158	2.42665	
RootPopulationSizeScaler1	9743	10874	1	0.0263158	0.456773	
LeafPopulationSizeScaler1	11656	8887	1	0.0263158	1.99105	
RootPopulationSizeScaler2	10132	10439	1	0.0263158	0.438803	
LeafPopulationSizeScaler2	11673	8880	1	0.0263158	1.95902	
RootPopulationSizeScaler3	9519	11040	1	0.0263158	0.462734	
LeafPopulationSizeScaler3	11962	8522	1	0.0263158	2.21881	
RootPopulationSizeScaler4	10520	10068	1	0.0263158	0.430072	
LeafPopulationSizeScaler4	11858	8643	1	0.0263158	2.95585	
RootPopulationSizeScaler5	9712	10835	1	0.0263158	0.444182	
LeafPopulationSizeScaler5	11524	8977	1	0.0263158	1.98428	
generation 70000:
name	number_accepted	number_rejected	weight	weight_prob	tuning_parameter
DirichletProcessGibbsSampler	18321	0	10	0.263158	none	
ConcentrationScaler	2721	2918	3	0.0789474	2.79432	
TimeSizeRateMixer	5479	6380	6	0.157895	0.1993	
TimeRootSizeMixer	5682	5932	6	0.157895	0.0589981	
EventTimeScaler	23377	21429	1	0.0263158	2.39159	
RootPopulationSizeScaler0	11273	12803	1	0.0263158	0.463464	
LeafPopulationSizeScaler0	14159	9853	1	0.0263158	2.46765	
RootPopulationSizeScaler1	11323	12705	1	0.0263158	0.458229	
LeafPopulationSizeScaler1	13461	10517	1	0.0263158	2.01634	
RootPopulationSizeScaler2	11802	12243	1	0.0263158	0.441629	
LeafPopulationSizeScaler2	13498	10488	1	0.0263158	1.98709	
RootPopulationSizeScaler3	11062	12942	1	0.0263158	0.463252	
LeafPopulationSizeScaler3	13778	10131	1	0.0263158	2.25008	
RootPopulationSizeScaler4	12238	11817	1	0.0263158	0.432941	
LeafPopulationSizeScaler4	13632	10310	1	0.0263158	2.99209	
RootPopulationSizeScaler5	11297	12687	1	0.0263158	0.445773	
LeafPopulationSizeScaler5	13300	10629	1	0.0263158	2.00909	
generation 80000:
name	number_accepted	number_rejected	weight	weight_prob	tuning_parameter
DirichletProcessGibbsSampler	20917	0	10	0.263158	none	
ConcentrationScaler	3089	3332	3	0.0789474	2.80624	
TimeSizeRateMixer	6281	7280	6	0.157895	0.199807	
TimeRootSizeMixer	6451	6829	6	0.157895	0.059242	
EventTimeScaler	26577	24694	1	0.0263158	2.41025	
RootPopulationSizeScaler0	12818	14679	1	0.0263158	0.464149	
LeafPopulationSizeScaler0	16030	11418	1	0.0263158	2.50176	
RootPopulationSizeScaler1	12889	14536	1	0.0263158	0.459589	
LeafPopulationSizeScaler1	15224	12165	1	0.0263158	2.03841	
RootPopulationSizeScaler2	13426	14035	1	0.0263158	0.443852	
LeafPopulationSizeScaler2	15237	12138	1	0.0263158	2.00719	
RootPopulationSizeScaler3	12629	14797	1	0.0263158	0.464017	
LeafPopulationSizeScaler3	15614	11721	1	0.0263158	2.27904	
RootPopulationSizeScaler4	13865	13645	1	0.0263158	0.434919	
LeafPopulationSizeScaler4	15442	11914	1	0.0263158	3.02797	
RootPopulationSizeScaler5	12913	14515	1	0.0263158	0.44769	
LeafPopulationSizeScaler5	15083	12286	1	0.0263158	2.03065	
generation 90000:
name	number_accepted	number_rejected	weight	weight_prob	tuning_parameter
DirichletProcessGibbsSampler	23527	0	10	0.263158	none	
ConcentrationScaler	3464	3789	3	0.0789474	2.81065	
TimeSizeRateMixer	7016	8162	6	0.157895	0.200465	
TimeRootSizeMixer	7248	7637	6	0.157895	0.0595774	
EventTimeScaler	29616	27897	1	0.0263158	2.4234	
RootPopulationSizeScaler0	14344	16498	1	0.0263158	0.465078	
LeafPopulationSizeScaler0	17778	13053	1	0.0263158	2.52712	
RootPopulationSizeScaler1	14360	16377	1	0.0263158	0.46039	
LeafPopulationSizeScaler1	16897	13810	1	0.0263158	2.05479	
RootPopulationSizeScaler2	15020	15773	1	0.0263158	0.445392	
LeafPopulationSizeScaler2	16968	13753	1	0.0263158	2.02589	
RootPopulationSizeScaler3	14157	16616	1	0.0263158	0.464896	
LeafPopulationSizeScaler3	17350	13335	1	0.0263158	2.30041	
RootPopulationSizeScaler4	15479	15375	1	0.0263158	0.437211	
LeafPopulationSizeScaler4	17160	13531	1	0.0263158	3.05684	
RootPopulationSizeScaler5	14448	16328	1	0.0263158	0.449092	
LeafPopulationSizeScaler5	16782	13919	1	0.0263158	2.04726	
generation 100000:
name	number_accepted	number_rejected	weight	weight_prob	tuning_parameter
DirichletProcessGibbsSampler	26140	0	10	0.263158	none	
ConcentrationScaler	3827	4223	3	0.0789474	2.81872	
TimeSizeRateMixer	7793	9079	6	0.157895	0.200862	
TimeRootSizeMixer	8016	8559	6	0.157895	0.0597534	
EventTimeScaler	32782	31209	1	0.0263158	2.43599	
RootPopulationSizeScaler0	15947	18352	1	0.0263158	0.46595	
LeafPopulationSizeScaler0	19603	14687	1	0.0263158	2.55047	
RootPopulationSizeScaler1	15998	18189	1	0.0263158	0.461433	
LeafPopulationSizeScaler1	18638	15523	1	0.0263158	2.06856	
RootPopulationSizeScaler2	16586	17651	1	0.0263158	0.44642	
LeafPopulationSizeScaler2	18789	15395	1	0.0263158	2.04484	
RootPopulationSizeScaler3	15765	18459	1	0.0263158	0.465881	
LeafPopulationSizeScaler3	19171	14959	1	0.0263158	2.3214	
RootPopulationSizeScaler4	17162	17119	1	0.0263158	0.439388	
LeafPopulationSizeScaler4	18928	15209	1	0.0263158	3.08066	
RootPopulationSizeScaler5	16082	18137	1	0.0263158	0.450513	
LeafPopulationSizeScaler5	18458	15684	1	0.0263158	2.06038	
