generation 10000:
name	number_accepted	number_rejected	weight	weight_prob	tuning_parameter
DirichletProcessGibbsSampler	2693	0	10	0.263158	none	
ConcentrationScaler	431	386	3	0.0789474	1.85549	
TimeSizeRateMixer	2833	3052	6	0.157895	0.362132	
TimeRootSizeMixer	3093	2780	6	0.157895	0.323209	
EventTimeScaler	11875	10715	1	0.0263158	1.40025	
RootPopulationSizeScaler0	1793	1696	1	0.0263158	0.416055	
LeafPopulationSizeScaler0	2398	1097	1	0.0263158	1.92084	
RootPopulationSizeScaler1	1711	1769	1	0.0263158	0.43831	
LeafPopulationSizeScaler1	2348	1090	1	0.0263158	1.91801	
RootPopulationSizeScaler2	1733	1759	1	0.0263158	0.440599	
LeafPopulationSizeScaler2	2292	1193	1	0.0263158	1.24204	
RootPopulationSizeScaler3	1694	1780	1	0.0263158	0.438735	
LeafPopulationSizeScaler3	2231	1228	1	0.0263158	1.60549	
RootPopulationSizeScaler4	1806	1680	1	0.0263158	0.435494	
LeafPopulationSizeScaler4	2452	1034	1	0.0263158	1.65466	
RootPopulationSizeScaler5	1790	1689	1	0.0263158	0.419822	
LeafPopulationSizeScaler5	2344	1145	1	0.0263158	1.63714	
generation 20000:
name	number_accepted	number_rejected	weight	weight_prob	tuning_parameter
DirichletProcessGibbsSampler	5342	0	10	0.263158	none	
ConcentrationScaler	830	801	3	0.0789474	1.90272	
TimeSizeRateMixer	5543	6151	6	0.157895	0.367643	
TimeRootSizeMixer	5863	5683	6	0.157895	0.3346	
EventTimeScaler	22978	21902	1	0.0263158	1.45373	
RootPopulationSizeScaler0	3478	3401	1	0.0263158	0.434789	
LeafPopulationSizeScaler0	4468	2414	1	0.0263158	2.15343	
RootPopulationSizeScaler1	3324	3520	1	0.0263158	0.447802	
LeafPopulationSizeScaler1	4414	2374	1	0.0263158	2.17176	
RootPopulationSizeScaler2	3307	3545	1	0.0263158	0.451687	
LeafPopulationSizeScaler2	4243	2619	1	0.0263158	1.36671	
RootPopulationSizeScaler3	3304	3530	1	0.0263158	0.448125	
LeafPopulationSizeScaler3	4172	2692	1	0.0263158	1.76604	
RootPopulationSizeScaler4	3384	3466	1	0.0263158	0.444046	
LeafPopulationSizeScaler4	4600	2245	1	0.0263158	1.89564	
RootPopulationSizeScaler5	3424	3411	1	0.0263158	0.433799	
LeafPopulationSizeScaler5	4338	2490	1	0.0263158	1.81926	
generation 30000:
name	number_accepted	number_rejected	weight	weight_prob	tuning_parameter
DirichletProcessGibbsSampler	7986	0	10	0.263158	none	
ConcentrationScaler	1204	1247	3	0.0789474	1.92765	
TimeSizeRateMixer	7947	9028	6	0.157895	0.369566	
TimeRootSizeMixer	8633	8700	6	0.157895	0.339663	
EventTimeScaler	33389	33181	1	0.0263158	1.47801	
RootPopulationSizeScaler0	5079	5126	1	0.0263158	0.441811	
LeafPopulationSizeScaler0	6424	3786	1	0.0263158	2.28163	
RootPopulationSizeScaler1	4903	5297	1	0.0263158	0.452936	
LeafPopulationSizeScaler1	6285	3825	1	0.0263158	2.28901	
RootPopulationSizeScaler2	4939	5250	1	0.0263158	0.457886	
LeafPopulationSizeScaler2	6122	4070	1	0.0263158	1.43538	
RootPopulationSizeScaler3	4834	5344	1	0.0263158	0.452221	
LeafPopulationSizeScaler3	6030	4147	1	0.0263158	1.85186	
RootPopulationSizeScaler4	4966	5238	1	0.0263158	0.451069	
LeafPopulationSizeScaler4	6555	3609	1	0.0263158	2.01618	
RootPopulationSizeScaler5	5031	5119	1	0.0263158	0.442082	
LeafPopulationSizeScaler5	6271	3899	1	0.0263158	1.91651	
generation 40000:
name	number_accepted	number_rejected	weight	weight_prob	tuning_parameter
DirichletProcessGibbsSampler	10656	0	10	0.263158	none	
ConcentrationScaler	1593	1674	3	0.0789474	1.94846	
TimeSizeRateMixer	10718	12269	6	0.157895	0.372074	
TimeRootSizeMixer	11462	11692	6	0.157895	0.344508	
EventTimeScaler	44484	44943	1	0.0263158	1.49695	
RootPopulationSizeScaler0	6721	6858	1	0.0263158	0.447259	
LeafPopulationSizeScaler0	8333	5228	1	0.0263158	2.36673	
RootPopulationSizeScaler1	6482	7086	1	0.0263158	0.455902	
LeafPopulationSizeScaler1	8195	5286	1	0.0263158	2.37283	
RootPopulationSizeScaler2	6553	7016	1	0.0263158	0.462373	
LeafPopulationSizeScaler2	7995	5565	1	0.0263158	1.4825	
RootPopulationSizeScaler3	6352	7167	1	0.0263158	0.455179	
LeafPopulationSizeScaler3	7881	5656	1	0.0263158	1.911	
RootPopulationSizeScaler4	6501	7075	1	0.0263158	0.453897	
LeafPopulationSizeScaler4	8528	5008	1	0.0263158	2.10546	
RootPopulationSizeScaler5	6594	6913	1	0.0263158	0.445953	
LeafPopulationSizeScaler5	8099	5438	1	0.0263158	1.97842	
generation 50000:
name	number_accepted	number_rejected	weight	weight_prob	tuning_parameter
DirichletProcessGibbsSampler	13315	0	10	0.263158	none	
ConcentrationScaler	1951	2093	3	0.0789474	1.95831	
TimeSizeRateMixer	13325	15431	6	0.157895	0.37309	
TimeRootSizeMixer	14187	14845	6	0.157895	0.347078	
EventTimeScaler	55105	56648	1	0.0263158	1.50852	
RootPopulationSizeScaler0	8322	8669	1	0.0263158	0.449841	
LeafPopulationSizeScaler0	10278	6728	1	0.0263158	2.43029	
RootPopulationSizeScaler1	8066	8909	1	0.0263158	0.457831	
LeafPopulationSizeScaler1	10128	6770	1	0.0263158	2.43733	
RootPopulationSizeScaler2	8155	8859	1	0.0263158	0.465052	
LeafPopulationSizeScaler2	9845	7141	1	0.0263158	1.51309	
RootPopulationSizeScaler3	7900	9026	1	0.0263158	0.456616	
LeafPopulationSizeScaler3	9724	7241	1	0.0263158	1.95541	
RootPopulationSizeScaler4	8106	8877	1	0.0263158	0.456302	
LeafPopulationSizeScaler4	10468	6499	1	0.0263158	2.16675	
RootPopulationSizeScaler5	8226	8701	1	0.0263158	0.449711	
LeafPopulationSizeScaler5	9987	6983	1	0.0263158	2.02713	
generation 60000:
name	number_accepted	number_rejected	weight	weight_prob	tuning_parameter
DirichletProcessGibbsSampler	15900	0	10	0.263158	none	
ConcentrationScaler	2338	2524	3	0.0789474	1.96602	
TimeSizeRateMixer	15928	18544	6	0.157895	0.374039	
TimeRootSizeMixer	16887	17994	6	0.157895	0.348807	
EventTimeScaler	65494	68178	1	0.0263158	1.51785	
RootPopulationSizeScaler0	9965	10451	1	0.0263158	0.452472	
LeafPopulationSizeScaler0	12201	8256	1	0.0263158	2.48337	
RootPopulationSizeScaler1	9676	10727	1	0.0263158	0.460155	
LeafPopulationSizeScaler1	12012	8299	1	0.0263158	2.48413	
RootPopulationSizeScaler2	9720	10710	1	0.0263158	0.466817	
LeafPopulationSizeScaler2	11628	8810	1	0.0263158	1.53426	
RootPopulationSizeScaler3	9479	10865	1	0.0263158	0.458951	
LeafPopulationSizeScaler3	11573	8866	1	0.0263158	1.98884	
RootPopulationSizeScaler4	9716	10697	1	0.0263158	0.459542	
LeafPopulationSizeScaler4	12425	7981	1	0.0263158	2.21605	
RootPopulationSizeScaler5	9809	10532	1	0.0263158	0.451474	
LeafPopulationSizeScaler5	11809	8581	1	0.0263158	2.06103	
generation 70000:
name	number_accepted	number_rejected	weight	weight_prob	tuning_parameter
DirichletProcessGibbsSampler	18536	0	10	0.263158	none	
ConcentrationScaler	2722	2954	3	0.0789474	1.97546	
TimeSizeRateMixer	18534	21638	6	0.157895	0.375513	
TimeRootSizeMixer	19725	21207	6	0.157895	0.350568	
EventTimeScaler	76143	79993	1	0.0263158	1.52577	
RootPopulationSizeScaler0	11582	12245	1	0.0263158	0.454465	
LeafPopulationSizeScaler0	14074	9796	1	0.0263158	2.52531	
RootPopulationSizeScaler1	11260	12585	1	0.0263158	0.461878	
LeafPopulationSizeScaler1	13868	9876	1	0.0263158	2.52576	
RootPopulationSizeScaler2	11263	12599	1	0.0263158	0.467491	
LeafPopulationSizeScaler2	13461	10399	1	0.0263158	1.55615	
RootPopulationSizeScaler3	11084	12704	1	0.0263158	0.46103	
LeafPopulationSizeScaler3	13353	10503	1	0.0263158	2.01294	
RootPopulationSizeScaler4	11300	12567	1	0.0263158	0.460575	
LeafPopulationSizeScaler4	14303	9509	1	0.0263158	2.25462	
RootPopulationSizeScaler5	11403	12364	1	0.0263158	0.453498	
LeafPopulationSizeScaler5	13684	10140	1	0.0263158	2.09151	
generation 80000:
name	number_accepted	number_rejected	weight	weight_prob	tuning_parameter
DirichletProcessGibbsSampler	21122	0	10	0.263158	none	
ConcentrationScaler	3111	3324	3	0.0789474	1.99019	
TimeSizeRateMixer	21151	24647	6	0.157895	0.376486	
TimeRootSizeMixer	22450	24350	6	0.157895	0.351882	
EventTimeScaler	86294	91691	1	0.0263158	1.53079	
RootPopulationSizeScaler0	13158	14121	1	0.0263158	0.456055	
LeafPopulationSizeScaler0	15887	11387	1	0.0263158	2.55797	
RootPopulationSizeScaler1	12806	14464	1	0.0263158	0.462787	
LeafPopulationSizeScaler1	15686	11487	1	0.0263158	2.5569	
RootPopulationSizeScaler2	12839	14452	1	0.0263158	0.468362	
LeafPopulationSizeScaler2	15272	12023	1	0.0263158	1.57453	
RootPopulationSizeScaler3	12606	14613	1	0.0263158	0.461682	
LeafPopulationSizeScaler3	15181	12117	1	0.0263158	2.03747	
RootPopulationSizeScaler4	12871	14428	1	0.0263158	0.461517	
LeafPopulationSizeScaler4	16207	11067	1	0.0263158	2.28926	
RootPopulationSizeScaler5	13006	14223	1	0.0263158	0.455185	
LeafPopulationSizeScaler5	15486	11771	1	0.0263158	2.11579	
generation 90000:
name	number_accepted	number_rejected	weight	weight_prob	tuning_parameter
DirichletProcessGibbsSampler	23672	0	10	0.263158	none	
ConcentrationScaler	3509	3725	3	0.0789474	2.004	
TimeSizeRateMixer	23765	27804	6	0.157895	0.377096	
TimeRootSizeMixer	25120	27423	6	0.157895	0.35289	
EventTimeScaler	96564	103411	1	0.0263158	1.53565	
RootPopulationSizeScaler0	14724	15933	1	0.0263158	0.457394	
LeafPopulationSizeScaler0	17725	12952	1	0.0263158	2.58627	
RootPopulationSizeScaler1	14365	16311	1	0.0263158	0.46371	
LeafPopulationSizeScaler1	17500	13082	1	0.0263158	2.58715	
RootPopulationSizeScaler2	14371	16317	1	0.0263158	0.46897	
LeafPopulationSizeScaler2	17057	13641	1	0.0263158	1.59091	
RootPopulationSizeScaler3	14178	16457	1	0.0263158	0.462667	
LeafPopulationSizeScaler3	16955	13759	1	0.0263158	2.05506	
RootPopulationSizeScaler4	14468	16245	1	0.0263158	0.463014	
LeafPopulationSizeScaler4	18020	12636	1	0.0263158	2.317	
RootPopulationSizeScaler5	14594	16047	1	0.0263158	0.456756	
LeafPopulationSizeScaler5	17251	13420	1	0.0263158	2.13531	
generation 100000:
name	number_accepted	number_rejected	weight	weight_prob	tuning_parameter
DirichletProcessGibbsSampler	26282	0	10	0.263158	none	
ConcentrationScaler	3884	4171	3	0.0789474	2.01079	
TimeSizeRateMixer	26375	31076	6	0.157895	0.377288	
TimeRootSizeMixer	27833	30525	6	0.157895	0.353882	
EventTimeScaler	106983	115193	1	0.0263158	1.5402	
RootPopulationSizeScaler0	16361	17756	1	0.0263158	0.458913	
LeafPopulationSizeScaler0	19567	14537	1	0.0263158	2.61165	
RootPopulationSizeScaler1	15935	18199	1	0.0263158	0.464286	
LeafPopulationSizeScaler1	19338	14694	1	0.0263158	2.61204	
RootPopulationSizeScaler2	15927	18244	1	0.0263158	0.469472	
LeafPopulationSizeScaler2	18806	15331	1	0.0263158	1.6035	
RootPopulationSizeScaler3	15722	18374	1	0.0263158	0.463505	
LeafPopulationSizeScaler3	18718	15431	1	0.0263158	2.07099	
RootPopulationSizeScaler4	16081	18060	1	0.0263158	0.464018	
LeafPopulationSizeScaler4	19898	14235	1	0.0263158	2.34232	
RootPopulationSizeScaler5	16203	17912	1	0.0263158	0.457654	
LeafPopulationSizeScaler5	19083	15047	1	0.0263158	2.1546	
