generation 10000:
name	number_accepted	number_rejected	weight	weight_prob	tuning_parameter
DirichletProcessGibbsSampler	2670	0	10	0.263158	none	
ConcentrationScaler	402	430	3	0.0789474	2.52785	
TimeSizeRateMixer	1276	1319	6	0.157895	0.252166	
TimeRootSizeMixer	1399	1166	6	0.157895	0.191062	
EventTimeScaler	5703	4460	1	0.0263158	1.49211	
RootPopulationSizeScaler0	1694	1692	1	0.0263158	0.436221	
LeafPopulationSizeScaler0	2151	1179	1	0.0263158	2.05986	
RootPopulationSizeScaler1	1678	1702	1	0.0263158	0.446628	
LeafPopulationSizeScaler1	2078	1279	1	0.0263158	1.51124	
RootPopulationSizeScaler2	1721	1634	1	0.0263158	0.437593	
LeafPopulationSizeScaler2	2268	1093	1	0.0263158	1.5853	
RootPopulationSizeScaler3	1613	1770	1	0.0263158	0.465279	
LeafPopulationSizeScaler3	2286	1101	1	0.0263158	1.75117	
RootPopulationSizeScaler4	1841	1539	1	0.0263158	0.406374	
LeafPopulationSizeScaler4	2301	1079	1	0.0263158	1.99209	
RootPopulationSizeScaler5	1747	1621	1	0.0263158	0.436894	
LeafPopulationSizeScaler5	2315	1035	1	0.0263158	1.76981	
generation 20000:
name	number_accepted	number_rejected	weight	weight_prob	tuning_parameter
DirichletProcessGibbsSampler	5274	0	10	0.263158	none	
ConcentrationScaler	820	811	3	0.0789474	2.63439	
TimeSizeRateMixer	2533	2748	6	0.157895	0.258211	
TimeRootSizeMixer	2706	2436	6	0.157895	0.198844	
EventTimeScaler	10908	9366	1	0.0263158	1.57212	
RootPopulationSizeScaler0	3291	3474	1	0.0263158	0.445819	
LeafPopulationSizeScaler0	4138	2547	1	0.0263158	2.29061	
RootPopulationSizeScaler1	3237	3500	1	0.0263158	0.456901	
LeafPopulationSizeScaler1	3943	2791	1	0.0263158	1.63616	
RootPopulationSizeScaler2	3355	3369	1	0.0263158	0.450161	
LeafPopulationSizeScaler2	4230	2499	1	0.0263158	1.76257	
RootPopulationSizeScaler3	3177	3600	1	0.0263158	0.470481	
LeafPopulationSizeScaler3	4294	2475	1	0.0263158	1.95649	
RootPopulationSizeScaler4	3538	3232	1	0.0263158	0.423397	
LeafPopulationSizeScaler4	4360	2399	1	0.0263158	2.24115	
RootPopulationSizeScaler5	3350	3403	1	0.0263158	0.447498	
LeafPopulationSizeScaler5	4349	2399	1	0.0263158	1.97917	
generation 30000:
name	number_accepted	number_rejected	weight	weight_prob	tuning_parameter
DirichletProcessGibbsSampler	7896	0	10	0.263158	none	
ConcentrationScaler	1193	1208	3	0.0789474	2.66893	
TimeSizeRateMixer	3776	4156	6	0.157895	0.261815	
TimeRootSizeMixer	4052	3911	6	0.157895	0.20254	
EventTimeScaler	16147	14574	1	0.0263158	1.6122	
RootPopulationSizeScaler0	4908	5322	1	0.0263158	0.450588	
LeafPopulationSizeScaler0	6140	4030	1	0.0263158	2.42184	
RootPopulationSizeScaler1	4815	5378	1	0.0263158	0.460649	
LeafPopulationSizeScaler1	5772	4435	1	0.0263158	1.70175	
RootPopulationSizeScaler2	5006	5206	1	0.0263158	0.456092	
LeafPopulationSizeScaler2	6204	4012	1	0.0263158	1.86142	
RootPopulationSizeScaler3	4737	5527	1	0.0263158	0.473591	
LeafPopulationSizeScaler3	6243	4018	1	0.0263158	2.04935	
RootPopulationSizeScaler4	5230	5011	1	0.0263158	0.432959	
LeafPopulationSizeScaler4	6295	3951	1	0.0263158	2.36111	
RootPopulationSizeScaler5	4949	5260	1	0.0263158	0.452593	
LeafPopulationSizeScaler5	6349	3877	1	0.0263158	2.09256	
generation 40000:
name	number_accepted	number_rejected	weight	weight_prob	tuning_parameter
DirichletProcessGibbsSampler	10510	0	10	0.263158	none	
ConcentrationScaler	1520	1615	3	0.0789474	2.67202	
TimeSizeRateMixer	5097	5618	6	0.157895	0.264308	
TimeRootSizeMixer	5345	5343	6	0.157895	0.204604	
EventTimeScaler	21368	19912	1	0.0263158	1.63654	
RootPopulationSizeScaler0	6547	7148	1	0.0263158	0.454767	
LeafPopulationSizeScaler0	7998	5681	1	0.0263158	2.49636	
RootPopulationSizeScaler1	6418	7272	1	0.0263158	0.463662	
LeafPopulationSizeScaler1	7571	6128	1	0.0263158	1.74143	
RootPopulationSizeScaler2	6652	7040	1	0.0263158	0.4599	
LeafPopulationSizeScaler2	8079	5591	1	0.0263158	1.92145	
RootPopulationSizeScaler3	6370	7389	1	0.0263158	0.477243	
LeafPopulationSizeScaler3	8084	5650	1	0.0263158	2.11219	
RootPopulationSizeScaler4	6914	6819	1	0.0263158	0.438671	
LeafPopulationSizeScaler4	8254	5454	1	0.0263158	2.45016	
RootPopulationSizeScaler5	6582	7089	1	0.0263158	0.45663	
LeafPopulationSizeScaler5	8271	5422	1	0.0263158	2.16338	
generation 50000:
name	number_accepted	number_rejected	weight	weight_prob	tuning_parameter
DirichletProcessGibbsSampler	13112	0	10	0.263158	none	
ConcentrationScaler	1833	2035	3	0.0789474	2.66474	
TimeSizeRateMixer	6405	7106	6	0.157895	0.265536	
TimeRootSizeMixer	6757	6889	6	0.157895	0.206684	
EventTimeScaler	26638	25512	1	0.0263158	1.65512	
RootPopulationSizeScaler0	8150	8990	1	0.0263158	0.457093	
LeafPopulationSizeScaler0	9865	7278	1	0.0263158	2.55138	
RootPopulationSizeScaler1	7996	9167	1	0.0263158	0.464993	
LeafPopulationSizeScaler1	9333	7798	1	0.0263158	1.77146	
RootPopulationSizeScaler2	8270	8882	1	0.0263158	0.46283	
LeafPopulationSizeScaler2	9912	7198	1	0.0263158	1.96255	
RootPopulationSizeScaler3	7941	9272	1	0.0263158	0.479126	
LeafPopulationSizeScaler3	9930	7267	1	0.0263158	2.15818	
RootPopulationSizeScaler4	8605	8601	1	0.0263158	0.442862	
LeafPopulationSizeScaler4	10178	6990	1	0.0263158	2.51393	
RootPopulationSizeScaler5	8238	8919	1	0.0263158	0.459646	
LeafPopulationSizeScaler5	10179	6994	1	0.0263158	2.21685	
generation 60000:
name	number_accepted	number_rejected	weight	weight_prob	tuning_parameter
DirichletProcessGibbsSampler	15718	0	10	0.263158	none	
ConcentrationScaler	2190	2478	3	0.0789474	2.67391	
TimeSizeRateMixer	7643	8513	6	0.157895	0.26698	
TimeRootSizeMixer	8068	8321	6	0.157895	0.208055	
EventTimeScaler	31514	30884	1	0.0263158	1.66651	
RootPopulationSizeScaler0	9734	10830	1	0.0263158	0.459271	
LeafPopulationSizeScaler0	11680	8883	1	0.0263158	2.5963	
RootPopulationSizeScaler1	9595	11006	1	0.0263158	0.467216	
LeafPopulationSizeScaler1	11081	9466	1	0.0263158	1.79724	
RootPopulationSizeScaler2	9877	10721	1	0.0263158	0.465373	
LeafPopulationSizeScaler2	11764	8759	1	0.0263158	1.99826	
RootPopulationSizeScaler3	9420	11228	1	0.0263158	0.478356	
LeafPopulationSizeScaler3	11719	8902	1	0.0263158	2.18973	
RootPopulationSizeScaler4	10277	10393	1	0.0263158	0.445753	
LeafPopulationSizeScaler4	12073	8551	1	0.0263158	2.56324	
RootPopulationSizeScaler5	9815	10766	1	0.0263158	0.461302	
LeafPopulationSizeScaler5	12079	8547	1	0.0263158	2.26232	
generation 70000:
name	number_accepted	number_rejected	weight	weight_prob	tuning_parameter
DirichletProcessGibbsSampler	18327	0	10	0.263158	none	
ConcentrationScaler	2586	2886	3	0.0789474	2.69504	
TimeSizeRateMixer	8977	10006	6	0.157895	0.268053	
TimeRootSizeMixer	9344	9683	6	0.157895	0.209189	
EventTimeScaler	36536	36294	1	0.0263158	1.67678	
RootPopulationSizeScaler0	11300	12683	1	0.0263158	0.460544	
LeafPopulationSizeScaler0	13459	10489	1	0.0263158	2.63065	
RootPopulationSizeScaler1	11122	12891	1	0.0263158	0.468131	
LeafPopulationSizeScaler1	12773	11188	1	0.0263158	1.81241	
RootPopulationSizeScaler2	11493	12500	1	0.0263158	0.467005	
LeafPopulationSizeScaler2	13577	10370	1	0.0263158	2.02607	
RootPopulationSizeScaler3	10942	13115	1	0.0263158	0.479577	
LeafPopulationSizeScaler3	13541	10504	1	0.0263158	2.22083	
RootPopulationSizeScaler4	11914	12172	1	0.0263158	0.448911	
LeafPopulationSizeScaler4	13851	10168	1	0.0263158	2.59906	
RootPopulationSizeScaler5	11367	12615	1	0.0263158	0.462573	
LeafPopulationSizeScaler5	13898	10103	1	0.0263158	2.29568	
generation 80000:
name	number_accepted	number_rejected	weight	weight_prob	tuning_parameter
DirichletProcessGibbsSampler	20961	0	10	0.263158	none	
ConcentrationScaler	2966	3350	3	0.0789474	2.69873	
TimeSizeRateMixer	10255	11496	6	0.157895	0.268706	
TimeRootSizeMixer	10595	11076	6	0.157895	0.21023	
EventTimeScaler	41555	41607	1	0.0263158	1.68596	
RootPopulationSizeScaler0	12854	14567	1	0.0263158	0.461451	
LeafPopulationSizeScaler0	15259	12111	1	0.0263158	2.65677	
RootPopulationSizeScaler1	12674	14769	1	0.0263158	0.468828	
LeafPopulationSizeScaler1	14544	12830	1	0.0263158	1.82892	
RootPopulationSizeScaler2	13052	14350	1	0.0263158	0.468147	
LeafPopulationSizeScaler2	15365	11987	1	0.0263158	2.04882	
RootPopulationSizeScaler3	12524	14960	1	0.0263158	0.480877	
LeafPopulationSizeScaler3	15343	12103	1	0.0263158	2.24615	
RootPopulationSizeScaler4	13507	14011	1	0.0263158	0.450283	
LeafPopulationSizeScaler4	15611	11810	1	0.0263158	2.62673	
RootPopulationSizeScaler5	12935	14467	1	0.0263158	0.463818	
LeafPopulationSizeScaler5	15744	11709	1	0.0263158	2.32672	
generation 90000:
name	number_accepted	number_rejected	weight	weight_prob	tuning_parameter
DirichletProcessGibbsSampler	23638	0	10	0.263158	none	
ConcentrationScaler	3323	3790	3	0.0789474	2.70504	
TimeSizeRateMixer	11484	12942	6	0.157895	0.26936	
TimeRootSizeMixer	11848	12452	6	0.157895	0.211068	
EventTimeScaler	46536	46976	1	0.0263158	1.69406	
RootPopulationSizeScaler0	14386	16405	1	0.0263158	0.462648	
LeafPopulationSizeScaler0	16987	13737	1	0.0263158	2.68087	
RootPopulationSizeScaler1	14186	16606	1	0.0263158	0.469604	
LeafPopulationSizeScaler1	16148	14593	1	0.0263158	1.83755	
RootPopulationSizeScaler2	14514	16263	1	0.0263158	0.468442	
LeafPopulationSizeScaler2	17144	13557	1	0.0263158	2.06951	
RootPopulationSizeScaler3	14074	16794	1	0.0263158	0.481415	
LeafPopulationSizeScaler3	17140	13688	1	0.0263158	2.26847	
RootPopulationSizeScaler4	15093	15784	1	0.0263158	0.451733	
LeafPopulationSizeScaler4	17380	13392	1	0.0263158	2.65398	
RootPopulationSizeScaler5	14452	16289	1	0.0263158	0.464507	
LeafPopulationSizeScaler5	17485	13343	1	0.0263158	2.34929	
generation 100000:
name	number_accepted	number_rejected	weight	weight_prob	tuning_parameter
DirichletProcessGibbsSampler	26254	0	10	0.263158	none	
ConcentrationScaler	3686	4210	3	0.0789474	2.71083	
TimeSizeRateMixer	12711	14372	6	0.157895	0.269895	
TimeRootSizeMixer	13139	13843	6	0.157895	0.211887	
EventTimeScaler	51351	52352	1	0.0263158	1.69947	
RootPopulationSizeScaler0	15938	18264	1	0.0263158	0.463569	
LeafPopulationSizeScaler0	18771	15384	1	0.0263158	2.70232	
RootPopulationSizeScaler1	15732	18478	1	0.0263158	0.470185	
LeafPopulationSizeScaler1	17886	16283	1	0.0263158	1.8496	
RootPopulationSizeScaler2	16040	18163	1	0.0263158	0.468654	
LeafPopulationSizeScaler2	18912	15219	1	0.0263158	2.08558	
RootPopulationSizeScaler3	15644	18629	1	0.0263158	0.48212	
LeafPopulationSizeScaler3	18936	15318	1	0.0263158	2.2886	
RootPopulationSizeScaler4	16781	17500	1	0.0263158	0.453941	
LeafPopulationSizeScaler4	19169	15027	1	0.0263158	2.67667	
RootPopulationSizeScaler5	16002	18133	1	0.0263158	0.465595	
LeafPopulationSizeScaler5	19308	14961	1	0.0263158	2.37097	
