generation 10000:
name	number_accepted	number_rejected	weight	weight_prob	tuning_parameter
DirichletProcessGibbsSampler	2635	0	10	0.263158	none	
ConcentrationScaler	389	417	3	0.0789474	1.98716	
TimeSizeRateMixer	2870	3170	6	0.157895	0.371919	
TimeRootSizeMixer	3193	2777	6	0.157895	0.334117	
EventTimeScaler	11739	11194	1	0.0263158	1.28665	
RootPopulationSizeScaler0	1711	1724	1	0.0263158	0.461577	
LeafPopulationSizeScaler0	2454	1001	1	0.0263158	1.719	
RootPopulationSizeScaler1	1690	1741	1	0.0263158	0.455772	
LeafPopulationSizeScaler1	2438	964	1	0.0263158	2.19589	
RootPopulationSizeScaler2	1776	1644	1	0.0263158	0.420998	
LeafPopulationSizeScaler2	2438	1011	1	0.0263158	2.13188	
RootPopulationSizeScaler3	1856	1540	1	0.0263158	0.396152	
LeafPopulationSizeScaler3	2337	1100	1	0.0263158	2.33475	
RootPopulationSizeScaler4	1653	1811	1	0.0263158	0.45005	
LeafPopulationSizeScaler4	2314	1092	1	0.0263158	1.19522	
RootPopulationSizeScaler5	1816	1607	1	0.0263158	0.431956	
LeafPopulationSizeScaler5	2366	1064	1	0.0263158	2.3931	
generation 20000:
name	number_accepted	number_rejected	weight	weight_prob	tuning_parameter
DirichletProcessGibbsSampler	5242	0	10	0.263158	none	
ConcentrationScaler	749	839	3	0.0789474	2.05114	
TimeSizeRateMixer	5718	6508	6	0.157895	0.375894	
TimeRootSizeMixer	6166	5927	6	0.157895	0.345663	
EventTimeScaler	23241	23094	1	0.0263158	1.3322	
RootPopulationSizeScaler0	3308	3563	1	0.0263158	0.468743	
LeafPopulationSizeScaler0	4643	2259	1	0.0263158	1.96967	
RootPopulationSizeScaler1	3226	3650	1	0.0263158	0.460649	
LeafPopulationSizeScaler1	4576	2267	1	0.0263158	2.50225	
RootPopulationSizeScaler2	3428	3419	1	0.0263158	0.433439	
LeafPopulationSizeScaler2	4587	2290	1	0.0263158	2.42176	
RootPopulationSizeScaler3	3618	3244	1	0.0263158	0.414717	
LeafPopulationSizeScaler3	4378	2514	1	0.0263158	2.59351	
RootPopulationSizeScaler4	3271	3661	1	0.0263158	0.459481	
LeafPopulationSizeScaler4	4405	2477	1	0.0263158	1.34579	
RootPopulationSizeScaler5	3506	3386	1	0.0263158	0.445106	
LeafPopulationSizeScaler5	4400	2476	1	0.0263158	2.65753	
generation 30000:
name	number_accepted	number_rejected	weight	weight_prob	tuning_parameter
DirichletProcessGibbsSampler	7851	0	10	0.263158	none	
ConcentrationScaler	1089	1247	3	0.0789474	2.05725	
TimeSizeRateMixer	8217	9500	6	0.157895	0.378203	
TimeRootSizeMixer	8891	9033	6	0.157895	0.35036	
EventTimeScaler	33527	34490	1	0.0263158	1.34889	
RootPopulationSizeScaler0	4894	5406	1	0.0263158	0.472712	
LeafPopulationSizeScaler0	6733	3591	1	0.0263158	2.11248	
RootPopulationSizeScaler1	4738	5570	1	0.0263158	0.461869	
LeafPopulationSizeScaler1	6564	3696	1	0.0263158	2.65406	
RootPopulationSizeScaler2	5059	5203	1	0.0263158	0.440448	
LeafPopulationSizeScaler2	6581	3709	1	0.0263158	2.57443	
RootPopulationSizeScaler3	5321	4980	1	0.0263158	0.423429	
LeafPopulationSizeScaler3	6286	3995	1	0.0263158	2.72989	
RootPopulationSizeScaler4	4887	5437	1	0.0263158	0.465219	
LeafPopulationSizeScaler4	6384	3891	1	0.0263158	1.42275	
RootPopulationSizeScaler5	5094	5219	1	0.0263158	0.450085	
LeafPopulationSizeScaler5	6350	3928	1	0.0263158	2.79743	
generation 40000:
name	number_accepted	number_rejected	weight	weight_prob	tuning_parameter
DirichletProcessGibbsSampler	10449	0	10	0.263158	none	
ConcentrationScaler	1451	1674	3	0.0789474	2.06583	
TimeSizeRateMixer	10986	12865	6	0.157895	0.379365	
TimeRootSizeMixer	11597	12230	6	0.157895	0.353101	
EventTimeScaler	44359	46420	1	0.0263158	1.36214	
RootPopulationSizeScaler0	6430	7334	1	0.0263158	0.473666	
LeafPopulationSizeScaler0	8782	5005	1	0.0263158	2.20392	
RootPopulationSizeScaler1	6324	7481	1	0.0263158	0.463334	
LeafPopulationSizeScaler1	8507	5222	1	0.0263158	2.75466	
RootPopulationSizeScaler2	6746	6992	1	0.0263158	0.446466	
LeafPopulationSizeScaler2	8619	5186	1	0.0263158	2.68069	
RootPopulationSizeScaler3	7041	6720	1	0.0263158	0.43007	
LeafPopulationSizeScaler3	8212	5541	1	0.0263158	2.824	
RootPopulationSizeScaler4	6522	7288	1	0.0263158	0.468179	
LeafPopulationSizeScaler4	8358	5395	1	0.0263158	1.47664	
RootPopulationSizeScaler5	6756	7058	1	0.0263158	0.454177	
LeafPopulationSizeScaler5	8293	5486	1	0.0263158	2.88304	
generation 50000:
name	number_accepted	number_rejected	weight	weight_prob	tuning_parameter
DirichletProcessGibbsSampler	13149	0	10	0.263158	none	
ConcentrationScaler	1815	2102	3	0.0789474	2.0726	
TimeSizeRateMixer	13682	16139	6	0.157895	0.380539	
TimeRootSizeMixer	14434	15348	6	0.157895	0.356347	
EventTimeScaler	55327	58595	1	0.0263158	1.37357	
RootPopulationSizeScaler0	7945	9251	1	0.0263158	0.473834	
LeafPopulationSizeScaler0	10717	6477	1	0.0263158	2.27135	
RootPopulationSizeScaler1	7928	9300	1	0.0263158	0.465838	
LeafPopulationSizeScaler1	10459	6663	1	0.0263158	2.83551	
RootPopulationSizeScaler2	8367	8787	1	0.0263158	0.449957	
LeafPopulationSizeScaler2	10557	6661	1	0.0263158	2.75595	
RootPopulationSizeScaler3	8681	8490	1	0.0263158	0.434559	
LeafPopulationSizeScaler3	10069	7093	1	0.0263158	2.89159	
RootPopulationSizeScaler4	8111	9125	1	0.0263158	0.469924	
LeafPopulationSizeScaler4	10260	6886	1	0.0263158	1.51618	
RootPopulationSizeScaler5	8368	8861	1	0.0263158	0.457014	
LeafPopulationSizeScaler5	10152	7047	1	0.0263158	2.94523	
generation 60000:
name	number_accepted	number_rejected	weight	weight_prob	tuning_parameter
DirichletProcessGibbsSampler	15765	0	10	0.263158	none	
ConcentrationScaler	2164	2507	3	0.0789474	2.07923	
TimeSizeRateMixer	16284	19297	6	0.157895	0.380801	
TimeRootSizeMixer	17153	18515	6	0.157895	0.358019	
EventTimeScaler	65478	70482	1	0.0263158	1.37894	
RootPopulationSizeScaler0	9532	11163	1	0.0263158	0.474928	
LeafPopulationSizeScaler0	12719	7964	1	0.0263158	2.32707	
RootPopulationSizeScaler1	9500	11252	1	0.0263158	0.466082	
LeafPopulationSizeScaler1	12421	8241	1	0.0263158	2.89754	
RootPopulationSizeScaler2	9943	10660	1	0.0263158	0.451933	
LeafPopulationSizeScaler2	12527	8183	1	0.0263158	2.81624	
RootPopulationSizeScaler3	10300	10371	1	0.0263158	0.436782	
LeafPopulationSizeScaler3	11941	8720	1	0.0263158	2.942	
RootPopulationSizeScaler4	9639	11095	1	0.0263158	0.470674	
LeafPopulationSizeScaler4	12240	8428	1	0.0263158	1.54955	
RootPopulationSizeScaler5	9946	10769	1	0.0263158	0.458609	
LeafPopulationSizeScaler5	11984	8709	1	0.0263158	2.994	
generation 70000:
name	number_accepted	number_rejected	weight	weight_prob	tuning_parameter
DirichletProcessGibbsSampler	18383	0	10	0.263158	none	
ConcentrationScaler	2518	2919	3	0.0789474	2.08713	
TimeSizeRateMixer	19028	22631	6	0.157895	0.381477	
TimeRootSizeMixer	19936	21704	6	0.157895	0.359585	
EventTimeScaler	76198	82524	1	0.0263158	1.38513	
RootPopulationSizeScaler0	11147	13026	1	0.0263158	0.475797	
LeafPopulationSizeScaler0	14633	9535	1	0.0263158	2.37023	
RootPopulationSizeScaler1	11093	13153	1	0.0263158	0.467031	
LeafPopulationSizeScaler1	14312	9835	1	0.0263158	2.94413	
RootPopulationSizeScaler2	11589	12501	1	0.0263158	0.45416	
LeafPopulationSizeScaler2	14473	9710	1	0.0263158	2.86749	
RootPopulationSizeScaler3	11980	12176	1	0.0263158	0.43981	
LeafPopulationSizeScaler3	13752	10346	1	0.0263158	2.98399	
RootPopulationSizeScaler4	11193	13012	1	0.0263158	0.470919	
LeafPopulationSizeScaler4	14188	9958	1	0.0263158	1.57783	
RootPopulationSizeScaler5	11590	12622	1	0.0263158	0.460674	
LeafPopulationSizeScaler5	13878	10291	1	0.0263158	3.03982	
generation 80000:
name	number_accepted	number_rejected	weight	weight_prob	tuning_parameter
DirichletProcessGibbsSampler	20988	0	10	0.263158	none	
ConcentrationScaler	2900	3337	3	0.0789474	2.09803	
TimeSizeRateMixer	21724	25818	6	0.157895	0.382081	
TimeRootSizeMixer	22708	24836	6	0.157895	0.360988	
EventTimeScaler	86670	94457	1	0.0263158	1.38978	
RootPopulationSizeScaler0	12729	14895	1	0.0263158	0.476851	
LeafPopulationSizeScaler0	16569	11047	1	0.0263158	2.40843	
RootPopulationSizeScaler1	12683	15003	1	0.0263158	0.468618	
LeafPopulationSizeScaler1	16243	11366	1	0.0263158	2.98647	
RootPopulationSizeScaler2	13184	14342	1	0.0263158	0.455985	
LeafPopulationSizeScaler2	16317	11308	1	0.0263158	2.90584	
RootPopulationSizeScaler3	13627	14004	1	0.0263158	0.441852	
LeafPopulationSizeScaler3	15609	11924	1	0.0263158	3.02403	
RootPopulationSizeScaler4	12759	14879	1	0.0263158	0.472246	
LeafPopulationSizeScaler4	16084	11528	1	0.0263158	1.59847	
RootPopulationSizeScaler5	13207	14463	1	0.0263158	0.461845	
LeafPopulationSizeScaler5	15700	11914	1	0.0263158	3.07609	
generation 90000:
name	number_accepted	number_rejected	weight	weight_prob	tuning_parameter
DirichletProcessGibbsSampler	23644	0	10	0.263158	none	
ConcentrationScaler	3247	3784	3	0.0789474	2.09924	
TimeSizeRateMixer	24299	28984	6	0.157895	0.38261	
TimeRootSizeMixer	25459	27939	6	0.157895	0.362216	
EventTimeScaler	96877	106546	1	0.0263158	1.39325	
RootPopulationSizeScaler0	14246	16752	1	0.0263158	0.477377	
LeafPopulationSizeScaler0	18450	12565	1	0.0263158	2.44068	
RootPopulationSizeScaler1	14238	16839	1	0.0263158	0.469779	
LeafPopulationSizeScaler1	18032	12963	1	0.0263158	3.02004	
RootPopulationSizeScaler2	14777	16171	1	0.0263158	0.457549	
LeafPopulationSizeScaler2	18170	12879	1	0.0263158	2.94295	
RootPopulationSizeScaler3	15258	15766	1	0.0263158	0.443614	
LeafPopulationSizeScaler3	17377	13523	1	0.0263158	3.05305	
RootPopulationSizeScaler4	14313	16708	1	0.0263158	0.473296	
LeafPopulationSizeScaler4	17953	13054	1	0.0263158	1.61831	
RootPopulationSizeScaler5	14770	16307	1	0.0263158	0.463174	
LeafPopulationSizeScaler5	17462	13563	1	0.0263158	3.10536	
generation 100000:
name	number_accepted	number_rejected	weight	weight_prob	tuning_parameter
DirichletProcessGibbsSampler	26212	0	10	0.263158	none	
ConcentrationScaler	3611	4235	3	0.0789474	2.09814	
TimeSizeRateMixer	26981	32261	6	0.157895	0.383032	
TimeRootSizeMixer	28213	31019	6	0.157895	0.363375	
EventTimeScaler	107069	118704	1	0.0263158	1.39594	
RootPopulationSizeScaler0	15768	18659	1	0.0263158	0.477885	
LeafPopulationSizeScaler0	20303	14163	1	0.0263158	2.46616	
RootPopulationSizeScaler1	15775	18737	1	0.0263158	0.470739	
LeafPopulationSizeScaler1	19827	14609	1	0.0263158	3.04669	
RootPopulationSizeScaler2	16367	18030	1	0.0263158	0.458561	
LeafPopulationSizeScaler2	20025	14448	1	0.0263158	2.9741	
RootPopulationSizeScaler3	16903	17543	1	0.0263158	0.445419	
LeafPopulationSizeScaler3	19155	15163	1	0.0263158	3.08047	
RootPopulationSizeScaler4	15875	18546	1	0.0263158	0.474027	
LeafPopulationSizeScaler4	19749	14677	1	0.0263158	1.63346	
RootPopulationSizeScaler5	16316	18191	1	0.0263158	0.463963	
LeafPopulationSizeScaler5	19243	15227	1	0.0263158	3.13195	
