generation 10000:
name	number_accepted	number_rejected	weight	weight_prob	tuning_parameter
DirichletProcessGibbsSampler	2684	0	10	0.263158	none	
ConcentrationScaler	342	416	3	0.0789474	2.17342	
TimeSizeRateMixer	2724	2954	6	0.157895	0.358503	
TimeRootSizeMixer	3040	2803	6	0.157895	0.31671	
EventTimeScaler	11845	10477	1	0.0263158	1.4157	
RootPopulationSizeScaler0	1629	1745	1	0.0263158	0.464649	
LeafPopulationSizeScaler0	2319	1088	1	0.0263158	2.08839	
RootPopulationSizeScaler1	1714	1679	1	0.0263158	0.446087	
LeafPopulationSizeScaler1	2254	1124	1	0.0263158	2.09734	
RootPopulationSizeScaler2	1784	1604	1	0.0263158	0.414604	
LeafPopulationSizeScaler2	2192	1191	1	0.0263158	1.83487	
RootPopulationSizeScaler3	1676	1705	1	0.0263158	0.454308	
LeafPopulationSizeScaler3	2224	1149	1	0.0263158	1.65406	
RootPopulationSizeScaler4	1895	1498	1	0.0263158	0.398863	
LeafPopulationSizeScaler4	2296	1060	1	0.0263158	1.84007	
RootPopulationSizeScaler5	1817	1576	1	0.0263158	0.413334	
LeafPopulationSizeScaler5	2073	1303	1	0.0263158	1.79329	
generation 20000:
name	number_accepted	number_rejected	weight	weight_prob	tuning_parameter
DirichletProcessGibbsSampler	5237	0	10	0.263158	none	
ConcentrationScaler	718	888	3	0.0789474	2.18584	
TimeSizeRateMixer	5439	6017	6	0.157895	0.365755	
TimeRootSizeMixer	5911	5809	6	0.157895	0.328022	
EventTimeScaler	22554	21643	1	0.0263158	1.46546	
RootPopulationSizeScaler0	3228	3597	1	0.0263158	0.471199	
LeafPopulationSizeScaler0	4367	2516	1	0.0263158	2.31398	
RootPopulationSizeScaler1	3377	3473	1	0.0263158	0.455814	
LeafPopulationSizeScaler1	4302	2588	1	0.0263158	2.32941	
RootPopulationSizeScaler2	3488	3364	1	0.0263158	0.430851	
LeafPopulationSizeScaler2	4153	2690	1	0.0263158	2.01668	
RootPopulationSizeScaler3	3276	3576	1	0.0263158	0.460964	
LeafPopulationSizeScaler3	4285	2555	1	0.0263158	1.85239	
RootPopulationSizeScaler4	3637	3243	1	0.0263158	0.416916	
LeafPopulationSizeScaler4	4385	2438	1	0.0263158	2.06469	
RootPopulationSizeScaler5	3508	3358	1	0.0263158	0.429066	
LeafPopulationSizeScaler5	3991	2860	1	0.0263158	1.94687	
generation 30000:
name	number_accepted	number_rejected	weight	weight_prob	tuning_parameter
DirichletProcessGibbsSampler	7850	0	10	0.263158	none	
ConcentrationScaler	1085	1317	3	0.0789474	2.20929	
TimeSizeRateMixer	7910	9074	6	0.157895	0.366473	
TimeRootSizeMixer	8552	8820	6	0.157895	0.331519	
EventTimeScaler	32892	32712	1	0.0263158	1.49155	
RootPopulationSizeScaler0	4819	5484	1	0.0263158	0.473694	
LeafPopulationSizeScaler0	6319	4012	1	0.0263158	2.43685	
RootPopulationSizeScaler1	4966	5327	1	0.0263158	0.46083	
LeafPopulationSizeScaler1	6186	4128	1	0.0263158	2.442	
RootPopulationSizeScaler2	5194	5091	1	0.0263158	0.439256	
LeafPopulationSizeScaler2	6052	4264	1	0.0263158	2.11017	
RootPopulationSizeScaler3	4878	5421	1	0.0263158	0.465505	
LeafPopulationSizeScaler3	6267	4012	1	0.0263158	1.96049	
RootPopulationSizeScaler4	5358	4988	1	0.0263158	0.425741	
LeafPopulationSizeScaler4	6361	3887	1	0.0263158	2.18727	
RootPopulationSizeScaler5	5178	5119	1	0.0263158	0.438541	
LeafPopulationSizeScaler5	5814	4461	1	0.0263158	2.01951	
generation 40000:
name	number_accepted	number_rejected	weight	weight_prob	tuning_parameter
DirichletProcessGibbsSampler	10506	0	10	0.263158	none	
ConcentrationScaler	1432	1710	3	0.0789474	2.22564	
TimeSizeRateMixer	10444	12243	6	0.157895	0.367697	
TimeRootSizeMixer	11222	11829	6	0.157895	0.334333	
EventTimeScaler	43343	44214	1	0.0263158	1.50871	
RootPopulationSizeScaler0	6369	7351	1	0.0263158	0.475772	
LeafPopulationSizeScaler0	8152	5617	1	0.0263158	2.50481	
RootPopulationSizeScaler1	6551	7168	1	0.0263158	0.464145	
LeafPopulationSizeScaler1	8017	5711	1	0.0263158	2.5106	
RootPopulationSizeScaler2	6775	6942	1	0.0263158	0.442858	
LeafPopulationSizeScaler2	7943	5833	1	0.0263158	2.17459	
RootPopulationSizeScaler3	6421	7318	1	0.0263158	0.467097	
LeafPopulationSizeScaler3	8237	5486	1	0.0263158	2.03406	
RootPopulationSizeScaler4	7034	6740	1	0.0263158	0.431516	
LeafPopulationSizeScaler4	8340	5360	1	0.0263158	2.27189	
RootPopulationSizeScaler5	6835	6889	1	0.0263158	0.443565	
LeafPopulationSizeScaler5	7570	6125	1	0.0263158	2.06519	
generation 50000:
name	number_accepted	number_rejected	weight	weight_prob	tuning_parameter
DirichletProcessGibbsSampler	13181	0	10	0.263158	none	
ConcentrationScaler	1762	2222	3	0.0789474	2.20712	
TimeSizeRateMixer	13075	15386	6	0.157895	0.369038	
TimeRootSizeMixer	13921	14757	6	0.157895	0.337112	
EventTimeScaler	54035	55629	1	0.0263158	1.52308	
RootPopulationSizeScaler0	7899	9180	1	0.0263158	0.477399	
LeafPopulationSizeScaler0	9984	7136	1	0.0263158	2.56608	
RootPopulationSizeScaler1	8085	9000	1	0.0263158	0.465637	
LeafPopulationSizeScaler1	9843	7273	1	0.0263158	2.5695	
RootPopulationSizeScaler2	8360	8719	1	0.0263158	0.446284	
LeafPopulationSizeScaler2	9737	7399	1	0.0263158	2.21901	
RootPopulationSizeScaler3	7943	9149	1	0.0263158	0.468964	
LeafPopulationSizeScaler3	10129	6946	1	0.0263158	2.08933	
RootPopulationSizeScaler4	8659	8484	1	0.0263158	0.435171	
LeafPopulationSizeScaler4	10196	6848	1	0.0263158	2.32802	
RootPopulationSizeScaler5	8436	8658	1	0.0263158	0.447153	
LeafPopulationSizeScaler5	9307	7753	1	0.0263158	2.09967	
generation 60000:
name	number_accepted	number_rejected	weight	weight_prob	tuning_parameter
DirichletProcessGibbsSampler	15849	0	10	0.263158	none	
ConcentrationScaler	2091	2656	3	0.0789474	2.20454	
TimeSizeRateMixer	15527	18328	6	0.157895	0.369461	
TimeRootSizeMixer	16417	17784	6	0.157895	0.337929	
EventTimeScaler	64072	66658	1	0.0263158	1.53248	
RootPopulationSizeScaler0	9406	11081	1	0.0263158	0.477869	
LeafPopulationSizeScaler0	11843	8695	1	0.0263158	2.61021	
RootPopulationSizeScaler1	9635	10878	1	0.0263158	0.467505	
LeafPopulationSizeScaler1	11647	8894	1	0.0263158	2.6088	
RootPopulationSizeScaler2	9963	10510	1	0.0263158	0.448999	
LeafPopulationSizeScaler2	11503	9031	1	0.0263158	2.25333	
RootPopulationSizeScaler3	9482	11045	1	0.0263158	0.470175	
LeafPopulationSizeScaler3	11997	8475	1	0.0263158	2.12947	
RootPopulationSizeScaler4	10269	10278	1	0.0263158	0.437877	
LeafPopulationSizeScaler4	12083	8360	1	0.0263158	2.37721	
RootPopulationSizeScaler5	10026	10473	1	0.0263158	0.449548	
LeafPopulationSizeScaler5	11064	9409	1	0.0263158	2.128	
generation 70000:
name	number_accepted	number_rejected	weight	weight_prob	tuning_parameter
DirichletProcessGibbsSampler	18494	0	10	0.263158	none	
ConcentrationScaler	2436	3115	3	0.0789474	2.20594	
TimeSizeRateMixer	18044	21403	6	0.157895	0.369789	
TimeRootSizeMixer	18910	20699	6	0.157895	0.338863	
EventTimeScaler	74193	77669	1	0.0263158	1.54123	
RootPopulationSizeScaler0	10949	12977	1	0.0263158	0.478354	
LeafPopulationSizeScaler0	13654	10345	1	0.0263158	2.64183	
RootPopulationSizeScaler1	11178	12753	1	0.0263158	0.468783	
LeafPopulationSizeScaler1	13450	10555	1	0.0263158	2.64283	
RootPopulationSizeScaler2	11622	12294	1	0.0263158	0.451847	
LeafPopulationSizeScaler2	13301	10644	1	0.0263158	2.28432	
RootPopulationSizeScaler3	11025	12948	1	0.0263158	0.470793	
LeafPopulationSizeScaler3	13831	10079	1	0.0263158	2.16	
RootPopulationSizeScaler4	11932	12046	1	0.0263158	0.441058	
LeafPopulationSizeScaler4	13949	9910	1	0.0263158	2.41492	
RootPopulationSizeScaler5	11657	12302	1	0.0263158	0.45132	
LeafPopulationSizeScaler5	12858	11044	1	0.0263158	2.15347	
generation 80000:
name	number_accepted	number_rejected	weight	weight_prob	tuning_parameter
DirichletProcessGibbsSampler	21116	0	10	0.263158	none	
ConcentrationScaler	2802	3579	3	0.0789474	2.20601	
TimeSizeRateMixer	20567	24555	6	0.157895	0.36999	
TimeRootSizeMixer	21496	23757	6	0.157895	0.339816	
EventTimeScaler	84396	89146	1	0.0263158	1.54726	
RootPopulationSizeScaler0	12481	14892	1	0.0263158	0.479121	
LeafPopulationSizeScaler0	15452	11978	1	0.0263158	2.67222	
RootPopulationSizeScaler1	12732	14602	1	0.0263158	0.469693	
LeafPopulationSizeScaler1	15302	12122	1	0.0263158	2.67852	
RootPopulationSizeScaler2	13202	14103	1	0.0263158	0.453466	
LeafPopulationSizeScaler2	15057	12297	1	0.0263158	2.30886	
RootPopulationSizeScaler3	12594	14784	1	0.0263158	0.47229	
LeafPopulationSizeScaler3	15632	11715	1	0.0263158	2.18646	
RootPopulationSizeScaler4	13575	13850	1	0.0263158	0.443635	
LeafPopulationSizeScaler4	15851	11455	1	0.0263158	2.44764	
RootPopulationSizeScaler5	13313	14053	1	0.0263158	0.453579	
LeafPopulationSizeScaler5	14589	12734	1	0.0263158	2.17206	
generation 90000:
name	number_accepted	number_rejected	weight	weight_prob	tuning_parameter
DirichletProcessGibbsSampler	23724	0	10	0.263158	none	
ConcentrationScaler	3156	4044	3	0.0789474	2.20298	
TimeSizeRateMixer	23222	27750	6	0.157895	0.37053	
TimeRootSizeMixer	24146	26912	6	0.157895	0.340791	
EventTimeScaler	94900	100673	1	0.0263158	1.5535	
RootPopulationSizeScaler0	13992	16840	1	0.0263158	0.479367	
LeafPopulationSizeScaler0	17247	13617	1	0.0263158	2.69819	
RootPopulationSizeScaler1	14333	16439	1	0.0263158	0.47131	
LeafPopulationSizeScaler1	17048	13824	1	0.0263158	2.70156	
RootPopulationSizeScaler2	14806	15931	1	0.0263158	0.454926	
LeafPopulationSizeScaler2	16852	13925	1	0.0263158	2.3307	
RootPopulationSizeScaler3	14155	16675	1	0.0263158	0.472945	
LeafPopulationSizeScaler3	17487	13273	1	0.0263158	2.21163	
RootPopulationSizeScaler4	15252	15629	1	0.0263158	0.445419	
LeafPopulationSizeScaler4	17658	13112	1	0.0263158	2.47246	
RootPopulationSizeScaler5	14912	15890	1	0.0263158	0.454963	
LeafPopulationSizeScaler5	16333	14451	1	0.0263158	2.18991	
generation 100000:
name	number_accepted	number_rejected	weight	weight_prob	tuning_parameter
DirichletProcessGibbsSampler	26371	0	10	0.263158	none	
ConcentrationScaler	3508	4467	3	0.0789474	2.20418	
TimeSizeRateMixer	25932	30970	6	0.157895	0.371398	
TimeRootSizeMixer	26945	30038	6	0.157895	0.341915	
EventTimeScaler	105817	112511	1	0.0263158	1.55953	
RootPopulationSizeScaler0	15560	18691	1	0.0263158	0.480442	
LeafPopulationSizeScaler0	18974	15299	1	0.0263158	2.71945	
RootPopulationSizeScaler1	15879	18299	1	0.0263158	0.4721	
LeafPopulationSizeScaler1	18851	15442	1	0.0263158	2.7253	
RootPopulationSizeScaler2	16417	17748	1	0.0263158	0.456474	
LeafPopulationSizeScaler2	18643	15530	1	0.0263158	2.3496	
RootPopulationSizeScaler3	15649	18586	1	0.0263158	0.472921	
LeafPopulationSizeScaler3	19267	14940	1	0.0263158	2.23228	
RootPopulationSizeScaler4	16882	17420	1	0.0263158	0.446991	
LeafPopulationSizeScaler4	19481	14691	1	0.0263158	2.49565	
RootPopulationSizeScaler5	16530	17701	1	0.0263158	0.45635	
LeafPopulationSizeScaler5	18006	16187	1	0.0263158	2.20232	
