generation 10000:
name	number_accepted	number_rejected	weight	weight_prob	tuning_parameter
DirichletProcessGibbsSampler	2651	0	10	0.263158	none	
ConcentrationScaler	405	373	3	0.0789474	2.87343	
TimeSizeRateMixer	829	952	6	0.157895	0.209236	
TimeRootSizeMixer	382	1357	6	0.157895	0.0495093	
EventTimeScaler	4268	2433	1	0.0263158	2.32313	
RootPopulationSizeScaler0	1695	1775	1	0.0263158	0.442836	
LeafPopulationSizeScaler0	2389	1072	1	0.0263158	1.5371	
RootPopulationSizeScaler1	1850	1626	1	0.0263158	0.403344	
LeafPopulationSizeScaler1	2214	1224	1	0.0263158	1.92396	
RootPopulationSizeScaler2	1757	1712	1	0.0263158	0.446508	
LeafPopulationSizeScaler2	2469	998	1	0.0263158	1.89603	
RootPopulationSizeScaler3	1768	1679	1	0.0263158	0.418932	
LeafPopulationSizeScaler3	2183	1297	1	0.0263158	1.72933	
RootPopulationSizeScaler4	1821	1652	1	0.0263158	0.425013	
LeafPopulationSizeScaler4	2466	1038	1	0.0263158	1.51347	
RootPopulationSizeScaler5	1803	1643	1	0.0263158	0.417339	
LeafPopulationSizeScaler5	2239	1222	1	0.0263158	1.87848	
generation 20000:
name	number_accepted	number_rejected	weight	weight_prob	tuning_parameter
DirichletProcessGibbsSampler	5258	0	10	0.263158	none	
ConcentrationScaler	756	822	3	0.0789474	2.87669	
TimeSizeRateMixer	1594	1891	6	0.157895	0.211221	
TimeRootSizeMixer	815	2654	6	0.157895	0.043272	
EventTimeScaler	7930	5322	1	0.0263158	2.51665	
RootPopulationSizeScaler0	3272	3602	1	0.0263158	0.448249	
LeafPopulationSizeScaler0	4407	2460	1	0.0263158	1.71904	
RootPopulationSizeScaler1	3552	3347	1	0.0263158	0.418706	
LeafPopulationSizeScaler1	4166	2709	1	0.0263158	2.10601	
RootPopulationSizeScaler2	3317	3601	1	0.0263158	0.451564	
LeafPopulationSizeScaler2	4618	2269	1	0.0263158	2.15897	
RootPopulationSizeScaler3	3384	3472	1	0.0263158	0.432507	
LeafPopulationSizeScaler3	4090	2811	1	0.0263158	1.87536	
RootPopulationSizeScaler4	3437	3453	1	0.0263158	0.435899	
LeafPopulationSizeScaler4	4508	2439	1	0.0263158	1.68674	
RootPopulationSizeScaler5	3407	3447	1	0.0263158	0.428523	
LeafPopulationSizeScaler5	4168	2728	1	0.0263158	2.04362	
generation 30000:
name	number_accepted	number_rejected	weight	weight_prob	tuning_parameter
DirichletProcessGibbsSampler	8016	0	10	0.263158	none	
ConcentrationScaler	1068	1259	3	0.0789474	2.87692	
TimeSizeRateMixer	2293	2868	6	0.157895	0.210492	
TimeRootSizeMixer	1269	3959	6	0.157895	0.0401104	
EventTimeScaler	11573	8377	1	0.0263158	2.62447	
RootPopulationSizeScaler0	4873	5437	1	0.0263158	0.453105	
LeafPopulationSizeScaler0	6337	3951	1	0.0263158	1.80401	
RootPopulationSizeScaler1	5200	5121	1	0.0263158	0.426086	
LeafPopulationSizeScaler1	6051	4258	1	0.0263158	2.1995	
RootPopulationSizeScaler2	4953	5385	1	0.0263158	0.457836	
LeafPopulationSizeScaler2	6651	3651	1	0.0263158	2.30513	
RootPopulationSizeScaler3	5057	5228	1	0.0263158	0.439736	
LeafPopulationSizeScaler3	5948	4386	1	0.0263158	1.95364	
RootPopulationSizeScaler4	5055	5237	1	0.0263158	0.442112	
LeafPopulationSizeScaler4	6479	3889	1	0.0263158	1.78081	
RootPopulationSizeScaler5	5061	5231	1	0.0263158	0.435563	
LeafPopulationSizeScaler5	6031	4293	1	0.0263158	2.13051	
generation 40000:
name	number_accepted	number_rejected	weight	weight_prob	tuning_parameter
DirichletProcessGibbsSampler	10618	0	10	0.263158	none	
ConcentrationScaler	1491	1659	3	0.0789474	2.93101	
TimeSizeRateMixer	3073	3885	6	0.157895	0.21017	
TimeRootSizeMixer	1705	5145	6	0.157895	0.0382968	
EventTimeScaler	15045	11399	1	0.0263158	2.6922	
RootPopulationSizeScaler0	6485	7273	1	0.0263158	0.455636	
LeafPopulationSizeScaler0	8241	5518	1	0.0263158	1.86668	
RootPopulationSizeScaler1	6892	6914	1	0.0263158	0.431276	
LeafPopulationSizeScaler1	7962	5836	1	0.0263158	2.27074	
RootPopulationSizeScaler2	6580	7231	1	0.0263158	0.461228	
LeafPopulationSizeScaler2	8682	5112	1	0.0263158	2.40595	
RootPopulationSizeScaler3	6642	7100	1	0.0263158	0.443226	
LeafPopulationSizeScaler3	7836	5964	1	0.0263158	2.0113	
RootPopulationSizeScaler4	6652	7117	1	0.0263158	0.445249	
LeafPopulationSizeScaler4	8368	5461	1	0.0263158	1.83487	
RootPopulationSizeScaler5	6701	7064	1	0.0263158	0.439992	
LeafPopulationSizeScaler5	7917	5902	1	0.0263158	2.18727	
generation 50000:
name	number_accepted	number_rejected	weight	weight_prob	tuning_parameter
DirichletProcessGibbsSampler	13266	0	10	0.263158	none	
ConcentrationScaler	1879	2074	3	0.0789474	2.95283	
TimeSizeRateMixer	3863	4852	6	0.157895	0.210872	
TimeRootSizeMixer	2232	6351	6	0.157895	0.0371565	
EventTimeScaler	18406	14684	1	0.0263158	2.73574	
RootPopulationSizeScaler0	8070	9110	1	0.0263158	0.457095	
LeafPopulationSizeScaler0	10147	7040	1	0.0263158	1.91493	
RootPopulationSizeScaler1	8486	8774	1	0.0263158	0.433958	
LeafPopulationSizeScaler1	9839	7422	1	0.0263158	2.32279	
RootPopulationSizeScaler2	8184	9086	1	0.0263158	0.463851	
LeafPopulationSizeScaler2	10688	6551	1	0.0263158	2.48312	
RootPopulationSizeScaler3	8220	8949	1	0.0263158	0.445241	
LeafPopulationSizeScaler3	9644	7607	1	0.0263158	2.04917	
RootPopulationSizeScaler4	8227	9014	1	0.0263158	0.446543	
LeafPopulationSizeScaler4	10222	7051	1	0.0263158	1.87691	
RootPopulationSizeScaler5	8280	8922	1	0.0263158	0.442319	
LeafPopulationSizeScaler5	9709	7576	1	0.0263158	2.2256	
generation 60000:
name	number_accepted	number_rejected	weight	weight_prob	tuning_parameter
DirichletProcessGibbsSampler	15952	0	10	0.263158	none	
ConcentrationScaler	2221	2506	3	0.0789474	2.95491	
TimeSizeRateMixer	4619	5824	6	0.157895	0.210882	
TimeRootSizeMixer	2706	7591	6	0.157895	0.0360512	
EventTimeScaler	21904	17821	1	0.0263158	2.77632	
RootPopulationSizeScaler0	9658	11020	1	0.0263158	0.458234	
LeafPopulationSizeScaler0	12026	8642	1	0.0263158	1.95077	
RootPopulationSizeScaler1	10157	10579	1	0.0263158	0.437044	
LeafPopulationSizeScaler1	11679	9076	1	0.0263158	2.35972	
RootPopulationSizeScaler2	9826	10932	1	0.0263158	0.46614	
LeafPopulationSizeScaler2	12600	8087	1	0.0263158	2.53997	
RootPopulationSizeScaler3	9897	10751	1	0.0263158	0.448137	
LeafPopulationSizeScaler3	11475	9275	1	0.0263158	2.08046	
RootPopulationSizeScaler4	9793	10883	1	0.0263158	0.447943	
LeafPopulationSizeScaler4	12060	8679	1	0.0263158	1.91072	
RootPopulationSizeScaler5	9916	10753	1	0.0263158	0.444795	
LeafPopulationSizeScaler5	11520	9232	1	0.0263158	2.26026	
generation 70000:
name	number_accepted	number_rejected	weight	weight_prob	tuning_parameter
DirichletProcessGibbsSampler	18489	0	10	0.263158	none	
ConcentrationScaler	2571	2979	3	0.0789474	2.94895	
TimeSizeRateMixer	5373	6743	6	0.157895	0.211322	
TimeRootSizeMixer	3221	8809	6	0.157895	0.0352358	
EventTimeScaler	25321	20883	1	0.0263158	2.80972	
RootPopulationSizeScaler0	11231	12895	1	0.0263158	0.45927	
LeafPopulationSizeScaler0	13838	10267	1	0.0263158	1.97661	
RootPopulationSizeScaler1	11758	12454	1	0.0263158	0.4392	
LeafPopulationSizeScaler1	13484	10719	1	0.0263158	2.38907	
RootPopulationSizeScaler2	11357	12858	1	0.0263158	0.466714	
LeafPopulationSizeScaler2	14547	9588	1	0.0263158	2.58866	
RootPopulationSizeScaler3	11559	12534	1	0.0263158	0.450511	
LeafPopulationSizeScaler3	13287	10921	1	0.0263158	2.10794	
RootPopulationSizeScaler4	11415	12714	1	0.0263158	0.450037	
LeafPopulationSizeScaler4	13925	10249	1	0.0263158	1.93675	
RootPopulationSizeScaler5	11518	12580	1	0.0263158	0.446827	
LeafPopulationSizeScaler5	13239	10913	1	0.0263158	2.28301	
generation 80000:
name	number_accepted	number_rejected	weight	weight_prob	tuning_parameter
DirichletProcessGibbsSampler	21111	0	10	0.263158	none	
ConcentrationScaler	2920	3429	3	0.0789474	2.94931	
TimeSizeRateMixer	6101	7697	6	0.157895	0.211277	
TimeRootSizeMixer	3758	10004	6	0.157895	0.0346243	
EventTimeScaler	28672	24080	1	0.0263158	2.83615	
RootPopulationSizeScaler0	12748	14812	1	0.0263158	0.45986	
LeafPopulationSizeScaler0	15669	11856	1	0.0263158	2.00255	
RootPopulationSizeScaler1	13349	14275	1	0.0263158	0.441089	
LeafPopulationSizeScaler1	15306	12334	1	0.0263158	2.41703	
RootPopulationSizeScaler2	12924	14703	1	0.0263158	0.467737	
LeafPopulationSizeScaler2	16474	11094	1	0.0263158	2.6306	
RootPopulationSizeScaler3	13116	14410	1	0.0263158	0.451461	
LeafPopulationSizeScaler3	15032	12597	1	0.0263158	2.12655	
RootPopulationSizeScaler4	13010	14569	1	0.0263158	0.451145	
LeafPopulationSizeScaler4	15748	11856	1	0.0263158	1.95895	
RootPopulationSizeScaler5	13172	14352	1	0.0263158	0.449268	
LeafPopulationSizeScaler5	14967	12608	1	0.0263158	2.30344	
generation 90000:
name	number_accepted	number_rejected	weight	weight_prob	tuning_parameter
DirichletProcessGibbsSampler	23707	0	10	0.263158	none	
ConcentrationScaler	3279	3888	3	0.0789474	2.95159	
TimeSizeRateMixer	6940	8671	6	0.157895	0.211874	
TimeRootSizeMixer	4289	11207	6	0.157895	0.0340796	
EventTimeScaler	31974	27434	1	0.0263158	2.85588	
RootPopulationSizeScaler0	14343	16667	1	0.0263158	0.461201	
LeafPopulationSizeScaler0	17490	13542	1	0.0263158	2.02124	
RootPopulationSizeScaler1	14978	16130	1	0.0263158	0.442623	
LeafPopulationSizeScaler1	17103	13998	1	0.0263158	2.44037	
RootPopulationSizeScaler2	14537	16567	1	0.0263158	0.468656	
LeafPopulationSizeScaler2	18400	12630	1	0.0263158	2.6657	
RootPopulationSizeScaler3	14649	16344	1	0.0263158	0.45186	
LeafPopulationSizeScaler3	16786	14343	1	0.0263158	2.14312	
RootPopulationSizeScaler4	14626	16427	1	0.0263158	0.452328	
LeafPopulationSizeScaler4	17570	13520	1	0.0263158	1.97811	
RootPopulationSizeScaler5	14788	16207	1	0.0263158	0.450682	
LeafPopulationSizeScaler5	16755	14313	1	0.0263158	2.32154	
generation 100000:
name	number_accepted	number_rejected	weight	weight_prob	tuning_parameter
DirichletProcessGibbsSampler	26308	0	10	0.263158	none	
ConcentrationScaler	3598	4320	3	0.0789474	2.95162	
TimeSizeRateMixer	7687	9661	6	0.157895	0.211725	
TimeRootSizeMixer	4817	12447	6	0.157895	0.0335744	
EventTimeScaler	35267	30684	1	0.0263158	2.87481	
RootPopulationSizeScaler0	15885	18639	1	0.0263158	0.461549	
LeafPopulationSizeScaler0	19316	15256	1	0.0263158	2.03887	
RootPopulationSizeScaler1	16575	18050	1	0.0263158	0.44397	
LeafPopulationSizeScaler1	18908	15707	1	0.0263158	2.45955	
RootPopulationSizeScaler2	16173	18472	1	0.0263158	0.469368	
LeafPopulationSizeScaler2	20365	14209	1	0.0263158	2.69814	
RootPopulationSizeScaler3	16282	18223	1	0.0263158	0.452973	
LeafPopulationSizeScaler3	18521	16120	1	0.0263158	2.15733	
RootPopulationSizeScaler4	16204	18345	1	0.0263158	0.453388	
LeafPopulationSizeScaler4	19367	15217	1	0.0263158	1.99377	
RootPopulationSizeScaler5	16401	18132	1	0.0263158	0.451786	
LeafPopulationSizeScaler5	18518	16049	1	0.0263158	2.3386	
