generation 10000:
name	number_accepted	number_rejected	weight	weight_prob	tuning_parameter
DirichletProcessGibbsSampler	2615	0	10	0.263158	none	
ConcentrationScaler	469	315	3	0.0789474	2.17884	
TimeSizeRateMixer	914	1099	6	0.157895	0.22787	
TimeRootSizeMixer	1269	816	6	0.157895	0.0857398	
EventTimeScaler	4332	3411	1	0.0263158	1.54924	
RootPopulationSizeScaler0	1729	1736	1	0.0263158	0.453177	
LeafPopulationSizeScaler0	2225	1250	1	0.0263158	1.85865	
RootPopulationSizeScaler1	1681	1768	1	0.0263158	0.44352	
LeafPopulationSizeScaler1	2363	1089	1	0.0263158	1.54277	
RootPopulationSizeScaler2	1721	1714	1	0.0263158	0.461505	
LeafPopulationSizeScaler2	2380	1058	1	0.0263158	1.67871	
RootPopulationSizeScaler3	1755	1700	1	0.0263158	0.446429	
LeafPopulationSizeScaler3	2349	1123	1	0.0263158	1.89592	
RootPopulationSizeScaler4	1806	1647	1	0.0263158	0.426856	
LeafPopulationSizeScaler4	2429	1047	1	0.0263158	1.91265	
RootPopulationSizeScaler5	1776	1695	1	0.0263158	0.445282	
LeafPopulationSizeScaler5	2349	1107	1	0.0263158	1.9658	
generation 20000:
name	number_accepted	number_rejected	weight	weight_prob	tuning_parameter
DirichletProcessGibbsSampler	5228	0	10	0.263158	none	
ConcentrationScaler	860	693	3	0.0789474	2.30988	
TimeSizeRateMixer	1855	2203	6	0.157895	0.231976	
TimeRootSizeMixer	2486	1700	6	0.157895	0.0947036	
EventTimeScaler	8313	7317	1	0.0263158	1.63131	
RootPopulationSizeScaler0	3333	3548	1	0.0263158	0.462521	
LeafPopulationSizeScaler0	4169	2708	1	0.0263158	2.03786	
RootPopulationSizeScaler1	3257	3572	1	0.0263158	0.452783	
LeafPopulationSizeScaler1	4373	2463	1	0.0263158	1.71683	
RootPopulationSizeScaler2	3310	3530	1	0.0263158	0.469758	
LeafPopulationSizeScaler2	4481	2361	1	0.0263158	1.90136	
RootPopulationSizeScaler3	3333	3548	1	0.0263158	0.454096	
LeafPopulationSizeScaler3	4370	2475	1	0.0263158	2.11205	
RootPopulationSizeScaler4	3443	3416	1	0.0263158	0.441197	
LeafPopulationSizeScaler4	4502	2359	1	0.0263158	2.1675	
RootPopulationSizeScaler5	3383	3504	1	0.0263158	0.454442	
LeafPopulationSizeScaler5	4378	2517	1	0.0263158	2.2044	
generation 30000:
name	number_accepted	number_rejected	weight	weight_prob	tuning_parameter
DirichletProcessGibbsSampler	7878	0	10	0.263158	none	
ConcentrationScaler	1227	1080	3	0.0789474	2.37092	
TimeSizeRateMixer	2804	3291	6	0.157895	0.232986	
TimeRootSizeMixer	3656	2565	6	0.157895	0.0997212	
EventTimeScaler	12117	11245	1	0.0263158	1.66988	
RootPopulationSizeScaler0	4920	5445	1	0.0263158	0.467288	
LeafPopulationSizeScaler0	6115	4213	1	0.0263158	2.14036	
RootPopulationSizeScaler1	4838	5456	1	0.0263158	0.455929	
LeafPopulationSizeScaler1	6427	3886	1	0.0263158	1.82613	
RootPopulationSizeScaler2	4817	5512	1	0.0263158	0.470381	
LeafPopulationSizeScaler2	6530	3781	1	0.0263158	2.02132	
RootPopulationSizeScaler3	4964	5434	1	0.0263158	0.457318	
LeafPopulationSizeScaler3	6359	3956	1	0.0263158	2.23546	
RootPopulationSizeScaler4	5106	5241	1	0.0263158	0.447204	
LeafPopulationSizeScaler4	6549	3815	1	0.0263158	2.29632	
RootPopulationSizeScaler5	5037	5307	1	0.0263158	0.461885	
LeafPopulationSizeScaler5	6418	3930	1	0.0263158	2.3344	
generation 40000:
name	number_accepted	number_rejected	weight	weight_prob	tuning_parameter
DirichletProcessGibbsSampler	10492	0	10	0.263158	none	
ConcentrationScaler	1629	1472	3	0.0789474	2.41557	
TimeSizeRateMixer	3702	4416	6	0.157895	0.233452	
TimeRootSizeMixer	4747	3579	6	0.157895	0.101974	
EventTimeScaler	16012	15201	1	0.0263158	1.69564	
RootPopulationSizeScaler0	6473	7381	1	0.0263158	0.468429	
LeafPopulationSizeScaler0	7999	5805	1	0.0263158	2.20536	
RootPopulationSizeScaler1	6377	7395	1	0.0263158	0.45778	
LeafPopulationSizeScaler1	8394	5387	1	0.0263158	1.89596	
RootPopulationSizeScaler2	6376	7407	1	0.0263158	0.473385	
LeafPopulationSizeScaler2	8555	5239	1	0.0263158	2.10575	
RootPopulationSizeScaler3	6563	7305	1	0.0263158	0.460283	
LeafPopulationSizeScaler3	8255	5525	1	0.0263158	2.30455	
RootPopulationSizeScaler4	6751	7060	1	0.0263158	0.451919	
LeafPopulationSizeScaler4	8540	5309	1	0.0263158	2.38531	
RootPopulationSizeScaler5	6695	7122	1	0.0263158	0.466217	
LeafPopulationSizeScaler5	8398	5433	1	0.0263158	2.42235	
generation 50000:
name	number_accepted	number_rejected	weight	weight_prob	tuning_parameter
DirichletProcessGibbsSampler	13075	0	10	0.263158	none	
ConcentrationScaler	2054	1875	3	0.0789474	2.45173	
TimeSizeRateMixer	4605	5543	6	0.157895	0.233366	
TimeRootSizeMixer	5809	4495	6	0.157895	0.104169	
EventTimeScaler	19679	19082	1	0.0263158	1.71231	
RootPopulationSizeScaler0	8052	9220	1	0.0263158	0.469435	
LeafPopulationSizeScaler0	9835	7401	1	0.0263158	2.25625	
RootPopulationSizeScaler1	7926	9276	1	0.0263158	0.459725	
LeafPopulationSizeScaler1	10313	6915	1	0.0263158	1.94775	
RootPopulationSizeScaler2	7944	9247	1	0.0263158	0.475054	
LeafPopulationSizeScaler2	10537	6696	1	0.0263158	2.1725	
RootPopulationSizeScaler3	8141	9143	1	0.0263158	0.462763	
LeafPopulationSizeScaler3	10108	7090	1	0.0263158	2.35771	
RootPopulationSizeScaler4	8368	8896	1	0.0263158	0.455312	
LeafPopulationSizeScaler4	10400	6874	1	0.0263158	2.44144	
RootPopulationSizeScaler5	8280	8969	1	0.0263158	0.468412	
LeafPopulationSizeScaler5	10249	7008	1	0.0263158	2.47909	
generation 60000:
name	number_accepted	number_rejected	weight	weight_prob	tuning_parameter
DirichletProcessGibbsSampler	15708	0	10	0.263158	none	
ConcentrationScaler	2432	2258	3	0.0789474	2.48053	
TimeSizeRateMixer	5569	6626	6	0.157895	0.23423	
TimeRootSizeMixer	6913	5401	6	0.157895	0.106102	
EventTimeScaler	23362	23118	1	0.0263158	1.72558	
RootPopulationSizeScaler0	9598	11098	1	0.0263158	0.470676	
LeafPopulationSizeScaler0	11682	9019	1	0.0263158	2.29378	
RootPopulationSizeScaler1	9509	11104	1	0.0263158	0.461808	
LeafPopulationSizeScaler1	12225	8423	1	0.0263158	1.99123	
RootPopulationSizeScaler2	9493	11156	1	0.0263158	0.47589	
LeafPopulationSizeScaler2	12462	8197	1	0.0263158	2.21995	
RootPopulationSizeScaler3	9707	11015	1	0.0263158	0.464347	
LeafPopulationSizeScaler3	11938	8688	1	0.0263158	2.39798	
RootPopulationSizeScaler4	9948	10751	1	0.0263158	0.457011	
LeafPopulationSizeScaler4	12287	8425	1	0.0263158	2.49189	
RootPopulationSizeScaler5	9816	10875	1	0.0263158	0.469284	
LeafPopulationSizeScaler5	12132	8609	1	0.0263158	2.52497	
generation 70000:
name	number_accepted	number_rejected	weight	weight_prob	tuning_parameter
DirichletProcessGibbsSampler	18347	0	10	0.263158	none	
ConcentrationScaler	2799	2637	3	0.0789474	2.49862	
TimeSizeRateMixer	6460	7680	6	0.157895	0.23452	
TimeRootSizeMixer	7947	6381	6	0.157895	0.107393	
EventTimeScaler	26986	27120	1	0.0263158	1.73501	
RootPopulationSizeScaler0	11126	12979	1	0.0263158	0.471376	
LeafPopulationSizeScaler0	13428	10687	1	0.0263158	2.3249	
RootPopulationSizeScaler1	11147	12905	1	0.0263158	0.464017	
LeafPopulationSizeScaler1	14152	9934	1	0.0263158	2.02715	
RootPopulationSizeScaler2	11048	13019	1	0.0263158	0.476667	
LeafPopulationSizeScaler2	14383	9721	1	0.0263158	2.26183	
RootPopulationSizeScaler3	11285	12873	1	0.0263158	0.465234	
LeafPopulationSizeScaler3	13734	10313	1	0.0263158	2.42796	
RootPopulationSizeScaler4	11550	12558	1	0.0263158	0.459328	
LeafPopulationSizeScaler4	14148	10013	1	0.0263158	2.52894	
RootPopulationSizeScaler5	11375	12765	1	0.0263158	0.470273	
LeafPopulationSizeScaler5	13981	10195	1	0.0263158	2.56498	
generation 80000:
name	number_accepted	number_rejected	weight	weight_prob	tuning_parameter
DirichletProcessGibbsSampler	20951	0	10	0.263158	none	
ConcentrationScaler	3195	3052	3	0.0789474	2.51675	
TimeSizeRateMixer	7363	8779	6	0.157895	0.234811	
TimeRootSizeMixer	8962	7348	6	0.157895	0.108378	
EventTimeScaler	30715	30945	1	0.0263158	1.74559	
RootPopulationSizeScaler0	12628	14892	1	0.0263158	0.471602	
LeafPopulationSizeScaler0	15127	12374	1	0.0263158	2.34592	
RootPopulationSizeScaler1	12734	14723	1	0.0263158	0.465748	
LeafPopulationSizeScaler1	15964	11491	1	0.0263158	2.05307	
RootPopulationSizeScaler2	12587	14867	1	0.0263158	0.477414	
LeafPopulationSizeScaler2	16211	11288	1	0.0263158	2.29134	
RootPopulationSizeScaler3	12819	14734	1	0.0263158	0.465991	
LeafPopulationSizeScaler3	15517	11911	1	0.0263158	2.45563	
RootPopulationSizeScaler4	13095	14405	1	0.0263158	0.460288	
LeafPopulationSizeScaler4	16014	11540	1	0.0263158	2.56479	
RootPopulationSizeScaler5	12944	14626	1	0.0263158	0.471066	
LeafPopulationSizeScaler5	15756	11812	1	0.0263158	2.59714	
generation 90000:
name	number_accepted	number_rejected	weight	weight_prob	tuning_parameter
DirichletProcessGibbsSampler	23554	0	10	0.263158	none	
ConcentrationScaler	3556	3433	3	0.0789474	2.53007	
TimeSizeRateMixer	8226	9858	6	0.157895	0.235028	
TimeRootSizeMixer	9938	8297	6	0.157895	0.109237	
EventTimeScaler	34259	34814	1	0.0263158	1.75346	
RootPopulationSizeScaler0	14163	16805	1	0.0263158	0.471914	
LeafPopulationSizeScaler0	16826	14108	1	0.0263158	2.36168	
RootPopulationSizeScaler1	14284	16588	1	0.0263158	0.466454	
LeafPopulationSizeScaler1	17793	13059	1	0.0263158	2.07819	
RootPopulationSizeScaler2	14137	16739	1	0.0263158	0.478388	
LeafPopulationSizeScaler2	18101	12829	1	0.0263158	2.32165	
RootPopulationSizeScaler3	14437	16539	1	0.0263158	0.467305	
LeafPopulationSizeScaler3	17305	13530	1	0.0263158	2.4785	
RootPopulationSizeScaler4	14660	16235	1	0.0263158	0.461325	
LeafPopulationSizeScaler4	17855	13112	1	0.0263158	2.59417	
RootPopulationSizeScaler5	14501	16501	1	0.0263158	0.471989	
LeafPopulationSizeScaler5	17558	13432	1	0.0263158	2.62314	
generation 100000:
name	number_accepted	number_rejected	weight	weight_prob	tuning_parameter
DirichletProcessGibbsSampler	26193	0	10	0.263158	none	
ConcentrationScaler	3947	3837	3	0.0789474	2.54296	
TimeSizeRateMixer	9117	10986	6	0.157895	0.235257	
TimeRootSizeMixer	10998	9277	6	0.157895	0.11018	
EventTimeScaler	37883	38891	1	0.0263158	1.75959	
RootPopulationSizeScaler0	15683	18737	1	0.0263158	0.472192	
LeafPopulationSizeScaler0	18566	15788	1	0.0263158	2.38083	
RootPopulationSizeScaler1	15864	18489	1	0.0263158	0.467292	
LeafPopulationSizeScaler1	19623	14670	1	0.0263158	2.09799	
RootPopulationSizeScaler2	15693	18653	1	0.0263158	0.478835	
LeafPopulationSizeScaler2	19957	14417	1	0.0263158	2.34591	
RootPopulationSizeScaler3	15980	18453	1	0.0263158	0.467749	
LeafPopulationSizeScaler3	19053	15225	1	0.0263158	2.49675	
RootPopulationSizeScaler4	16219	18102	1	0.0263158	0.462085	
LeafPopulationSizeScaler4	19704	14707	1	0.0263158	2.61842	
RootPopulationSizeScaler5	16039	18411	1	0.0263158	0.472593	
LeafPopulationSizeScaler5	19392	15028	1	0.0263158	2.64786	
